6.7665 	WARNING 	User requested fullscreen with size [1024  768], but screen is actually [1920, 1080]. Using actual size
7.9302 	EXP 	Created window1 = Window(allowGUI=False, allowStencil=False, args=UNKNOWN, autoLog=True, bitsMode=UNKNOWN, blendMode='avg', color=array([0., 0., 0.]), colorSpace='rgb', fullscr=<method-wrapper '__getattribute__' of attributeSetter object at 0x12f3ad898>, gamma=None, kwargs=UNKNOWN, lms=UNKNOWN, monitor=<psychopy.monitors.calibTools.Monitor object at 0x12f346a90>, multiSample=False, name='window1', numSamples=2, pos=[0.0, 0.0], screen=0, size=array([1920, 1080]), stereo=False, units='height', useFBO=True, useRetina=False, viewOri=0.0, viewPos=None, viewScale=None, waitBlanking=True, winType='pyglet')
8.1824 	EXP 	Created grating_S1_T5 = GratingStim(__class__=<class 'psychopy.visual.grating.GratingStim'>, autoDraw=False, autoLog=True, blendmode='avg', color=array([1., 1., 1.]), colorSpace='rgb', contrast=1.0, depth=0.0, interpolate=True, mask='circle', maskParams=None, name='grating_S1_T5', opacity=1.0, ori=0.0, phase=array([0., 0.]), pos=array([0., 0.]), rgbPedestal=array([0., 0., 0.]), sf=array([0.6, 0.6]), size=array([7., 7.]), tex='sin', texRes=128, units='deg', win=Window(...))
8.1965 	EXP 	grating_S1_T5: phase = 0.0
8.2137 	EXP 	grating_S1_T5: phase = 0.0
8.2304 	EXP 	grating_S1_T5: phase = 0.0
8.2469 	EXP 	grating_S1_T5: phase = 0.0
8.2638 	EXP 	grating_S1_T5: phase = 0.0
8.2805 	EXP 	grating_S1_T5: phase = 0.0
8.2973 	EXP 	grating_S1_T5: phase = 0.0
8.3138 	EXP 	grating_S1_T5: phase = 0.0
8.3307 	EXP 	grating_S1_T5: phase = 0.0
8.3467 	EXP 	grating_S1_T5: phase = 0.0
8.3641 	EXP 	grating_S1_T5: phase = 0.0
8.3811 	EXP 	grating_S1_T5: phase = 0.0
8.3978 	EXP 	grating_S1_T5: phase = 0.0
8.4144 	EXP 	grating_S1_T5: phase = 0.0
8.4312 	EXP 	grating_S1_T5: phase = 0.0
8.4481 	EXP 	grating_S1_T5: phase = 0.0
8.4644 	EXP 	grating_S1_T5: phase = 0.0
8.4814 	EXP 	grating_S1_T5: phase = 0.0
8.4980 	EXP 	grating_S1_T5: phase = 0.0
8.5143 	EXP 	grating_S1_T5: phase = 0.0
8.5313 	EXP 	grating_S1_T5: phase = 0.0
8.5481 	EXP 	grating_S1_T5: phase = 0.0
8.5646 	EXP 	grating_S1_T5: phase = 0.0
8.5816 	EXP 	grating_S1_T5: phase = 0.0
8.5984 	EXP 	grating_S1_T5: phase = 0.0
8.6151 	EXP 	grating_S1_T5: phase = 0.0
8.6318 	EXP 	grating_S1_T5: phase = 0.0
8.6484 	EXP 	grating_S1_T5: phase = 0.0
8.6644 	EXP 	grating_S1_T5: phase = 0.0
8.6816 	EXP 	grating_S1_T5: phase = 0.0
8.6985 	EXP 	grating_S1_T5: phase = 0.0
8.7151 	EXP 	grating_S1_T5: phase = 0.5
8.7318 	EXP 	grating_S1_T5: phase = 0.5
8.7485 	EXP 	grating_S1_T5: phase = 0.5
8.7666 	EXP 	grating_S1_T5: phase = 0.5
8.7819 	EXP 	grating_S1_T5: phase = 0.5
8.7979 	EXP 	grating_S1_T5: phase = 0.5
8.8153 	EXP 	grating_S1_T5: phase = 0.5
8.8321 	EXP 	grating_S1_T5: phase = 0.5
8.8489 	EXP 	grating_S1_T5: phase = 0.5
8.8657 	EXP 	grating_S1_T5: phase = 0.5
8.8817 	EXP 	grating_S1_T5: phase = 0.5
8.8988 	EXP 	grating_S1_T5: phase = 0.5
8.9158 	EXP 	grating_S1_T5: phase = 0.5
8.9326 	EXP 	grating_S1_T5: phase = 0.5
8.9492 	EXP 	grating_S1_T5: phase = 0.5
8.9660 	EXP 	grating_S1_T5: phase = 0.5
8.9822 	EXP 	grating_S1_T5: phase = 0.5
8.9991 	EXP 	grating_S1_T5: phase = 0.5
9.0159 	EXP 	grating_S1_T5: phase = 0.5
9.0327 	EXP 	grating_S1_T5: phase = 0.5
9.0493 	EXP 	grating_S1_T5: phase = 0.5
9.0661 	EXP 	grating_S1_T5: phase = 0.5
9.0839 	EXP 	grating_S1_T5: phase = 0.5
9.0996 	EXP 	grating_S1_T5: phase = 0.5
9.1163 	EXP 	grating_S1_T5: phase = 0.5
9.1329 	EXP 	grating_S1_T5: phase = 0.5
9.1496 	EXP 	grating_S1_T5: phase = 0.5
9.1664 	EXP 	grating_S1_T5: phase = 0.5
9.1834 	EXP 	grating_S1_T5: phase = 0.5
9.1997 	EXP 	grating_S1_T5: phase = 0.0
9.2165 	EXP 	grating_S1_T5: phase = 0.0
9.2332 	EXP 	grating_S1_T5: phase = 0.0
9.2499 	EXP 	grating_S1_T5: phase = 0.0
9.2665 	EXP 	grating_S1_T5: phase = 0.0
9.2834 	EXP 	grating_S1_T5: phase = 0.0
9.2993 	EXP 	grating_S1_T5: phase = 0.0
9.3166 	EXP 	grating_S1_T5: phase = 0.0
9.3333 	EXP 	grating_S1_T5: phase = 0.0
9.3501 	EXP 	grating_S1_T5: phase = 0.0
9.3669 	EXP 	grating_S1_T5: phase = 0.0
9.3837 	EXP 	grating_S1_T5: phase = 0.0
9.4007 	EXP 	grating_S1_T5: phase = 0.0
9.4204 	EXP 	grating_S1_T5: phase = 0.0
9.4372 	EXP 	grating_S1_T5: phase = 0.0
9.4539 	EXP 	grating_S1_T5: phase = 0.0
9.4701 	EXP 	grating_S1_T5: phase = 0.0
9.4870 	EXP 	grating_S1_T5: phase = 0.0
9.5055 	EXP 	grating_S1_T5: phase = 0.0
9.5203 	EXP 	grating_S1_T5: phase = 0.0
9.5373 	EXP 	grating_S1_T5: phase = 0.0
9.5541 	EXP 	grating_S1_T5: phase = 0.0
9.5711 	EXP 	grating_S1_T5: phase = 0.0
9.5875 	EXP 	grating_S1_T5: phase = 0.0
9.6043 	EXP 	grating_S1_T5: phase = 0.0
9.6207 	EXP 	grating_S1_T5: phase = 0.0
9.6376 	EXP 	grating_S1_T5: phase = 0.0
9.6542 	EXP 	grating_S1_T5: phase = 0.0
9.6712 	EXP 	grating_S1_T5: phase = 0.0
9.6878 	EXP 	grating_S1_T5: phase = 0.0
9.7045 	EXP 	grating_S1_T5: phase = 0.5
9.7207 	EXP 	grating_S1_T5: phase = 0.5
9.7378 	EXP 	grating_S1_T5: phase = 0.5
9.7536 	EXP 	grating_S1_T5: phase = 0.5
9.7702 	EXP 	grating_S1_T5: phase = 0.5
9.7871 	EXP 	grating_S1_T5: phase = 0.5
9.8036 	EXP 	grating_S1_T5: phase = 0.5
9.8218 	EXP 	grating_S1_T5: phase = 0.5
9.8375 	EXP 	grating_S1_T5: phase = 0.5
9.8538 	EXP 	grating_S1_T5: phase = 0.5
9.8704 	EXP 	grating_S1_T5: phase = 0.5
9.8873 	EXP 	grating_S1_T5: phase = 0.5
9.9042 	EXP 	grating_S1_T5: phase = 0.5
9.9207 	EXP 	grating_S1_T5: phase = 0.5
9.9373 	EXP 	grating_S1_T5: phase = 0.5
9.9540 	EXP 	grating_S1_T5: phase = 0.5
9.9710 	EXP 	grating_S1_T5: phase = 0.5
9.9876 	EXP 	grating_S1_T5: phase = 0.5
10.0041 	EXP 	grating_S1_T5: phase = 0.5
10.0208 	EXP 	grating_S1_T5: phase = 0.5
10.0368 	EXP 	grating_S1_T5: phase = 0.5
10.0542 	EXP 	grating_S1_T5: phase = 0.5
10.0713 	EXP 	grating_S1_T5: phase = 0.5
10.0877 	EXP 	grating_S1_T5: phase = 0.5
10.1044 	EXP 	grating_S1_T5: phase = 0.5
10.1200 	EXP 	grating_S1_T5: phase = 0.5
10.1388 	EXP 	grating_S1_T5: phase = 0.5
10.1534 	EXP 	grating_S1_T5: phase = 0.5
10.1703 	EXP 	grating_S1_T5: phase = 0.5
10.1871 	EXP 	grating_S1_T5: phase = 0.5
10.2036 	EXP 	grating_S1_T5: phase = 0.0
10.2203 	EXP 	grating_S1_T5: phase = 0.0
10.2372 	EXP 	grating_S1_T5: phase = 0.0
10.2536 	EXP 	grating_S1_T5: phase = 0.0
10.2706 	EXP 	grating_S1_T5: phase = 0.0
10.2871 	EXP 	grating_S1_T5: phase = 0.0
10.3039 	EXP 	grating_S1_T5: phase = 0.0
10.3206 	EXP 	grating_S1_T5: phase = 0.0
10.3520 	EXP 	grating_S1_T5: phase = 0.0
10.3857 	EXP 	grating_S1_T5: phase = 0.0
10.4191 	EXP 	grating_S1_T5: phase = 0.0
10.4364 	EXP 	grating_S1_T5: phase = 0.0
10.4556 	EXP 	grating_S1_T5: phase = 0.0
10.4699 	EXP 	grating_S1_T5: phase = 0.0
10.4865 	EXP 	grating_S1_T5: phase = 0.0
10.5032 	EXP 	grating_S1_T5: phase = 0.0
10.5199 	EXP 	grating_S1_T5: phase = 0.0
10.5366 	EXP 	grating_S1_T5: phase = 0.0
10.5536 	EXP 	grating_S1_T5: phase = 0.0
10.5700 	EXP 	grating_S1_T5: phase = 0.0
10.5874 	EXP 	grating_S1_T5: phase = 0.0
10.6035 	EXP 	grating_S1_T5: phase = 0.0
10.6199 	EXP 	grating_S1_T5: phase = 0.0
10.6368 	EXP 	grating_S1_T5: phase = 0.0
10.6537 	EXP 	grating_S1_T5: phase = 0.0
10.6698 	EXP 	grating_S1_T5: phase = 0.0
10.6870 	EXP 	grating_S1_T5: phase = 0.0
10.7033 	EXP 	grating_S1_T5: phase = 0.5
10.7205 	EXP 	grating_S1_T5: phase = 0.5
10.7366 	EXP 	grating_S1_T5: phase = 0.5
10.7538 	EXP 	grating_S1_T5: phase = 0.5
10.7720 	EXP 	grating_S1_T5: phase = 0.5
10.7872 	EXP 	grating_S1_T5: phase = 0.5
10.8044 	EXP 	grating_S1_T5: phase = 0.5
10.8207 	EXP 	grating_S1_T5: phase = 0.5
10.8377 	EXP 	grating_S1_T5: phase = 0.5
10.8541 	EXP 	grating_S1_T5: phase = 0.5
10.8710 	EXP 	grating_S1_T5: phase = 0.5
10.8876 	EXP 	grating_S1_T5: phase = 0.5
10.9043 	EXP 	grating_S1_T5: phase = 0.5
10.9211 	EXP 	grating_S1_T5: phase = 0.5
10.9377 	EXP 	grating_S1_T5: phase = 0.5
10.9545 	EXP 	grating_S1_T5: phase = 0.5
10.9713 	EXP 	grating_S1_T5: phase = 0.5
10.9873 	EXP 	grating_S1_T5: phase = 0.5
11.0044 	EXP 	grating_S1_T5: phase = 0.5
11.0212 	EXP 	grating_S1_T5: phase = 0.5
11.0379 	EXP 	grating_S1_T5: phase = 0.5
11.0545 	EXP 	grating_S1_T5: phase = 0.5
11.0714 	EXP 	grating_S1_T5: phase = 0.5
11.0892 	EXP 	grating_S1_T5: phase = 0.5
11.1044 	EXP 	grating_S1_T5: phase = 0.5
11.1215 	EXP 	grating_S1_T5: phase = 0.5
11.1381 	EXP 	grating_S1_T5: phase = 0.5
11.1544 	EXP 	grating_S1_T5: phase = 0.5
11.1706 	EXP 	grating_S1_T5: phase = 0.5
11.1879 	EXP 	grating_S1_T5: phase = 0.5
11.2040 	EXP 	grating_S1_T5: phase = 0.0
11.2213 	EXP 	grating_S1_T5: phase = 0.0
11.2373 	EXP 	grating_S1_T5: phase = 0.0
11.2547 	EXP 	grating_S1_T5: phase = 0.0
11.2711 	EXP 	grating_S1_T5: phase = 0.0
11.2875 	EXP 	grating_S1_T5: phase = 0.0
11.3044 	EXP 	grating_S1_T5: phase = 0.0
11.3210 	EXP 	grating_S1_T5: phase = 0.0
11.3376 	EXP 	grating_S1_T5: phase = 0.0
11.3545 	EXP 	grating_S1_T5: phase = 0.0
11.3711 	EXP 	grating_S1_T5: phase = 0.0
11.3878 	EXP 	grating_S1_T5: phase = 0.0
11.4060 	EXP 	grating_S1_T5: phase = 0.0
11.4212 	EXP 	grating_S1_T5: phase = 0.0
11.4378 	EXP 	grating_S1_T5: phase = 0.0
11.4546 	EXP 	grating_S1_T5: phase = 0.0
11.4707 	EXP 	grating_S1_T5: phase = 0.0
11.4878 	EXP 	grating_S1_T5: phase = 0.0
11.5046 	EXP 	grating_S1_T5: phase = 0.0
11.5211 	EXP 	grating_S1_T5: phase = 0.0
11.5380 	EXP 	grating_S1_T5: phase = 0.0
11.5547 	EXP 	grating_S1_T5: phase = 0.0
11.5711 	EXP 	grating_S1_T5: phase = 0.0
11.5878 	EXP 	grating_S1_T5: phase = 0.0
11.6047 	EXP 	grating_S1_T5: phase = 0.0
11.6205 	EXP 	grating_S1_T5: phase = 0.0
11.6377 	EXP 	grating_S1_T5: phase = 0.0
11.6546 	EXP 	grating_S1_T5: phase = 0.0
11.6714 	EXP 	grating_S1_T5: phase = 0.0
11.6881 	EXP 	grating_S1_T5: phase = 0.0
11.7044 	EXP 	grating_S1_T5: phase = 0.5
11.7224 	EXP 	grating_S1_T5: phase = 0.5
11.7377 	EXP 	grating_S1_T5: phase = 0.5
11.7544 	EXP 	grating_S1_T5: phase = 0.5
11.7709 	EXP 	grating_S1_T5: phase = 0.5
11.7877 	EXP 	grating_S1_T5: phase = 0.5
11.8045 	EXP 	grating_S1_T5: phase = 0.5
11.8211 	EXP 	grating_S1_T5: phase = 0.5
11.8375 	EXP 	grating_S1_T5: phase = 0.5
11.8545 	EXP 	grating_S1_T5: phase = 0.5
11.8713 	EXP 	grating_S1_T5: phase = 0.5
11.8874 	EXP 	grating_S1_T5: phase = 0.5
11.9044 	EXP 	grating_S1_T5: phase = 0.5
11.9210 	EXP 	grating_S1_T5: phase = 0.5
11.9368 	EXP 	grating_S1_T5: phase = 0.5
11.9547 	EXP 	grating_S1_T5: phase = 0.5
11.9714 	EXP 	grating_S1_T5: phase = 0.5
11.9875 	EXP 	grating_S1_T5: phase = 0.5
12.0038 	EXP 	grating_S1_T5: phase = 0.5
12.0203 	EXP 	grating_S1_T5: phase = 0.5
12.0385 	EXP 	grating_S1_T5: phase = 0.5
12.0544 	EXP 	grating_S1_T5: phase = 0.5
12.0709 	EXP 	grating_S1_T5: phase = 0.5
12.0874 	EXP 	grating_S1_T5: phase = 0.5
12.1043 	EXP 	grating_S1_T5: phase = 0.5
12.1210 	EXP 	grating_S1_T5: phase = 0.5
12.1377 	EXP 	grating_S1_T5: phase = 0.5
12.1541 	EXP 	grating_S1_T5: phase = 0.5
12.1704 	EXP 	grating_S1_T5: phase = 0.5
12.1879 	EXP 	grating_S1_T5: phase = 0.5
12.2045 	EXP 	grating_S1_T5: phase = 0.0
12.2211 	EXP 	grating_S1_T5: phase = 0.0
12.2377 	EXP 	grating_S1_T5: phase = 0.0
12.2546 	EXP 	grating_S1_T5: phase = 0.0
12.2708 	EXP 	grating_S1_T5: phase = 0.0
12.2875 	EXP 	grating_S1_T5: phase = 0.0
12.3042 	EXP 	grating_S1_T5: phase = 0.0
12.3210 	EXP 	grating_S1_T5: phase = 0.0
12.3378 	EXP 	grating_S1_T5: phase = 0.0
12.3557 	EXP 	grating_S1_T5: phase = 0.0
12.3708 	EXP 	grating_S1_T5: phase = 0.0
12.3874 	EXP 	grating_S1_T5: phase = 0.0
12.4044 	EXP 	grating_S1_T5: phase = 0.0
12.4209 	EXP 	grating_S1_T5: phase = 0.0
12.4376 	EXP 	grating_S1_T5: phase = 0.0
12.4543 	EXP 	grating_S1_T5: phase = 0.0
12.4713 	EXP 	grating_S1_T5: phase = 0.0
12.4879 	EXP 	grating_S1_T5: phase = 0.0
12.5044 	EXP 	grating_S1_T5: phase = 0.0
12.5209 	EXP 	grating_S1_T5: phase = 0.0
12.5376 	EXP 	grating_S1_T5: phase = 0.0
12.5542 	EXP 	grating_S1_T5: phase = 0.0
12.5712 	EXP 	grating_S1_T5: phase = 0.0
12.5878 	EXP 	grating_S1_T5: phase = 0.0
12.6043 	EXP 	grating_S1_T5: phase = 0.0
12.6209 	EXP 	grating_S1_T5: phase = 0.0
12.6376 	EXP 	grating_S1_T5: phase = 0.0
12.6543 	EXP 	grating_S1_T5: phase = 0.0
12.6722 	EXP 	grating_S1_T5: phase = 0.0
12.6876 	EXP 	grating_S1_T5: phase = 0.0
12.7042 	EXP 	grating_S1_T5: phase = 0.5
12.7209 	EXP 	grating_S1_T5: phase = 0.5
12.7375 	EXP 	grating_S1_T5: phase = 0.5
12.7542 	EXP 	grating_S1_T5: phase = 0.5
12.7711 	EXP 	grating_S1_T5: phase = 0.5
12.7873 	EXP 	grating_S1_T5: phase = 0.5
12.8042 	EXP 	grating_S1_T5: phase = 0.5
12.8210 	EXP 	grating_S1_T5: phase = 0.5
12.8375 	EXP 	grating_S1_T5: phase = 0.5
12.8542 	EXP 	grating_S1_T5: phase = 0.5
12.8710 	EXP 	grating_S1_T5: phase = 0.5
12.8872 	EXP 	grating_S1_T5: phase = 0.5
12.9042 	EXP 	grating_S1_T5: phase = 0.5
12.9209 	EXP 	grating_S1_T5: phase = 0.5
12.9377 	EXP 	grating_S1_T5: phase = 0.5
12.9544 	EXP 	grating_S1_T5: phase = 0.5
12.9705 	EXP 	grating_S1_T5: phase = 0.5
12.9896 	EXP 	grating_S1_T5: phase = 0.5
13.0043 	EXP 	grating_S1_T5: phase = 0.5
13.0209 	EXP 	grating_S1_T5: phase = 0.5
13.0376 	EXP 	grating_S1_T5: phase = 0.5
13.0543 	EXP 	grating_S1_T5: phase = 0.5
13.0703 	EXP 	grating_S1_T5: phase = 0.5
13.0876 	EXP 	grating_S1_T5: phase = 0.5
13.1040 	EXP 	grating_S1_T5: phase = 0.5
13.1208 	EXP 	grating_S1_T5: phase = 0.5
13.1376 	EXP 	grating_S1_T5: phase = 0.5
13.1542 	EXP 	grating_S1_T5: phase = 0.5
13.1704 	EXP 	grating_S1_T5: phase = 0.5
13.1876 	EXP 	grating_S1_T5: phase = 0.5
13.2033 	EXP 	grating_S1_T5: phase = 0.0
13.2211 	EXP 	grating_S1_T5: phase = 0.0
13.2377 	EXP 	grating_S1_T5: phase = 0.0
13.2545 	EXP 	grating_S1_T5: phase = 0.0
13.2712 	EXP 	grating_S1_T5: phase = 0.0
13.2878 	EXP 	grating_S1_T5: phase = 0.0
13.3058 	EXP 	grating_S1_T5: phase = 0.0
13.3206 	EXP 	grating_S1_T5: phase = 0.0
13.3375 	EXP 	grating_S1_T5: phase = 0.0
13.3551 	EXP 	grating_S1_T5: phase = 0.0
13.3721 	EXP 	grating_S1_T5: phase = 0.0
13.3880 	EXP 	grating_S1_T5: phase = 0.0
13.4043 	EXP 	grating_S1_T5: phase = 0.0
13.4208 	EXP 	grating_S1_T5: phase = 0.0
13.4377 	EXP 	grating_S1_T5: phase = 0.0
13.4549 	EXP 	grating_S1_T5: phase = 0.0
13.4712 	EXP 	grating_S1_T5: phase = 0.0
13.4873 	EXP 	grating_S1_T5: phase = 0.0
13.5048 	EXP 	grating_S1_T5: phase = 0.0
13.5205 	EXP 	grating_S1_T5: phase = 0.0
13.5381 	EXP 	grating_S1_T5: phase = 0.0
13.5550 	EXP 	grating_S1_T5: phase = 0.0
13.5712 	EXP 	grating_S1_T5: phase = 0.0
13.5881 	EXP 	grating_S1_T5: phase = 0.0
13.6048 	EXP 	grating_S1_T5: phase = 0.0
13.6225 	EXP 	grating_S1_T5: phase = 0.0
13.6377 	EXP 	grating_S1_T5: phase = 0.0
13.6547 	EXP 	grating_S1_T5: phase = 0.0
13.6711 	EXP 	grating_S1_T5: phase = 0.0
13.6876 	EXP 	grating_S1_T5: phase = 0.0
13.7042 	EXP 	grating_S1_T5: phase = 0.5
13.7210 	EXP 	grating_S1_T5: phase = 0.5
13.7373 	EXP 	grating_S1_T5: phase = 0.5
13.7541 	EXP 	grating_S1_T5: phase = 0.5
13.7710 	EXP 	grating_S1_T5: phase = 0.5
13.7877 	EXP 	grating_S1_T5: phase = 0.5
13.8043 	EXP 	grating_S1_T5: phase = 0.5
13.8210 	EXP 	grating_S1_T5: phase = 0.5
13.8370 	EXP 	grating_S1_T5: phase = 0.5
13.8541 	EXP 	grating_S1_T5: phase = 0.5
13.8702 	EXP 	grating_S1_T5: phase = 0.5
13.8870 	EXP 	grating_S1_T5: phase = 0.5
13.9042 	EXP 	grating_S1_T5: phase = 0.5
13.9208 	EXP 	grating_S1_T5: phase = 0.5
13.9387 	EXP 	grating_S1_T5: phase = 0.5
13.9538 	EXP 	grating_S1_T5: phase = 0.5
13.9712 	EXP 	grating_S1_T5: phase = 0.5
13.9878 	EXP 	grating_S1_T5: phase = 0.5
14.0048 	EXP 	grating_S1_T5: phase = 0.5
14.0215 	EXP 	grating_S1_T5: phase = 0.5
14.0379 	EXP 	grating_S1_T5: phase = 0.5
14.0548 	EXP 	grating_S1_T5: phase = 0.5
14.0715 	EXP 	grating_S1_T5: phase = 0.5
14.0882 	EXP 	grating_S1_T5: phase = 0.5
14.1042 	EXP 	grating_S1_T5: phase = 0.5
14.1216 	EXP 	grating_S1_T5: phase = 0.5
14.1383 	EXP 	grating_S1_T5: phase = 0.5
14.1541 	EXP 	grating_S1_T5: phase = 0.5
14.1711 	EXP 	grating_S1_T5: phase = 0.5
14.1883 	EXP 	grating_S1_T5: phase = 0.5
14.2039 	EXP 	grating_S1_T5: phase = 0.0
14.2213 	EXP 	grating_S1_T5: phase = 0.0
14.2379 	EXP 	grating_S1_T5: phase = 0.0
14.2545 	EXP 	grating_S1_T5: phase = 0.0
14.2708 	EXP 	grating_S1_T5: phase = 0.0
14.2880 	EXP 	grating_S1_T5: phase = 0.0
14.3047 	EXP 	grating_S1_T5: phase = 0.0
14.3207 	EXP 	grating_S1_T5: phase = 0.0
14.3375 	EXP 	grating_S1_T5: phase = 0.0
14.3541 	EXP 	grating_S1_T5: phase = 0.0
14.3708 	EXP 	grating_S1_T5: phase = 0.0
14.3875 	EXP 	grating_S1_T5: phase = 0.0
14.4042 	EXP 	grating_S1_T5: phase = 0.0
14.4209 	EXP 	grating_S1_T5: phase = 0.0
14.4375 	EXP 	grating_S1_T5: phase = 0.0
14.4542 	EXP 	grating_S1_T5: phase = 0.0
14.4729 	EXP 	grating_S1_T5: phase = 0.0
14.4873 	EXP 	grating_S1_T5: phase = 0.0
14.5042 	EXP 	grating_S1_T5: phase = 0.0
14.5209 	EXP 	grating_S1_T5: phase = 0.0
14.5375 	EXP 	grating_S1_T5: phase = 0.0
14.5541 	EXP 	grating_S1_T5: phase = 0.0
14.5710 	EXP 	grating_S1_T5: phase = 0.0
14.5874 	EXP 	grating_S1_T5: phase = 0.0
14.6041 	EXP 	grating_S1_T5: phase = 0.0
14.6208 	EXP 	grating_S1_T5: phase = 0.0
14.6375 	EXP 	grating_S1_T5: phase = 0.0
14.6542 	EXP 	grating_S1_T5: phase = 0.0
14.6709 	EXP 	grating_S1_T5: phase = 0.0
14.6873 	EXP 	grating_S1_T5: phase = 0.0
14.7040 	EXP 	grating_S1_T5: phase = 0.5
14.7204 	EXP 	grating_S1_T5: phase = 0.5
14.7372 	EXP 	grating_S1_T5: phase = 0.5
14.7541 	EXP 	grating_S1_T5: phase = 0.5
14.7709 	EXP 	grating_S1_T5: phase = 0.5
14.7894 	EXP 	grating_S1_T5: phase = 0.5
14.8041 	EXP 	grating_S1_T5: phase = 0.5
14.8209 	EXP 	grating_S1_T5: phase = 0.5
14.8375 	EXP 	grating_S1_T5: phase = 0.5
14.8541 	EXP 	grating_S1_T5: phase = 0.5
14.8709 	EXP 	grating_S1_T5: phase = 0.5
14.8875 	EXP 	grating_S1_T5: phase = 0.5
14.9042 	EXP 	grating_S1_T5: phase = 0.5
14.9209 	EXP 	grating_S1_T5: phase = 0.5
14.9372 	EXP 	grating_S1_T5: phase = 0.5
14.9541 	EXP 	grating_S1_T5: phase = 0.5
14.9708 	EXP 	grating_S1_T5: phase = 0.5
14.9886 	EXP 	grating_S1_T5: phase = 0.5
15.0039 	EXP 	grating_S1_T5: phase = 0.5
15.0214 	EXP 	grating_S1_T5: phase = 0.5
15.0379 	EXP 	grating_S1_T5: phase = 0.5
15.0546 	EXP 	grating_S1_T5: phase = 0.5
15.0710 	EXP 	grating_S1_T5: phase = 0.5
15.0878 	EXP 	grating_S1_T5: phase = 0.5
15.1048 	EXP 	grating_S1_T5: phase = 0.5
15.1208 	EXP 	grating_S1_T5: phase = 0.5
15.1382 	EXP 	grating_S1_T5: phase = 0.5
15.1549 	EXP 	grating_S1_T5: phase = 0.5
15.1706 	EXP 	grating_S1_T5: phase = 0.5
15.1883 	EXP 	grating_S1_T5: phase = 0.5
15.2049 	EXP 	grating_S1_T5: phase = 0.0
15.2207 	EXP 	grating_S1_T5: phase = 0.0
15.2385 	EXP 	grating_S1_T5: phase = 0.0
15.2543 	EXP 	grating_S1_T5: phase = 0.0
15.2713 	EXP 	grating_S1_T5: phase = 0.0
15.2881 	EXP 	grating_S1_T5: phase = 0.0
15.3045 	EXP 	grating_S1_T5: phase = 0.0
15.3232 	EXP 	grating_S1_T5: phase = 0.0
15.3376 	EXP 	grating_S1_T5: phase = 0.0
15.3548 	EXP 	grating_S1_T5: phase = 0.0
15.3713 	EXP 	grating_S1_T5: phase = 0.0
15.3883 	EXP 	grating_S1_T5: phase = 0.0
15.4052 	EXP 	grating_S1_T5: phase = 0.0
15.4219 	EXP 	grating_S1_T5: phase = 0.0
15.4380 	EXP 	grating_S1_T5: phase = 0.0
15.4546 	EXP 	grating_S1_T5: phase = 0.0
15.4707 	EXP 	grating_S1_T5: phase = 0.0
15.4882 	EXP 	grating_S1_T5: phase = 0.0
15.5044 	EXP 	grating_S1_T5: phase = 0.0
15.5211 	EXP 	grating_S1_T5: phase = 0.0
15.5379 	EXP 	grating_S1_T5: phase = 0.0
15.5548 	EXP 	grating_S1_T5: phase = 0.0
15.5717 	EXP 	grating_S1_T5: phase = 0.0
15.5878 	EXP 	grating_S1_T5: phase = 0.0
15.6051 	EXP 	grating_S1_T5: phase = 0.0
15.6212 	EXP 	grating_S1_T5: phase = 0.0
15.6407 	EXP 	grating_S1_T5: phase = 0.0
15.6547 	EXP 	grating_S1_T5: phase = 0.0
15.6709 	EXP 	grating_S1_T5: phase = 0.0
15.6881 	EXP 	grating_S1_T5: phase = 0.0
15.7045 	EXP 	grating_S1_T5: phase = 0.5
15.7218 	EXP 	grating_S1_T5: phase = 0.5
15.7378 	EXP 	grating_S1_T5: phase = 0.5
15.7551 	EXP 	grating_S1_T5: phase = 0.5
15.7717 	EXP 	grating_S1_T5: phase = 0.5
15.7881 	EXP 	grating_S1_T5: phase = 0.5
15.8050 	EXP 	grating_S1_T5: phase = 0.5
15.8211 	EXP 	grating_S1_T5: phase = 0.5
15.8383 	EXP 	grating_S1_T5: phase = 0.5
15.8536 	EXP 	grating_S1_T5: phase = 0.5
15.8711 	EXP 	grating_S1_T5: phase = 0.5
15.8883 	EXP 	grating_S1_T5: phase = 0.5
15.9045 	EXP 	grating_S1_T5: phase = 0.5
15.9215 	EXP 	grating_S1_T5: phase = 0.5
15.9377 	EXP 	grating_S1_T5: phase = 0.5
15.9574 	EXP 	grating_S1_T5: phase = 0.5
15.9709 	EXP 	grating_S1_T5: phase = 0.5
15.9873 	EXP 	grating_S1_T5: phase = 0.5
16.0045 	EXP 	grating_S1_T5: phase = 0.5
16.0204 	EXP 	grating_S1_T5: phase = 0.5
16.0376 	EXP 	grating_S1_T5: phase = 0.5
16.0545 	EXP 	grating_S1_T5: phase = 0.5
16.0717 	EXP 	grating_S1_T5: phase = 0.5
16.0879 	EXP 	grating_S1_T5: phase = 0.5
16.1054 	EXP 	grating_S1_T5: phase = 0.5
16.1212 	EXP 	grating_S1_T5: phase = 0.5
16.1373 	EXP 	grating_S1_T5: phase = 0.5
16.1542 	EXP 	grating_S1_T5: phase = 0.5
16.1708 	EXP 	grating_S1_T5: phase = 0.5
16.1882 	EXP 	grating_S1_T5: phase = 0.5
16.2053 	EXP 	grating_S1_T5: phase = 0.0
16.2214 	EXP 	grating_S1_T5: phase = 0.0
16.2381 	EXP 	grating_S1_T5: phase = 0.0
16.2554 	EXP 	grating_S1_T5: phase = 0.0
16.2729 	EXP 	grating_S1_T5: phase = 0.0
16.2878 	EXP 	grating_S1_T5: phase = 0.0
16.3054 	EXP 	grating_S1_T5: phase = 0.0
16.3217 	EXP 	grating_S1_T5: phase = 0.0
16.3378 	EXP 	grating_S1_T5: phase = 0.0
16.3542 	EXP 	grating_S1_T5: phase = 0.0
16.3706 	EXP 	grating_S1_T5: phase = 0.0
16.3879 	EXP 	grating_S1_T5: phase = 0.0
16.4048 	EXP 	grating_S1_T5: phase = 0.0
16.4224 	EXP 	grating_S1_T5: phase = 0.0
16.4384 	EXP 	grating_S1_T5: phase = 0.0
16.4548 	EXP 	grating_S1_T5: phase = 0.0
16.4864 	EXP 	grating_S1_T5: phase = 0.0
16.5048 	EXP 	grating_S1_T5: phase = 0.0
16.5206 	EXP 	grating_S1_T5: phase = 0.0
16.5377 	EXP 	grating_S1_T5: phase = 0.0
16.5546 	EXP 	grating_S1_T5: phase = 0.0
16.5892 	EXP 	grating_S1_T5: phase = 0.0
16.6046 	EXP 	grating_S1_T5: phase = 0.0
16.6368 	EXP 	grating_S1_T5: phase = 0.0
16.6538 	EXP 	grating_S1_T5: phase = 0.0
16.6708 	EXP 	grating_S1_T5: phase = 0.0
16.6878 	EXP 	grating_S1_T5: phase = 0.0
16.7041 	EXP 	grating_S1_T5: phase = 0.5
16.7206 	EXP 	grating_S1_T5: phase = 0.5
16.7375 	EXP 	grating_S1_T5: phase = 0.5
16.7707 	EXP 	grating_S1_T5: phase = 0.5
16.8037 	EXP 	grating_S1_T5: phase = 0.5
16.8207 	EXP 	grating_S1_T5: phase = 0.5
16.8375 	EXP 	grating_S1_T5: phase = 0.5
16.8542 	EXP 	grating_S1_T5: phase = 0.5
16.8706 	EXP 	grating_S1_T5: phase = 0.5
16.8878 	EXP 	grating_S1_T5: phase = 0.5
16.9079 	EXP 	grating_S1_T5: phase = 0.5
16.9209 	EXP 	grating_S1_T5: phase = 0.5
16.9376 	EXP 	grating_S1_T5: phase = 0.5
16.9539 	EXP 	grating_S1_T5: phase = 0.5
16.9712 	EXP 	grating_S1_T5: phase = 0.5
16.9881 	EXP 	grating_S1_T5: phase = 0.5
17.0043 	EXP 	grating_S1_T5: phase = 0.5
17.0210 	EXP 	grating_S1_T5: phase = 0.5
17.0380 	EXP 	grating_S1_T5: phase = 0.5
17.0541 	EXP 	grating_S1_T5: phase = 0.5
17.0710 	EXP 	grating_S1_T5: phase = 0.5
17.0883 	EXP 	grating_S1_T5: phase = 0.5
17.1046 	EXP 	grating_S1_T5: phase = 0.5
17.1219 	EXP 	grating_S1_T5: phase = 0.5
17.1385 	EXP 	grating_S1_T5: phase = 0.5
17.1553 	EXP 	grating_S1_T5: phase = 0.5
17.1716 	EXP 	grating_S1_T5: phase = 0.5
17.1887 	EXP 	grating_S1_T5: phase = 0.5
17.2054 	EXP 	grating_S1_T5: phase = 0.0
17.2236 	EXP 	grating_S1_T5: phase = 0.0
17.2384 	EXP 	grating_S1_T5: phase = 0.0
17.2552 	EXP 	grating_S1_T5: phase = 0.0
17.2718 	EXP 	grating_S1_T5: phase = 0.0
17.2886 	EXP 	grating_S1_T5: phase = 0.0
17.3055 	EXP 	grating_S1_T5: phase = 0.0
17.3221 	EXP 	grating_S1_T5: phase = 0.0
17.3378 	EXP 	grating_S1_T5: phase = 0.0
17.3549 	EXP 	grating_S1_T5: phase = 0.0
17.3717 	EXP 	grating_S1_T5: phase = 0.0
17.3877 	EXP 	grating_S1_T5: phase = 0.0
17.4052 	EXP 	grating_S1_T5: phase = 0.0
17.4217 	EXP 	grating_S1_T5: phase = 0.0
17.4389 	EXP 	grating_S1_T5: phase = 0.0
17.4551 	EXP 	grating_S1_T5: phase = 0.0
17.4717 	EXP 	grating_S1_T5: phase = 0.0
17.4886 	EXP 	grating_S1_T5: phase = 0.0
17.5047 	EXP 	grating_S1_T5: phase = 0.0
17.5208 	EXP 	grating_S1_T5: phase = 0.0
17.5420 	EXP 	grating_S1_T5: phase = 0.0
17.5551 	EXP 	grating_S1_T5: phase = 0.0
17.5713 	EXP 	grating_S1_T5: phase = 0.0
17.5876 	EXP 	grating_S1_T5: phase = 0.0
17.6046 	EXP 	grating_S1_T5: phase = 0.0
17.6211 	EXP 	grating_S1_T5: phase = 0.0
17.6387 	EXP 	grating_S1_T5: phase = 0.0
17.6555 	EXP 	grating_S1_T5: phase = 0.0
17.6725 	EXP 	grating_S1_T5: phase = 0.0
17.6893 	EXP 	grating_S1_T5: phase = 0.0
17.7054 	EXP 	grating_S1_T5: phase = 0.5
17.7212 	EXP 	grating_S1_T5: phase = 0.5
17.7379 	EXP 	grating_S1_T5: phase = 0.5
17.7549 	EXP 	grating_S1_T5: phase = 0.5
17.7714 	EXP 	grating_S1_T5: phase = 0.5
17.7890 	EXP 	grating_S1_T5: phase = 0.5
17.8054 	EXP 	grating_S1_T5: phase = 0.5
17.8223 	EXP 	grating_S1_T5: phase = 0.5
17.8383 	EXP 	grating_S1_T5: phase = 0.5
17.8583 	EXP 	grating_S1_T5: phase = 0.5
17.8719 	EXP 	grating_S1_T5: phase = 0.5
17.8887 	EXP 	grating_S1_T5: phase = 0.5
17.9055 	EXP 	grating_S1_T5: phase = 0.5
17.9213 	EXP 	grating_S1_T5: phase = 0.5
17.9383 	EXP 	grating_S1_T5: phase = 0.5
17.9541 	EXP 	grating_S1_T5: phase = 0.5
17.9710 	EXP 	grating_S1_T5: phase = 0.5
17.9891 	EXP 	grating_S1_T5: phase = 0.5
18.0054 	EXP 	grating_S1_T5: phase = 0.5
18.0220 	EXP 	grating_S1_T5: phase = 0.5
18.0386 	EXP 	grating_S1_T5: phase = 0.5
18.0547 	EXP 	grating_S1_T5: phase = 0.5
18.0716 	EXP 	grating_S1_T5: phase = 0.5
18.0888 	EXP 	grating_S1_T5: phase = 0.5
18.1044 	EXP 	grating_S1_T5: phase = 0.5
18.1220 	EXP 	grating_S1_T5: phase = 0.5
18.1389 	EXP 	grating_S1_T5: phase = 0.5
18.1548 	EXP 	grating_S1_T5: phase = 0.5
18.1747 	EXP 	grating_S1_T5: phase = 0.5
18.1881 	EXP 	grating_S1_T5: phase = 0.5
18.2050 	EXP 	grating_S1_T5: phase = 0.0
18.2217 	EXP 	grating_S1_T5: phase = 0.0
18.2386 	EXP 	grating_S1_T5: phase = 0.0
18.2543 	EXP 	grating_S1_T5: phase = 0.0
18.2721 	EXP 	grating_S1_T5: phase = 0.0
18.2886 	EXP 	grating_S1_T5: phase = 0.0
18.3050 	EXP 	grating_S1_T5: phase = 0.0
18.3217 	EXP 	grating_S1_T5: phase = 0.0
18.3389 	EXP 	grating_S1_T5: phase = 0.0
18.3548 	EXP 	grating_S1_T5: phase = 0.0
18.3716 	EXP 	grating_S1_T5: phase = 0.0
18.3886 	EXP 	grating_S1_T5: phase = 0.0
18.4052 	EXP 	grating_S1_T5: phase = 0.0
18.4220 	EXP 	grating_S1_T5: phase = 0.0
18.4380 	EXP 	grating_S1_T5: phase = 0.0
18.4545 	EXP 	grating_S1_T5: phase = 0.0
18.4719 	EXP 	grating_S1_T5: phase = 0.0
18.4920 	EXP 	grating_S1_T5: phase = 0.0
18.5050 	EXP 	grating_S1_T5: phase = 0.0
18.5218 	EXP 	grating_S1_T5: phase = 0.0
18.5383 	EXP 	grating_S1_T5: phase = 0.0
18.5549 	EXP 	grating_S1_T5: phase = 0.0
18.5712 	EXP 	grating_S1_T5: phase = 0.0
18.5886 	EXP 	grating_S1_T5: phase = 0.0
18.6054 	EXP 	grating_S1_T5: phase = 0.0
18.6213 	EXP 	grating_S1_T5: phase = 0.0
18.6378 	EXP 	grating_S1_T5: phase = 0.0
18.6547 	EXP 	grating_S1_T5: phase = 0.0
18.6715 	EXP 	grating_S1_T5: phase = 0.0
18.6884 	EXP 	grating_S1_T5: phase = 0.0
18.7048 	EXP 	grating_S1_T5: phase = 0.5
18.7219 	EXP 	grating_S1_T5: phase = 0.5
18.7384 	EXP 	grating_S1_T5: phase = 0.5
18.7551 	EXP 	grating_S1_T5: phase = 0.5
18.7717 	EXP 	grating_S1_T5: phase = 0.5
18.7882 	EXP 	grating_S1_T5: phase = 0.5
18.8080 	EXP 	grating_S1_T5: phase = 0.5
18.8218 	EXP 	grating_S1_T5: phase = 0.5
18.8384 	EXP 	grating_S1_T5: phase = 0.5
18.8553 	EXP 	grating_S1_T5: phase = 0.5
18.8708 	EXP 	grating_S1_T5: phase = 0.5
18.8885 	EXP 	grating_S1_T5: phase = 0.5
18.9052 	EXP 	grating_S1_T5: phase = 0.5
18.9212 	EXP 	grating_S1_T5: phase = 0.5
18.9385 	EXP 	grating_S1_T5: phase = 0.5
18.9551 	EXP 	grating_S1_T5: phase = 0.5
18.9718 	EXP 	grating_S1_T5: phase = 0.5
18.9881 	EXP 	grating_S1_T5: phase = 0.5
19.0047 	EXP 	grating_S1_T5: phase = 0.5
19.0220 	EXP 	grating_S1_T5: phase = 0.5
19.0383 	EXP 	grating_S1_T5: phase = 0.5
19.0553 	EXP 	grating_S1_T5: phase = 0.5
19.0719 	EXP 	grating_S1_T5: phase = 0.5
19.0880 	EXP 	grating_S1_T5: phase = 0.5
19.1053 	EXP 	grating_S1_T5: phase = 0.5
19.1249 	EXP 	grating_S1_T5: phase = 0.5
19.1380 	EXP 	grating_S1_T5: phase = 0.5
19.1545 	EXP 	grating_S1_T5: phase = 0.5
19.1718 	EXP 	grating_S1_T5: phase = 0.5
19.1884 	EXP 	grating_S1_T5: phase = 0.5
19.2052 	EXP 	grating_S1_T5: phase = 0.0
19.2217 	EXP 	grating_S1_T5: phase = 0.0
19.2384 	EXP 	grating_S1_T5: phase = 0.0
19.2547 	EXP 	grating_S1_T5: phase = 0.0
19.2718 	EXP 	grating_S1_T5: phase = 0.0
19.2880 	EXP 	grating_S1_T5: phase = 0.0
19.3052 	EXP 	grating_S1_T5: phase = 0.0
19.3216 	EXP 	grating_S1_T5: phase = 0.0
19.3382 	EXP 	grating_S1_T5: phase = 0.0
19.3553 	EXP 	grating_S1_T5: phase = 0.0
19.3716 	EXP 	grating_S1_T5: phase = 0.0
19.3878 	EXP 	grating_S1_T5: phase = 0.0
19.4045 	EXP 	grating_S1_T5: phase = 0.0
19.4218 	EXP 	grating_S1_T5: phase = 0.0
19.4423 	EXP 	grating_S1_T5: phase = 0.0
19.4551 	EXP 	grating_S1_T5: phase = 0.0
19.4712 	EXP 	grating_S1_T5: phase = 0.0
19.4876 	EXP 	grating_S1_T5: phase = 0.0
19.5040 	EXP 	grating_S1_T5: phase = 0.0
19.5218 	EXP 	grating_S1_T5: phase = 0.0
19.5383 	EXP 	grating_S1_T5: phase = 0.0
19.5550 	EXP 	grating_S1_T5: phase = 0.0
19.5718 	EXP 	grating_S1_T5: phase = 0.0
19.5883 	EXP 	grating_S1_T5: phase = 0.0
19.6055 	EXP 	grating_S1_T5: phase = 0.0
19.6211 	EXP 	grating_S1_T5: phase = 0.0
19.6385 	EXP 	grating_S1_T5: phase = 0.0
19.6555 	EXP 	grating_S1_T5: phase = 0.0
19.6712 	EXP 	grating_S1_T5: phase = 0.0
19.6879 	EXP 	grating_S1_T5: phase = 0.0
19.7046 	EXP 	grating_S1_T5: phase = 0.5
19.7208 	EXP 	grating_S1_T5: phase = 0.5
19.7382 	EXP 	grating_S1_T5: phase = 0.5
19.7595 	EXP 	grating_S1_T5: phase = 0.5
19.7718 	EXP 	grating_S1_T5: phase = 0.5
19.7886 	EXP 	grating_S1_T5: phase = 0.5
19.8050 	EXP 	grating_S1_T5: phase = 0.5
19.8215 	EXP 	grating_S1_T5: phase = 0.5
19.8389 	EXP 	grating_S1_T5: phase = 0.5
19.8547 	EXP 	grating_S1_T5: phase = 0.5
19.8718 	EXP 	grating_S1_T5: phase = 0.5
19.8877 	EXP 	grating_S1_T5: phase = 0.5
19.9054 	EXP 	grating_S1_T5: phase = 0.5
19.9214 	EXP 	grating_S1_T5: phase = 0.5
19.9389 	EXP 	grating_S1_T5: phase = 0.5
19.9552 	EXP 	grating_S1_T5: phase = 0.5
19.9718 	EXP 	grating_S1_T5: phase = 0.5
19.9879 	EXP 	grating_S1_T5: phase = 0.5
20.0044 	EXP 	grating_S1_T5: phase = 0.5
20.0221 	EXP 	grating_S1_T5: phase = 0.5
20.0386 	EXP 	grating_S1_T5: phase = 0.5
20.0552 	EXP 	grating_S1_T5: phase = 0.5
20.0756 	EXP 	grating_S1_T5: phase = 0.5
20.0880 	EXP 	grating_S1_T5: phase = 0.5
20.1051 	EXP 	grating_S1_T5: phase = 0.5
20.1216 	EXP 	grating_S1_T5: phase = 0.5
20.1380 	EXP 	grating_S1_T5: phase = 0.5
20.1549 	EXP 	grating_S1_T5: phase = 0.5
20.1715 	EXP 	grating_S1_T5: phase = 0.5
20.1878 	EXP 	grating_S1_T5: phase = 0.5
20.2043 	EXP 	grating_S1_T5: phase = 0.0
20.2215 	EXP 	grating_S1_T5: phase = 0.0
20.2379 	EXP 	grating_S1_T5: phase = 0.0
20.2553 	EXP 	grating_S1_T5: phase = 0.0
20.2716 	EXP 	grating_S1_T5: phase = 0.0
20.2884 	EXP 	grating_S1_T5: phase = 0.0
20.3053 	EXP 	grating_S1_T5: phase = 0.0
20.3213 	EXP 	grating_S1_T5: phase = 0.0
20.3385 	EXP 	grating_S1_T5: phase = 0.0
20.3545 	EXP 	grating_S1_T5: phase = 0.0
20.3717 	EXP 	grating_S1_T5: phase = 0.0
20.3910 	EXP 	grating_S1_T5: phase = 0.0
20.4047 	EXP 	grating_S1_T5: phase = 0.0
20.4219 	EXP 	grating_S1_T5: phase = 0.0
20.4381 	EXP 	grating_S1_T5: phase = 0.0
20.4544 	EXP 	grating_S1_T5: phase = 0.0
20.4714 	EXP 	grating_S1_T5: phase = 0.0
20.4880 	EXP 	grating_S1_T5: phase = 0.0
20.5043 	EXP 	grating_S1_T5: phase = 0.0
20.5221 	EXP 	grating_S1_T5: phase = 0.0
20.5381 	EXP 	grating_S1_T5: phase = 0.0
20.5545 	EXP 	grating_S1_T5: phase = 0.0
20.5718 	EXP 	grating_S1_T5: phase = 0.0
20.5885 	EXP 	grating_S1_T5: phase = 0.0
20.6053 	EXP 	grating_S1_T5: phase = 0.0
20.6215 	EXP 	grating_S1_T5: phase = 0.0
20.6387 	EXP 	grating_S1_T5: phase = 0.0
20.6554 	EXP 	grating_S1_T5: phase = 0.0
20.6716 	EXP 	grating_S1_T5: phase = 0.0
20.6878 	EXP 	grating_S1_T5: phase = 0.0
20.7090 	EXP 	grating_S1_T5: phase = 0.5
20.7212 	EXP 	grating_S1_T5: phase = 0.5
20.7384 	EXP 	grating_S1_T5: phase = 0.5
20.7543 	EXP 	grating_S1_T5: phase = 0.5
20.7708 	EXP 	grating_S1_T5: phase = 0.5
20.7881 	EXP 	grating_S1_T5: phase = 0.5
20.8051 	EXP 	grating_S1_T5: phase = 0.5
20.8218 	EXP 	grating_S1_T5: phase = 0.5
20.8379 	EXP 	grating_S1_T5: phase = 0.5
20.8545 	EXP 	grating_S1_T5: phase = 0.5
20.8707 	EXP 	grating_S1_T5: phase = 0.5
20.8880 	EXP 	grating_S1_T5: phase = 0.5
20.9050 	EXP 	grating_S1_T5: phase = 0.5
20.9216 	EXP 	grating_S1_T5: phase = 0.5
20.9383 	EXP 	grating_S1_T5: phase = 0.5
20.9553 	EXP 	grating_S1_T5: phase = 0.5
20.9712 	EXP 	grating_S1_T5: phase = 0.5
20.9877 	EXP 	grating_S1_T5: phase = 0.5
21.0049 	EXP 	grating_S1_T5: phase = 0.5
21.0251 	EXP 	grating_S1_T5: phase = 0.5
21.0374 	EXP 	grating_S1_T5: phase = 0.5
21.0542 	EXP 	grating_S1_T5: phase = 0.5
21.0708 	EXP 	grating_S1_T5: phase = 0.5
21.0874 	EXP 	grating_S1_T5: phase = 0.5
21.1042 	EXP 	grating_S1_T5: phase = 0.5
21.1204 	EXP 	grating_S1_T5: phase = 0.5
21.1375 	EXP 	grating_S1_T5: phase = 0.5
21.1542 	EXP 	grating_S1_T5: phase = 0.5
21.1709 	EXP 	grating_S1_T5: phase = 0.5
21.1874 	EXP 	grating_S1_T5: phase = 0.5
21.2041 	EXP 	grating_S1_T5: phase = 0.0
21.2209 	EXP 	grating_S1_T5: phase = 0.0
21.2373 	EXP 	grating_S1_T5: phase = 0.0
21.2545 	EXP 	grating_S1_T5: phase = 0.0
21.2708 	EXP 	grating_S1_T5: phase = 0.0
21.2875 	EXP 	grating_S1_T5: phase = 0.0
21.3042 	EXP 	grating_S1_T5: phase = 0.0
21.3209 	EXP 	grating_S1_T5: phase = 0.0
21.3392 	EXP 	grating_S1_T5: phase = 0.0
21.3546 	EXP 	grating_S1_T5: phase = 0.0
21.3714 	EXP 	grating_S1_T5: phase = 0.0
21.3872 	EXP 	grating_S1_T5: phase = 0.0
21.4045 	EXP 	grating_S1_T5: phase = 0.0
21.4205 	EXP 	grating_S1_T5: phase = 0.0
21.4374 	EXP 	grating_S1_T5: phase = 0.0
21.4535 	EXP 	grating_S1_T5: phase = 0.0
21.4712 	EXP 	grating_S1_T5: phase = 0.0
21.4877 	EXP 	grating_S1_T5: phase = 0.0
21.5040 	EXP 	grating_S1_T5: phase = 0.0
21.5205 	EXP 	grating_S1_T5: phase = 0.0
21.5373 	EXP 	grating_S1_T5: phase = 0.0
21.5534 	EXP 	grating_S1_T5: phase = 0.0
21.5707 	EXP 	grating_S1_T5: phase = 0.0
21.5875 	EXP 	grating_S1_T5: phase = 0.0
21.6041 	EXP 	grating_S1_T5: phase = 0.0
21.6208 	EXP 	grating_S1_T5: phase = 0.0
21.6373 	EXP 	grating_S1_T5: phase = 0.0
21.6568 	EXP 	grating_S1_T5: phase = 0.0
21.6710 	EXP 	grating_S1_T5: phase = 0.0
21.6878 	EXP 	grating_S1_T5: phase = 0.0
21.7046 	EXP 	grating_S1_T5: phase = 0.5
21.7213 	EXP 	grating_S1_T5: phase = 0.5
21.7377 	EXP 	grating_S1_T5: phase = 0.5
21.7549 	EXP 	grating_S1_T5: phase = 0.5
21.7725 	EXP 	grating_S1_T5: phase = 0.5
21.7890 	EXP 	grating_S1_T5: phase = 0.5
21.8057 	EXP 	grating_S1_T5: phase = 0.5
21.8352 	EXP 	grating_S1_T5: phase = 0.5
21.8518 	EXP 	grating_S1_T5: phase = 0.5
21.8701 	EXP 	grating_S1_T5: phase = 0.5
21.8841 	EXP 	grating_S1_T5: phase = 0.5
21.9059 	EXP 	grating_S1_T5: phase = 0.5
21.9221 	EXP 	grating_S1_T5: phase = 0.5
21.9392 	EXP 	grating_S1_T5: phase = 0.5
21.9551 	EXP 	grating_S1_T5: phase = 0.5
21.9753 	EXP 	grating_S1_T5: phase = 0.5
21.9896 	EXP 	grating_S1_T5: phase = 0.5
22.0058 	EXP 	grating_S1_T5: phase = 0.5
22.0226 	EXP 	grating_S1_T5: phase = 0.5
22.0385 	EXP 	grating_S1_T5: phase = 0.5
22.0548 	EXP 	grating_S1_T5: phase = 0.5
22.0714 	EXP 	grating_S1_T5: phase = 0.5
22.0878 	EXP 	grating_S1_T5: phase = 0.5
22.1048 	EXP 	grating_S1_T5: phase = 0.5
22.1220 	EXP 	grating_S1_T5: phase = 0.5
22.1386 	EXP 	grating_S1_T5: phase = 0.5
22.1558 	EXP 	grating_S1_T5: phase = 0.5
22.1717 	EXP 	grating_S1_T5: phase = 0.5
22.1880 	EXP 	grating_S1_T5: phase = 0.5
22.2054 	EXP 	grating_S1_T5: phase = 0.0
22.2224 	EXP 	grating_S1_T5: phase = 0.0
22.2385 	EXP 	grating_S1_T5: phase = 0.0
22.2558 	EXP 	grating_S1_T5: phase = 0.0
22.2730 	EXP 	grating_S1_T5: phase = 0.0
22.2931 	EXP 	grating_S1_T5: phase = 0.0
22.3060 	EXP 	grating_S1_T5: phase = 0.0
22.3224 	EXP 	grating_S1_T5: phase = 0.0
22.3394 	EXP 	grating_S1_T5: phase = 0.0
22.3559 	EXP 	grating_S1_T5: phase = 0.0
22.3729 	EXP 	grating_S1_T5: phase = 0.0
22.3887 	EXP 	grating_S1_T5: phase = 0.0
22.4060 	EXP 	grating_S1_T5: phase = 0.0
22.4219 	EXP 	grating_S1_T5: phase = 0.0
22.4394 	EXP 	grating_S1_T5: phase = 0.0
22.4560 	EXP 	grating_S1_T5: phase = 0.0
22.4721 	EXP 	grating_S1_T5: phase = 0.0
22.4884 	EXP 	grating_S1_T5: phase = 0.0
22.5052 	EXP 	grating_S1_T5: phase = 0.0
22.5220 	EXP 	grating_S1_T5: phase = 0.0
22.5388 	EXP 	grating_S1_T5: phase = 0.0
22.5548 	EXP 	grating_S1_T5: phase = 0.0
22.5719 	EXP 	grating_S1_T5: phase = 0.0
22.5886 	EXP 	grating_S1_T5: phase = 0.0
22.6053 	EXP 	grating_S1_T5: phase = 0.0
22.6218 	EXP 	grating_S1_T5: phase = 0.0
22.6389 	EXP 	grating_S1_T5: phase = 0.0
22.6557 	EXP 	grating_S1_T5: phase = 0.0
22.6728 	EXP 	grating_S1_T5: phase = 0.0
22.6890 	EXP 	grating_S1_T5: phase = 0.0
22.7208 	EXP 	grating_S1_T5: phase = 0.5
22.7541 	EXP 	grating_S1_T5: phase = 0.5
22.7710 	EXP 	grating_S1_T5: phase = 0.5
22.8038 	EXP 	grating_S1_T5: phase = 0.5
22.8378 	EXP 	grating_S1_T5: phase = 0.5
22.8546 	EXP 	grating_S1_T5: phase = 0.5
22.8712 	EXP 	grating_S1_T5: phase = 0.5
22.9043 	EXP 	grating_S1_T5: phase = 0.5
22.9211 	EXP 	grating_S1_T5: phase = 0.5
22.9376 	EXP 	grating_S1_T5: phase = 0.5
22.9533 	EXP 	grating_S1_T5: phase = 0.5
22.9703 	EXP 	grating_S1_T5: phase = 0.5
23.0031 	EXP 	grating_S1_T5: phase = 0.5
23.0208 	EXP 	grating_S1_T5: phase = 0.5
23.0374 	EXP 	grating_S1_T5: phase = 0.5
23.0539 	EXP 	grating_S1_T5: phase = 0.5
23.0711 	EXP 	grating_S1_T5: phase = 0.5
23.0871 	EXP 	grating_S1_T5: phase = 0.5
23.1045 	EXP 	grating_S1_T5: phase = 0.5
23.1212 	EXP 	grating_S1_T5: phase = 0.5
23.1411 	EXP 	grating_S1_T5: phase = 0.5
23.1546 	EXP 	grating_S1_T5: phase = 0.5
23.1712 	EXP 	grating_S1_T5: phase = 0.5
23.1881 	EXP 	grating_S1_T5: phase = 0.5
23.2048 	EXP 	grating_S1_T5: phase = 0.0
23.2216 	EXP 	grating_S1_T5: phase = 0.0
23.2381 	EXP 	grating_S1_T5: phase = 0.0
23.2550 	EXP 	grating_S1_T5: phase = 0.0
23.2716 	EXP 	grating_S1_T5: phase = 0.0
23.2884 	EXP 	grating_S1_T5: phase = 0.0
23.3049 	EXP 	grating_S1_T5: phase = 0.0
23.3217 	EXP 	grating_S1_T5: phase = 0.0
23.3384 	EXP 	grating_S1_T5: phase = 0.0
23.3552 	EXP 	grating_S1_T5: phase = 0.0
23.3718 	EXP 	grating_S1_T5: phase = 0.0
23.3886 	EXP 	grating_S1_T5: phase = 0.0
23.4049 	EXP 	grating_S1_T5: phase = 0.0
23.4220 	EXP 	grating_S1_T5: phase = 0.0
23.4387 	EXP 	grating_S1_T5: phase = 0.0
23.4591 	EXP 	grating_S1_T5: phase = 0.0
23.4719 	EXP 	grating_S1_T5: phase = 0.0
23.4889 	EXP 	grating_S1_T5: phase = 0.0
23.5055 	EXP 	grating_S1_T5: phase = 0.0
23.5223 	EXP 	grating_S1_T5: phase = 0.0
23.5388 	EXP 	grating_S1_T5: phase = 0.0
23.5552 	EXP 	grating_S1_T5: phase = 0.0
23.5719 	EXP 	grating_S1_T5: phase = 0.0
23.5888 	EXP 	grating_S1_T5: phase = 0.0
23.6055 	EXP 	grating_S1_T5: phase = 0.0
23.6220 	EXP 	grating_S1_T5: phase = 0.0
23.6388 	EXP 	grating_S1_T5: phase = 0.0
23.6555 	EXP 	grating_S1_T5: phase = 0.0
23.6722 	EXP 	grating_S1_T5: phase = 0.0
23.6890 	EXP 	grating_S1_T5: phase = 0.0
23.7055 	EXP 	grating_S1_T5: phase = 0.5
23.7217 	EXP 	grating_S1_T5: phase = 0.5
23.7385 	EXP 	grating_S1_T5: phase = 0.5
23.7553 	EXP 	grating_S1_T5: phase = 0.5
23.7757 	EXP 	grating_S1_T5: phase = 0.5
23.7875 	EXP 	grating_S1_T5: phase = 0.5
23.8053 	EXP 	grating_S1_T5: phase = 0.5
23.8220 	EXP 	grating_S1_T5: phase = 0.5
23.8388 	EXP 	grating_S1_T5: phase = 0.5
23.8556 	EXP 	grating_S1_T5: phase = 0.5
23.8715 	EXP 	grating_S1_T5: phase = 0.5
23.8884 	EXP 	grating_S1_T5: phase = 0.5
23.9054 	EXP 	grating_S1_T5: phase = 0.5
23.9222 	EXP 	grating_S1_T5: phase = 0.5
23.9385 	EXP 	grating_S1_T5: phase = 0.5
23.9556 	EXP 	grating_S1_T5: phase = 0.5
23.9717 	EXP 	grating_S1_T5: phase = 0.5
23.9887 	EXP 	grating_S1_T5: phase = 0.5
24.0056 	EXP 	grating_S1_T5: phase = 0.5
24.0223 	EXP 	grating_S1_T5: phase = 0.5
24.0389 	EXP 	grating_S1_T5: phase = 0.5
24.0556 	EXP 	grating_S1_T5: phase = 0.5
24.0722 	EXP 	grating_S1_T5: phase = 0.5
24.0912 	EXP 	grating_S1_T5: phase = 0.5
24.1056 	EXP 	grating_S1_T5: phase = 0.5
24.1220 	EXP 	grating_S1_T5: phase = 0.5
24.1389 	EXP 	grating_S1_T5: phase = 0.5
24.1557 	EXP 	grating_S1_T5: phase = 0.5
24.1718 	EXP 	grating_S1_T5: phase = 0.5
24.1887 	EXP 	grating_S1_T5: phase = 0.5
24.2055 	EXP 	grating_S1_T5: phase = 0.0
24.2223 	EXP 	grating_S1_T5: phase = 0.0
24.2390 	EXP 	grating_S1_T5: phase = 0.0
24.2550 	EXP 	grating_S1_T5: phase = 0.0
24.2721 	EXP 	grating_S1_T5: phase = 0.0
24.2888 	EXP 	grating_S1_T5: phase = 0.0
24.3056 	EXP 	grating_S1_T5: phase = 0.0
24.3218 	EXP 	grating_S1_T5: phase = 0.0
24.3390 	EXP 	grating_S1_T5: phase = 0.0
24.3551 	EXP 	grating_S1_T5: phase = 0.0
24.3720 	EXP 	grating_S1_T5: phase = 0.0
24.3889 	EXP 	grating_S1_T5: phase = 0.0
24.4081 	EXP 	grating_S1_T5: phase = 0.0
24.4217 	EXP 	grating_S1_T5: phase = 0.0
24.4388 	EXP 	grating_S1_T5: phase = 0.0
24.4555 	EXP 	grating_S1_T5: phase = 0.0
24.4725 	EXP 	grating_S1_T5: phase = 0.0
24.4890 	EXP 	grating_S1_T5: phase = 0.0
24.5052 	EXP 	grating_S1_T5: phase = 0.0
24.5221 	EXP 	grating_S1_T5: phase = 0.0
24.5387 	EXP 	grating_S1_T5: phase = 0.0
24.5555 	EXP 	grating_S1_T5: phase = 0.0
24.5721 	EXP 	grating_S1_T5: phase = 0.0
24.5886 	EXP 	grating_S1_T5: phase = 0.0
24.6054 	EXP 	grating_S1_T5: phase = 0.0
24.6222 	EXP 	grating_S1_T5: phase = 0.0
24.6388 	EXP 	grating_S1_T5: phase = 0.0
24.6554 	EXP 	grating_S1_T5: phase = 0.0
24.6717 	EXP 	grating_S1_T5: phase = 0.0
24.6889 	EXP 	grating_S1_T5: phase = 0.0
24.7054 	EXP 	grating_S1_T5: phase = 0.5
24.7259 	EXP 	grating_S1_T5: phase = 0.5
24.7388 	EXP 	grating_S1_T5: phase = 0.5
24.7553 	EXP 	grating_S1_T5: phase = 0.5
24.7719 	EXP 	grating_S1_T5: phase = 0.5
24.7886 	EXP 	grating_S1_T5: phase = 0.5
24.8054 	EXP 	grating_S1_T5: phase = 0.5
24.8219 	EXP 	grating_S1_T5: phase = 0.5
24.8388 	EXP 	grating_S1_T5: phase = 0.5
24.8551 	EXP 	grating_S1_T5: phase = 0.5
24.8719 	EXP 	grating_S1_T5: phase = 0.5
24.8884 	EXP 	grating_S1_T5: phase = 0.5
24.9052 	EXP 	grating_S1_T5: phase = 0.5
24.9221 	EXP 	grating_S1_T5: phase = 0.5
24.9387 	EXP 	grating_S1_T5: phase = 0.5
24.9552 	EXP 	grating_S1_T5: phase = 0.5
24.9719 	EXP 	grating_S1_T5: phase = 0.5
24.9887 	EXP 	grating_S1_T5: phase = 0.5
25.0049 	EXP 	grating_S1_T5: phase = 0.5
25.0220 	EXP 	grating_S1_T5: phase = 0.5
25.0426 	EXP 	grating_S1_T5: phase = 0.5
25.0554 	EXP 	grating_S1_T5: phase = 0.5
25.0718 	EXP 	grating_S1_T5: phase = 0.5
25.0887 	EXP 	grating_S1_T5: phase = 0.5
25.1054 	EXP 	grating_S1_T5: phase = 0.5
25.1221 	EXP 	grating_S1_T5: phase = 0.5
25.1382 	EXP 	grating_S1_T5: phase = 0.5
25.1554 	EXP 	grating_S1_T5: phase = 0.5
25.1718 	EXP 	grating_S1_T5: phase = 0.5
25.1885 	EXP 	grating_S1_T5: phase = 0.5
25.2053 	EXP 	grating_S1_T5: phase = 0.0
25.2216 	EXP 	grating_S1_T5: phase = 0.0
25.2386 	EXP 	grating_S1_T5: phase = 0.0
25.2550 	EXP 	grating_S1_T5: phase = 0.0
25.2711 	EXP 	grating_S1_T5: phase = 0.0
25.2886 	EXP 	grating_S1_T5: phase = 0.0
25.3053 	EXP 	grating_S1_T5: phase = 0.0
25.3215 	EXP 	grating_S1_T5: phase = 0.0
25.3388 	EXP 	grating_S1_T5: phase = 0.0
25.3579 	EXP 	grating_S1_T5: phase = 0.0
25.3716 	EXP 	grating_S1_T5: phase = 0.0
25.3886 	EXP 	grating_S1_T5: phase = 0.0
25.4053 	EXP 	grating_S1_T5: phase = 0.0
25.4220 	EXP 	grating_S1_T5: phase = 0.0
25.4385 	EXP 	grating_S1_T5: phase = 0.0
25.4551 	EXP 	grating_S1_T5: phase = 0.0
25.4718 	EXP 	grating_S1_T5: phase = 0.0
25.4887 	EXP 	grating_S1_T5: phase = 0.0
25.5053 	EXP 	grating_S1_T5: phase = 0.0
25.5219 	EXP 	grating_S1_T5: phase = 0.0
25.5384 	EXP 	grating_S1_T5: phase = 0.0
25.5553 	EXP 	grating_S1_T5: phase = 0.0
25.5717 	EXP 	grating_S1_T5: phase = 0.0
25.5887 	EXP 	grating_S1_T5: phase = 0.0
25.6053 	EXP 	grating_S1_T5: phase = 0.0
25.6219 	EXP 	grating_S1_T5: phase = 0.0
25.6383 	EXP 	grating_S1_T5: phase = 0.0
25.6553 	EXP 	grating_S1_T5: phase = 0.0
25.6744 	EXP 	grating_S1_T5: phase = 0.0
25.6881 	EXP 	grating_S1_T5: phase = 0.0
25.7051 	EXP 	grating_S1_T5: phase = 0.5
25.7219 	EXP 	grating_S1_T5: phase = 0.5
25.7386 	EXP 	grating_S1_T5: phase = 0.5
25.7552 	EXP 	grating_S1_T5: phase = 0.5
25.7714 	EXP 	grating_S1_T5: phase = 0.5
25.7885 	EXP 	grating_S1_T5: phase = 0.5
25.8053 	EXP 	grating_S1_T5: phase = 0.5
25.8219 	EXP 	grating_S1_T5: phase = 0.5
25.8386 	EXP 	grating_S1_T5: phase = 0.5
25.8551 	EXP 	grating_S1_T5: phase = 0.5
25.8718 	EXP 	grating_S1_T5: phase = 0.5
25.8883 	EXP 	grating_S1_T5: phase = 0.5
25.9052 	EXP 	grating_S1_T5: phase = 0.5
25.9219 	EXP 	grating_S1_T5: phase = 0.5
25.9386 	EXP 	grating_S1_T5: phase = 0.5
25.9551 	EXP 	grating_S1_T5: phase = 0.5
25.9712 	EXP 	grating_S1_T5: phase = 0.5
25.9895 	EXP 	grating_S1_T5: phase = 0.5
26.0037 	EXP 	grating_S1_T5: phase = 0.5
26.0211 	EXP 	grating_S1_T5: phase = 0.5
26.0390 	EXP 	grating_S1_T5: phase = 0.5
26.0561 	EXP 	grating_S1_T5: phase = 0.5
26.0723 	EXP 	grating_S1_T5: phase = 0.5
26.0889 	EXP 	grating_S1_T5: phase = 0.5
26.1058 	EXP 	grating_S1_T5: phase = 0.5
26.1223 	EXP 	grating_S1_T5: phase = 0.5
26.1393 	EXP 	grating_S1_T5: phase = 0.5
26.1558 	EXP 	grating_S1_T5: phase = 0.5
26.1727 	EXP 	grating_S1_T5: phase = 0.5
26.1891 	EXP 	grating_S1_T5: phase = 0.5
26.2052 	EXP 	grating_S1_T5: phase = 0.0
26.2226 	EXP 	grating_S1_T5: phase = 0.0
26.2392 	EXP 	grating_S1_T5: phase = 0.0
26.2559 	EXP 	grating_S1_T5: phase = 0.0
26.2723 	EXP 	grating_S1_T5: phase = 0.0
26.2886 	EXP 	grating_S1_T5: phase = 0.0
26.3059 	EXP 	grating_S1_T5: phase = 0.0
26.3226 	EXP 	grating_S1_T5: phase = 0.0
26.3392 	EXP 	grating_S1_T5: phase = 0.0
26.3559 	EXP 	grating_S1_T5: phase = 0.0
26.3724 	EXP 	grating_S1_T5: phase = 0.0
26.3891 	EXP 	grating_S1_T5: phase = 0.0
26.4057 	EXP 	grating_S1_T5: phase = 0.0
26.4224 	EXP 	grating_S1_T5: phase = 0.0
26.4392 	EXP 	grating_S1_T5: phase = 0.0
26.4560 	EXP 	grating_S1_T5: phase = 0.0
26.4720 	EXP 	grating_S1_T5: phase = 0.0
26.4895 	EXP 	grating_S1_T5: phase = 0.0
26.5057 	EXP 	grating_S1_T5: phase = 0.0
26.5224 	EXP 	grating_S1_T5: phase = 0.0
26.5395 	EXP 	grating_S1_T5: phase = 0.0
26.5559 	EXP 	grating_S1_T5: phase = 0.0
26.5722 	EXP 	grating_S1_T5: phase = 0.0
26.5890 	EXP 	grating_S1_T5: phase = 0.0
26.6052 	EXP 	grating_S1_T5: phase = 0.0
26.6227 	EXP 	grating_S1_T5: phase = 0.0
26.6390 	EXP 	grating_S1_T5: phase = 0.0
26.6560 	EXP 	grating_S1_T5: phase = 0.0
26.6714 	EXP 	grating_S1_T5: phase = 0.0
26.6881 	EXP 	grating_S1_T5: phase = 0.0
26.7048 	EXP 	grating_S1_T5: phase = 0.5
26.7216 	EXP 	grating_S1_T5: phase = 0.5
26.7382 	EXP 	grating_S1_T5: phase = 0.5
26.7548 	EXP 	grating_S1_T5: phase = 0.5
26.7716 	EXP 	grating_S1_T5: phase = 0.5
26.7883 	EXP 	grating_S1_T5: phase = 0.5
26.8048 	EXP 	grating_S1_T5: phase = 0.5
26.8206 	EXP 	grating_S1_T5: phase = 0.5
26.8379 	EXP 	grating_S1_T5: phase = 0.5
26.8540 	EXP 	grating_S1_T5: phase = 0.5
26.8712 	EXP 	grating_S1_T5: phase = 0.5
26.8878 	EXP 	grating_S1_T5: phase = 0.5
26.9036 	EXP 	grating_S1_T5: phase = 0.5
26.9213 	EXP 	grating_S1_T5: phase = 0.5
26.9381 	EXP 	grating_S1_T5: phase = 0.5
26.9571 	EXP 	grating_S1_T5: phase = 0.5
26.9708 	EXP 	grating_S1_T5: phase = 0.5
26.9882 	EXP 	grating_S1_T5: phase = 0.5
27.0048 	EXP 	grating_S1_T5: phase = 0.5
27.0220 	EXP 	grating_S1_T5: phase = 0.5
27.0387 	EXP 	grating_S1_T5: phase = 0.5
27.0551 	EXP 	grating_S1_T5: phase = 0.5
27.0721 	EXP 	grating_S1_T5: phase = 0.5
27.0887 	EXP 	grating_S1_T5: phase = 0.5
27.1043 	EXP 	grating_S1_T5: phase = 0.5
27.1201 	EXP 	grating_S1_T5: phase = 0.5
27.1375 	EXP 	grating_S1_T5: phase = 0.5
27.1555 	EXP 	grating_S1_T5: phase = 0.5
27.1713 	EXP 	grating_S1_T5: phase = 0.5
27.1886 	EXP 	grating_S1_T5: phase = 0.5
27.2054 	EXP 	grating_S1_T5: phase = 0.0
27.2220 	EXP 	grating_S1_T5: phase = 0.0
27.2381 	EXP 	grating_S1_T5: phase = 0.0
27.2551 	EXP 	grating_S1_T5: phase = 0.0
27.2716 	EXP 	grating_S1_T5: phase = 0.0
27.2887 	EXP 	grating_S1_T5: phase = 0.0
27.3053 	EXP 	grating_S1_T5: phase = 0.0
27.3219 	EXP 	grating_S1_T5: phase = 0.0
27.3387 	EXP 	grating_S1_T5: phase = 0.0
27.3554 	EXP 	grating_S1_T5: phase = 0.0
27.3719 	EXP 	grating_S1_T5: phase = 0.0
27.3875 	EXP 	grating_S1_T5: phase = 0.0
27.3997 	EXP 	grating_S1_T5: phase = 0.0
27.4158 	EXP 	grating_S1_T5: phase = 0.0
27.4317 	EXP 	grating_S1_T5: phase = 0.0
27.4484 	EXP 	grating_S1_T5: phase = 0.0
27.4656 	EXP 	grating_S1_T5: phase = 0.0
27.4825 	EXP 	grating_S1_T5: phase = 0.0
27.4989 	EXP 	grating_S1_T5: phase = 0.0
27.5160 	EXP 	grating_S1_T5: phase = 0.0
27.5325 	EXP 	grating_S1_T5: phase = 0.0
27.5491 	EXP 	grating_S1_T5: phase = 0.0
27.5656 	EXP 	grating_S1_T5: phase = 0.0
27.5833 	EXP 	grating_S1_T5: phase = 0.0
27.6000 	EXP 	grating_S1_T5: phase = 0.0
27.6166 	EXP 	grating_S1_T5: phase = 0.0
27.6323 	EXP 	grating_S1_T5: phase = 0.0
27.6490 	EXP 	grating_S1_T5: phase = 0.0
27.6658 	EXP 	grating_S1_T5: phase = 0.0
27.6830 	EXP 	grating_S1_T5: phase = 0.0
27.7021 	EXP 	grating_S1_T5: phase = 0.5
27.7162 	EXP 	grating_S1_T5: phase = 0.5
27.7330 	EXP 	grating_S1_T5: phase = 0.5
27.7499 	EXP 	grating_S1_T5: phase = 0.5
27.7662 	EXP 	grating_S1_T5: phase = 0.5
27.7837 	EXP 	grating_S1_T5: phase = 0.5
27.8003 	EXP 	grating_S1_T5: phase = 0.5
27.8171 	EXP 	grating_S1_T5: phase = 0.5
27.8339 	EXP 	grating_S1_T5: phase = 0.5
27.8505 	EXP 	grating_S1_T5: phase = 0.5
27.8669 	EXP 	grating_S1_T5: phase = 0.5
27.8840 	EXP 	grating_S1_T5: phase = 0.5
27.9000 	EXP 	grating_S1_T5: phase = 0.5
27.9174 	EXP 	grating_S1_T5: phase = 0.5
27.9341 	EXP 	grating_S1_T5: phase = 0.5
27.9503 	EXP 	grating_S1_T5: phase = 0.5
27.9671 	EXP 	grating_S1_T5: phase = 0.5
27.9840 	EXP 	grating_S1_T5: phase = 0.5
28.0010 	EXP 	grating_S1_T5: phase = 0.5
28.0200 	EXP 	grating_S1_T5: phase = 0.5
28.0339 	EXP 	grating_S1_T5: phase = 0.5
28.0510 	EXP 	grating_S1_T5: phase = 0.5
28.0675 	EXP 	grating_S1_T5: phase = 0.5
28.0838 	EXP 	grating_S1_T5: phase = 0.5
28.1019 	EXP 	grating_S1_T5: phase = 0.5
28.1182 	EXP 	grating_S1_T5: phase = 0.5
28.1347 	EXP 	grating_S1_T5: phase = 0.5
28.1549 	EXP 	grating_S1_T5: phase = 0.5
28.1714 	EXP 	grating_S1_T5: phase = 0.5
28.1881 	EXP 	grating_S1_T5: phase = 0.5
28.2048 	EXP 	grating_S1_T5: phase = 0.0
28.2211 	EXP 	grating_S1_T5: phase = 0.0
28.2386 	EXP 	grating_S1_T5: phase = 0.0
28.2552 	EXP 	grating_S1_T5: phase = 0.0
28.2714 	EXP 	grating_S1_T5: phase = 0.0
28.2887 	EXP 	grating_S1_T5: phase = 0.0
28.3047 	EXP 	grating_S1_T5: phase = 0.0
28.3220 	EXP 	grating_S1_T5: phase = 0.0
28.3377 	EXP 	grating_S1_T5: phase = 0.0
28.3547 	EXP 	grating_S1_T5: phase = 0.0
28.3723 	EXP 	grating_S1_T5: phase = 0.0
28.3886 	EXP 	grating_S1_T5: phase = 0.0
28.4044 	EXP 	grating_S1_T5: phase = 0.0
28.4217 	EXP 	grating_S1_T5: phase = 0.0
28.4380 	EXP 	grating_S1_T5: phase = 0.0
28.4553 	EXP 	grating_S1_T5: phase = 0.0
28.4717 	EXP 	grating_S1_T5: phase = 0.0
28.4881 	EXP 	grating_S1_T5: phase = 0.0
28.5045 	EXP 	grating_S1_T5: phase = 0.0
28.5218 	EXP 	grating_S1_T5: phase = 0.0
28.5382 	EXP 	grating_S1_T5: phase = 0.0
28.5692 	EXP 	grating_S1_T5: phase = 0.0
28.5893 	EXP 	grating_S1_T5: phase = 0.0
28.6058 	EXP 	grating_S1_T5: phase = 0.0
28.6226 	EXP 	grating_S1_T5: phase = 0.0
28.6387 	EXP 	grating_S1_T5: phase = 0.0
28.6588 	EXP 	grating_S1_T5: phase = 0.0
28.6719 	EXP 	grating_S1_T5: phase = 0.0
28.6893 	EXP 	grating_S1_T5: phase = 0.0
28.7052 	EXP 	grating_S1_T5: phase = 0.5
28.7220 	EXP 	grating_S1_T5: phase = 0.5
28.7386 	EXP 	grating_S1_T5: phase = 0.5
28.7550 	EXP 	grating_S1_T5: phase = 0.5
28.7718 	EXP 	grating_S1_T5: phase = 0.5
28.7874 	EXP 	grating_S1_T5: phase = 0.5
28.8041 	EXP 	grating_S1_T5: phase = 0.5
28.8208 	EXP 	grating_S1_T5: phase = 0.5
28.8376 	EXP 	grating_S1_T5: phase = 0.5
28.8542 	EXP 	grating_S1_T5: phase = 0.5
28.8852 	EXP 	grating_S1_T5: phase = 0.5
28.9044 	EXP 	grating_S1_T5: phase = 0.5
28.9218 	EXP 	grating_S1_T5: phase = 0.5
28.9380 	EXP 	grating_S1_T5: phase = 0.5
28.9552 	EXP 	grating_S1_T5: phase = 0.5
28.9875 	EXP 	grating_S1_T5: phase = 0.5
29.0202 	EXP 	grating_S1_T5: phase = 0.5
29.0543 	EXP 	grating_S1_T5: phase = 0.5
29.0708 	EXP 	grating_S1_T5: phase = 0.5
29.0878 	EXP 	grating_S1_T5: phase = 0.5
29.1046 	EXP 	grating_S1_T5: phase = 0.5
29.1213 	EXP 	grating_S1_T5: phase = 0.5
29.1378 	EXP 	grating_S1_T5: phase = 0.5
29.1547 	EXP 	grating_S1_T5: phase = 0.5
29.1713 	EXP 	grating_S1_T5: phase = 0.5
29.1877 	EXP 	grating_S1_T5: phase = 0.5
29.2049 	EXP 	grating_S1_T5: phase = 0.0
29.2214 	EXP 	grating_S1_T5: phase = 0.0
29.2382 	EXP 	grating_S1_T5: phase = 0.0
29.2549 	EXP 	grating_S1_T5: phase = 0.0
29.2713 	EXP 	grating_S1_T5: phase = 0.0
29.2884 	EXP 	grating_S1_T5: phase = 0.0
29.3049 	EXP 	grating_S1_T5: phase = 0.0
29.3214 	EXP 	grating_S1_T5: phase = 0.0
29.3386 	EXP 	grating_S1_T5: phase = 0.0
29.3549 	EXP 	grating_S1_T5: phase = 0.0
29.3719 	EXP 	grating_S1_T5: phase = 0.0
29.3882 	EXP 	grating_S1_T5: phase = 0.0
29.4051 	EXP 	grating_S1_T5: phase = 0.0
29.4220 	EXP 	grating_S1_T5: phase = 0.0
29.4383 	EXP 	grating_S1_T5: phase = 0.0
29.4554 	EXP 	grating_S1_T5: phase = 0.0
29.4715 	EXP 	grating_S1_T5: phase = 0.0
29.4889 	EXP 	grating_S1_T5: phase = 0.0
29.5057 	EXP 	grating_S1_T5: phase = 0.0
29.5225 	EXP 	grating_S1_T5: phase = 0.0
29.5386 	EXP 	grating_S1_T5: phase = 0.0
29.5546 	EXP 	grating_S1_T5: phase = 0.0
29.5713 	EXP 	grating_S1_T5: phase = 0.0
29.5883 	EXP 	grating_S1_T5: phase = 0.0
29.6047 	EXP 	grating_S1_T5: phase = 0.0
29.6210 	EXP 	grating_S1_T5: phase = 0.0
29.6381 	EXP 	grating_S1_T5: phase = 0.0
29.6549 	EXP 	grating_S1_T5: phase = 0.0
29.6712 	EXP 	grating_S1_T5: phase = 0.0
29.6878 	EXP 	grating_S1_T5: phase = 0.0
29.7050 	EXP 	grating_S1_T5: phase = 0.5
29.7251 	EXP 	grating_S1_T5: phase = 0.5
29.7385 	EXP 	grating_S1_T5: phase = 0.5
29.7546 	EXP 	grating_S1_T5: phase = 0.5
29.7717 	EXP 	grating_S1_T5: phase = 0.5
29.7884 	EXP 	grating_S1_T5: phase = 0.5
29.8051 	EXP 	grating_S1_T5: phase = 0.5
29.8220 	EXP 	grating_S1_T5: phase = 0.5
29.8390 	EXP 	grating_S1_T5: phase = 0.5
29.8548 	EXP 	grating_S1_T5: phase = 0.5
29.8714 	EXP 	grating_S1_T5: phase = 0.5
29.8890 	EXP 	grating_S1_T5: phase = 0.5
29.9050 	EXP 	grating_S1_T5: phase = 0.5
29.9221 	EXP 	grating_S1_T5: phase = 0.5
29.9389 	EXP 	grating_S1_T5: phase = 0.5
29.9545 	EXP 	grating_S1_T5: phase = 0.5
29.9712 	EXP 	grating_S1_T5: phase = 0.5
29.9878 	EXP 	grating_S1_T5: phase = 0.5
30.0041 	EXP 	grating_S1_T5: phase = 0.5
30.0209 	EXP 	grating_S1_T5: phase = 0.5
30.0415 	EXP 	grating_S1_T5: phase = 0.5
30.0548 	EXP 	grating_S1_T5: phase = 0.5
30.0713 	EXP 	grating_S1_T5: phase = 0.5
30.0880 	EXP 	grating_S1_T5: phase = 0.5
30.1046 	EXP 	grating_S1_T5: phase = 0.5
30.1214 	EXP 	grating_S1_T5: phase = 0.5
30.1381 	EXP 	grating_S1_T5: phase = 0.5
30.1546 	EXP 	grating_S1_T5: phase = 0.5
30.1716 	EXP 	grating_S1_T5: phase = 0.5
30.1879 	EXP 	grating_S1_T5: phase = 0.5
30.2048 	EXP 	grating_S1_T5: phase = 0.0
30.2206 	EXP 	grating_S1_T5: phase = 0.0
30.2382 	EXP 	grating_S1_T5: phase = 0.0
30.2545 	EXP 	grating_S1_T5: phase = 0.0
30.2717 	EXP 	grating_S1_T5: phase = 0.0
30.2880 	EXP 	grating_S1_T5: phase = 0.0
30.3043 	EXP 	grating_S1_T5: phase = 0.0
30.3217 	EXP 	grating_S1_T5: phase = 0.0
30.3384 	EXP 	grating_S1_T5: phase = 0.0
30.3569 	EXP 	grating_S1_T5: phase = 0.0
30.3713 	EXP 	grating_S1_T5: phase = 0.0
30.3882 	EXP 	grating_S1_T5: phase = 0.0
30.4045 	EXP 	grating_S1_T5: phase = 0.0
30.4208 	EXP 	grating_S1_T5: phase = 0.0
30.4381 	EXP 	grating_S1_T5: phase = 0.0
30.4542 	EXP 	grating_S1_T5: phase = 0.0
30.4711 	EXP 	grating_S1_T5: phase = 0.0
30.4893 	EXP 	grating_S1_T5: phase = 0.0
30.5060 	EXP 	grating_S1_T5: phase = 0.0
30.5223 	EXP 	grating_S1_T5: phase = 0.0
30.5395 	EXP 	grating_S1_T5: phase = 0.0
30.5560 	EXP 	grating_S1_T5: phase = 0.0
30.5723 	EXP 	grating_S1_T5: phase = 0.0
30.5883 	EXP 	grating_S1_T5: phase = 0.0
30.6049 	EXP 	grating_S1_T5: phase = 0.0
30.6217 	EXP 	grating_S1_T5: phase = 0.0
30.6386 	EXP 	grating_S1_T5: phase = 0.0
30.6551 	EXP 	grating_S1_T5: phase = 0.0
30.6716 	EXP 	grating_S1_T5: phase = 0.0
30.6886 	EXP 	grating_S1_T5: phase = 0.0
30.7050 	EXP 	grating_S1_T5: phase = 0.5
30.7217 	EXP 	grating_S1_T5: phase = 0.5
30.7380 	EXP 	grating_S1_T5: phase = 0.5
30.7552 	EXP 	grating_S1_T5: phase = 0.5
30.7715 	EXP 	grating_S1_T5: phase = 0.5
30.7872 	EXP 	grating_S1_T5: phase = 0.5
30.8052 	EXP 	grating_S1_T5: phase = 0.5
30.8216 	EXP 	grating_S1_T5: phase = 0.5
30.8383 	EXP 	grating_S1_T5: phase = 0.5
30.8549 	EXP 	grating_S1_T5: phase = 0.5
30.8713 	EXP 	grating_S1_T5: phase = 0.5
30.8906 	EXP 	grating_S1_T5: phase = 0.5
30.9047 	EXP 	grating_S1_T5: phase = 0.5
30.9215 	EXP 	grating_S1_T5: phase = 0.5
30.9382 	EXP 	grating_S1_T5: phase = 0.5
30.9547 	EXP 	grating_S1_T5: phase = 0.5
30.9706 	EXP 	grating_S1_T5: phase = 0.5
30.9886 	EXP 	grating_S1_T5: phase = 0.5
31.0050 	EXP 	grating_S1_T5: phase = 0.5
31.0215 	EXP 	grating_S1_T5: phase = 0.5
31.0382 	EXP 	grating_S1_T5: phase = 0.5
31.0546 	EXP 	grating_S1_T5: phase = 0.5
31.0717 	EXP 	grating_S1_T5: phase = 0.5
31.0883 	EXP 	grating_S1_T5: phase = 0.5
31.1042 	EXP 	grating_S1_T5: phase = 0.5
31.1217 	EXP 	grating_S1_T5: phase = 0.5
31.1383 	EXP 	grating_S1_T5: phase = 0.5
31.1550 	EXP 	grating_S1_T5: phase = 0.5
31.1716 	EXP 	grating_S1_T5: phase = 0.5
31.1886 	EXP 	grating_S1_T5: phase = 0.5
31.2079 	EXP 	grating_S1_T5: phase = 0.0
31.2216 	EXP 	grating_S1_T5: phase = 0.0
31.2383 	EXP 	grating_S1_T5: phase = 0.0
31.2549 	EXP 	grating_S1_T5: phase = 0.0
31.2705 	EXP 	grating_S1_T5: phase = 0.0
31.2882 	EXP 	grating_S1_T5: phase = 0.0
31.3047 	EXP 	grating_S1_T5: phase = 0.0
31.3216 	EXP 	grating_S1_T5: phase = 0.0
31.3382 	EXP 	grating_S1_T5: phase = 0.0
31.3547 	EXP 	grating_S1_T5: phase = 0.0
31.3711 	EXP 	grating_S1_T5: phase = 0.0
31.3880 	EXP 	grating_S1_T5: phase = 0.0
31.4049 	EXP 	grating_S1_T5: phase = 0.0
31.4217 	EXP 	grating_S1_T5: phase = 0.0
31.4381 	EXP 	grating_S1_T5: phase = 0.0
31.4546 	EXP 	grating_S1_T5: phase = 0.0
31.4715 	EXP 	grating_S1_T5: phase = 0.0
31.4878 	EXP 	grating_S1_T5: phase = 0.0
31.5047 	EXP 	grating_S1_T5: phase = 0.0
31.5239 	EXP 	grating_S1_T5: phase = 0.0
31.5381 	EXP 	grating_S1_T5: phase = 0.0
31.5550 	EXP 	grating_S1_T5: phase = 0.0
31.5706 	EXP 	grating_S1_T5: phase = 0.0
31.5883 	EXP 	grating_S1_T5: phase = 0.0
31.6048 	EXP 	grating_S1_T5: phase = 0.0
31.6216 	EXP 	grating_S1_T5: phase = 0.0
31.6386 	EXP 	grating_S1_T5: phase = 0.0
31.6553 	EXP 	grating_S1_T5: phase = 0.0
31.6719 	EXP 	grating_S1_T5: phase = 0.0
31.6887 	EXP 	grating_S1_T5: phase = 0.0
31.7050 	EXP 	grating_S1_T5: phase = 0.5
31.7220 	EXP 	grating_S1_T5: phase = 0.5
31.7384 	EXP 	grating_S1_T5: phase = 0.5
31.7553 	EXP 	grating_S1_T5: phase = 0.5
31.7718 	EXP 	grating_S1_T5: phase = 0.5
31.7886 	EXP 	grating_S1_T5: phase = 0.5
31.8044 	EXP 	grating_S1_T5: phase = 0.5
31.8210 	EXP 	grating_S1_T5: phase = 0.5
31.8412 	EXP 	grating_S1_T5: phase = 0.5
31.8550 	EXP 	grating_S1_T5: phase = 0.5
31.8716 	EXP 	grating_S1_T5: phase = 0.5
31.8886 	EXP 	grating_S1_T5: phase = 0.5
31.9052 	EXP 	grating_S1_T5: phase = 0.5
31.9218 	EXP 	grating_S1_T5: phase = 0.5
31.9384 	EXP 	grating_S1_T5: phase = 0.5
31.9553 	EXP 	grating_S1_T5: phase = 0.5
31.9711 	EXP 	grating_S1_T5: phase = 0.5
31.9886 	EXP 	grating_S1_T5: phase = 0.5
32.0053 	EXP 	grating_S1_T5: phase = 0.5
32.0217 	EXP 	grating_S1_T5: phase = 0.5
32.0388 	EXP 	grating_S1_T5: phase = 0.5
32.0553 	EXP 	grating_S1_T5: phase = 0.5
32.0718 	EXP 	grating_S1_T5: phase = 0.5
32.0886 	EXP 	grating_S1_T5: phase = 0.5
32.1053 	EXP 	grating_S1_T5: phase = 0.5
32.1216 	EXP 	grating_S1_T5: phase = 0.5
32.1386 	EXP 	grating_S1_T5: phase = 0.5
32.1563 	EXP 	grating_S1_T5: phase = 0.5
32.1701 	EXP 	grating_S1_T5: phase = 0.5
32.1873 	EXP 	grating_S1_T5: phase = 0.5
32.2055 	EXP 	grating_S1_T5: phase = 0.0
32.2227 	EXP 	grating_S1_T5: phase = 0.0
32.2391 	EXP 	grating_S1_T5: phase = 0.0
32.2558 	EXP 	grating_S1_T5: phase = 0.0
32.2724 	EXP 	grating_S1_T5: phase = 0.0
32.2895 	EXP 	grating_S1_T5: phase = 0.0
32.3059 	EXP 	grating_S1_T5: phase = 0.0
32.3224 	EXP 	grating_S1_T5: phase = 0.0
32.3393 	EXP 	grating_S1_T5: phase = 0.0
32.3558 	EXP 	grating_S1_T5: phase = 0.0
32.3724 	EXP 	grating_S1_T5: phase = 0.0
32.3880 	EXP 	grating_S1_T5: phase = 0.0
32.4051 	EXP 	grating_S1_T5: phase = 0.0
32.4220 	EXP 	grating_S1_T5: phase = 0.0
32.4386 	EXP 	grating_S1_T5: phase = 0.0
32.4554 	EXP 	grating_S1_T5: phase = 0.0
32.4718 	EXP 	grating_S1_T5: phase = 0.0
32.4888 	EXP 	grating_S1_T5: phase = 0.0
32.5053 	EXP 	grating_S1_T5: phase = 0.0
32.5220 	EXP 	grating_S1_T5: phase = 0.0
32.5388 	EXP 	grating_S1_T5: phase = 0.0
32.5550 	EXP 	grating_S1_T5: phase = 0.0
32.5717 	EXP 	grating_S1_T5: phase = 0.0
32.5886 	EXP 	grating_S1_T5: phase = 0.0
32.6055 	EXP 	grating_S1_T5: phase = 0.0
32.6220 	EXP 	grating_S1_T5: phase = 0.0
32.6385 	EXP 	grating_S1_T5: phase = 0.0
32.6551 	EXP 	grating_S1_T5: phase = 0.0
32.6719 	EXP 	grating_S1_T5: phase = 0.0
32.6911 	EXP 	grating_S1_T5: phase = 0.0
32.7048 	EXP 	grating_S1_T5: phase = 0.5
32.7219 	EXP 	grating_S1_T5: phase = 0.5
32.7389 	EXP 	grating_S1_T5: phase = 0.5
32.7553 	EXP 	grating_S1_T5: phase = 0.5
32.7716 	EXP 	grating_S1_T5: phase = 0.5
32.7885 	EXP 	grating_S1_T5: phase = 0.5
32.8054 	EXP 	grating_S1_T5: phase = 0.5
32.8222 	EXP 	grating_S1_T5: phase = 0.5
32.8387 	EXP 	grating_S1_T5: phase = 0.5
32.8552 	EXP 	grating_S1_T5: phase = 0.5
32.8716 	EXP 	grating_S1_T5: phase = 0.5
32.8887 	EXP 	grating_S1_T5: phase = 0.5
32.9055 	EXP 	grating_S1_T5: phase = 0.5
32.9216 	EXP 	grating_S1_T5: phase = 0.5
32.9388 	EXP 	grating_S1_T5: phase = 0.5
32.9548 	EXP 	grating_S1_T5: phase = 0.5
32.9711 	EXP 	grating_S1_T5: phase = 0.5
32.9887 	EXP 	grating_S1_T5: phase = 0.5
33.0090 	EXP 	grating_S1_T5: phase = 0.5
33.0217 	EXP 	grating_S1_T5: phase = 0.5
33.0387 	EXP 	grating_S1_T5: phase = 0.5
33.0552 	EXP 	grating_S1_T5: phase = 0.5
33.0718 	EXP 	grating_S1_T5: phase = 0.5
33.0884 	EXP 	grating_S1_T5: phase = 0.5
33.1050 	EXP 	grating_S1_T5: phase = 0.5
33.1216 	EXP 	grating_S1_T5: phase = 0.5
33.1387 	EXP 	grating_S1_T5: phase = 0.5
33.1554 	EXP 	grating_S1_T5: phase = 0.5
33.1720 	EXP 	grating_S1_T5: phase = 0.5
33.1884 	EXP 	grating_S1_T5: phase = 0.5
33.2054 	EXP 	grating_S1_T5: phase = 0.0
33.2221 	EXP 	grating_S1_T5: phase = 0.0
33.2385 	EXP 	grating_S1_T5: phase = 0.0
33.2442 	DATA 	Keypress: escape
33.5273 	EXP 	window1: mouseVisible = True
