7.2444 	WARNING 	User requested fullscreen with size [1024  768], but screen is actually [1920, 1080]. Using actual size
8.4358 	EXP 	Created window1 = Window(allowGUI=False, allowStencil=False, args=UNKNOWN, autoLog=True, bitsMode=UNKNOWN, blendMode='avg', color=array([0., 0., 0.]), colorSpace='rgb', fullscr=<method-wrapper '__getattribute__' of attributeSetter object at 0x12f6ad898>, gamma=None, kwargs=UNKNOWN, lms=UNKNOWN, monitor=<psychopy.monitors.calibTools.Monitor object at 0x12f2eba90>, multiSample=False, name='window1', numSamples=2, pos=[0.0, 0.0], screen=0, size=array([1920, 1080]), stereo=False, units='height', useFBO=True, useRetina=False, viewOri=0.0, viewPos=None, viewScale=None, waitBlanking=True, winType='pyglet')
8.7035 	EXP 	Created grating_S1_T5 = GratingStim(__class__=<class 'psychopy.visual.grating.GratingStim'>, autoDraw=False, autoLog=True, blendmode='avg', color=array([0.5, 0.5, 0.5]), colorSpace='rgb', contrast=1.0, depth=0.0, interpolate=True, mask='circle', maskParams=None, name='grating_S1_T5', opacity=1.0, ori=0.0, phase=array([0., 0.]), pos=array([0., 0.]), rgbPedestal=array([0., 0., 0.]), sf=array([0.6, 0.6]), size=array([3.5, 3.5]), tex='sin', texRes=128, units='deg', win=Window(...))
8.7184 	EXP 	grating_S1_T5: phase = 0.0
8.7345 	EXP 	grating_S1_T5: phase = 0.0
8.7511 	EXP 	grating_S1_T5: phase = 0.0
8.7682 	EXP 	grating_S1_T5: phase = 0.0
8.7848 	EXP 	grating_S1_T5: phase = 0.0
8.8012 	EXP 	grating_S1_T5: phase = 0.0
8.8184 	EXP 	grating_S1_T5: phase = 0.0
8.8349 	EXP 	grating_S1_T5: phase = 0.0
8.8516 	EXP 	grating_S1_T5: phase = 0.0
8.8685 	EXP 	grating_S1_T5: phase = 0.0
8.8850 	EXP 	grating_S1_T5: phase = 0.0
8.9013 	EXP 	grating_S1_T5: phase = 0.0
8.9178 	EXP 	grating_S1_T5: phase = 0.0
8.9341 	EXP 	grating_S1_T5: phase = 0.0
8.9514 	EXP 	grating_S1_T5: phase = 0.0
8.9682 	EXP 	grating_S1_T5: phase = 0.0
8.9840 	EXP 	grating_S1_T5: phase = 0.0
9.0017 	EXP 	grating_S1_T5: phase = 0.0
9.0180 	EXP 	grating_S1_T5: phase = 0.0
9.0351 	EXP 	grating_S1_T5: phase = 0.0
9.0511 	EXP 	grating_S1_T5: phase = 0.0
9.0683 	EXP 	grating_S1_T5: phase = 0.0
9.0849 	EXP 	grating_S1_T5: phase = 0.0
9.1008 	EXP 	grating_S1_T5: phase = 0.0
9.1183 	EXP 	grating_S1_T5: phase = 0.0
9.1346 	EXP 	grating_S1_T5: phase = 0.0
9.1511 	EXP 	grating_S1_T5: phase = 0.0
9.1682 	EXP 	grating_S1_T5: phase = 0.0
9.1842 	EXP 	grating_S1_T5: phase = 0.0
9.2038 	EXP 	grating_S1_T5: phase = 0.0
9.2179 	EXP 	grating_S1_T5: phase = 0.5
9.2346 	EXP 	grating_S1_T5: phase = 0.5
9.2511 	EXP 	grating_S1_T5: phase = 0.5
9.2680 	EXP 	grating_S1_T5: phase = 0.5
9.2838 	EXP 	grating_S1_T5: phase = 0.5
9.3012 	EXP 	grating_S1_T5: phase = 0.5
9.3175 	EXP 	grating_S1_T5: phase = 0.5
9.3353 	EXP 	grating_S1_T5: phase = 0.5
9.3513 	EXP 	grating_S1_T5: phase = 0.5
9.3674 	EXP 	grating_S1_T5: phase = 0.5
9.3843 	EXP 	grating_S1_T5: phase = 0.5
9.4012 	EXP 	grating_S1_T5: phase = 0.5
9.4172 	EXP 	grating_S1_T5: phase = 0.5
9.4332 	EXP 	grating_S1_T5: phase = 0.5
9.4509 	EXP 	grating_S1_T5: phase = 0.5
9.4684 	EXP 	grating_S1_T5: phase = 0.5
9.4847 	EXP 	grating_S1_T5: phase = 0.5
9.5012 	EXP 	grating_S1_T5: phase = 0.5
9.5213 	EXP 	grating_S1_T5: phase = 0.5
9.5347 	EXP 	grating_S1_T5: phase = 0.5
9.5513 	EXP 	grating_S1_T5: phase = 0.5
9.5682 	EXP 	grating_S1_T5: phase = 0.5
9.5851 	EXP 	grating_S1_T5: phase = 0.5
9.6011 	EXP 	grating_S1_T5: phase = 0.5
9.6173 	EXP 	grating_S1_T5: phase = 0.5
9.6345 	EXP 	grating_S1_T5: phase = 0.5
9.6510 	EXP 	grating_S1_T5: phase = 0.5
9.6682 	EXP 	grating_S1_T5: phase = 0.5
9.6843 	EXP 	grating_S1_T5: phase = 0.5
9.7011 	EXP 	grating_S1_T5: phase = 0.5
9.7181 	EXP 	grating_S1_T5: phase = 0.5
9.7340 	EXP 	grating_S1_T5: phase = 0.0
9.7508 	EXP 	grating_S1_T5: phase = 0.0
9.7673 	EXP 	grating_S1_T5: phase = 0.0
9.7847 	EXP 	grating_S1_T5: phase = 0.0
9.8010 	EXP 	grating_S1_T5: phase = 0.0
9.8171 	EXP 	grating_S1_T5: phase = 0.0
9.8376 	EXP 	grating_S1_T5: phase = 0.0
9.8515 	EXP 	grating_S1_T5: phase = 0.0
9.8669 	EXP 	grating_S1_T5: phase = 0.0
9.9005 	EXP 	grating_S1_T5: phase = 0.0
9.9169 	EXP 	grating_S1_T5: phase = 0.0
9.9343 	EXP 	grating_S1_T5: phase = 0.0
9.9537 	EXP 	grating_S1_T5: phase = 0.0
9.9729 	EXP 	grating_S1_T5: phase = 0.0
9.9871 	EXP 	grating_S1_T5: phase = 0.0
10.0065 	EXP 	grating_S1_T5: phase = 0.0
10.0176 	EXP 	grating_S1_T5: phase = 0.0
10.0373 	EXP 	grating_S1_T5: phase = 0.0
10.0567 	EXP 	grating_S1_T5: phase = 0.0
10.0673 	EXP 	grating_S1_T5: phase = 0.0
10.1044 	EXP 	grating_S1_T5: phase = 0.0
10.1171 	EXP 	grating_S1_T5: phase = 0.0
10.1547 	EXP 	grating_S1_T5: phase = 0.0
10.1676 	EXP 	grating_S1_T5: phase = 0.0
10.2189 	EXP 	grating_S1_T5: phase = 0.0
10.2337 	EXP 	grating_S1_T5: phase = 0.5
10.2508 	EXP 	grating_S1_T5: phase = 0.5
10.2676 	EXP 	grating_S1_T5: phase = 0.5
10.2840 	EXP 	grating_S1_T5: phase = 0.5
10.3009 	EXP 	grating_S1_T5: phase = 0.5
10.3177 	EXP 	grating_S1_T5: phase = 0.5
10.3348 	EXP 	grating_S1_T5: phase = 0.5
10.3505 	EXP 	grating_S1_T5: phase = 0.5
10.3676 	EXP 	grating_S1_T5: phase = 0.5
10.3843 	EXP 	grating_S1_T5: phase = 0.5
10.4013 	EXP 	grating_S1_T5: phase = 0.5
10.4171 	EXP 	grating_S1_T5: phase = 0.5
10.4344 	EXP 	grating_S1_T5: phase = 0.5
10.4507 	EXP 	grating_S1_T5: phase = 0.5
10.4694 	EXP 	grating_S1_T5: phase = 0.5
10.4888 	EXP 	grating_S1_T5: phase = 0.5
10.5004 	EXP 	grating_S1_T5: phase = 0.5
10.5390 	EXP 	grating_S1_T5: phase = 0.5
10.5511 	EXP 	grating_S1_T5: phase = 0.5
10.5892 	EXP 	grating_S1_T5: phase = 0.5
10.6008 	EXP 	grating_S1_T5: phase = 0.5
10.6547 	EXP 	grating_S1_T5: phase = 0.5
10.6677 	EXP 	grating_S1_T5: phase = 0.5
10.6848 	EXP 	grating_S1_T5: phase = 0.5
10.7019 	EXP 	grating_S1_T5: phase = 0.5
10.7177 	EXP 	grating_S1_T5: phase = 0.5
10.7343 	EXP 	grating_S1_T5: phase = 0.0
10.7509 	EXP 	grating_S1_T5: phase = 0.0
10.7667 	EXP 	grating_S1_T5: phase = 0.0
10.7847 	EXP 	grating_S1_T5: phase = 0.0
10.8010 	EXP 	grating_S1_T5: phase = 0.0
10.8175 	EXP 	grating_S1_T5: phase = 0.0
10.8345 	EXP 	grating_S1_T5: phase = 0.0
10.8730 	EXP 	grating_S1_T5: phase = 0.0
10.8843 	EXP 	grating_S1_T5: phase = 0.0
10.9011 	EXP 	grating_S1_T5: phase = 0.0
10.9338 	EXP 	grating_S1_T5: phase = 0.0
10.9502 	EXP 	grating_S1_T5: phase = 0.0
10.9679 	EXP 	grating_S1_T5: phase = 0.0
10.9843 	EXP 	grating_S1_T5: phase = 0.0
11.0026 	EXP 	grating_S1_T5: phase = 0.0
11.0175 	EXP 	grating_S1_T5: phase = 0.0
11.0346 	EXP 	grating_S1_T5: phase = 0.0
11.0506 	EXP 	grating_S1_T5: phase = 0.0
11.0672 	EXP 	grating_S1_T5: phase = 0.0
11.0845 	EXP 	grating_S1_T5: phase = 0.0
11.1094 	EXP 	grating_S1_T5: phase = 0.0
11.1248 	EXP 	grating_S1_T5: phase = 0.0
11.1405 	EXP 	grating_S1_T5: phase = 0.0
11.1512 	EXP 	grating_S1_T5: phase = 0.0
11.2048 	EXP 	grating_S1_T5: phase = 0.0
11.2179 	EXP 	grating_S1_T5: phase = 0.5
11.2339 	EXP 	grating_S1_T5: phase = 0.5
11.2503 	EXP 	grating_S1_T5: phase = 0.5
11.2678 	EXP 	grating_S1_T5: phase = 0.5
11.2849 	EXP 	grating_S1_T5: phase = 0.5
11.3013 	EXP 	grating_S1_T5: phase = 0.5
11.3181 	EXP 	grating_S1_T5: phase = 0.5
11.3341 	EXP 	grating_S1_T5: phase = 0.5
11.3510 	EXP 	grating_S1_T5: phase = 0.5
11.3681 	EXP 	grating_S1_T5: phase = 0.5
11.3845 	EXP 	grating_S1_T5: phase = 0.5
11.4012 	EXP 	grating_S1_T5: phase = 0.5
11.4181 	EXP 	grating_S1_T5: phase = 0.5
11.4374 	EXP 	grating_S1_T5: phase = 0.5
11.4519 	EXP 	grating_S1_T5: phase = 0.5
11.4684 	EXP 	grating_S1_T5: phase = 0.5
11.4847 	EXP 	grating_S1_T5: phase = 0.5
11.5006 	EXP 	grating_S1_T5: phase = 0.5
11.5181 	EXP 	grating_S1_T5: phase = 0.5
11.5343 	EXP 	grating_S1_T5: phase = 0.5
11.5517 	EXP 	grating_S1_T5: phase = 0.5
11.5680 	EXP 	grating_S1_T5: phase = 0.5
11.5842 	EXP 	grating_S1_T5: phase = 0.5
11.6013 	EXP 	grating_S1_T5: phase = 0.5
11.6177 	EXP 	grating_S1_T5: phase = 0.5
11.6347 	EXP 	grating_S1_T5: phase = 0.5
11.6508 	EXP 	grating_S1_T5: phase = 0.5
11.6676 	EXP 	grating_S1_T5: phase = 0.5
11.6844 	EXP 	grating_S1_T5: phase = 0.5
11.7011 	EXP 	grating_S1_T5: phase = 0.5
11.7175 	EXP 	grating_S1_T5: phase = 0.5
11.7341 	EXP 	grating_S1_T5: phase = 0.0
11.7535 	EXP 	grating_S1_T5: phase = 0.0
11.7673 	EXP 	grating_S1_T5: phase = 0.0
11.7851 	EXP 	grating_S1_T5: phase = 0.0
11.8012 	EXP 	grating_S1_T5: phase = 0.0
11.8175 	EXP 	grating_S1_T5: phase = 0.0
11.8343 	EXP 	grating_S1_T5: phase = 0.0
11.8507 	EXP 	grating_S1_T5: phase = 0.0
11.8673 	EXP 	grating_S1_T5: phase = 0.0
11.8841 	EXP 	grating_S1_T5: phase = 0.0
11.9007 	EXP 	grating_S1_T5: phase = 0.0
11.9175 	EXP 	grating_S1_T5: phase = 0.0
11.9347 	EXP 	grating_S1_T5: phase = 0.0
11.9511 	EXP 	grating_S1_T5: phase = 0.0
11.9670 	EXP 	grating_S1_T5: phase = 0.0
11.9846 	EXP 	grating_S1_T5: phase = 0.0
12.0016 	EXP 	grating_S1_T5: phase = 0.0
12.0178 	EXP 	grating_S1_T5: phase = 0.0
12.0347 	EXP 	grating_S1_T5: phase = 0.0
12.0508 	EXP 	grating_S1_T5: phase = 0.0
12.0703 	EXP 	grating_S1_T5: phase = 0.0
12.0845 	EXP 	grating_S1_T5: phase = 0.0
12.1013 	EXP 	grating_S1_T5: phase = 0.0
12.1182 	EXP 	grating_S1_T5: phase = 0.0
12.1338 	EXP 	grating_S1_T5: phase = 0.0
12.1511 	EXP 	grating_S1_T5: phase = 0.0
12.1675 	EXP 	grating_S1_T5: phase = 0.0
12.1843 	EXP 	grating_S1_T5: phase = 0.0
12.2010 	EXP 	grating_S1_T5: phase = 0.0
12.2177 	EXP 	grating_S1_T5: phase = 0.0
12.2343 	EXP 	grating_S1_T5: phase = 0.5
12.2507 	EXP 	grating_S1_T5: phase = 0.5
12.2678 	EXP 	grating_S1_T5: phase = 0.5
12.2840 	EXP 	grating_S1_T5: phase = 0.5
12.3014 	EXP 	grating_S1_T5: phase = 0.5
12.3179 	EXP 	grating_S1_T5: phase = 0.5
12.3348 	EXP 	grating_S1_T5: phase = 0.5
12.3505 	EXP 	grating_S1_T5: phase = 0.5
12.3677 	EXP 	grating_S1_T5: phase = 0.5
12.3869 	EXP 	grating_S1_T5: phase = 0.5
12.4011 	EXP 	grating_S1_T5: phase = 0.5
12.4173 	EXP 	grating_S1_T5: phase = 0.5
12.4344 	EXP 	grating_S1_T5: phase = 0.5
12.4507 	EXP 	grating_S1_T5: phase = 0.5
12.4683 	EXP 	grating_S1_T5: phase = 0.5
12.4840 	EXP 	grating_S1_T5: phase = 0.5
12.5010 	EXP 	grating_S1_T5: phase = 0.5
12.5183 	EXP 	grating_S1_T5: phase = 0.5
12.5342 	EXP 	grating_S1_T5: phase = 0.5
12.5387 	DATA 	Keypress: escape
12.8215 	EXP 	window1: mouseVisible = True
8.4756 	WARNING 	User requested fullscreen with size [1024  768], but screen is actually [1920, 1080]. Using actual size
9.2739 	EXP 	Created window1 = Window(allowGUI=False, allowStencil=False, args=UNKNOWN, autoLog=True, bitsMode=UNKNOWN, blendMode='avg', color=array([0., 0., 0.]), colorSpace='rgb', fullscr=<method-wrapper '__getattribute__' of attributeSetter object at 0x12af92828>, gamma=None, kwargs=UNKNOWN, lms=UNKNOWN, monitor=<psychopy.monitors.calibTools.Monitor object at 0x12f598a20>, multiSample=False, name='window1', numSamples=2, pos=[0.0, 0.0], screen=0, size=array([1920, 1080]), stereo=False, units='height', useFBO=True, useRetina=False, viewOri=0.0, viewPos=None, viewScale=None, waitBlanking=True, winType='pyglet')
9.5669 	EXP 	Created grating_S1_T5 = GratingStim(__class__=<class 'psychopy.visual.grating.GratingStim'>, autoDraw=False, autoLog=True, blendmode='avg', color=array([0.25, 0.25, 0.25]), colorSpace='rgb', contrast=1.0, depth=0.0, interpolate=True, mask='circle', maskParams=None, name='grating_S1_T5', opacity=1.0, ori=0.0, phase=array([0., 0.]), pos=array([0., 0.]), rgbPedestal=array([0., 0., 0.]), sf=array([0.6, 0.6]), size=array([3.5, 3.5]), tex='sin', texRes=128, units='deg', win=Window(...))
9.5846 	EXP 	grating_S1_T5: phase = 0.0
9.6021 	EXP 	grating_S1_T5: phase = 0.0
9.6187 	EXP 	grating_S1_T5: phase = 0.0
9.6352 	EXP 	grating_S1_T5: phase = 0.0
9.6523 	EXP 	grating_S1_T5: phase = 0.0
9.6693 	EXP 	grating_S1_T5: phase = 0.0
9.6897 	EXP 	grating_S1_T5: phase = 0.0
9.7016 	EXP 	grating_S1_T5: phase = 0.0
9.7196 	EXP 	grating_S1_T5: phase = 0.0
9.7358 	EXP 	grating_S1_T5: phase = 0.0
9.7521 	EXP 	grating_S1_T5: phase = 0.0
9.7693 	EXP 	grating_S1_T5: phase = 0.0
9.7861 	EXP 	grating_S1_T5: phase = 0.0
9.8026 	EXP 	grating_S1_T5: phase = 0.0
9.8195 	EXP 	grating_S1_T5: phase = 0.0
9.8407 	EXP 	grating_S1_T5: phase = 0.0
9.8570 	EXP 	grating_S1_T5: phase = 0.0
9.8738 	EXP 	grating_S1_T5: phase = 0.0
9.8900 	EXP 	grating_S1_T5: phase = 0.0
9.9064 	EXP 	grating_S1_T5: phase = 0.0
9.9241 	EXP 	grating_S1_T5: phase = 0.0
9.9404 	EXP 	grating_S1_T5: phase = 0.0
9.9565 	EXP 	grating_S1_T5: phase = 0.0
9.9739 	EXP 	grating_S1_T5: phase = 0.0
9.9903 	EXP 	grating_S1_T5: phase = 0.0
10.0201 	EXP 	grating_S1_T5: phase = 0.0
10.0403 	EXP 	grating_S1_T5: phase = 0.0
10.0569 	EXP 	grating_S1_T5: phase = 0.0
10.0740 	EXP 	grating_S1_T5: phase = 0.0
10.0899 	EXP 	grating_S1_T5: phase = 0.5
10.1098 	EXP 	grating_S1_T5: phase = 0.5
10.1232 	EXP 	grating_S1_T5: phase = 0.5
10.1405 	EXP 	grating_S1_T5: phase = 0.5
10.1569 	EXP 	grating_S1_T5: phase = 0.5
10.1724 	EXP 	grating_S1_T5: phase = 0.5
10.1895 	EXP 	grating_S1_T5: phase = 0.5
10.2063 	EXP 	grating_S1_T5: phase = 0.5
10.2228 	EXP 	grating_S1_T5: phase = 0.5
10.2394 	EXP 	grating_S1_T5: phase = 0.5
10.2569 	EXP 	grating_S1_T5: phase = 0.5
10.2726 	EXP 	grating_S1_T5: phase = 0.5
10.2902 	EXP 	grating_S1_T5: phase = 0.5
10.3065 	EXP 	grating_S1_T5: phase = 0.5
10.3231 	EXP 	grating_S1_T5: phase = 0.5
10.3398 	EXP 	grating_S1_T5: phase = 0.5
10.3572 	EXP 	grating_S1_T5: phase = 0.5
10.3730 	EXP 	grating_S1_T5: phase = 0.5
10.3894 	EXP 	grating_S1_T5: phase = 0.5
10.4066 	EXP 	grating_S1_T5: phase = 0.5
10.4251 	EXP 	grating_S1_T5: phase = 0.5
10.4398 	EXP 	grating_S1_T5: phase = 0.5
10.4570 	EXP 	grating_S1_T5: phase = 0.5
10.4728 	EXP 	grating_S1_T5: phase = 0.5
10.4903 	EXP 	grating_S1_T5: phase = 0.5
10.5060 	EXP 	grating_S1_T5: phase = 0.5
10.5235 	EXP 	grating_S1_T5: phase = 0.5
10.5396 	EXP 	grating_S1_T5: phase = 0.5
10.5573 	EXP 	grating_S1_T5: phase = 0.5
10.5738 	EXP 	grating_S1_T5: phase = 0.5
10.5898 	EXP 	grating_S1_T5: phase = 0.0
10.6062 	EXP 	grating_S1_T5: phase = 0.0
10.6234 	EXP 	grating_S1_T5: phase = 0.0
10.6397 	EXP 	grating_S1_T5: phase = 0.0
10.6573 	EXP 	grating_S1_T5: phase = 0.0
10.6733 	EXP 	grating_S1_T5: phase = 0.0
10.6898 	EXP 	grating_S1_T5: phase = 0.0
10.7067 	EXP 	grating_S1_T5: phase = 0.0
10.7240 	EXP 	grating_S1_T5: phase = 0.0
10.7424 	EXP 	grating_S1_T5: phase = 0.0
10.7719 	EXP 	grating_S1_T5: phase = 0.0
10.7901 	EXP 	grating_S1_T5: phase = 0.0
10.8063 	EXP 	grating_S1_T5: phase = 0.0
10.8224 	EXP 	grating_S1_T5: phase = 0.0
10.8392 	EXP 	grating_S1_T5: phase = 0.0
10.8717 	EXP 	grating_S1_T5: phase = 0.0
10.8887 	EXP 	grating_S1_T5: phase = 0.0
10.9061 	EXP 	grating_S1_T5: phase = 0.0
10.9221 	EXP 	grating_S1_T5: phase = 0.0
10.9387 	EXP 	grating_S1_T5: phase = 0.0
10.9554 	EXP 	grating_S1_T5: phase = 0.0
10.9731 	EXP 	grating_S1_T5: phase = 0.0
10.9888 	EXP 	grating_S1_T5: phase = 0.0
11.0057 	EXP 	grating_S1_T5: phase = 0.0
11.0228 	EXP 	grating_S1_T5: phase = 0.0
11.0391 	EXP 	grating_S1_T5: phase = 0.0
11.0576 	EXP 	grating_S1_T5: phase = 0.0
11.0729 	EXP 	grating_S1_T5: phase = 0.0
11.0893 	EXP 	grating_S1_T5: phase = 0.5
11.1060 	EXP 	grating_S1_T5: phase = 0.5
11.1233 	EXP 	grating_S1_T5: phase = 0.5
11.1390 	EXP 	grating_S1_T5: phase = 0.5
11.1558 	EXP 	grating_S1_T5: phase = 0.5
11.1731 	EXP 	grating_S1_T5: phase = 0.5
11.1898 	EXP 	grating_S1_T5: phase = 0.5
11.2066 	EXP 	grating_S1_T5: phase = 0.5
11.2230 	EXP 	grating_S1_T5: phase = 0.5
11.2395 	EXP 	grating_S1_T5: phase = 0.5
11.2565 	EXP 	grating_S1_T5: phase = 0.5
11.2729 	EXP 	grating_S1_T5: phase = 0.5
11.2901 	EXP 	grating_S1_T5: phase = 0.5
11.3065 	EXP 	grating_S1_T5: phase = 0.5
11.3231 	EXP 	grating_S1_T5: phase = 0.5
11.3395 	EXP 	grating_S1_T5: phase = 0.5
11.3565 	EXP 	grating_S1_T5: phase = 0.5
11.3734 	EXP 	grating_S1_T5: phase = 0.5
11.3903 	EXP 	grating_S1_T5: phase = 0.5
11.4067 	EXP 	grating_S1_T5: phase = 0.5
11.4229 	EXP 	grating_S1_T5: phase = 0.5
11.4399 	EXP 	grating_S1_T5: phase = 0.5
11.4563 	EXP 	grating_S1_T5: phase = 0.5
11.4737 	EXP 	grating_S1_T5: phase = 0.5
11.4896 	EXP 	grating_S1_T5: phase = 0.5
11.5067 	EXP 	grating_S1_T5: phase = 0.5
11.5239 	EXP 	grating_S1_T5: phase = 0.5
11.5400 	EXP 	grating_S1_T5: phase = 0.5
11.5561 	EXP 	grating_S1_T5: phase = 0.5
11.5733 	EXP 	grating_S1_T5: phase = 0.5
11.5903 	EXP 	grating_S1_T5: phase = 0.0
11.6067 	EXP 	grating_S1_T5: phase = 0.0
11.6234 	EXP 	grating_S1_T5: phase = 0.0
11.6401 	EXP 	grating_S1_T5: phase = 0.0
11.6563 	EXP 	grating_S1_T5: phase = 0.0
11.6737 	EXP 	grating_S1_T5: phase = 0.0
11.6919 	EXP 	grating_S1_T5: phase = 0.0
11.7072 	EXP 	grating_S1_T5: phase = 0.0
11.7236 	EXP 	grating_S1_T5: phase = 0.0
11.7394 	EXP 	grating_S1_T5: phase = 0.0
11.7571 	EXP 	grating_S1_T5: phase = 0.0
11.7728 	EXP 	grating_S1_T5: phase = 0.0
11.7901 	EXP 	grating_S1_T5: phase = 0.0
11.8067 	EXP 	grating_S1_T5: phase = 0.0
11.8237 	EXP 	grating_S1_T5: phase = 0.0
11.8402 	EXP 	grating_S1_T5: phase = 0.0
11.8563 	EXP 	grating_S1_T5: phase = 0.0
11.8727 	EXP 	grating_S1_T5: phase = 0.0
11.8902 	EXP 	grating_S1_T5: phase = 0.0
11.9061 	EXP 	grating_S1_T5: phase = 0.0
11.9231 	EXP 	grating_S1_T5: phase = 0.0
11.9401 	EXP 	grating_S1_T5: phase = 0.0
11.9566 	EXP 	grating_S1_T5: phase = 0.0
11.9730 	EXP 	grating_S1_T5: phase = 0.0
11.9900 	EXP 	grating_S1_T5: phase = 0.0
12.0076 	EXP 	grating_S1_T5: phase = 0.0
12.0226 	EXP 	grating_S1_T5: phase = 0.0
12.0400 	EXP 	grating_S1_T5: phase = 0.0
12.0564 	EXP 	grating_S1_T5: phase = 0.0
12.0736 	EXP 	grating_S1_T5: phase = 0.0
12.0900 	EXP 	grating_S1_T5: phase = 0.5
12.1064 	EXP 	grating_S1_T5: phase = 0.5
12.1236 	EXP 	grating_S1_T5: phase = 0.5
12.1398 	EXP 	grating_S1_T5: phase = 0.5
12.1572 	EXP 	grating_S1_T5: phase = 0.5
12.1737 	EXP 	grating_S1_T5: phase = 0.5
12.1899 	EXP 	grating_S1_T5: phase = 0.5
12.2070 	EXP 	grating_S1_T5: phase = 0.5
12.2238 	EXP 	grating_S1_T5: phase = 0.5
12.2402 	EXP 	grating_S1_T5: phase = 0.5
12.2565 	EXP 	grating_S1_T5: phase = 0.5
12.2733 	EXP 	grating_S1_T5: phase = 0.5
12.2899 	EXP 	grating_S1_T5: phase = 0.5
12.3067 	EXP 	grating_S1_T5: phase = 0.5
12.3255 	EXP 	grating_S1_T5: phase = 0.5
12.3404 	EXP 	grating_S1_T5: phase = 0.5
12.3567 	EXP 	grating_S1_T5: phase = 0.5
12.3735 	EXP 	grating_S1_T5: phase = 0.5
12.3894 	EXP 	grating_S1_T5: phase = 0.5
12.4066 	EXP 	grating_S1_T5: phase = 0.5
12.4237 	EXP 	grating_S1_T5: phase = 0.5
12.4399 	EXP 	grating_S1_T5: phase = 0.5
12.4559 	EXP 	grating_S1_T5: phase = 0.5
12.4735 	EXP 	grating_S1_T5: phase = 0.5
12.4897 	EXP 	grating_S1_T5: phase = 0.5
12.5066 	EXP 	grating_S1_T5: phase = 0.5
12.5227 	EXP 	grating_S1_T5: phase = 0.5
12.5401 	EXP 	grating_S1_T5: phase = 0.5
12.5559 	EXP 	grating_S1_T5: phase = 0.5
12.5726 	EXP 	grating_S1_T5: phase = 0.5
12.5893 	EXP 	grating_S1_T5: phase = 0.0
12.6059 	EXP 	grating_S1_T5: phase = 0.0
12.6230 	EXP 	grating_S1_T5: phase = 0.0
12.6406 	EXP 	grating_S1_T5: phase = 0.0
12.6565 	EXP 	grating_S1_T5: phase = 0.0
12.6732 	EXP 	grating_S1_T5: phase = 0.0
12.6896 	EXP 	grating_S1_T5: phase = 0.0
12.7064 	EXP 	grating_S1_T5: phase = 0.0
12.7227 	EXP 	grating_S1_T5: phase = 0.0
12.7392 	EXP 	grating_S1_T5: phase = 0.0
12.7567 	EXP 	grating_S1_T5: phase = 0.0
12.7729 	EXP 	grating_S1_T5: phase = 0.0
12.7899 	EXP 	grating_S1_T5: phase = 0.0
12.8064 	EXP 	grating_S1_T5: phase = 0.0
12.8226 	EXP 	grating_S1_T5: phase = 0.0
12.8398 	EXP 	grating_S1_T5: phase = 0.0
12.8563 	EXP 	grating_S1_T5: phase = 0.0
12.8736 	EXP 	grating_S1_T5: phase = 0.0
12.8894 	EXP 	grating_S1_T5: phase = 0.0
12.9065 	EXP 	grating_S1_T5: phase = 0.0
12.9235 	EXP 	grating_S1_T5: phase = 0.0
12.9397 	EXP 	grating_S1_T5: phase = 0.0
12.9576 	EXP 	grating_S1_T5: phase = 0.0
12.9729 	EXP 	grating_S1_T5: phase = 0.0
12.9896 	EXP 	grating_S1_T5: phase = 0.0
13.0064 	EXP 	grating_S1_T5: phase = 0.0
13.0233 	EXP 	grating_S1_T5: phase = 0.0
13.0395 	EXP 	grating_S1_T5: phase = 0.0
13.0564 	EXP 	grating_S1_T5: phase = 0.0
13.0730 	EXP 	grating_S1_T5: phase = 0.0
13.0896 	EXP 	grating_S1_T5: phase = 0.5
13.1059 	EXP 	grating_S1_T5: phase = 0.5
13.1224 	EXP 	grating_S1_T5: phase = 0.5
13.1393 	EXP 	grating_S1_T5: phase = 0.5
13.1564 	EXP 	grating_S1_T5: phase = 0.5
13.1733 	EXP 	grating_S1_T5: phase = 0.5
13.1900 	EXP 	grating_S1_T5: phase = 0.5
13.2060 	EXP 	grating_S1_T5: phase = 0.5
13.2231 	EXP 	grating_S1_T5: phase = 0.5
13.2396 	EXP 	grating_S1_T5: phase = 0.5
13.2566 	EXP 	grating_S1_T5: phase = 0.5
13.2739 	EXP 	grating_S1_T5: phase = 0.5
13.2898 	EXP 	grating_S1_T5: phase = 0.5
13.3070 	EXP 	grating_S1_T5: phase = 0.5
13.3232 	EXP 	grating_S1_T5: phase = 0.5
13.3398 	EXP 	grating_S1_T5: phase = 0.5
13.3561 	EXP 	grating_S1_T5: phase = 0.5
13.3732 	EXP 	grating_S1_T5: phase = 0.5
13.3894 	EXP 	grating_S1_T5: phase = 0.5
13.4068 	EXP 	grating_S1_T5: phase = 0.5
13.4233 	EXP 	grating_S1_T5: phase = 0.5
13.4399 	EXP 	grating_S1_T5: phase = 0.5
13.4560 	EXP 	grating_S1_T5: phase = 0.5
13.4730 	EXP 	grating_S1_T5: phase = 0.5
13.4898 	EXP 	grating_S1_T5: phase = 0.5
13.5067 	EXP 	grating_S1_T5: phase = 0.5
13.5228 	EXP 	grating_S1_T5: phase = 0.5
13.5399 	EXP 	grating_S1_T5: phase = 0.5
13.5563 	EXP 	grating_S1_T5: phase = 0.5
13.5731 	EXP 	grating_S1_T5: phase = 0.5
13.5915 	EXP 	grating_S1_T5: phase = 0.0
13.6060 	EXP 	grating_S1_T5: phase = 0.0
13.6234 	EXP 	grating_S1_T5: phase = 0.0
13.6403 	EXP 	grating_S1_T5: phase = 0.0
13.6566 	EXP 	grating_S1_T5: phase = 0.0
13.6730 	EXP 	grating_S1_T5: phase = 0.0
13.6893 	EXP 	grating_S1_T5: phase = 0.0
13.7064 	EXP 	grating_S1_T5: phase = 0.0
13.7229 	EXP 	grating_S1_T5: phase = 0.0
13.7400 	EXP 	grating_S1_T5: phase = 0.0
13.7565 	EXP 	grating_S1_T5: phase = 0.0
13.7732 	EXP 	grating_S1_T5: phase = 0.0
13.7897 	EXP 	grating_S1_T5: phase = 0.0
13.8067 	EXP 	grating_S1_T5: phase = 0.0
13.8236 	EXP 	grating_S1_T5: phase = 0.0
13.8393 	EXP 	grating_S1_T5: phase = 0.0
13.8563 	EXP 	grating_S1_T5: phase = 0.0
13.8731 	EXP 	grating_S1_T5: phase = 0.0
13.8897 	EXP 	grating_S1_T5: phase = 0.0
13.9084 	EXP 	grating_S1_T5: phase = 0.0
13.9236 	EXP 	grating_S1_T5: phase = 0.0
13.9407 	EXP 	grating_S1_T5: phase = 0.0
13.9561 	EXP 	grating_S1_T5: phase = 0.0
13.9741 	EXP 	grating_S1_T5: phase = 0.0
13.9898 	EXP 	grating_S1_T5: phase = 0.0
14.0072 	EXP 	grating_S1_T5: phase = 0.0
14.0236 	EXP 	grating_S1_T5: phase = 0.0
14.0406 	EXP 	grating_S1_T5: phase = 0.0
14.0561 	EXP 	grating_S1_T5: phase = 0.0
14.0737 	EXP 	grating_S1_T5: phase = 0.0
14.0904 	EXP 	grating_S1_T5: phase = 0.5
14.1070 	EXP 	grating_S1_T5: phase = 0.5
14.1231 	EXP 	grating_S1_T5: phase = 0.5
14.1402 	EXP 	grating_S1_T5: phase = 0.5
14.1572 	EXP 	grating_S1_T5: phase = 0.5
14.1735 	EXP 	grating_S1_T5: phase = 0.5
14.1902 	EXP 	grating_S1_T5: phase = 0.5
14.2068 	EXP 	grating_S1_T5: phase = 0.5
14.2267 	EXP 	grating_S1_T5: phase = 0.5
14.2403 	EXP 	grating_S1_T5: phase = 0.5
14.2571 	EXP 	grating_S1_T5: phase = 0.5
14.2736 	EXP 	grating_S1_T5: phase = 0.5
14.2903 	EXP 	grating_S1_T5: phase = 0.5
14.3072 	EXP 	grating_S1_T5: phase = 0.5
14.3230 	EXP 	grating_S1_T5: phase = 0.5
14.3400 	EXP 	grating_S1_T5: phase = 0.5
14.3570 	EXP 	grating_S1_T5: phase = 0.5
14.3738 	EXP 	grating_S1_T5: phase = 0.5
14.3899 	EXP 	grating_S1_T5: phase = 0.5
14.4068 	EXP 	grating_S1_T5: phase = 0.5
14.4231 	EXP 	grating_S1_T5: phase = 0.5
14.4391 	EXP 	grating_S1_T5: phase = 0.5
14.4565 	EXP 	grating_S1_T5: phase = 0.5
14.4730 	EXP 	grating_S1_T5: phase = 0.5
14.4901 	EXP 	grating_S1_T5: phase = 0.5
14.5069 	EXP 	grating_S1_T5: phase = 0.5
14.5233 	EXP 	grating_S1_T5: phase = 0.5
14.5285 	DATA 	Keypress: escape
14.8128 	EXP 	window1: mouseVisible = True
8.7242 	WARNING 	User requested fullscreen with size [1024  768], but screen is actually [1920, 1080]. Using actual size
9.5114 	EXP 	Created window1 = Window(allowGUI=False, allowStencil=False, args=UNKNOWN, autoLog=True, bitsMode=UNKNOWN, blendMode='avg', color=array([0., 0., 0.]), colorSpace='rgb', fullscr=<method-wrapper '__getattribute__' of attributeSetter object at 0x12ec39898>, gamma=None, kwargs=UNKNOWN, lms=UNKNOWN, monitor=<psychopy.monitors.calibTools.Monitor object at 0x12eb8da90>, multiSample=False, name='window1', numSamples=2, pos=[0.0, 0.0], screen=0, size=array([1920, 1080]), stereo=False, units='height', useFBO=True, useRetina=False, viewOri=0.0, viewPos=None, viewScale=None, waitBlanking=True, winType='pyglet')
9.8131 	EXP 	Created grating_S1_T5 = GratingStim(__class__=<class 'psychopy.visual.grating.GratingStim'>, autoDraw=False, autoLog=True, blendmode='avg', color=array([0.07, 0.07, 0.07]), colorSpace='rgb', contrast=1.0, depth=0.0, interpolate=True, mask='circle', maskParams=None, name='grating_S1_T5', opacity=1.0, ori=0.0, phase=array([0., 0.]), pos=array([0., 0.]), rgbPedestal=array([0., 0., 0.]), sf=array([0.6, 0.6]), size=array([3.5, 3.5]), tex='sin', texRes=128, units='deg', win=Window(...))
9.8274 	EXP 	grating_S1_T5: phase = 0.0
9.8437 	EXP 	grating_S1_T5: phase = 0.0
9.8604 	EXP 	grating_S1_T5: phase = 0.0
9.8780 	EXP 	grating_S1_T5: phase = 0.0
9.8959 	EXP 	grating_S1_T5: phase = 0.0
9.9116 	EXP 	grating_S1_T5: phase = 0.0
9.9284 	EXP 	grating_S1_T5: phase = 0.0
9.9446 	EXP 	grating_S1_T5: phase = 0.0
9.9610 	EXP 	grating_S1_T5: phase = 0.0
9.9774 	EXP 	grating_S1_T5: phase = 0.0
9.9949 	EXP 	grating_S1_T5: phase = 0.0
10.0110 	EXP 	grating_S1_T5: phase = 0.0
10.0279 	EXP 	grating_S1_T5: phase = 0.0
10.0447 	EXP 	grating_S1_T5: phase = 0.0
10.0621 	EXP 	grating_S1_T5: phase = 0.0
10.0785 	EXP 	grating_S1_T5: phase = 0.0
10.0941 	EXP 	grating_S1_T5: phase = 0.0
10.1102 	EXP 	grating_S1_T5: phase = 0.0
10.1278 	EXP 	grating_S1_T5: phase = 0.0
10.1441 	EXP 	grating_S1_T5: phase = 0.0
10.1614 	EXP 	grating_S1_T5: phase = 0.0
10.1777 	EXP 	grating_S1_T5: phase = 0.0
10.1941 	EXP 	grating_S1_T5: phase = 0.0
10.2136 	EXP 	grating_S1_T5: phase = 0.0
10.2282 	EXP 	grating_S1_T5: phase = 0.0
10.2440 	EXP 	grating_S1_T5: phase = 0.0
10.2608 	EXP 	grating_S1_T5: phase = 0.0
10.2773 	EXP 	grating_S1_T5: phase = 0.0
10.2943 	EXP 	grating_S1_T5: phase = 0.0
10.3104 	EXP 	grating_S1_T5: phase = 0.0
10.3269 	EXP 	grating_S1_T5: phase = 0.0
10.3449 	EXP 	grating_S1_T5: phase = 0.5
10.3604 	EXP 	grating_S1_T5: phase = 0.5
10.3772 	EXP 	grating_S1_T5: phase = 0.5
10.3940 	EXP 	grating_S1_T5: phase = 0.5
10.4107 	EXP 	grating_S1_T5: phase = 0.5
10.4276 	EXP 	grating_S1_T5: phase = 0.5
10.4442 	EXP 	grating_S1_T5: phase = 0.5
10.4614 	EXP 	grating_S1_T5: phase = 0.5
10.4784 	EXP 	grating_S1_T5: phase = 0.5
10.4940 	EXP 	grating_S1_T5: phase = 0.5
10.5104 	EXP 	grating_S1_T5: phase = 0.5
10.5303 	EXP 	grating_S1_T5: phase = 0.5
10.5446 	EXP 	grating_S1_T5: phase = 0.5
10.5608 	EXP 	grating_S1_T5: phase = 0.5
10.5777 	EXP 	grating_S1_T5: phase = 0.5
10.5941 	EXP 	grating_S1_T5: phase = 0.5
10.6110 	EXP 	grating_S1_T5: phase = 0.5
10.6277 	EXP 	grating_S1_T5: phase = 0.5
10.6445 	EXP 	grating_S1_T5: phase = 0.5
10.6614 	EXP 	grating_S1_T5: phase = 0.5
10.6777 	EXP 	grating_S1_T5: phase = 0.5
10.6937 	EXP 	grating_S1_T5: phase = 0.5
10.7104 	EXP 	grating_S1_T5: phase = 0.5
10.7277 	EXP 	grating_S1_T5: phase = 0.5
10.7441 	EXP 	grating_S1_T5: phase = 0.5
10.7614 	EXP 	grating_S1_T5: phase = 0.5
10.7778 	EXP 	grating_S1_T5: phase = 0.5
10.7939 	EXP 	grating_S1_T5: phase = 0.5
10.8108 	EXP 	grating_S1_T5: phase = 0.5
10.8280 	EXP 	grating_S1_T5: phase = 0.5
10.8469 	EXP 	grating_S1_T5: phase = 0.0
10.8607 	EXP 	grating_S1_T5: phase = 0.0
10.8779 	EXP 	grating_S1_T5: phase = 0.0
10.8946 	EXP 	grating_S1_T5: phase = 0.0
10.9108 	EXP 	grating_S1_T5: phase = 0.0
10.9280 	EXP 	grating_S1_T5: phase = 0.0
10.9441 	EXP 	grating_S1_T5: phase = 0.0
10.9607 	EXP 	grating_S1_T5: phase = 0.0
10.9775 	EXP 	grating_S1_T5: phase = 0.0
10.9941 	EXP 	grating_S1_T5: phase = 0.0
11.0111 	EXP 	grating_S1_T5: phase = 0.0
11.0278 	EXP 	grating_S1_T5: phase = 0.0
11.0445 	EXP 	grating_S1_T5: phase = 0.0
11.0614 	EXP 	grating_S1_T5: phase = 0.0
11.0779 	EXP 	grating_S1_T5: phase = 0.0
11.0941 	EXP 	grating_S1_T5: phase = 0.0
11.1114 	EXP 	grating_S1_T5: phase = 0.0
11.1276 	EXP 	grating_S1_T5: phase = 0.0
11.1437 	EXP 	grating_S1_T5: phase = 0.0
11.1627 	EXP 	grating_S1_T5: phase = 0.0
11.1774 	EXP 	grating_S1_T5: phase = 0.0
11.1949 	EXP 	grating_S1_T5: phase = 0.0
11.2110 	EXP 	grating_S1_T5: phase = 0.0
11.2272 	EXP 	grating_S1_T5: phase = 0.0
11.2446 	EXP 	grating_S1_T5: phase = 0.0
11.2609 	EXP 	grating_S1_T5: phase = 0.0
11.2780 	EXP 	grating_S1_T5: phase = 0.0
11.2941 	EXP 	grating_S1_T5: phase = 0.0
11.3107 	EXP 	grating_S1_T5: phase = 0.0
11.3280 	EXP 	grating_S1_T5: phase = 0.0
11.3442 	EXP 	grating_S1_T5: phase = 0.5
11.3613 	EXP 	grating_S1_T5: phase = 0.5
11.3910 	EXP 	grating_S1_T5: phase = 0.5
11.4114 	EXP 	grating_S1_T5: phase = 0.5
11.4282 	EXP 	grating_S1_T5: phase = 0.5
11.4438 	EXP 	grating_S1_T5: phase = 0.5
11.4610 	EXP 	grating_S1_T5: phase = 0.5
11.4804 	EXP 	grating_S1_T5: phase = 0.5
11.4938 	EXP 	grating_S1_T5: phase = 0.5
11.5109 	EXP 	grating_S1_T5: phase = 0.5
11.5277 	EXP 	grating_S1_T5: phase = 0.5
11.5445 	EXP 	grating_S1_T5: phase = 0.5
11.5611 	EXP 	grating_S1_T5: phase = 0.5
11.5775 	EXP 	grating_S1_T5: phase = 0.5
11.5946 	EXP 	grating_S1_T5: phase = 0.5
11.6106 	EXP 	grating_S1_T5: phase = 0.5
11.6275 	EXP 	grating_S1_T5: phase = 0.5
11.6444 	EXP 	grating_S1_T5: phase = 0.5
11.6607 	EXP 	grating_S1_T5: phase = 0.5
11.6772 	EXP 	grating_S1_T5: phase = 0.5
11.6939 	EXP 	grating_S1_T5: phase = 0.5
11.7108 	EXP 	grating_S1_T5: phase = 0.5
11.7280 	EXP 	grating_S1_T5: phase = 0.5
11.7448 	EXP 	grating_S1_T5: phase = 0.5
11.7607 	EXP 	grating_S1_T5: phase = 0.5
11.7772 	EXP 	grating_S1_T5: phase = 0.5
11.7956 	EXP 	grating_S1_T5: phase = 0.5
11.8114 	EXP 	grating_S1_T5: phase = 0.5
11.8277 	EXP 	grating_S1_T5: phase = 0.5
11.8446 	EXP 	grating_S1_T5: phase = 0.0
11.8611 	EXP 	grating_S1_T5: phase = 0.0
11.8779 	EXP 	grating_S1_T5: phase = 0.0
11.8946 	EXP 	grating_S1_T5: phase = 0.0
11.9112 	EXP 	grating_S1_T5: phase = 0.0
11.9274 	EXP 	grating_S1_T5: phase = 0.0
11.9436 	EXP 	grating_S1_T5: phase = 0.0
11.9615 	EXP 	grating_S1_T5: phase = 0.0
11.9772 	EXP 	grating_S1_T5: phase = 0.0
11.9949 	EXP 	grating_S1_T5: phase = 0.0
12.0108 	EXP 	grating_S1_T5: phase = 0.0
12.0277 	EXP 	grating_S1_T5: phase = 0.0
12.0441 	EXP 	grating_S1_T5: phase = 0.0
12.0606 	EXP 	grating_S1_T5: phase = 0.0
12.0772 	EXP 	grating_S1_T5: phase = 0.0
12.0939 	EXP 	grating_S1_T5: phase = 0.0
12.1135 	EXP 	grating_S1_T5: phase = 0.0
12.1275 	EXP 	grating_S1_T5: phase = 0.0
12.1430 	EXP 	grating_S1_T5: phase = 0.0
12.1604 	EXP 	grating_S1_T5: phase = 0.0
12.1775 	EXP 	grating_S1_T5: phase = 0.0
12.1944 	EXP 	grating_S1_T5: phase = 0.0
12.2263 	EXP 	grating_S1_T5: phase = 0.0
12.2592 	EXP 	grating_S1_T5: phase = 0.0
12.2769 	EXP 	grating_S1_T5: phase = 0.0
12.2939 	EXP 	grating_S1_T5: phase = 0.0
12.3109 	EXP 	grating_S1_T5: phase = 0.0
12.3434 	EXP 	grating_S1_T5: phase = 0.0
12.3602 	EXP 	grating_S1_T5: phase = 0.5
12.3770 	EXP 	grating_S1_T5: phase = 0.5
12.3939 	EXP 	grating_S1_T5: phase = 0.5
12.4105 	EXP 	grating_S1_T5: phase = 0.5
12.4303 	EXP 	grating_S1_T5: phase = 0.5
12.4440 	EXP 	grating_S1_T5: phase = 0.5
12.4603 	EXP 	grating_S1_T5: phase = 0.5
12.4769 	EXP 	grating_S1_T5: phase = 0.5
12.4933 	EXP 	grating_S1_T5: phase = 0.5
12.5102 	EXP 	grating_S1_T5: phase = 0.5
12.5269 	EXP 	grating_S1_T5: phase = 0.5
12.5441 	EXP 	grating_S1_T5: phase = 0.5
12.5610 	EXP 	grating_S1_T5: phase = 0.5
12.5767 	EXP 	grating_S1_T5: phase = 0.5
12.5943 	EXP 	grating_S1_T5: phase = 0.5
12.6108 	EXP 	grating_S1_T5: phase = 0.5
12.6275 	EXP 	grating_S1_T5: phase = 0.5
12.6445 	EXP 	grating_S1_T5: phase = 0.5
12.6604 	EXP 	grating_S1_T5: phase = 0.5
12.6781 	EXP 	grating_S1_T5: phase = 0.5
12.6944 	EXP 	grating_S1_T5: phase = 0.5
12.7109 	EXP 	grating_S1_T5: phase = 0.5
12.7276 	EXP 	grating_S1_T5: phase = 0.5
12.7473 	EXP 	grating_S1_T5: phase = 0.5
12.7611 	EXP 	grating_S1_T5: phase = 0.5
12.7777 	EXP 	grating_S1_T5: phase = 0.5
12.7944 	EXP 	grating_S1_T5: phase = 0.5
12.8113 	EXP 	grating_S1_T5: phase = 0.5
12.8282 	EXP 	grating_S1_T5: phase = 0.5
12.8438 	EXP 	grating_S1_T5: phase = 0.0
12.8612 	EXP 	grating_S1_T5: phase = 0.0
12.8779 	EXP 	grating_S1_T5: phase = 0.0
12.8946 	EXP 	grating_S1_T5: phase = 0.0
12.9111 	EXP 	grating_S1_T5: phase = 0.0
12.9284 	EXP 	grating_S1_T5: phase = 0.0
12.9445 	EXP 	grating_S1_T5: phase = 0.0
12.9613 	EXP 	grating_S1_T5: phase = 0.0
12.9780 	EXP 	grating_S1_T5: phase = 0.0
12.9948 	EXP 	grating_S1_T5: phase = 0.0
13.0108 	EXP 	grating_S1_T5: phase = 0.0
13.0284 	EXP 	grating_S1_T5: phase = 0.0
13.0445 	EXP 	grating_S1_T5: phase = 0.0
13.0636 	EXP 	grating_S1_T5: phase = 0.0
13.0777 	EXP 	grating_S1_T5: phase = 0.0
13.0944 	EXP 	grating_S1_T5: phase = 0.0
13.1112 	EXP 	grating_S1_T5: phase = 0.0
13.1278 	EXP 	grating_S1_T5: phase = 0.0
13.1442 	EXP 	grating_S1_T5: phase = 0.0
13.1613 	EXP 	grating_S1_T5: phase = 0.0
13.1777 	EXP 	grating_S1_T5: phase = 0.0
13.1950 	EXP 	grating_S1_T5: phase = 0.0
13.2110 	EXP 	grating_S1_T5: phase = 0.0
13.2277 	EXP 	grating_S1_T5: phase = 0.0
13.2446 	EXP 	grating_S1_T5: phase = 0.0
13.2612 	EXP 	grating_S1_T5: phase = 0.0
13.2770 	EXP 	grating_S1_T5: phase = 0.0
13.2949 	EXP 	grating_S1_T5: phase = 0.0
13.3109 	EXP 	grating_S1_T5: phase = 0.0
13.3276 	EXP 	grating_S1_T5: phase = 0.0
13.3450 	EXP 	grating_S1_T5: phase = 0.5
13.3613 	EXP 	grating_S1_T5: phase = 0.5
13.3801 	EXP 	grating_S1_T5: phase = 0.5
13.3949 	EXP 	grating_S1_T5: phase = 0.5
13.4109 	EXP 	grating_S1_T5: phase = 0.5
13.4278 	EXP 	grating_S1_T5: phase = 0.5
13.4448 	EXP 	grating_S1_T5: phase = 0.5
13.4612 	EXP 	grating_S1_T5: phase = 0.5
13.4780 	EXP 	grating_S1_T5: phase = 0.5
13.4945 	EXP 	grating_S1_T5: phase = 0.5
13.5114 	EXP 	grating_S1_T5: phase = 0.5
13.5277 	EXP 	grating_S1_T5: phase = 0.5
13.5448 	EXP 	grating_S1_T5: phase = 0.5
13.5614 	EXP 	grating_S1_T5: phase = 0.5
13.5778 	EXP 	grating_S1_T5: phase = 0.5
13.5944 	EXP 	grating_S1_T5: phase = 0.5
13.6116 	EXP 	grating_S1_T5: phase = 0.5
13.6272 	EXP 	grating_S1_T5: phase = 0.5
13.6447 	EXP 	grating_S1_T5: phase = 0.5
13.6614 	EXP 	grating_S1_T5: phase = 0.5
13.6788 	EXP 	grating_S1_T5: phase = 0.5
13.6967 	EXP 	grating_S1_T5: phase = 0.5
13.7107 	EXP 	grating_S1_T5: phase = 0.5
13.7286 	EXP 	grating_S1_T5: phase = 0.5
13.7437 	EXP 	grating_S1_T5: phase = 0.5
13.7617 	EXP 	grating_S1_T5: phase = 0.5
13.7777 	EXP 	grating_S1_T5: phase = 0.5
13.7942 	EXP 	grating_S1_T5: phase = 0.5
13.8112 	EXP 	grating_S1_T5: phase = 0.5
13.8285 	EXP 	grating_S1_T5: phase = 0.5
13.8449 	EXP 	grating_S1_T5: phase = 0.0
13.8604 	EXP 	grating_S1_T5: phase = 0.0
13.8773 	EXP 	grating_S1_T5: phase = 0.0
13.8939 	EXP 	grating_S1_T5: phase = 0.0
13.9112 	EXP 	grating_S1_T5: phase = 0.0
13.9273 	EXP 	grating_S1_T5: phase = 0.0
13.9446 	EXP 	grating_S1_T5: phase = 0.0
13.9614 	EXP 	grating_S1_T5: phase = 0.0
13.9779 	EXP 	grating_S1_T5: phase = 0.0
13.9950 	EXP 	grating_S1_T5: phase = 0.0
14.0144 	EXP 	grating_S1_T5: phase = 0.0
14.0271 	EXP 	grating_S1_T5: phase = 0.0
14.0445 	EXP 	grating_S1_T5: phase = 0.0
14.0615 	EXP 	grating_S1_T5: phase = 0.0
14.0779 	EXP 	grating_S1_T5: phase = 0.0
14.0946 	EXP 	grating_S1_T5: phase = 0.0
14.1111 	EXP 	grating_S1_T5: phase = 0.0
14.1282 	EXP 	grating_S1_T5: phase = 0.0
14.1437 	EXP 	grating_S1_T5: phase = 0.0
14.1614 	EXP 	grating_S1_T5: phase = 0.0
14.1772 	EXP 	grating_S1_T5: phase = 0.0
14.1945 	EXP 	grating_S1_T5: phase = 0.0
14.2111 	EXP 	grating_S1_T5: phase = 0.0
14.2277 	EXP 	grating_S1_T5: phase = 0.0
14.2446 	EXP 	grating_S1_T5: phase = 0.0
14.2608 	EXP 	grating_S1_T5: phase = 0.0
14.2781 	EXP 	grating_S1_T5: phase = 0.0
14.2949 	EXP 	grating_S1_T5: phase = 0.0
14.3109 	EXP 	grating_S1_T5: phase = 0.0
14.3308 	EXP 	grating_S1_T5: phase = 0.0
14.3446 	EXP 	grating_S1_T5: phase = 0.5
14.3613 	EXP 	grating_S1_T5: phase = 0.5
14.3778 	EXP 	grating_S1_T5: phase = 0.5
14.3943 	EXP 	grating_S1_T5: phase = 0.5
14.4110 	EXP 	grating_S1_T5: phase = 0.5
14.4280 	EXP 	grating_S1_T5: phase = 0.5
14.4440 	EXP 	grating_S1_T5: phase = 0.5
14.4613 	EXP 	grating_S1_T5: phase = 0.5
14.4775 	EXP 	grating_S1_T5: phase = 0.5
14.4940 	EXP 	grating_S1_T5: phase = 0.5
14.5117 	EXP 	grating_S1_T5: phase = 0.5
14.5278 	EXP 	grating_S1_T5: phase = 0.5
14.5448 	EXP 	grating_S1_T5: phase = 0.5
14.5613 	EXP 	grating_S1_T5: phase = 0.5
14.5776 	EXP 	grating_S1_T5: phase = 0.5
14.5941 	EXP 	grating_S1_T5: phase = 0.5
14.6113 	EXP 	grating_S1_T5: phase = 0.5
14.6272 	EXP 	grating_S1_T5: phase = 0.5
14.6467 	EXP 	grating_S1_T5: phase = 0.5
14.6622 	EXP 	grating_S1_T5: phase = 0.5
14.6792 	EXP 	grating_S1_T5: phase = 0.5
14.6939 	EXP 	grating_S1_T5: phase = 0.5
14.7108 	EXP 	grating_S1_T5: phase = 0.5
14.7284 	EXP 	grating_S1_T5: phase = 0.5
14.7440 	EXP 	grating_S1_T5: phase = 0.5
14.7613 	EXP 	grating_S1_T5: phase = 0.5
14.7781 	EXP 	grating_S1_T5: phase = 0.5
14.7943 	EXP 	grating_S1_T5: phase = 0.5
14.8109 	EXP 	grating_S1_T5: phase = 0.5
14.8276 	EXP 	grating_S1_T5: phase = 0.5
14.8445 	EXP 	grating_S1_T5: phase = 0.0
14.8614 	EXP 	grating_S1_T5: phase = 0.0
14.8772 	EXP 	grating_S1_T5: phase = 0.0
14.8943 	EXP 	grating_S1_T5: phase = 0.0
14.9108 	EXP 	grating_S1_T5: phase = 0.0
14.9273 	EXP 	grating_S1_T5: phase = 0.0
14.9446 	EXP 	grating_S1_T5: phase = 0.0
14.9642 	EXP 	grating_S1_T5: phase = 0.0
14.9772 	EXP 	grating_S1_T5: phase = 0.0
14.9943 	EXP 	grating_S1_T5: phase = 0.0
15.0104 	EXP 	grating_S1_T5: phase = 0.0
15.0280 	EXP 	grating_S1_T5: phase = 0.0
15.0441 	EXP 	grating_S1_T5: phase = 0.0
15.0605 	EXP 	grating_S1_T5: phase = 0.0
15.0782 	EXP 	grating_S1_T5: phase = 0.0
15.0944 	EXP 	grating_S1_T5: phase = 0.0
15.1109 	EXP 	grating_S1_T5: phase = 0.0
15.1272 	EXP 	grating_S1_T5: phase = 0.0
15.1449 	EXP 	grating_S1_T5: phase = 0.0
15.1612 	EXP 	grating_S1_T5: phase = 0.0
15.1775 	EXP 	grating_S1_T5: phase = 0.0
15.1842 	DATA 	Keypress: escape
15.1947 	EXP 	grating_S1_T5: phase = 0.0
15.4804 	EXP 	window1: mouseVisible = True
