6.9793 	WARNING 	User requested fullscreen with size [1024  768], but screen is actually [1920, 1080]. Using actual size
7.6945 	EXP 	Created window1 = Window(allowGUI=False, allowStencil=False, args=UNKNOWN, autoLog=True, bitsMode=UNKNOWN, blendMode='avg', color=array([0., 0., 0.]), colorSpace='rgb', fullscr=<method-wrapper '__getattribute__' of attributeSetter object at 0x12f6ad898>, gamma=None, kwargs=UNKNOWN, lms=UNKNOWN, monitor=<psychopy.monitors.calibTools.Monitor object at 0x12f66e630>, multiSample=False, name='window1', numSamples=2, pos=[0.0, 0.0], screen=0, size=array([1920, 1080]), stereo=False, units='height', useFBO=True, useRetina=False, viewOri=0.0, viewPos=None, viewScale=None, waitBlanking=True, winType='pyglet')
7.6945 	EXP 	window1: recordFrameIntervals = False
7.8602 	EXP 	window1: recordFrameIntervals = True
8.0438 	EXP 	window1: recordFrameIntervals = False
8.2778 	EXP 	Created grating_S1_T5 = GratingStim(__class__=<class 'psychopy.visual.grating.GratingStim'>, autoDraw=False, autoLog=True, blendmode='avg', color=array([1., 1., 1.]), colorSpace='rgb', contrast=1.0, depth=0.0, interpolate=True, mask='circle', maskParams=None, name='grating_S1_T5', opacity=1.0, ori=0.0, phase=array([0., 0.]), pos=array([0., 0.]), rgbPedestal=array([0., 0., 0.]), sf=array([0.6, 0.6]), size=array([3.5, 3.5]), tex='sin', texRes=128, units='deg', win=Window(...))
8.5578 	EXP 	window1: mouseVisible = True
7.1038 	WARNING 	User requested fullscreen with size [1024  768], but screen is actually [1920, 1080]. Using actual size
7.9333 	EXP 	Created window1 = Window(allowGUI=False, allowStencil=False, args=UNKNOWN, autoLog=True, bitsMode=UNKNOWN, blendMode='avg', color=array([0., 0., 0.]), colorSpace='rgb', fullscr=<method-wrapper '__getattribute__' of attributeSetter object at 0x12e82d898>, gamma=None, kwargs=UNKNOWN, lms=UNKNOWN, monitor=<psychopy.monitors.calibTools.Monitor object at 0x12f986a90>, multiSample=False, name='window1', numSamples=2, pos=[0.0, 0.0], screen=0, size=array([1920, 1080]), stereo=False, units='height', useFBO=True, useRetina=False, viewOri=0.0, viewPos=None, viewScale=None, waitBlanking=True, winType='pyglet')
7.9333 	EXP 	window1: recordFrameIntervals = False
8.0987 	EXP 	window1: recordFrameIntervals = True
8.2825 	EXP 	window1: recordFrameIntervals = False
9.1228 	EXP 	Created grating_S1_T5 = GratingStim(__class__=<class 'psychopy.visual.grating.GratingStim'>, autoDraw=False, autoLog=True, blendmode='avg', color=array([1., 1., 1.]), colorSpace='rgb', contrast=1.0, depth=0.0, interpolate=True, mask='circle', maskParams=None, name='grating_S1_T5', opacity=1.0, ori=0.0, phase=array([0., 0.]), pos=array([0., 0.]), rgbPedestal=array([0., 0., 0.]), sf=array([0.6, 0.6]), size=array([3.5, 3.5]), tex='sin', texRes=128, units='deg', win=Window(...))
9.1891 	EXP 	grating_S1_T5: phase = 5.137761436957768e-05
9.2000 	EXP 	grating_S1_T5: phase = 0.42032532387117116
9.2150 	EXP 	grating_S1_T5: phase = 0.4888945670725239
9.2324 	EXP 	grating_S1_T5: phase = 0.5833225735665909
9.2489 	EXP 	grating_S1_T5: phase = 0.6953561218364256
9.2654 	EXP 	grating_S1_T5: phase = 0.7962716931007486
9.2821 	EXP 	grating_S1_T5: phase = 0.8997328214834576
9.2982 	EXP 	grating_S1_T5: phase = 1.0043113326839317
9.3157 	EXP 	grating_S1_T5: phase = 1.1061346859895917
9.3320 	EXP 	grating_S1_T5: phase = 1.2157926875597997
9.3490 	EXP 	grating_S1_T5: phase = 1.3186721249241715
9.3654 	EXP 	grating_S1_T5: phase = 1.4250204774799278
9.3819 	EXP 	grating_S1_T5: phase = 1.528358581103876
9.3983 	EXP 	grating_S1_T5: phase = 1.6321859060887147
9.4154 	EXP 	grating_S1_T5: phase = 1.7356994990796424
9.4321 	EXP 	grating_S1_T5: phase = 1.842485330978169
9.4513 	EXP 	grating_S1_T5: phase = 1.9468297244266992
9.4652 	EXP 	grating_S1_T5: phase = 2.0678485292771076
9.4815 	EXP 	grating_S1_T5: phase = 2.155446468300021
9.4988 	EXP 	grating_S1_T5: phase = 2.256707903776691
9.5153 	EXP 	grating_S1_T5: phase = 2.366430251455744
9.5320 	EXP 	grating_S1_T5: phase = 2.47023953740347
9.5487 	EXP 	grating_S1_T5: phase = 2.5752681508725104
9.5654 	EXP 	grating_S1_T5: phase = 2.68216664030939
9.5817 	EXP 	grating_S1_T5: phase = 2.78478872469112
9.5990 	EXP 	grating_S1_T5: phase = 2.8869507730876474
9.6159 	EXP 	grating_S1_T5: phase = 2.995465109259601
9.6318 	EXP 	grating_S1_T5: phase = 3.101699107863485
9.6490 	EXP 	grating_S1_T5: phase = 0.05969044262081268
9.6653 	EXP 	grating_S1_T5: phase = 0.16829045632729378
9.6820 	EXP 	grating_S1_T5: phase = 0.2702290495188721
9.6988 	EXP 	grating_S1_T5: phase = 0.3753255653820339
9.7154 	EXP 	grating_S1_T5: phase = 0.4807207021868137
9.7316 	EXP 	grating_S1_T5: phase = 0.5854844542690283
9.7490 	EXP 	grating_S1_T5: phase = 0.686984311494064
9.7677 	EXP 	grating_S1_T5: phase = 0.7968030683546609
9.7821 	EXP 	grating_S1_T5: phase = 0.917905050018289
9.7988 	EXP 	grating_S1_T5: phase = 1.0046292053074595
9.8176 	EXP 	grating_S1_T5: phase = 1.1087810819597492
9.8316 	EXP 	grating_S1_T5: phase = 1.2277417352055966
9.8484 	EXP 	grating_S1_T5: phase = 1.3151379399968977
9.8650 	EXP 	grating_S1_T5: phase = 1.4209502865915684
9.8820 	EXP 	grating_S1_T5: phase = 1.527000432897266
9.8986 	EXP 	grating_S1_T5: phase = 1.6323077998975097
9.9155 	EXP 	grating_S1_T5: phase = 1.736187702569563
9.9321 	EXP 	grating_S1_T5: phase = 1.842569883802991
9.9487 	EXP 	grating_S1_T5: phase = 1.9467397115115856
9.9653 	EXP 	grating_S1_T5: phase = 2.051216177501467
9.9817 	EXP 	grating_S1_T5: phase = 2.1553435245834303
9.9987 	EXP 	grating_S1_T5: phase = 2.258720860424415
10.0155 	EXP 	grating_S1_T5: phase = 2.3650671081153525
10.0322 	EXP 	grating_S1_T5: phase = 2.470963624250308
10.0489 	EXP 	grating_S1_T5: phase = 2.575622302630067
10.0656 	EXP 	grating_S1_T5: phase = 2.680186902851093
10.0837 	EXP 	grating_S1_T5: phase = 2.785621893910248
10.0989 	EXP 	grating_S1_T5: phase = 2.900009714004954
10.1148 	EXP 	grating_S1_T5: phase = 2.9950706508859692
10.1325 	EXP 	grating_S1_T5: phase = 3.0949825398400383
10.1488 	EXP 	grating_S1_T5: phase = 0.06411600419750185
10.1651 	EXP 	grating_S1_T5: phase = 0.16680238442312598
10.1824 	EXP 	grating_S1_T5: phase = 0.26950745082138994
10.1983 	EXP 	grating_S1_T5: phase = 0.3804342725573365
10.2147 	EXP 	grating_S1_T5: phase = 0.47779148748754957
10.2320 	EXP 	grating_S1_T5: phase = 0.5811037734875186
10.2487 	EXP 	grating_S1_T5: phase = 0.6892502480279873
10.2653 	EXP 	grating_S1_T5: phase = 0.7945110628948621
10.2818 	EXP 	grating_S1_T5: phase = 0.8984479729014997
10.2979 	EXP 	grating_S1_T5: phase = 1.0023856746211153
10.3151 	EXP 	grating_S1_T5: phase = 1.1035912023061443
10.3324 	EXP 	grating_S1_T5: phase = 1.2115870940256626
10.3488 	EXP 	grating_S1_T5: phase = 1.319851415966377
10.3655 	EXP 	grating_S1_T5: phase = 1.4231145109344852
10.3818 	EXP 	grating_S1_T5: phase = 1.5281615467023166
10.4001 	EXP 	grating_S1_T5: phase = 1.63086418152501
10.4153 	EXP 	grating_S1_T5: phase = 1.7457288199954009
10.4323 	EXP 	grating_S1_T5: phase = 1.8416038629014857
10.4482 	EXP 	grating_S1_T5: phase = 1.9481851771381737
10.4658 	EXP 	grating_S1_T5: phase = 2.0479892026507263
10.4816 	EXP 	grating_S1_T5: phase = 2.158855762333659
10.4991 	EXP 	grating_S1_T5: phase = 2.2578163644628133
10.5154 	EXP 	grating_S1_T5: phase = 2.3696580619755796
10.5320 	EXP 	grating_S1_T5: phase = 2.470397264201996
10.5484 	EXP 	grating_S1_T5: phase = 2.5745325029726795
10.5652 	EXP 	grating_S1_T5: phase = 2.677764866877858
10.5819 	EXP 	grating_S1_T5: phase = 2.7818975483763073
10.5984 	EXP 	grating_S1_T5: phase = 2.887973637956932
10.6157 	EXP 	grating_S1_T5: phase = 2.991693093214278
10.6324 	EXP 	grating_S1_T5: phase = 3.1018971161570392
10.6491 	EXP 	grating_S1_T5: phase = 0.06322425054952585
10.6648 	EXP 	grating_S1_T5: phase = 0.16889642556834497
10.6820 	EXP 	grating_S1_T5: phase = 0.26611549209269386
10.6986 	EXP 	grating_S1_T5: phase = 0.375201623259347
10.7176 	EXP 	grating_S1_T5: phase = 0.47916281151155665
10.7314 	EXP 	grating_S1_T5: phase = 0.5989449284375208
10.7481 	EXP 	grating_S1_T5: phase = 0.6859264806883077
10.7655 	EXP 	grating_S1_T5: phase = 0.7907263799447687
10.7820 	EXP 	grating_S1_T5: phase = 0.9028562808452201
10.7987 	EXP 	grating_S1_T5: phase = 1.0037659647557398
10.8155 	EXP 	grating_S1_T5: phase = 1.1085971982545406
10.8318 	EXP 	grating_S1_T5: phase = 1.2175454260769658
10.8484 	EXP 	grating_S1_T5: phase = 1.3151897825677774
10.8649 	EXP 	grating_S1_T5: phase = 1.420716212818599
10.8820 	EXP 	grating_S1_T5: phase = 1.5236547938122547
10.8987 	EXP 	grating_S1_T5: phase = 1.6311287727291528
10.9152 	EXP 	grating_S1_T5: phase = 1.7370225431268802
10.9315 	EXP 	grating_S1_T5: phase = 1.8409164133293088
10.9483 	EXP 	grating_S1_T5: phase = 1.9429526597999667
10.9654 	EXP 	grating_S1_T5: phase = 2.048415975444669
10.9821 	EXP 	grating_S1_T5: phase = 2.15482352189466
10.9987 	EXP 	grating_S1_T5: phase = 2.259504354774385
11.0151 	EXP 	grating_S1_T5: phase = 2.3649012822823265
11.0342 	EXP 	grating_S1_T5: phase = 2.4681550906921834
11.0482 	EXP 	grating_S1_T5: phase = 2.5884622933986496
11.0649 	EXP 	grating_S1_T5: phase = 2.6750972462978964
11.0819 	EXP 	grating_S1_T5: phase = 2.7802978808065895
11.0985 	EXP 	grating_S1_T5: phase = 2.886884699112544
11.1150 	EXP 	grating_S1_T5: phase = 2.9911297553947107
11.1317 	EXP 	grating_S1_T5: phase = 3.0948714154398322
11.1485 	EXP 	grating_S1_T5: phase = 0.06162677582543434
11.1652 	EXP 	grating_S1_T5: phase = 0.1634346599153111
11.1819 	EXP 	grating_S1_T5: phase = 0.2687231522322056
11.1985 	EXP 	grating_S1_T5: phase = 0.37351239518193147
11.2152 	EXP 	grating_S1_T5: phase = 0.4778167207443303
11.2318 	EXP 	grating_S1_T5: phase = 0.58284974502567
11.2478 	EXP 	grating_S1_T5: phase = 0.6867773873548431
11.2651 	EXP 	grating_S1_T5: phase = 0.7879125559262754
11.2817 	EXP 	grating_S1_T5: phase = 0.8963325877815042
11.2984 	EXP 	grating_S1_T5: phase = 1.0007054189174351
11.3145 	EXP 	grating_S1_T5: phase = 1.10530972888396
11.3311 	EXP 	grating_S1_T5: phase = 1.206512184098151
11.3494 	EXP 	grating_S1_T5: phase = 1.311353853963097
11.3646 	EXP 	grating_S1_T5: phase = 1.4260690405853613
11.3814 	EXP 	grating_S1_T5: phase = 1.5215851439687456
11.3979 	EXP 	grating_S1_T5: phase = 1.626888841581859
11.4145 	EXP 	grating_S1_T5: phase = 1.7309869278792789
11.4310 	EXP 	grating_S1_T5: phase = 1.835055269577717
11.4483 	EXP 	grating_S1_T5: phase = 1.9389896914578568
11.4646 	EXP 	grating_S1_T5: phase = 2.0490143860165855
11.4811 	EXP 	grating_S1_T5: phase = 2.149910674169118
11.4984 	EXP 	grating_S1_T5: phase = 2.2537195328761905
11.5150 	EXP 	grating_S1_T5: phase = 2.3620787183569236
11.5318 	EXP 	grating_S1_T5: phase = 2.4664863709204496
11.5484 	EXP 	grating_S1_T5: phase = 2.5720561111581635
11.5645 	EXP 	grating_S1_T5: phase = 2.6763674236173087
11.5818 	EXP 	grating_S1_T5: phase = 2.777530451840636
11.5986 	EXP 	grating_S1_T5: phase = 2.8860579387317986
11.6151 	EXP 	grating_S1_T5: phase = 2.991427597218161
11.6318 	EXP 	grating_S1_T5: phase = 3.0955541526328627
11.6484 	EXP 	grating_S1_T5: phase = 0.05861864430753941
11.6664 	EXP 	grating_S1_T5: phase = 0.16329200021296186
11.6818 	EXP 	grating_S1_T5: phase = 0.276348004946498
11.6985 	EXP 	grating_S1_T5: phase = 0.37287262869308924
11.7151 	EXP 	grating_S1_T5: phase = 0.4779221023453255
11.7318 	EXP 	grating_S1_T5: phase = 0.5824637500902887
11.7478 	EXP 	grating_S1_T5: phase = 0.6873305087031388
11.7645 	EXP 	grating_S1_T5: phase = 0.7879475155767708
11.7818 	EXP 	grating_S1_T5: phase = 0.8939271268301145
11.7979 	EXP 	grating_S1_T5: phase = 1.0014737582361375
11.8146 	EXP 	grating_S1_T5: phase = 1.1034661920475366
11.8312 	EXP 	grating_S1_T5: phase = 1.2071559655428037
11.8479 	EXP 	grating_S1_T5: phase = 1.3116519408253255
11.8647 	EXP 	grating_S1_T5: phase = 1.4170644883439028
11.8818 	EXP 	grating_S1_T5: phase = 1.5230590975705438
11.8982 	EXP 	grating_S1_T5: phase = 1.6294157062416288
11.9149 	EXP 	grating_S1_T5: phase = 1.7326452803848886
11.9316 	EXP 	grating_S1_T5: phase = 1.8373834096398096
11.9482 	EXP 	grating_S1_T5: phase = 1.94253456407603
11.9648 	EXP 	grating_S1_T5: phase = 2.046791929122335
11.9826 	EXP 	grating_S1_T5: phase = 2.151851518693083
11.9981 	EXP 	grating_S1_T5: phase = 2.262809662099417
12.0151 	EXP 	grating_S1_T5: phase = 2.360501337246955
12.0317 	EXP 	grating_S1_T5: phase = 2.467066290070696
12.0483 	EXP 	grating_S1_T5: phase = 2.571277580512094
12.0653 	EXP 	grating_S1_T5: phase = 2.675558714845628
12.0819 	EXP 	grating_S1_T5: phase = 2.7825962448626775
12.0984 	EXP 	grating_S1_T5: phase = 2.888324849157717
12.1154 	EXP 	grating_S1_T5: phase = 2.9902906925358033
12.1323 	EXP 	grating_S1_T5: phase = 3.097141944965072
12.1489 	EXP 	grating_S1_T5: phase = 0.062441020096262234
12.1655 	EXP 	grating_S1_T5: phase = 0.1661328419054212
12.1812 	EXP 	grating_S1_T5: phase = 0.27099410902095694
12.1980 	EXP 	grating_S1_T5: phase = 0.37391646053858973
12.2146 	EXP 	grating_S1_T5: phase = 0.4765099187450674
12.2314 	EXP 	grating_S1_T5: phase = 0.5799889479191304
12.2478 	EXP 	grating_S1_T5: phase = 0.6857867175180393
12.2647 	EXP 	grating_S1_T5: phase = 0.7887771787755733
12.2814 	EXP 	grating_S1_T5: phase = 0.8937442295888532
12.2997 	EXP 	grating_S1_T5: phase = 0.9991905492341752
12.3148 	EXP 	grating_S1_T5: phase = 1.1136414085261452
12.3317 	EXP 	grating_S1_T5: phase = 1.2085685324275985
12.3482 	EXP 	grating_S1_T5: phase = 1.3146310880044778
12.3650 	EXP 	grating_S1_T5: phase = 1.4183262147741589
12.3815 	EXP 	grating_S1_T5: phase = 1.5238542220963862
12.4139 	EXP 	grating_S1_T5: phase = 1.6278456639059207
12.4307 	EXP 	grating_S1_T5: phase = 1.8309948113461902
12.4474 	EXP 	grating_S1_T5: phase = 1.936775873940614
12.4641 	EXP 	grating_S1_T5: phase = 2.0414461008014135
12.4810 	EXP 	grating_S1_T5: phase = 2.1478317126691695
12.4974 	EXP 	grating_S1_T5: phase = 2.2535290267008437
12.5142 	EXP 	grating_S1_T5: phase = 2.3572946319490935
12.5309 	EXP 	grating_S1_T5: phase = 2.4614261887835527
12.5476 	EXP 	grating_S1_T5: phase = 2.5664578621514784
12.5650 	EXP 	grating_S1_T5: phase = 2.671304125030599
12.5810 	EXP 	grating_S1_T5: phase = 2.780684196189604
12.5976 	EXP 	grating_S1_T5: phase = 2.8811648139306527
12.6144 	EXP 	grating_S1_T5: phase = 2.9852459481848093
12.6311 	EXP 	grating_S1_T5: phase = 3.0911572423753304
12.6480 	EXP 	grating_S1_T5: phase = 0.054393390685909156
12.6642 	EXP 	grating_S1_T5: phase = 0.16063851679329802
12.6813 	EXP 	grating_S1_T5: phase = 0.26249255718291276
12.6981 	EXP 	grating_S1_T5: phase = 0.36971081673950157
12.7157 	EXP 	grating_S1_T5: phase = 0.47510724159793394
12.7310 	EXP 	grating_S1_T5: phase = 0.5861204382917442
12.7481 	EXP 	grating_S1_T5: phase = 0.6818296742227314
12.7649 	EXP 	grating_S1_T5: phase = 0.7894610029624526
12.7816 	EXP 	grating_S1_T5: phase = 0.8947727556082332
12.7983 	EXP 	grating_S1_T5: phase = 0.9998239005758007
12.8153 	EXP 	grating_S1_T5: phase = 1.1058974894579756
12.8320 	EXP 	grating_S1_T5: phase = 1.2131773179563008
12.8488 	EXP 	grating_S1_T5: phase = 1.3166783696934063
12.8654 	EXP 	grating_S1_T5: phase = 1.4221015923309308
12.8821 	EXP 	grating_S1_T5: phase = 1.5263474968541446
12.8988 	EXP 	grating_S1_T5: phase = 1.6313738546635133
12.9154 	EXP 	grating_S1_T5: phase = 1.736063691346855
12.9325 	EXP 	grating_S1_T5: phase = 1.840533805049281
12.9487 	EXP 	grating_S1_T5: phase = 1.948208393510943
12.9654 	EXP 	grating_S1_T5: phase = 2.05004866114401
12.9820 	EXP 	grating_S1_T5: phase = 2.1551049394682598
12.9988 	EXP 	grating_S1_T5: phase = 2.25939759089867
13.0157 	EXP 	grating_S1_T5: phase = 2.364432751428993
13.0333 	EXP 	grating_S1_T5: phase = 2.4718674793166424
13.0489 	EXP 	grating_S1_T5: phase = 2.582884810331235
13.0656 	EXP 	grating_S1_T5: phase = 2.6801356257894833
13.0824 	EXP 	grating_S1_T5: phase = 2.7843035748141087
13.0992 	EXP 	grating_S1_T5: phase = 2.889953507352154
13.1157 	EXP 	grating_S1_T5: phase = 2.995215195581122
13.1314 	EXP 	grating_S1_T5: phase = 3.0991034360404774
13.1482 	EXP 	grating_S1_T5: phase = 0.057482129195694565
13.1648 	EXP 	grating_S1_T5: phase = 0.16157964998384444
13.1816 	EXP 	grating_S1_T5: phase = 0.2659757163504732
13.1990 	EXP 	grating_S1_T5: phase = 0.3716331761506301
13.2151 	EXP 	grating_S1_T5: phase = 0.4807598338739484
13.2321 	EXP 	grating_S1_T5: phase = 0.5820425190586112
13.2489 	EXP 	grating_S1_T5: phase = 0.6892606781081563
13.2651 	EXP 	grating_S1_T5: phase = 0.794548787140514
13.2821 	EXP 	grating_S1_T5: phase = 0.896675077933308
13.2988 	EXP 	grating_S1_T5: phase = 1.0029139774041895
13.3152 	EXP 	grating_S1_T5: phase = 1.1078537843397955
13.3323 	EXP 	grating_S1_T5: phase = 1.2110525834411512
13.3495 	EXP 	grating_S1_T5: phase = 1.3189967142846213
13.3654 	EXP 	grating_S1_T5: phase = 1.4269178423642197
13.3822 	EXP 	grating_S1_T5: phase = 1.5264517348875057
13.3988 	EXP 	grating_S1_T5: phase = 1.6321050289369996
13.4155 	EXP 	grating_S1_T5: phase = 1.7361883497508064
13.4323 	EXP 	grating_S1_T5: phase = 1.8412112706398707
13.4490 	EXP 	grating_S1_T5: phase = 1.946651508157562
13.4655 	EXP 	grating_S1_T5: phase = 2.0533812626345247
13.4821 	EXP 	grating_S1_T5: phase = 2.155486774938954
13.4988 	EXP 	grating_S1_T5: phase = 2.2597776733363433
13.5156 	EXP 	grating_S1_T5: phase = 2.364653310101861
13.5322 	EXP 	grating_S1_T5: phase = 2.4700333860964405
13.5482 	EXP 	grating_S1_T5: phase = 2.574587348891518
13.5650 	EXP 	grating_S1_T5: phase = 2.675389395564229
13.5686 	DATA 	Keypress: escape
13.8510 	EXP 	window1: mouseVisible = True
