7.5147 	WARNING 	User requested fullscreen with size [1024  768], but screen is actually [1920, 1080]. Using actual size
8.2238 	EXP 	Created window1 = Window(allowGUI=False, allowStencil=False, args=UNKNOWN, autoLog=True, bitsMode=UNKNOWN, blendMode='avg', color=array([0., 0., 0.]), colorSpace='rgb', fullscr=<method-wrapper '__getattribute__' of attributeSetter object at 0x12d4b6898>, gamma=None, kwargs=UNKNOWN, lms=UNKNOWN, monitor=<psychopy.monitors.calibTools.Monitor object at 0x12fe49a90>, multiSample=False, name='window1', numSamples=2, pos=[0.0, 0.0], screen=0, size=array([1920, 1080]), stereo=False, units='height', useFBO=True, useRetina=False, viewOri=0.0, viewPos=None, viewScale=None, waitBlanking=True, winType='pyglet')
8.4547 	EXP 	Created grating_S1_T5 = GratingStim(__class__=<class 'psychopy.visual.grating.GratingStim'>, autoDraw=False, autoLog=True, blendmode='avg', color=array([1., 1., 1.]), colorSpace='rgb', contrast=1.0, depth=0.0, interpolate=True, mask='circle', maskParams=None, name='grating_S1_T5', opacity=1.0, ori=0.0, phase=array([0., 0.]), pos=array([0., 0.]), rgbPedestal=array([0., 0., 0.]), sf=array([0.6, 0.6]), size=array([3.5, 3.5]), tex='sin', texRes=128, units='deg', win=Window(...))
8.4720 	EXP 	grating_S1_T5: phase = 1.0935997124761343e-05
8.4891 	EXP 	grating_S1_T5: phase = 0.03545819999999367
8.5058 	EXP 	grating_S1_T5: phase = 0.06952808400092181
8.5224 	EXP 	grating_S1_T5: phase = 0.1029122699983418
8.5391 	EXP 	grating_S1_T5: phase = 0.13635517800139496
8.5557 	EXP 	grating_S1_T5: phase = 0.1699622480009566
8.5727 	EXP 	grating_S1_T5: phase = 0.20281190999958199
8.5891 	EXP 	grating_S1_T5: phase = 0.2370795199967688
8.6053 	EXP 	grating_S1_T5: phase = 0.2699333279961138
8.6223 	EXP 	grating_S1_T5: phase = 0.30221243199775927
8.6391 	EXP 	grating_S1_T5: phase = 0.3360931220013299
8.6561 	EXP 	grating_S1_T5: phase = 0.36963595999986865
8.6727 	EXP 	grating_S1_T5: phase = 0.4035056220018305
8.6893 	EXP 	grating_S1_T5: phase = 0.4368843120028032
8.7057 	EXP 	grating_S1_T5: phase = 0.4699837380030658
8.7224 	EXP 	grating_S1_T5: phase = 0.5027271720027784
8.7390 	EXP 	grating_S1_T5: phase = 0.5361756499987678
8.7567 	EXP 	grating_S1_T5: phase = 0.5694460399972741
8.7726 	EXP 	grating_S1_T5: phase = 0.6048083339992445
8.7888 	EXP 	grating_S1_T5: phase = 0.6369716740009608
8.8059 	EXP 	grating_S1_T5: phase = 0.6694275539994123
8.8227 	EXP 	grating_S1_T5: phase = 0.7033528059982928
8.8391 	EXP 	grating_S1_T5: phase = 0.7368485539991525
8.8557 	EXP 	grating_S1_T5: phase = 0.770038091999595
8.8723 	EXP 	grating_S1_T5: phase = 0.8031518279967713
8.8890 	EXP 	grating_S1_T5: phase = 0.8360568720017909
8.9057 	EXP 	grating_S1_T5: phase = 0.8693209280027077
8.9223 	EXP 	grating_S1_T5: phase = 0.9028041299970937
8.9390 	EXP 	grating_S1_T5: phase = 0.9360659939993639
8.9557 	EXP 	grating_S1_T5: phase = 0.9693696019967319
8.9724 	EXP 	grating_S1_T5: phase = 0.0027591960024437867
8.9889 	EXP 	grating_S1_T5: phase = 0.03609511599643156
9.0057 	EXP 	grating_S1_T5: phase = 0.06960421000258066
9.0225 	EXP 	grating_S1_T5: phase = 0.10385672000120394
9.0393 	EXP 	grating_S1_T5: phase = 0.13676253199810162
9.0556 	EXP 	grating_S1_T5: phase = 0.17037070600053994
9.0723 	EXP 	grating_S1_T5: phase = 0.2028570319962455
9.0890 	EXP 	grating_S1_T5: phase = 0.2363678580004489
9.1057 	EXP 	grating_S1_T5: phase = 0.2695115340029588
9.1223 	EXP 	grating_S1_T5: phase = 0.30270730199845275
9.1390 	EXP 	grating_S1_T5: phase = 0.335959146003006
9.1557 	EXP 	grating_S1_T5: phase = 0.36935137399996165
9.1724 	EXP 	grating_S1_T5: phase = 0.40270217399665853
9.1889 	EXP 	grating_S1_T5: phase = 0.4364966259963694
9.2057 	EXP 	grating_S1_T5: phase = 0.4691856360004749
9.2223 	EXP 	grating_S1_T5: phase = 0.502724236001086
9.2390 	EXP 	grating_S1_T5: phase = 0.5360836039981223
9.2557 	EXP 	grating_S1_T5: phase = 0.5693769400022575
9.2725 	EXP 	grating_S1_T5: phase = 0.6028516639998998
9.2889 	EXP 	grating_S1_T5: phase = 0.636305337997328
9.3057 	EXP 	grating_S1_T5: phase = 0.6692495179959224
9.3224 	EXP 	grating_S1_T5: phase = 0.7027770819986472
9.3390 	EXP 	grating_S1_T5: phase = 0.7362718980002683
9.3558 	EXP 	grating_S1_T5: phase = 0.7694042139992234
9.3724 	EXP 	grating_S1_T5: phase = 0.8030597960023442
9.3899 	EXP 	grating_S1_T5: phase = 0.8362629219991504
9.4057 	EXP 	grating_S1_T5: phase = 0.8712142220028909
9.4223 	EXP 	grating_S1_T5: phase = 0.9027978340018308
9.4387 	EXP 	grating_S1_T5: phase = 0.9359842080011731
9.4556 	EXP 	grating_S1_T5: phase = 0.9689003820021753
9.4724 	EXP 	grating_S1_T5: phase = 0.0029872320010326803
9.4894 	EXP 	grating_S1_T5: phase = 0.03659003799839411
9.5055 	EXP 	grating_S1_T5: phase = 0.07063552200270351
9.5217 	EXP 	grating_S1_T5: phase = 0.10249336600099923
9.5393 	EXP 	grating_S1_T5: phase = 0.1347825639968505
9.5558 	EXP 	grating_S1_T5: phase = 0.17009082200092962
9.5725 	EXP 	grating_S1_T5: phase = 0.20295186000294052
9.5890 	EXP 	grating_S1_T5: phase = 0.2363212139971438
9.6056 	EXP 	grating_S1_T5: phase = 0.2694454200027394
9.6222 	EXP 	grating_S1_T5: phase = 0.30267000399908284
9.6391 	EXP 	grating_S1_T5: phase = 0.33587504400202306
9.6556 	EXP 	grating_S1_T5: phase = 0.3696318500005873
9.6723 	EXP 	grating_S1_T5: phase = 0.4027355400030501
9.6889 	EXP 	grating_S1_T5: phase = 0.4362061799984076
9.7067 	EXP 	grating_S1_T5: phase = 0.4693465680029476
9.7224 	EXP 	grating_S1_T5: phase = 0.5047188140015351
9.7390 	EXP 	grating_S1_T5: phase = 0.5361288540007081
9.7557 	EXP 	grating_S1_T5: phase = 0.5695199960027821
9.7724 	EXP 	grating_S1_T5: phase = 0.6027880760011612
9.7889 	EXP 	grating_S1_T5: phase = 0.6361570680019213
9.8057 	EXP 	grating_S1_T5: phase = 0.6692705559980823
9.8223 	EXP 	grating_S1_T5: phase = 0.7032279999984894
9.8389 	EXP 	grating_S1_T5: phase = 0.7360946859989781
9.8557 	EXP 	grating_S1_T5: phase = 0.7697130599990487
9.8724 	EXP 	grating_S1_T5: phase = 0.8029235700014397
9.8890 	EXP 	grating_S1_T5: phase = 0.836161658000492
9.9056 	EXP 	grating_S1_T5: phase = 0.8693684199970448
9.9224 	EXP 	grating_S1_T5: phase = 0.9026650520027033
9.9392 	EXP 	grating_S1_T5: phase = 0.9361455839971313
9.9557 	EXP 	grating_S1_T5: phase = 0.9697831299999962
9.9725 	EXP 	grating_S1_T5: phase = 0.0030173760023899376
9.9890 	EXP 	grating_S1_T5: phase = 0.03643811200163327
10.0057 	EXP 	grating_S1_T5: phase = 0.0696156339981826
10.0234 	EXP 	grating_S1_T5: phase = 0.10279314999934286
10.0392 	EXP 	grating_S1_T5: phase = 0.13829146799980663
10.0558 	EXP 	grating_S1_T5: phase = 0.16984313399734674
10.0724 	EXP 	grating_S1_T5: phase = 0.20294747799925972
10.0890 	EXP 	grating_S1_T5: phase = 0.23621260799700394
10.1059 	EXP 	grating_S1_T5: phase = 0.26949631799652707
10.1225 	EXP 	grating_S1_T5: phase = 0.3031724419997772
10.1390 	EXP 	grating_S1_T5: phase = 0.33675941600085935
10.1557 	EXP 	grating_S1_T5: phase = 0.3695329479960492
10.1724 	EXP 	grating_S1_T5: phase = 0.40284717400209047
10.1889 	EXP 	grating_S1_T5: phase = 0.4362713320006151
10.2056 	EXP 	grating_S1_T5: phase = 0.46939587999804644
10.2222 	EXP 	grating_S1_T5: phase = 0.5028143620002083
10.2390 	EXP 	grating_S1_T5: phase = 0.5360471759995562
10.2557 	EXP 	grating_S1_T5: phase = 0.5695491559963557
10.2723 	EXP 	grating_S1_T5: phase = 0.6029369999960181
10.2891 	EXP 	grating_S1_T5: phase = 0.6362076419973164
10.3057 	EXP 	grating_S1_T5: phase = 0.6697138020026614
10.3222 	EXP 	grating_S1_T5: phase = 0.7028199060005136
10.3399 	EXP 	grating_S1_T5: phase = 0.7359743299966794
10.3556 	EXP 	grating_S1_T5: phase = 0.7712221499969019
10.3723 	EXP 	grating_S1_T5: phase = 0.8027503819976118
10.3890 	EXP 	grating_S1_T5: phase = 0.836153905998799
10.4056 	EXP 	grating_S1_T5: phase = 0.8694022560011945
10.4222 	EXP 	grating_S1_T5: phase = 0.9026693179985159
10.4390 	EXP 	grating_S1_T5: phase = 0.935843079998449
10.4555 	EXP 	grating_S1_T5: phase = 0.9699585839989595
10.4723 	EXP 	grating_S1_T5: phase = 0.002455529996950645
10.4889 	EXP 	grating_S1_T5: phase = 0.036060831997019704
10.5056 	EXP 	grating_S1_T5: phase = 0.06919196999660926
10.5223 	EXP 	grating_S1_T5: phase = 0.10257304999686312
10.5383 	EXP 	grating_S1_T5: phase = 0.13601099199877353
10.5552 	EXP 	grating_S1_T5: phase = 0.16789676000189502
10.5724 	EXP 	grating_S1_T5: phase = 0.20207927800220205
10.5890 	EXP 	grating_S1_T5: phase = 0.2361898020026274
10.6056 	EXP 	grating_S1_T5: phase = 0.2695127560000401
10.6223 	EXP 	grating_S1_T5: phase = 0.30255640399991535
10.6389 	EXP 	grating_S1_T5: phase = 0.3358997899995302
10.6552 	EXP 	grating_S1_T5: phase = 0.3691568099966389
10.6723 	EXP 	grating_S1_T5: phase = 0.4019048920017667
10.6891 	EXP 	grating_S1_T5: phase = 0.43591231999744195
10.7056 	EXP 	grating_S1_T5: phase = 0.4694787179978448
10.7223 	EXP 	grating_S1_T5: phase = 0.5026090820028912
10.7391 	EXP 	grating_S1_T5: phase = 0.5359875739959534
10.7558 	EXP 	grating_S1_T5: phase = 0.5696686439987388
10.7724 	EXP 	grating_S1_T5: phase = 0.6032935920011369
10.7890 	EXP 	grating_S1_T5: phase = 0.6361392300022999
10.8056 	EXP 	grating_S1_T5: phase = 0.6693582980005885
10.8223 	EXP 	grating_S1_T5: phase = 0.7026434919971507
10.8390 	EXP 	grating_S1_T5: phase = 0.7360881420026999
10.8558 	EXP 	grating_S1_T5: phase = 0.7693468180004857
10.8717 	EXP 	grating_S1_T5: phase = 0.8030324999999721
10.8886 	EXP 	grating_S1_T5: phase = 0.8348290099966107
10.9054 	EXP 	grating_S1_T5: phase = 0.8686283439965337
10.9222 	EXP 	grating_S1_T5: phase = 0.9021937119978247
10.9389 	EXP 	grating_S1_T5: phase = 0.9358225499963737
10.9560 	EXP 	grating_S1_T5: phase = 0.9692583400028525
10.9732 	EXP 	grating_S1_T5: phase = 0.0035643200026242994
10.9890 	EXP 	grating_S1_T5: phase = 0.03769620599632617
11.0056 	EXP 	grating_S1_T5: phase = 0.06942577599693323
11.0222 	EXP 	grating_S1_T5: phase = 0.10260120200109668
11.0389 	EXP 	grating_S1_T5: phase = 0.13575756800128147
11.0555 	EXP 	grating_S1_T5: phase = 0.16920661000040127
11.0723 	EXP 	grating_S1_T5: phase = 0.20244254599674605
11.0889 	EXP 	grating_S1_T5: phase = 0.23626844600221375
11.1056 	EXP 	grating_S1_T5: phase = 0.26923599599831505
11.1222 	EXP 	grating_S1_T5: phase = 0.302569699997548
11.1389 	EXP 	grating_S1_T5: phase = 0.3358236999993096
11.1550 	EXP 	grating_S1_T5: phase = 0.36915713000053074
11.1723 	EXP 	grating_S1_T5: phase = 0.40140036399679957
11.1893 	EXP 	grating_S1_T5: phase = 0.4359860819968162
11.2056 	EXP 	grating_S1_T5: phase = 0.46995871199760586
11.2223 	EXP 	grating_S1_T5: phase = 0.5025966940011131
11.2390 	EXP 	grating_S1_T5: phase = 0.5358910099967034
11.2555 	EXP 	grating_S1_T5: phase = 0.5694712699987576
11.2723 	EXP 	grating_S1_T5: phase = 0.6024867119995179
11.2903 	EXP 	grating_S1_T5: phase = 0.6360757160000503
11.3057 	EXP 	grating_S1_T5: phase = 0.6720739480006159
11.3223 	EXP 	grating_S1_T5: phase = 0.7028731140017044
11.3388 	EXP 	grating_S1_T5: phase = 0.7361390899968683
11.3552 	EXP 	grating_S1_T5: phase = 0.7690639080028632
11.3723 	EXP 	grating_S1_T5: phase = 0.8018812059963238
11.3888 	EXP 	grating_S1_T5: phase = 0.8358697500007111
11.4053 	EXP 	grating_S1_T5: phase = 0.869395298002928
11.4218 	EXP 	grating_S1_T5: phase = 0.9021513339976082
11.4389 	EXP 	grating_S1_T5: phase = 0.9349720859972876
11.4553 	EXP 	grating_S1_T5: phase = 0.9692122179985745
11.4720 	EXP 	grating_S1_T5: phase = 0.0019211499966331758
11.4883 	EXP 	grating_S1_T5: phase = 0.03535402799752774
11.5053 	EXP 	grating_S1_T5: phase = 0.06804017999820644
11.5222 	EXP 	grating_S1_T5: phase = 0.10194621799746528
11.5388 	EXP 	grating_S1_T5: phase = 0.13581837200035807
11.5554 	EXP 	grating_S1_T5: phase = 0.16890497799613513
11.5721 	EXP 	grating_S1_T5: phase = 0.2021328379996703
11.5885 	EXP 	grating_S1_T5: phase = 0.23554939000314334
11.6063 	EXP 	grating_S1_T5: phase = 0.2683741259970702
11.6220 	EXP 	grating_S1_T5: phase = 0.30397490399627713
11.6387 	EXP 	grating_S1_T5: phase = 0.33552462000079686
11.6553 	EXP 	grating_S1_T5: phase = 0.3687895100010792
11.6718 	EXP 	grating_S1_T5: phase = 0.4018952420010464
11.6889 	EXP 	grating_S1_T5: phase = 0.43498168799851555
11.7054 	EXP 	grating_S1_T5: phase = 0.4691669379972154
11.7222 	EXP 	grating_S1_T5: phase = 0.5026171220015385
11.7387 	EXP 	grating_S1_T5: phase = 0.5358156160000362
11.7550 	EXP 	grating_S1_T5: phase = 0.5688326359959319
11.7723 	EXP 	grating_S1_T5: phase = 0.601303197996458
11.7888 	EXP 	grating_S1_T5: phase = 0.6359759400002076
11.8051 	EXP 	grating_S1_T5: phase = 0.6689540259976638
11.8222 	EXP 	grating_S1_T5: phase = 0.7017363560007652
11.8383 	EXP 	grating_S1_T5: phase = 0.7356993119974504
11.8557 	EXP 	grating_S1_T5: phase = 0.7680403359991033
11.8720 	EXP 	grating_S1_T5: phase = 0.8027846960030729
11.8885 	EXP 	grating_S1_T5: phase = 0.8352886240027146
11.9052 	EXP 	grating_S1_T5: phase = 0.8683907899976475
11.9228 	EXP 	grating_S1_T5: phase = 0.9016980419983156
11.9390 	EXP 	grating_S1_T5: phase = 0.936993210001674
11.9554 	EXP 	grating_S1_T5: phase = 0.969304402002308
11.9720 	EXP 	grating_S1_T5: phase = 0.0022164600013638847
11.9885 	EXP 	grating_S1_T5: phase = 0.035373118000279646
12.0050 	EXP 	grating_S1_T5: phase = 0.06840631600061897
12.0223 	EXP 	grating_S1_T5: phase = 0.10128323199751321
12.0383 	EXP 	grating_S1_T5: phase = 0.13679348999721697
12.0556 	EXP 	grating_S1_T5: phase = 0.1680654500014498
12.0722 	EXP 	grating_S1_T5: phase = 0.20249660000263248
12.0888 	EXP 	grating_S1_T5: phase = 0.2357706100010546
12.1056 	EXP 	grating_S1_T5: phase = 0.27012071599892806
12.1222 	EXP 	grating_S1_T5: phase = 0.3029256340014399
12.1382 	EXP 	grating_S1_T5: phase = 0.3361006359991734
12.1556 	EXP 	grating_S1_T5: phase = 0.36819156799901975
12.1718 	EXP 	grating_S1_T5: phase = 0.4025571599995601
12.1886 	EXP 	grating_S1_T5: phase = 0.43551425199984806
12.2056 	EXP 	grating_S1_T5: phase = 0.4689858900019317
12.2218 	EXP 	grating_S1_T5: phase = 0.5025835199994617
12.2397 	EXP 	grating_S1_T5: phase = 0.5351954540019506
12.2550 	EXP 	grating_S1_T5: phase = 0.5708447720026015
12.2722 	EXP 	grating_S1_T5: phase = 0.6013822539971443
12.2888 	EXP 	grating_S1_T5: phase = 0.6358788680008729
12.3051 	EXP 	grating_S1_T5: phase = 0.6689122559982934
12.3216 	EXP 	grating_S1_T5: phase = 0.7016166339963092
12.3387 	EXP 	grating_S1_T5: phase = 0.7345410019988776
12.3550 	EXP 	grating_S1_T5: phase = 0.7691570219976711
12.3721 	EXP 	grating_S1_T5: phase = 0.8013150039987522
12.3886 	EXP 	grating_S1_T5: phase = 0.8355121159984265
12.4056 	EXP 	grating_S1_T5: phase = 0.8685588000007556
12.4222 	EXP 	grating_S1_T5: phase = 0.9025963460007915
12.4390 	EXP 	grating_S1_T5: phase = 0.9357347799959825
12.4555 	EXP 	grating_S1_T5: phase = 0.9693428660029895
12.4724 	EXP 	grating_S1_T5: phase = 0.0024511619994882494
12.4889 	EXP 	grating_S1_T5: phase = 0.036106535997532774
12.5054 	EXP 	grating_S1_T5: phase = 0.06913486000121338
12.5217 	EXP 	grating_S1_T5: phase = 0.10215702599816723
12.5389 	EXP 	grating_S1_T5: phase = 0.1348210639989702
12.5567 	EXP 	grating_S1_T5: phase = 0.16928313000244088
12.5723 	EXP 	grating_S1_T5: phase = 0.20481785800075158
12.5888 	EXP 	grating_S1_T5: phase = 0.23600447599892505
12.6050 	EXP 	grating_S1_T5: phase = 0.2690404899985879
12.6226 	EXP 	grating_S1_T5: phase = 0.301303842003108
12.6388 	EXP 	grating_S1_T5: phase = 0.3365990439997404
12.6550 	EXP 	grating_S1_T5: phase = 0.36906321399874287
12.6723 	EXP 	grating_S1_T5: phase = 0.4016256100003375
12.6885 	EXP 	grating_S1_T5: phase = 0.43597882999893045
12.7050 	EXP 	grating_S1_T5: phase = 0.4684190940024564
12.7215 	EXP 	grating_S1_T5: phase = 0.5014698379964102
12.7385 	EXP 	grating_S1_T5: phase = 0.5344566920030047
12.7550 	EXP 	grating_S1_T5: phase = 0.5683826140011661
12.7718 	EXP 	grating_S1_T5: phase = 0.6012995860000956
12.7888 	EXP 	grating_S1_T5: phase = 0.6349144260020694
12.8053 	EXP 	grating_S1_T5: phase = 0.6689858259996981
12.8222 	EXP 	grating_S1_T5: phase = 0.7018883080017986
12.8389 	EXP 	grating_S1_T5: phase = 0.7358184319964494
12.8553 	EXP 	grating_S1_T5: phase = 0.7692108620030922
12.8726 	EXP 	grating_S1_T5: phase = 0.8019454019959085
12.8889 	EXP 	grating_S1_T5: phase = 0.8364919879968511
12.9054 	EXP 	grating_S1_T5: phase = 0.8691445220028982
12.9224 	EXP 	grating_S1_T5: phase = 0.9021355880031479
12.9390 	EXP 	grating_S1_T5: phase = 0.9362484559969744
12.9556 	EXP 	grating_S1_T5: phase = 0.9694145719986409
12.9726 	EXP 	grating_S1_T5: phase = 0.00252160600211937
12.9888 	EXP 	grating_S1_T5: phase = 0.03695275799691444
13.0060 	EXP 	grating_S1_T5: phase = 0.06905939400166972
13.0225 	EXP 	grating_S1_T5: phase = 0.10329709800134879
13.0381 	EXP 	grating_S1_T5: phase = 0.13637026600190438
13.0550 	EXP 	grating_S1_T5: phase = 0.16768627599958563
13.0716 	EXP 	grating_S1_T5: phase = 0.20139728399954038
13.0884 	EXP 	grating_S1_T5: phase = 0.2345595759979915
13.1050 	EXP 	grating_S1_T5: phase = 0.26820811800280353
13.1218 	EXP 	grating_S1_T5: phase = 0.3013476760024787
13.1386 	EXP 	grating_S1_T5: phase = 0.3349368479975965
13.1551 	EXP 	grating_S1_T5: phase = 0.36855710199597524
13.1721 	EXP 	grating_S1_T5: phase = 0.4016170899994904
13.1898 	EXP 	grating_S1_T5: phase = 0.43559560400171904
13.2054 	EXP 	grating_S1_T5: phase = 0.4710081299999729
13.2222 	EXP 	grating_S1_T5: phase = 0.5021015379970777
13.2387 	EXP 	grating_S1_T5: phase = 0.535727713999222
13.2710 	EXP 	grating_S1_T5: phase = 0.5688900460008881
13.2878 	EXP 	grating_S1_T5: phase = 0.6333733580031549
13.3044 	EXP 	grating_S1_T5: phase = 0.6675085559982108
13.3212 	EXP 	grating_S1_T5: phase = 0.700290610002412
13.3379 	EXP 	grating_S1_T5: phase = 0.7337186079967069
13.3546 	EXP 	grating_S1_T5: phase = 0.767259637999814
13.3714 	EXP 	grating_S1_T5: phase = 0.8005314659967553
13.3880 	EXP 	grating_S1_T5: phase = 0.8342972739992547
13.4052 	EXP 	grating_S1_T5: phase = 0.8673363060006523
13.4216 	EXP 	grating_S1_T5: phase = 0.9022986679992755
13.4384 	EXP 	grating_S1_T5: phase = 0.9348117460031062
13.4551 	EXP 	grating_S1_T5: phase = 0.9682932439973229
13.4715 	EXP 	grating_S1_T5: phase = 0.0017344759980915114
13.4883 	EXP 	grating_S1_T5: phase = 0.03431681799702346
13.5055 	EXP 	grating_S1_T5: phase = 0.0679465400025947
13.5217 	EXP 	grating_S1_T5: phase = 0.10297740600071847
13.5387 	EXP 	grating_S1_T5: phase = 0.13487429200176848
13.5556 	EXP 	grating_S1_T5: phase = 0.16879749600047944
13.5718 	EXP 	grating_S1_T5: phase = 0.20296585799951572
13.5893 	EXP 	grating_S1_T5: phase = 0.2349335019971477
13.6057 	EXP 	grating_S1_T5: phase = 0.2699695440023788
13.6221 	EXP 	grating_S1_T5: phase = 0.3033634739986155
13.6397 	EXP 	grating_S1_T5: phase = 0.33574097599921515
13.6549 	EXP 	grating_S1_T5: phase = 0.37114430800284026
13.6726 	EXP 	grating_S1_T5: phase = 0.40140880800026935
13.6892 	EXP 	grating_S1_T5: phase = 0.4371046779997414
13.7058 	EXP 	grating_S1_T5: phase = 0.4699013479985297
13.7224 	EXP 	grating_S1_T5: phase = 0.5033266640020884
13.7396 	EXP 	grating_S1_T5: phase = 0.5366088040027535
13.7558 	EXP 	grating_S1_T5: phase = 0.5711096239974722
13.7725 	EXP 	grating_S1_T5: phase = 0.6030129279970424
13.7886 	EXP 	grating_S1_T5: phase = 0.636402233998524
13.8058 	EXP 	grating_S1_T5: phase = 0.6686180659962702
13.8235 	EXP 	grating_S1_T5: phase = 0.7030280100007076
13.8392 	EXP 	grating_S1_T5: phase = 0.7383007999960682
13.8557 	EXP 	grating_S1_T5: phase = 0.7696872239976074
13.8727 	EXP 	grating_S1_T5: phase = 0.8027268000005279
13.8894 	EXP 	grating_S1_T5: phase = 0.8366921420019935
13.9060 	EXP 	grating_S1_T5: phase = 0.87026417600282
13.9228 	EXP 	grating_S1_T5: phase = 0.9034047800014378
13.9395 	EXP 	grating_S1_T5: phase = 0.9372150580020389
13.9562 	EXP 	grating_S1_T5: phase = 0.9704207999966457
13.9736 	EXP 	grating_S1_T5: phase = 0.003834144001302775
13.9894 	EXP 	grating_S1_T5: phase = 0.03919746199971996
14.0056 	EXP 	grating_S1_T5: phase = 0.07032995799818309
14.0232 	EXP 	grating_S1_T5: phase = 0.10307059600017965
14.0397 	EXP 	grating_S1_T5: phase = 0.13800665800226852
14.0570 	EXP 	grating_S1_T5: phase = 0.17094011200242676
14.0729 	EXP 	grating_S1_T5: phase = 0.20559361200139392
14.0891 	EXP 	grating_S1_T5: phase = 0.23733899000217207
14.1058 	EXP 	grating_S1_T5: phase = 0.2699752780026756
14.1229 	EXP 	grating_S1_T5: phase = 0.3035128940027789
14.1422 	EXP 	grating_S1_T5: phase = 0.33737423199636396
14.1566 	EXP 	grating_S1_T5: phase = 0.37603446999855805
14.1728 	EXP 	grating_S1_T5: phase = 0.404932646000816
14.1895 	EXP 	grating_S1_T5: phase = 0.43750505999923917
14.2065 	EXP 	grating_S1_T5: phase = 0.47073054799693637
14.2225 	EXP 	grating_S1_T5: phase = 0.5047972280008253
14.2394 	EXP 	grating_S1_T5: phase = 0.5369021220030845
14.2561 	EXP 	grating_S1_T5: phase = 0.5713536240000394
14.2732 	EXP 	grating_S1_T5: phase = 0.6043528500013053
14.2894 	EXP 	grating_S1_T5: phase = 0.6382239699960337
14.3071 	EXP 	grating_S1_T5: phase = 0.6701588200012338
14.3223 	EXP 	grating_S1_T5: phase = 0.7060620080010267
14.3395 	EXP 	grating_S1_T5: phase = 0.7364333980003721
14.3550 	EXP 	grating_S1_T5: phase = 0.770343629999843
14.3728 	EXP 	grating_S1_T5: phase = 0.8014119060026133
14.3893 	EXP 	grating_S1_T5: phase = 0.8369344840029953
14.4058 	EXP 	grating_S1_T5: phase = 0.8700617080030497
14.4225 	EXP 	grating_S1_T5: phase = 0.9029284360003658
14.4393 	EXP 	grating_S1_T5: phase = 0.9363226260029478
14.4572 	EXP 	grating_S1_T5: phase = 0.9699733279994689
14.4727 	EXP 	grating_S1_T5: phase = 0.006335222002235241
14.4892 	EXP 	grating_S1_T5: phase = 0.03712941399862757
14.5058 	EXP 	grating_S1_T5: phase = 0.06972411800234113
14.5227 	EXP 	grating_S1_T5: phase = 0.10308581400022376
14.5392 	EXP 	grating_S1_T5: phase = 0.13680989400018007
14.5558 	EXP 	grating_S1_T5: phase = 0.16977642200072296
14.5726 	EXP 	grating_S1_T5: phase = 0.20395012199878693
14.5891 	EXP 	grating_S1_T5: phase = 0.23654399599763565
14.6059 	EXP 	grating_S1_T5: phase = 0.2700630120016285
14.6225 	EXP 	grating_S1_T5: phase = 0.30328849000215996
14.6391 	EXP 	grating_S1_T5: phase = 0.33630798399826745
14.6558 	EXP 	grating_S1_T5: phase = 0.369595391995972
14.6724 	EXP 	grating_S1_T5: phase = 0.40300672999728704
14.6891 	EXP 	grating_S1_T5: phase = 0.43625023999629775
14.7058 	EXP 	grating_S1_T5: phase = 0.46950929000013275
14.7224 	EXP 	grating_S1_T5: phase = 0.5030103760000202
14.7391 	EXP 	grating_S1_T5: phase = 0.5361628940008814
14.7557 	EXP 	grating_S1_T5: phase = 0.5695418960021925
14.7737 	EXP 	grating_S1_T5: phase = 0.6028155399981188
14.7891 	EXP 	grating_S1_T5: phase = 0.6386988899976132
14.8057 	EXP 	grating_S1_T5: phase = 0.6695405779973953
14.8223 	EXP 	grating_S1_T5: phase = 0.7028319020027993
14.8391 	EXP 	grating_S1_T5: phase = 0.7360073759991792
14.8556 	EXP 	grating_S1_T5: phase = 0.7695906320004724
14.8724 	EXP 	grating_S1_T5: phase = 0.8025984299965785
14.8890 	EXP 	grating_S1_T5: phase = 0.836579636001261
14.9057 	EXP 	grating_S1_T5: phase = 0.8693710020015715
14.9223 	EXP 	grating_S1_T5: phase = 0.9027962719992502
14.9391 	EXP 	grating_S1_T5: phase = 0.9360210919985548
14.9557 	EXP 	grating_S1_T5: phase = 0.9695158960021217
14.9727 	EXP 	grating_S1_T5: phase = 0.002768951999314595
14.9892 	EXP 	grating_S1_T5: phase = 0.03688442800194025
15.0063 	EXP 	grating_S1_T5: phase = 0.06982180399791105
15.0228 	EXP 	grating_S1_T5: phase = 0.10476498799835099
15.0396 	EXP 	grating_S1_T5: phase = 0.13760049599659396
15.0559 	EXP 	grating_S1_T5: phase = 0.17069130999880144
15.0730 	EXP 	grating_S1_T5: phase = 0.20337924399791518
15.0914 	EXP 	grating_S1_T5: phase = 0.23774325999693247
15.1059 	EXP 	grating_S1_T5: phase = 0.275160858000163
15.1228 	EXP 	grating_S1_T5: phase = 0.30311070600146195
15.1395 	EXP 	grating_S1_T5: phase = 0.3371640359982848
15.1563 	EXP 	grating_S1_T5: phase = 0.3707240779986023
15.1725 	EXP 	grating_S1_T5: phase = 0.4058108839963097
15.1894 	EXP 	grating_S1_T5: phase = 0.4370576759974938
15.2053 	EXP 	grating_S1_T5: phase = 0.4713585999998031
15.2230 	EXP 	grating_S1_T5: phase = 0.5022445819995482
15.2397 	EXP 	grating_S1_T5: phase = 0.5376341419978417
15.2562 	EXP 	grating_S1_T5: phase = 0.5707844360003946
15.2727 	EXP 	grating_S1_T5: phase = 0.6042157339979894
15.2893 	EXP 	grating_S1_T5: phase = 0.6368669319999753
15.3058 	EXP 	grating_S1_T5: phase = 0.6700385299991467
15.3227 	EXP 	grating_S1_T5: phase = 0.7029435459990054
15.3402 	EXP 	grating_S1_T5: phase = 0.7368383579960209
15.3555 	EXP 	grating_S1_T5: phase = 0.7719217179983389
15.3732 	EXP 	grating_S1_T5: phase = 0.8026362180025899
15.3894 	EXP 	grating_S1_T5: phase = 0.8383641019972856
15.4088 	EXP 	grating_S1_T5: phase = 0.8705778020012076
15.4231 	EXP 	grating_S1_T5: phase = 0.9097225279983832
15.4396 	EXP 	grating_S1_T5: phase = 0.9379271639991202
15.4562 	EXP 	grating_S1_T5: phase = 0.970778025999607
15.4731 	EXP 	grating_S1_T5: phase = 0.004245677999278996
15.4891 	EXP 	grating_S1_T5: phase = 0.038030723997508176
15.5061 	EXP 	grating_S1_T5: phase = 0.06960266800160753
15.5230 	EXP 	grating_S1_T5: phase = 0.10412871599692153
15.5397 	EXP 	grating_S1_T5: phase = 0.13783541200245963
15.5563 	EXP 	grating_S1_T5: phase = 0.17121947200212162
15.5731 	EXP 	grating_S1_T5: phase = 0.20447825599694625
15.5899 	EXP 	grating_S1_T5: phase = 0.23800971799937543
15.6063 	EXP 	grating_S1_T5: phase = 0.2718808759964304
15.6220 	EXP 	grating_S1_T5: phase = 0.30431313999724807
15.6396 	EXP 	grating_S1_T5: phase = 0.33576115799951367
15.6569 	EXP 	grating_S1_T5: phase = 0.371174975996837
15.6731 	EXP 	grating_S1_T5: phase = 0.40563024199946085
15.6895 	EXP 	grating_S1_T5: phase = 0.437599771998066
15.7069 	EXP 	grating_S1_T5: phase = 0.4708367540006293
15.7262 	EXP 	grating_S1_T5: phase = 0.505729047996283
15.7400 	EXP 	grating_S1_T5: phase = 0.5443764020019444
15.7567 	EXP 	grating_S1_T5: phase = 0.5726835320019745
15.7620 	DATA 	Keypress: escape
16.0405 	EXP 	window1: mouseVisible = True
