7.2158 	WARNING 	User requested fullscreen with size [1024  768], but screen is actually [1920, 1080]. Using actual size
7.9197 	EXP 	Created window1 = Window(allowGUI=False, allowStencil=False, args=UNKNOWN, autoLog=True, bitsMode=UNKNOWN, blendMode='avg', color=array([0., 0., 0.]), colorSpace='rgb', fullscr=<method-wrapper '__getattribute__' of attributeSetter object at 0x12ea2d828>, gamma=None, kwargs=UNKNOWN, lms=UNKNOWN, monitor=<psychopy.monitors.calibTools.Monitor object at 0x12f572588>, multiSample=False, name='window1', numSamples=2, pos=[0.0, 0.0], screen=0, size=array([1920, 1080]), stereo=False, units='height', useFBO=True, useRetina=False, viewOri=0.0, viewPos=None, viewScale=None, waitBlanking=True, winType='pyglet')
7.9197 	EXP 	window1: recordFrameIntervals = False
8.0857 	EXP 	window1: recordFrameIntervals = True
8.2693 	EXP 	window1: recordFrameIntervals = False
8.5035 	EXP 	Created grating_S1_T5 = GratingStim(__class__=<class 'psychopy.visual.grating.GratingStim'>, autoDraw=False, autoLog=True, blendmode='avg', color=array([1., 1., 1.]), colorSpace='rgb', contrast=1.0, depth=0.0, interpolate=True, mask='circle', maskParams=None, name='grating_S1_T5', opacity=1.0, ori=0.0, phase=array([0., 0.]), pos=array([0., 0.]), rgbPedestal=array([0., 0., 0.]), sf=array([0.6, 0.6]), size=array([3.5, 3.5]), tex='sin', texRes=128, units='deg', win=Window(...))
8.5193 	EXP 	grating_S1_T5: phase = 2.746499376371503e-06
8.5351 	EXP 	grating_S1_T5: phase = 0.008136812999509857
8.5524 	EXP 	grating_S1_T5: phase = 0.016099141499580583
8.5690 	EXP 	grating_S1_T5: phase = 0.024664886499522254
8.5856 	EXP 	grating_S1_T5: phase = 0.03298255849949783
8.6019 	EXP 	grating_S1_T5: phase = 0.04127303849963937
8.6190 	EXP 	grating_S1_T5: phase = 0.04939916549847112
8.6355 	EXP 	grating_S1_T5: phase = 0.057996455499960575
8.6522 	EXP 	grating_S1_T5: phase = 0.06623024999862537
8.6686 	EXP 	grating_S1_T5: phase = 0.0745846049994725
8.6852 	EXP 	grating_S1_T5: phase = 0.08278812449862016
8.7023 	EXP 	grating_S1_T5: phase = 0.0910549814998376
8.7188 	EXP 	grating_S1_T5: phase = 0.09963080599845853
8.7354 	EXP 	grating_S1_T5: phase = 0.10788118649907119
8.7528 	EXP 	grating_S1_T5: phase = 0.11626562849960465
8.7689 	EXP 	grating_S1_T5: phase = 0.12516106799921545
8.7856 	EXP 	grating_S1_T5: phase = 0.13299566299974686
8.8023 	EXP 	grating_S1_T5: phase = 0.14138187799835578
8.8184 	EXP 	grating_S1_T5: phase = 0.14967036849884607
8.8357 	EXP 	grating_S1_T5: phase = 0.15767420099837182
8.8523 	EXP 	grating_S1_T5: phase = 0.16631791399959184
8.8687 	EXP 	grating_S1_T5: phase = 0.1746887744993728
8.8854 	EXP 	grating_S1_T5: phase = 0.1828318104999198
8.9020 	EXP 	grating_S1_T5: phase = 0.1911502089988062
8.9187 	EXP 	grating_S1_T5: phase = 0.1994986899990181
8.9355 	EXP 	grating_S1_T5: phase = 0.20783607949852012
8.9522 	EXP 	grating_S1_T5: phase = 0.21630683549847163
8.9684 	EXP 	grating_S1_T5: phase = 0.22457125349865237
8.9858 	EXP 	grating_S1_T5: phase = 0.232754559499881
9.0019 	EXP 	grating_S1_T5: phase = 0.2414002494988381
9.0191 	EXP 	grating_S1_T5: phase = 0.24941280349958106
9.0350 	EXP 	grating_S1_T5: phase = 0.2581394359986007
9.0518 	EXP 	grating_S1_T5: phase = 0.26604694849993393
9.0699 	EXP 	grating_S1_T5: phase = 0.2743930990000081
9.0853 	EXP 	grating_S1_T5: phase = 0.283437503998357
9.1019 	EXP 	grating_S1_T5: phase = 0.2911448169998039
9.1183 	EXP 	grating_S1_T5: phase = 0.2994035069987149
9.1356 	EXP 	grating_S1_T5: phase = 0.30764233650006645
9.1521 	EXP 	grating_S1_T5: phase = 0.31626207099907333
9.1691 	EXP 	grating_S1_T5: phase = 0.3246342124984949
9.1849 	EXP 	grating_S1_T5: phase = 0.33345321949855133
9.2023 	EXP 	grating_S1_T5: phase = 0.34094298299896764
9.2190 	EXP 	grating_S1_T5: phase = 0.34962505549992784
9.2356 	EXP 	grating_S1_T5: phase = 0.3579753169997275
9.2519 	EXP 	grating_S1_T5: phase = 0.36626016999980493
9.2691 	EXP 	grating_S1_T5: phase = 0.3744106344984175
9.2848 	EXP 	grating_S1_T5: phase = 0.3830040389984788
9.3022 	EXP 	grating_S1_T5: phase = 0.3908898934987519
9.3189 	EXP 	grating_S1_T5: phase = 0.39959384499888984
9.3356 	EXP 	grating_S1_T5: phase = 0.4079082099997322
9.3521 	EXP 	grating_S1_T5: phase = 0.41628515599950333
9.3684 	EXP 	grating_S1_T5: phase = 0.42450664499847335
9.3863 	EXP 	grating_S1_T5: phase = 0.43264819649994024
9.4016 	EXP 	grating_S1_T5: phase = 0.441601519998585
9.4189 	EXP 	grating_S1_T5: phase = 0.4492649244984932
9.4350 	EXP 	grating_S1_T5: phase = 0.45794761549950636
9.4523 	EXP 	grating_S1_T5: phase = 0.4659594829990965
9.4684 	EXP 	grating_S1_T5: phase = 0.47461669049880584
9.4852 	EXP 	grating_S1_T5: phase = 0.48274191949894885
9.5023 	EXP 	grating_S1_T5: phase = 0.4911771039987798
9.5185 	EXP 	grating_S1_T5: phase = 0.4996188714994787
9.5350 	EXP 	grating_S1_T5: phase = 0.5077327434992185
9.5522 	EXP 	grating_S1_T5: phase = 0.5159765994994814
9.5688 	EXP 	grating_S1_T5: phase = 0.524552084500101
9.5853 	EXP 	grating_S1_T5: phase = 0.5328725389990723
9.6022 	EXP 	grating_S1_T5: phase = 0.541142044499793
9.6189 	EXP 	grating_S1_T5: phase = 0.5495468674998847
9.6355 	EXP 	grating_S1_T5: phase = 0.5579195134996553
9.6521 	EXP 	grating_S1_T5: phase = 0.5662014319987065
9.6689 	EXP 	grating_S1_T5: phase = 0.5746225769999
9.6856 	EXP 	grating_S1_T5: phase = 0.5829623714998888
9.7024 	EXP 	grating_S1_T5: phase = 0.5912776984987431
9.7188 	EXP 	grating_S1_T5: phase = 0.5996534444984718
9.7359 	EXP 	grating_S1_T5: phase = 0.6078925019992312
9.7522 	EXP 	grating_S1_T5: phase = 0.6164049359995261
9.7690 	EXP 	grating_S1_T5: phase = 0.6246004249987891
9.7850 	EXP 	grating_S1_T5: phase = 0.6329792214983172
9.8016 	EXP 	grating_S1_T5: phase = 0.6410479634996591
9.8189 	EXP 	grating_S1_T5: phase = 0.6493696429988631
9.8349 	EXP 	grating_S1_T5: phase = 0.6579076620000706
9.8526 	EXP 	grating_S1_T5: phase = 0.6659215569998196
9.8694 	EXP 	grating_S1_T5: phase = 0.6747642294994876
9.8859 	EXP 	grating_S1_T5: phase = 0.6831515034991753
9.9019 	EXP 	grating_S1_T5: phase = 0.6914432589983335
9.9188 	EXP 	grating_S1_T5: phase = 0.6994328554992535
9.9353 	EXP 	grating_S1_T5: phase = 0.7078839235000487
9.9519 	EXP 	grating_S1_T5: phase = 0.7161004209992825
9.9684 	EXP 	grating_S1_T5: phase = 0.7243962649990863
9.9855 	EXP 	grating_S1_T5: phase = 0.7326861139990797
10.0022 	EXP 	grating_S1_T5: phase = 0.7412191489984252
10.0198 	EXP 	grating_S1_T5: phase = 0.7495562034982868
10.0360 	EXP 	grating_S1_T5: phase = 0.7583538799990492
10.0523 	EXP 	grating_S1_T5: phase = 0.766449016498882
10.0687 	EXP 	grating_S1_T5: phase = 0.7746101724987966
10.0858 	EXP 	grating_S1_T5: phase = 0.782823814499352
10.1022 	EXP 	grating_S1_T5: phase = 0.7913641349987302
10.1189 	EXP 	grating_S1_T5: phase = 0.799585514499995
10.1358 	EXP 	grating_S1_T5: phase = 0.8080016654985229
10.1523 	EXP 	grating_S1_T5: phase = 0.8163532139988092
10.1694 	EXP 	grating_S1_T5: phase = 0.824608716999137
10.1858 	EXP 	grating_S1_T5: phase = 0.8331517964998056
10.2024 	EXP 	grating_S1_T5: phase = 0.841388017999634
10.2185 	EXP 	grating_S1_T5: phase = 0.8497690109998075
10.2355 	EXP 	grating_S1_T5: phase = 0.8577936724996107
10.2527 	EXP 	grating_S1_T5: phase = 0.8663025329988159
10.2694 	EXP 	grating_S1_T5: phase = 0.8748227019987098
10.2859 	EXP 	grating_S1_T5: phase = 0.8831473864993313
10.3018 	EXP 	grating_S1_T5: phase = 0.8914485519999289
10.3183 	EXP 	grating_S1_T5: phase = 0.8993559194987029
10.3362 	EXP 	grating_S1_T5: phase = 0.9076841989990498
10.3517 	EXP 	grating_S1_T5: phase = 0.9165866799994546
10.3686 	EXP 	grating_S1_T5: phase = 0.9243204219983454
10.3852 	EXP 	grating_S1_T5: phase = 0.932805341499261
10.4020 	EXP 	grating_S1_T5: phase = 0.9410981824985356
10.4186 	EXP 	grating_S1_T5: phase = 0.9494836244994076
10.4354 	EXP 	grating_S1_T5: phase = 0.9578151424993848
10.4522 	EXP 	grating_S1_T5: phase = 0.9663798104993475
10.4689 	EXP 	grating_S1_T5: phase = 0.974570357499033
10.4853 	EXP 	grating_S1_T5: phase = 0.9829344189984113
10.5012 	EXP 	grating_S1_T5: phase = 0.9911447159993259
10.5180 	EXP 	grating_S1_T5: phase = 0.9990660044986726
10.5354 	EXP 	grating_S1_T5: phase = 0.007457559499016497
10.5672 	EXP 	grating_S1_T5: phase = 0.016148164999322034
10.5846 	EXP 	grating_S1_T5: phase = 0.03205637599967304
10.6013 	EXP 	grating_S1_T5: phase = 0.04078775800007861
10.6181 	EXP 	grating_S1_T5: phase = 0.04922964799879992
10.6528 	EXP 	grating_S1_T5: phase = 0.057536480999260675
10.6681 	EXP 	grating_S1_T5: phase = 0.07486984399838548
10.6849 	EXP 	grating_S1_T5: phase = 0.08253122449968942
10.7016 	EXP 	grating_S1_T5: phase = 0.09093357450001349
10.7184 	EXP 	grating_S1_T5: phase = 0.09928072199909366
10.7351 	EXP 	grating_S1_T5: phase = 0.10765781449845235
10.7518 	EXP 	grating_S1_T5: phase = 0.11603677599850926
10.7686 	EXP 	grating_S1_T5: phase = 0.12443404599980568
10.7848 	EXP 	grating_S1_T5: phase = 0.13278867099870695
10.8020 	EXP 	grating_S1_T5: phase = 0.1409249929984071
10.8187 	EXP 	grating_S1_T5: phase = 0.14945747749879956
10.8354 	EXP 	grating_S1_T5: phase = 0.15782260599917208
10.8522 	EXP 	grating_S1_T5: phase = 0.16617025149935216
10.8687 	EXP 	grating_S1_T5: phase = 0.17455229599909217
10.8856 	EXP 	grating_S1_T5: phase = 0.1828363084987359
10.9022 	EXP 	grating_S1_T5: phase = 0.19126724349916913
10.9188 	EXP 	grating_S1_T5: phase = 0.19959151249895513
10.9355 	EXP 	grating_S1_T5: phase = 0.2078977519995533
10.9522 	EXP 	grating_S1_T5: phase = 0.21623476849890721
10.9696 	EXP 	grating_S1_T5: phase = 0.2245601214999624
10.9858 	EXP 	grating_S1_T5: phase = 0.23325513300005696
11.0025 	EXP 	grating_S1_T5: phase = 0.24135009799829277
11.0193 	EXP 	grating_S1_T5: phase = 0.2497110784988763
11.0356 	EXP 	grating_S1_T5: phase = 0.2581025644994952
11.0525 	EXP 	grating_S1_T5: phase = 0.26626427299925126
11.0695 	EXP 	grating_S1_T5: phase = 0.27472223399854556
11.0862 	EXP 	grating_S1_T5: phase = 0.28346218149999913
11.1026 	EXP 	grating_S1_T5: phase = 0.29163455849993625
11.1194 	EXP 	grating_S1_T5: phase = 0.2998013219985296
11.1362 	EXP 	grating_S1_T5: phase = 0.3081666604994098
11.1529 	EXP 	grating_S1_T5: phase = 0.31657303149950167
11.1685 	EXP 	grating_S1_T5: phase = 0.3249405164988275
11.1851 	EXP 	grating_S1_T5: phase = 0.33273946799999976
11.2019 	EXP 	grating_S1_T5: phase = 0.3410094599985314
11.2186 	EXP 	grating_S1_T5: phase = 0.3493955254998582
11.2363 	EXP 	grating_S1_T5: phase = 0.35775542599913024
11.2528 	EXP 	grating_S1_T5: phase = 0.36660150549869286
11.2687 	EXP 	grating_S1_T5: phase = 0.3748999339986767
11.2868 	EXP 	grating_S1_T5: phase = 0.3829407564990106
11.3021 	EXP 	grating_S1_T5: phase = 0.39185934550005186
11.3190 	EXP 	grating_S1_T5: phase = 0.39964160049930797
11.3359 	EXP 	grating_S1_T5: phase = 0.4079835874999844
11.3525 	EXP 	grating_S1_T5: phase = 0.4164019344989356
11.3691 	EXP 	grating_S1_T5: phase = 0.4247935464991315
11.3858 	EXP 	grating_S1_T5: phase = 0.4330204714988213
11.4026 	EXP 	grating_S1_T5: phase = 0.44144607599992014
11.4193 	EXP 	grating_S1_T5: phase = 0.44977815299898793
11.4360 	EXP 	grating_S1_T5: phase = 0.45812425349868136
11.4525 	EXP 	grating_S1_T5: phase = 0.4664607464983419
11.4694 	EXP 	grating_S1_T5: phase = 0.4747177164990717
11.4859 	EXP 	grating_S1_T5: phase = 0.4831770434993814
11.5027 	EXP 	grating_S1_T5: phase = 0.4914416164992872
11.5193 	EXP 	grating_S1_T5: phase = 0.499800839499585
11.5363 	EXP 	grating_S1_T5: phase = 0.5081171254987566
11.5525 	EXP 	grating_S1_T5: phase = 0.5166351954994752
11.5694 	EXP 	grating_S1_T5: phase = 0.5247129229992424
11.5861 	EXP 	grating_S1_T5: phase = 0.5331965559998935
11.6038 	EXP 	grating_S1_T5: phase = 0.541497377498672
11.6194 	EXP 	grating_S1_T5: phase = 0.5503753869998036
11.6359 	EXP 	grating_S1_T5: phase = 0.5581698689984478
11.6527 	EXP 	grating_S1_T5: phase = 0.56643528099994
11.6692 	EXP 	grating_S1_T5: phase = 0.5748005934983667
11.6858 	EXP 	grating_S1_T5: phase = 0.5830844969987083
11.7027 	EXP 	grating_S1_T5: phase = 0.5914167889986857
11.7193 	EXP 	grating_S1_T5: phase = 0.5998785899992072
11.7359 	EXP 	grating_S1_T5: phase = 0.6081050754983153
11.7526 	EXP 	grating_S1_T5: phase = 0.6164443704983569
11.7693 	EXP 	grating_S1_T5: phase = 0.6247578499987867
11.7860 	EXP 	grating_S1_T5: phase = 0.6331317959993612
11.8025 	EXP 	grating_S1_T5: phase = 0.6414925849985593
11.8191 	EXP 	grating_S1_T5: phase = 0.6497620219997771
11.8361 	EXP 	grating_S1_T5: phase = 0.6582937374987523
11.8525 	EXP 	grating_S1_T5: phase = 0.666639449998911
11.8694 	EXP 	grating_S1_T5: phase = 0.674835035999422
11.8860 	EXP 	grating_S1_T5: phase = 0.6832183039987285
11.9024 	EXP 	grating_S1_T5: phase = 0.6914708935000817
11.9203 	EXP 	grating_S1_T5: phase = 0.6996843844990508
11.9356 	EXP 	grating_S1_T5: phase = 0.7086214754999673
11.9525 	EXP 	grating_S1_T5: phase = 0.716291133499908
11.9691 	EXP 	grating_S1_T5: phase = 0.7246982540000317
11.9858 	EXP 	grating_S1_T5: phase = 0.7330233134998707
12.0023 	EXP 	grating_S1_T5: phase = 0.7413678579996485
12.0191 	EXP 	grating_S1_T5: phase = 0.7496460214988474
12.0354 	EXP 	grating_S1_T5: phase = 0.7582725699994626
12.0525 	EXP 	grating_S1_T5: phase = 0.7662614024993673
12.0687 	EXP 	grating_S1_T5: phase = 0.7747351250000065
12.0857 	EXP 	grating_S1_T5: phase = 0.7828195184993092
12.1024 	EXP 	grating_S1_T5: phase = 0.7913192309988517
12.1191 	EXP 	grating_S1_T5: phase = 0.7996551509986602
12.1357 	EXP 	grating_S1_T5: phase = 0.8080336339990026
12.1524 	EXP 	grating_S1_T5: phase = 0.8163088684996183
12.1691 	EXP 	grating_S1_T5: phase = 0.8247025924993068
12.1857 	EXP 	grating_S1_T5: phase = 0.8330093404983927
12.2024 	EXP 	grating_S1_T5: phase = 0.8413551374997041
12.2191 	EXP 	grating_S1_T5: phase = 0.8496783519985911
12.2367 	EXP 	grating_S1_T5: phase = 0.8580075124991708
12.2525 	EXP 	grating_S1_T5: phase = 0.8668312794998201
12.2690 	EXP 	grating_S1_T5: phase = 0.8747022839997953
12.2859 	EXP 	grating_S1_T5: phase = 0.8829800099993008
12.3024 	EXP 	grating_S1_T5: phase = 0.8914046014997439
12.3192 	EXP 	grating_S1_T5: phase = 0.8997178139998141
12.3358 	EXP 	grating_S1_T5: phase = 0.9080578759985656
12.3524 	EXP 	grating_S1_T5: phase = 0.9164474889985286
12.3692 	EXP 	grating_S1_T5: phase = 0.9247040209993429
12.3857 	EXP 	grating_S1_T5: phase = 0.933057430498593
12.4023 	EXP 	grating_S1_T5: phase = 0.9413413199999923
12.4191 	EXP 	grating_S1_T5: phase = 0.9496451129998604
12.4357 	EXP 	grating_S1_T5: phase = 0.9580056934992172
12.4523 	EXP 	grating_S1_T5: phase = 0.9663277544987068
12.4691 	EXP 	grating_S1_T5: phase = 0.9746211874989967
12.4857 	EXP 	grating_S1_T5: phase = 0.9830138859997533
12.5023 	EXP 	grating_S1_T5: phase = 0.9913191724990611
12.5190 	EXP 	grating_S1_T5: phase = 0.9996223099988129
12.5354 	EXP 	grating_S1_T5: phase = 0.008015010998860816
12.5531 	EXP 	grating_S1_T5: phase = 0.01618803949895664
12.5691 	EXP 	grating_S1_T5: phase = 0.025014392498633242
12.5857 	EXP 	grating_S1_T5: phase = 0.033025692999217426
12.6024 	EXP 	grating_S1_T5: phase = 0.04130066549987532
12.6190 	EXP 	grating_S1_T5: phase = 0.04965596999863919
12.6359 	EXP 	grating_S1_T5: phase = 0.0579913490000763
12.6525 	EXP 	grating_S1_T5: phase = 0.06643967599848111
12.6691 	EXP 	grating_S1_T5: phase = 0.07480037699860986
12.6857 	EXP 	grating_S1_T5: phase = 0.08303703849924204
12.7023 	EXP 	grating_S1_T5: phase = 0.09132447499905538
12.7190 	EXP 	grating_S1_T5: phase = 0.09963749399867083
12.7358 	EXP 	grating_S1_T5: phase = 0.10807629749979242
12.7523 	EXP 	grating_S1_T5: phase = 0.1163919899991015
12.7691 	EXP 	grating_S1_T5: phase = 0.12465373349914444
12.7857 	EXP 	grating_S1_T5: phase = 0.13304557499941438
12.8023 	EXP 	grating_S1_T5: phase = 0.14134677499896497
12.8191 	EXP 	grating_S1_T5: phase = 0.14962362999904144
12.8358 	EXP 	grating_S1_T5: phase = 0.15807790599865257
12.8524 	EXP 	grating_S1_T5: phase = 0.1663649924994388
12.8700 	EXP 	grating_S1_T5: phase = 0.17466073149989825
12.8856 	EXP 	grating_S1_T5: phase = 0.1834971054995549
12.9023 	EXP 	grating_S1_T5: phase = 0.19129646249893995
12.9190 	EXP 	grating_S1_T5: phase = 0.19964078399971186
12.9356 	EXP 	grating_S1_T5: phase = 0.20797766849864274
12.9523 	EXP 	grating_S1_T5: phase = 0.21630290599932778
12.9691 	EXP 	grating_S1_T5: phase = 0.22463257949857507
12.9856 	EXP 	grating_S1_T5: phase = 0.2331172995000088
13.0023 	EXP 	grating_S1_T5: phase = 0.24130352499923902
13.0191 	EXP 	grating_S1_T5: phase = 0.24964505299976736
13.0356 	EXP 	grating_S1_T5: phase = 0.2580409714992129
13.0523 	EXP 	grating_S1_T5: phase = 0.26630382599978475
13.0692 	EXP 	grating_S1_T5: phase = 0.274656468498506
13.0858 	EXP 	grating_S1_T5: phase = 0.2830903694994049
13.1024 	EXP 	grating_S1_T5: phase = 0.29137211150009534
13.1190 	EXP 	grating_S1_T5: phase = 0.29973850850001327
13.1357 	EXP 	grating_S1_T5: phase = 0.3080071569984284
13.1525 	EXP 	grating_S1_T5: phase = 0.3165100969999912
13.1693 	EXP 	grating_S1_T5: phase = 0.32473771900004067
13.1868 	EXP 	grating_S1_T5: phase = 0.33311401499850035
13.2024 	EXP 	grating_S1_T5: phase = 0.3418786244983494
13.2200 	EXP 	grating_S1_T5: phase = 0.34973191949939064
13.2361 	EXP 	grating_S1_T5: phase = 0.35870364449874614
13.2529 	EXP 	grating_S1_T5: phase = 0.36663485349890834
13.2700 	EXP 	grating_S1_T5: phase = 0.37506332699922496
13.2859 	EXP 	grating_S1_T5: phase = 0.3835727789992234
13.3024 	EXP 	grating_S1_T5: phase = 0.39157290999901306
13.3194 	EXP 	grating_S1_T5: phase = 0.399714822498936
13.3357 	EXP 	grating_S1_T5: phase = 0.4082525114990858
13.3524 	EXP 	grating_S1_T5: phase = 0.4163551399997232
13.3699 	EXP 	grating_S1_T5: phase = 0.42469342649928876
13.3857 	EXP 	grating_S1_T5: phase = 0.43354982099845074
13.4029 	EXP 	grating_S1_T5: phase = 0.4413206794997677
13.4193 	EXP 	grating_S1_T5: phase = 0.45000760949915275
13.4362 	EXP 	grating_S1_T5: phase = 0.4581441584996355
13.4526 	EXP 	grating_S1_T5: phase = 0.46664462099943194
13.4692 	EXP 	grating_S1_T5: phase = 0.4747992289994727
13.4860 	EXP 	grating_S1_T5: phase = 0.48310640299860097
13.5043 	EXP 	grating_S1_T5: phase = 0.49158740199891326
13.5187 	EXP 	grating_S1_T5: phase = 0.500642817998596
13.5361 	EXP 	grating_S1_T5: phase = 0.5078794274995744
13.5532 	EXP 	grating_S1_T5: phase = 0.5166277529988292
13.5688 	EXP 	grating_S1_T5: phase = 0.5251693194986728
13.5857 	EXP 	grating_S1_T5: phase = 0.5329314994996821
13.6023 	EXP 	grating_S1_T5: phase = 0.5413126659987029
13.6190 	EXP 	grating_S1_T5: phase = 0.5497568764985772
13.6357 	EXP 	grating_S1_T5: phase = 0.5580263100000593
13.6523 	EXP 	grating_S1_T5: phase = 0.5663238589986577
13.6691 	EXP 	grating_S1_T5: phase = 0.5746325244999753
13.6855 	EXP 	grating_S1_T5: phase = 0.5830512599986832
13.7024 	EXP 	grating_S1_T5: phase = 0.5912686669998948
13.7190 	EXP 	grating_S1_T5: phase = 0.5996968164999998
13.7357 	EXP 	grating_S1_T5: phase = 0.6079956489993492
13.7524 	EXP 	grating_S1_T5: phase = 0.6163447779999842
13.7691 	EXP 	grating_S1_T5: phase = 0.6247135599987814
13.7863 	EXP 	grating_S1_T5: phase = 0.6330598549993738
13.8024 	EXP 	grating_S1_T5: phase = 0.6417522024985374
13.8201 	EXP 	grating_S1_T5: phase = 0.6497302949992445
13.8359 	EXP 	grating_S1_T5: phase = 0.6585717534999276
13.8527 	EXP 	grating_S1_T5: phase = 0.666492369999105
13.8697 	EXP 	grating_S1_T5: phase = 0.6748852994987828
13.8866 	EXP 	grating_S1_T5: phase = 0.6834113314998831
13.9030 	EXP 	grating_S1_T5: phase = 0.6919342189994495
13.9199 	EXP 	grating_S1_T5: phase = 0.7000559594998776
13.9362 	EXP 	grating_S1_T5: phase = 0.7086754954998469
13.9530 	EXP 	grating_S1_T5: phase = 0.7166441604986176
13.9697 	EXP 	grating_S1_T5: phase = 0.7250581274984143
13.9860 	EXP 	grating_S1_T5: phase = 0.7333946124999784
14.0029 	EXP 	grating_S1_T5: phase = 0.74153900949932
14.0196 	EXP 	grating_S1_T5: phase = 0.7500662284983264
14.0352 	EXP 	grating_S1_T5: phase = 0.7584068844989815
14.0529 	EXP 	grating_S1_T5: phase = 0.7661942079994333
14.0693 	EXP 	grating_S1_T5: phase = 0.7749648194985639
14.0855 	EXP 	grating_S1_T5: phase = 0.7831762809983047
14.1029 	EXP 	grating_S1_T5: phase = 0.7912039579987322
14.1197 	EXP 	grating_S1_T5: phase = 0.7999822434994712
14.1381 	EXP 	grating_S1_T5: phase = 0.8083611894999194
14.1523 	EXP 	grating_S1_T5: phase = 0.8175205454990646
14.1692 	EXP 	grating_S1_T5: phase = 0.8246127669990528
14.1858 	EXP 	grating_S1_T5: phase = 0.8330699379985163
14.2023 	EXP 	grating_S1_T5: phase = 0.8413612204985839
14.2191 	EXP 	grating_S1_T5: phase = 0.8496340204983426
14.2358 	EXP 	grating_S1_T5: phase = 0.8580106894987694
14.2523 	EXP 	grating_S1_T5: phase = 0.8664315989990428
14.2691 	EXP 	grating_S1_T5: phase = 0.8746215969986224
14.2856 	EXP 	grating_S1_T5: phase = 0.8830305884985137
14.3023 	EXP 	grating_S1_T5: phase = 0.8912477979993128
14.3191 	EXP 	grating_S1_T5: phase = 0.8996334599996771
14.3356 	EXP 	grating_S1_T5: phase = 0.9080157034986769
14.3523 	EXP 	grating_S1_T5: phase = 0.916280123499746
14.3690 	EXP 	grating_S1_T5: phase = 0.9246390629996313
14.3856 	EXP 	grating_S1_T5: phase = 0.9329853684994305
14.4025 	EXP 	grating_S1_T5: phase = 0.9412514269988606
14.4190 	EXP 	grating_S1_T5: phase = 0.9497104559995933
14.4358 	EXP 	grating_S1_T5: phase = 0.9579607209998358
14.4528 	EXP 	grating_S1_T5: phase = 0.9663470964987937
14.4689 	EXP 	grating_S1_T5: phase = 0.9748522994996165
14.4855 	EXP 	grating_S1_T5: phase = 0.9829309829983686
14.5024 	EXP 	grating_S1_T5: phase = 0.9912378074986918
14.5189 	EXP 	grating_S1_T5: phase = 0.9996645124992938
14.5354 	EXP 	grating_S1_T5: phase = 0.007927789498353377
14.5522 	EXP 	grating_S1_T5: phase = 0.01619148099962331
14.5691 	EXP 	grating_S1_T5: phase = 0.024658501999510918
14.5856 	EXP 	grating_S1_T5: phase = 0.03301689949876163
14.6023 	EXP 	grating_S1_T5: phase = 0.0412592719985696
14.6189 	EXP 	grating_S1_T5: phase = 0.04963232849877386
14.6358 	EXP 	grating_S1_T5: phase = 0.05792746949919092
14.6523 	EXP 	grating_S1_T5: phase = 0.06634911699984514
14.6684 	EXP 	grating_S1_T5: phase = 0.07473390199993446
14.6857 	EXP 	grating_S1_T5: phase = 0.08266587049911323
14.7023 	EXP 	grating_S1_T5: phase = 0.0913027874994441
14.7191 	EXP 	grating_S1_T5: phase = 0.09961186999862548
14.7356 	EXP 	grating_S1_T5: phase = 0.1080661814994528
14.7523 	EXP 	grating_S1_T5: phase = 0.11628591749831685
14.7714 	EXP 	grating_S1_T5: phase = 0.12461481799982721
14.7860 	EXP 	grating_S1_T5: phase = 0.13437846649867424
14.8023 	EXP 	grating_S1_T5: phase = 0.14148019599997497
14.8191 	EXP 	grating_S1_T5: phase = 0.14985350249844487
14.8355 	EXP 	grating_S1_T5: phase = 0.15810119899833808
14.8527 	EXP 	grating_S1_T5: phase = 0.16624603999844112
14.8695 	EXP 	grating_S1_T5: phase = 0.1748927509997884
14.8858 	EXP 	grating_S1_T5: phase = 0.18334685349873325
14.9027 	EXP 	grating_S1_T5: phase = 0.19170351149841736
14.9193 	EXP 	grating_S1_T5: phase = 0.19990470049924625
14.9361 	EXP 	grating_S1_T5: phase = 0.20827687099881587
14.9531 	EXP 	grating_S1_T5: phase = 0.21663543499926163
14.9699 	EXP 	grating_S1_T5: phase = 0.22510083449924423
14.9849 	EXP 	grating_S1_T5: phase = 0.23358451499916555
14.9966 	EXP 	grating_S1_T5: phase = 0.24101121399871772
15.0133 	EXP 	grating_S1_T5: phase = 0.24675215099887282
15.0301 	EXP 	grating_S1_T5: phase = 0.255163089999769
15.0467 	EXP 	grating_S1_T5: phase = 0.26353958349864115
15.0631 	EXP 	grating_S1_T5: phase = 0.2718949544996576
15.0803 	EXP 	grating_S1_T5: phase = 0.28006141999867395
15.0969 	EXP 	grating_S1_T5: phase = 0.28894152799875883
15.1138 	EXP 	grating_S1_T5: phase = 0.2969715125000221
15.1304 	EXP 	grating_S1_T5: phase = 0.3054499934987689
15.1476 	EXP 	grating_S1_T5: phase = 0.3136844709988509
15.1647 	EXP 	grating_S1_T5: phase = 0.3223208234994672
15.1813 	EXP 	grating_S1_T5: phase = 0.33105831049942935
15.1973 	EXP 	grating_S1_T5: phase = 0.339260116999867
15.2140 	EXP 	grating_S1_T5: phase = 0.34725747650009
15.2308 	EXP 	grating_S1_T5: phase = 0.3555599994997465
15.2471 	EXP 	grating_S1_T5: phase = 0.36395297049966757
15.2642 	EXP 	grating_S1_T5: phase = 0.3721078149992536
15.2810 	EXP 	grating_S1_T5: phase = 0.38064334349837736
15.3001 	EXP 	grating_S1_T5: phase = 0.3890926349995425
15.3148 	EXP 	grating_S1_T5: phase = 0.39855131349941075
15.3315 	EXP 	grating_S1_T5: phase = 0.4059928279984888
15.3484 	EXP 	grating_S1_T5: phase = 0.4142685939987132
15.3638 	EXP 	grating_S1_T5: phase = 0.4228003879998141
15.3818 	EXP 	grating_S1_T5: phase = 0.43049637749936664
15.3985 	EXP 	grating_S1_T5: phase = 0.4395319514987932
15.4151 	EXP 	grating_S1_T5: phase = 0.44785810449866403
15.4314 	EXP 	grating_S1_T5: phase = 0.456123480498718
15.4490 	EXP 	grating_S1_T5: phase = 0.46429232899936324
15.4653 	EXP 	grating_S1_T5: phase = 0.4730710009989707
15.4821 	EXP 	grating_S1_T5: phase = 0.481142684498991
15.4986 	EXP 	grating_S1_T5: phase = 0.4895653494986618
15.5146 	EXP 	grating_S1_T5: phase = 0.49781989449911634
15.5314 	EXP 	grating_S1_T5: phase = 0.505921911499172
15.5508 	EXP 	grating_S1_T5: phase = 0.5144093094986601
15.5653 	EXP 	grating_S1_T5: phase = 0.5240391024999553
15.5820 	EXP 	grating_S1_T5: phase = 0.5313716724995174
15.5993 	EXP 	grating_S1_T5: phase = 0.5395687429991085
15.6182 	EXP 	grating_S1_T5: phase = 0.5482553464989905
15.6326 	EXP 	grating_S1_T5: phase = 0.5576746464994358
15.6487 	EXP 	grating_S1_T5: phase = 0.5648612694985786
15.6657 	EXP 	grating_S1_T5: phase = 0.5729033534989867
15.6822 	EXP 	grating_S1_T5: phase = 0.5814087534999999
15.6991 	EXP 	grating_S1_T5: phase = 0.5897302089997538
15.7156 	EXP 	grating_S1_T5: phase = 0.5981804154998827
15.7365 	EXP 	grating_S1_T5: phase = 0.6064908304997516
15.7529 	EXP 	grating_S1_T5: phase = 0.6167681854985858
15.7700 	EXP 	grating_S1_T5: phase = 0.6250619189995632
15.7857 	EXP 	grating_S1_T5: phase = 0.6336573124990537
15.8032 	EXP 	grating_S1_T5: phase = 0.6413812829996459
15.8187 	EXP 	grating_S1_T5: phase = 0.6501675459985563
15.8363 	EXP 	grating_S1_T5: phase = 0.6578135739982827
15.8528 	EXP 	grating_S1_T5: phase = 0.6668147604996193
15.8699 	EXP 	grating_S1_T5: phase = 0.6750104804996226
15.8861 	EXP 	grating_S1_T5: phase = 0.6835951549983292
15.9029 	EXP 	grating_S1_T5: phase = 0.69157210549929
15.9191 	EXP 	grating_S1_T5: phase = 0.6999410154985526
15.9359 	EXP 	grating_S1_T5: phase = 0.7080331864999607
15.9525 	EXP 	grating_S1_T5: phase = 0.7164243355000508
15.9694 	EXP 	grating_S1_T5: phase = 0.7247347839984286
15.9857 	EXP 	grating_S1_T5: phase = 0.7331969084989396
16.0026 	EXP 	grating_S1_T5: phase = 0.7414116464988183
16.0193 	EXP 	grating_S1_T5: phase = 0.7498758099991392
16.0361 	EXP 	grating_S1_T5: phase = 0.7581922709996434
16.0532 	EXP 	grating_S1_T5: phase = 0.7667518504986219
16.0694 	EXP 	grating_S1_T5: phase = 0.775147508498776
16.0863 	EXP 	grating_S1_T5: phase = 0.7833311294998566
16.1033 	EXP 	grating_S1_T5: phase = 0.7916780799987464
16.1192 	EXP 	grating_S1_T5: phase = 0.8002911949988629
16.1367 	EXP 	grating_S1_T5: phase = 0.8082587179997063
16.1666 	EXP 	grating_S1_T5: phase = 0.8169518154991238
16.1865 	EXP 	grating_S1_T5: phase = 0.8318198489996576
16.2024 	EXP 	grating_S1_T5: phase = 0.8418348790000891
16.2198 	EXP 	grating_S1_T5: phase = 0.8498548304996802
16.2364 	EXP 	grating_S1_T5: phase = 0.8586021104983956
16.2560 	EXP 	grating_S1_T5: phase = 0.8667666849996749
16.2688 	EXP 	grating_S1_T5: phase = 0.8765884764998191
16.2867 	EXP 	grating_S1_T5: phase = 0.8830425674987055
16.3035 	EXP 	grating_S1_T5: phase = 0.8919077464997827
16.3188 	EXP 	grating_S1_T5: phase = 0.9004158524985542
16.3364 	EXP 	grating_S1_T5: phase = 0.9079686579989357
16.3532 	EXP 	grating_S1_T5: phase = 0.9167689839996456
16.3692 	EXP 	grating_S1_T5: phase = 0.925246076498297
16.3863 	EXP 	grating_S1_T5: phase = 0.9332441654987633
16.4026 	EXP 	grating_S1_T5: phase = 0.9417726854990178
16.4201 	EXP 	grating_S1_T5: phase = 0.9498455679986364
16.4360 	EXP 	grating_S1_T5: phase = 0.9586580854993372
16.4536 	EXP 	grating_S1_T5: phase = 0.9666305779992399
16.4688 	EXP 	grating_S1_T5: phase = 0.9754675994990976
16.4856 	EXP 	grating_S1_T5: phase = 0.9828958734997286
16.5029 	EXP 	grating_S1_T5: phase = 0.9913249399996857
16.5196 	EXP 	grating_S1_T5: phase = 3.2090500099002384e-05
16.5364 	EXP 	grating_S1_T5: phase = 0.008444105498710996
16.5530 	EXP 	grating_S1_T5: phase = 0.01671362299930479
16.5851 	EXP 	grating_S1_T5: phase = 0.02506353399985528
16.6021 	EXP 	grating_S1_T5: phase = 0.0412266629991791
16.6347 	EXP 	grating_S1_T5: phase = 0.049670227999740746
16.6404 	DATA 	Keypress: escape
16.6528 	EXP 	grating_S1_T5: phase = 0.06597726499967393
16.9368 	EXP 	window1: mouseVisible = True
