6.7110 	WARNING 	User requested fullscreen with size [1024  768], but screen is actually [1920, 1080]. Using actual size
7.4457 	EXP 	Created window1 = Window(allowGUI=False, allowStencil=False, args=UNKNOWN, autoLog=True, bitsMode=UNKNOWN, blendMode='avg', color=array([0., 0., 0.]), colorSpace='rgb', fullscr=<method-wrapper '__getattribute__' of attributeSetter object at 0x12eb33898>, gamma=None, kwargs=UNKNOWN, lms=UNKNOWN, monitor=<psychopy.monitors.calibTools.Monitor object at 0x12f645a90>, multiSample=False, name='window1', numSamples=2, pos=[0.0, 0.0], screen=0, size=array([1920, 1080]), stereo=False, units='height', useFBO=True, useRetina=False, viewOri=0.0, viewPos=None, viewScale=None, waitBlanking=True, winType='pyglet')
7.4457 	EXP 	window1: recordFrameIntervals = False
7.6116 	EXP 	window1: recordFrameIntervals = True
7.7962 	EXP 	window1: recordFrameIntervals = False
8.0297 	EXP 	Created grating_S1_T5 = GratingStim(__class__=<class 'psychopy.visual.grating.GratingStim'>, autoDraw=False, autoLog=True, blendmode='avg', color=array([1., 1., 1.]), colorSpace='rgb', contrast=1.0, depth=0.0, interpolate=True, mask='circle', maskParams=None, name='grating_S1_T5', opacity=1.0, ori=0.0, phase=array([0., 0.]), pos=array([0., 0.]), rgbPedestal=array([0., 0., 0.]), sf=array([0.6, 0.6]), size=array([3.5, 3.5]), tex='sin', texRes=128, units='deg', win=Window(...))
8.0465 	EXP 	grating_S1_T5: phase = 0.001972800091607496
8.0631 	EXP 	grating_S1_T5: phase = 6.217117560154293
8.0797 	EXP 	grating_S1_T5: phase = 12.180640680453507
8.0964 	EXP 	grating_S1_T5: phase = 18.16028316054144
8.1132 	EXP 	grating_S1_T5: phase = 24.147984959708992
8.1299 	EXP 	grating_S1_T5: phase = 30.271497479989193
8.1466 	EXP 	grating_S1_T5: phase = 36.21419820046867
8.1633 	EXP 	grating_S1_T5: phase = 42.59416248067282
8.1800 	EXP 	grating_S1_T5: phase = 48.23918496011174
8.1968 	EXP 	grating_S1_T5: phase = 54.249620400660206
8.2135 	EXP 	grating_S1_T5: phase = 60.30681336080306
8.2301 	EXP 	grating_S1_T5: phase = 66.31585667986656
8.2469 	EXP 	grating_S1_T5: phase = 72.36770796051132
8.2636 	EXP 	grating_S1_T5: phase = 78.3362969996233
8.2807 	EXP 	grating_S1_T5: phase = 84.40820208052173
8.2973 	EXP 	grating_S1_T5: phase = 90.49681836084346
8.3138 	EXP 	grating_S1_T5: phase = 96.48306899980525
8.3305 	EXP 	grating_S1_T5: phase = 102.45624588016653
8.3472 	EXP 	grating_S1_T5: phase = 108.43425864062738
8.3639 	EXP 	grating_S1_T5: phase = 114.43845852016238
8.3806 	EXP 	grating_S1_T5: phase = 120.49308036032016
8.3974 	EXP 	grating_S1_T5: phase = 126.4681173604913
8.4140 	EXP 	grating_S1_T5: phase = 132.50945448002312
8.4307 	EXP 	grating_S1_T5: phase = 138.49026192023302
8.4474 	EXP 	grating_S1_T5: phase = 144.57549131970154
8.4642 	EXP 	grating_S1_T5: phase = 150.5268028806313
8.4808 	EXP 	grating_S1_T5: phase = 156.55953132067225
8.4976 	EXP 	grating_S1_T5: phase = 162.52625340086524
8.5142 	EXP 	grating_S1_T5: phase = 168.5978643607814
8.5310 	EXP 	grating_S1_T5: phase = 174.56076036018203
8.5476 	EXP 	grating_S1_T5: phase = 0.6916503605316393
8.5644 	EXP 	grating_S1_T5: phase = 6.604769160185242
8.5811 	EXP 	grating_S1_T5: phase = 12.624513120681513
8.5978 	EXP 	grating_S1_T5: phase = 18.6417252002866
8.6146 	EXP 	grating_S1_T5: phase = 24.651403919997392
8.6313 	EXP 	grating_S1_T5: phase = 30.727574640477542
8.6480 	EXP 	grating_S1_T5: phase = 36.7619061600999
8.6647 	EXP 	grating_S1_T5: phase = 42.739274880004814
8.6814 	EXP 	grating_S1_T5: phase = 48.73156271962216
8.7019 	EXP 	grating_S1_T5: phase = 54.81109367960016
8.7182 	EXP 	grating_S1_T5: phase = 62.13263544050278
8.7348 	EXP 	grating_S1_T5: phase = 67.99555008066818
8.7519 	EXP 	grating_S1_T5: phase = 74.07593820025795
8.7684 	EXP 	grating_S1_T5: phase = 80.12564712014864
8.7847 	EXP 	grating_S1_T5: phase = 86.08481387986103
8.8018 	EXP 	grating_S1_T5: phase = 92.00386476062704
8.8186 	EXP 	grating_S1_T5: phase = 98.11935972073115
8.8347 	EXP 	grating_S1_T5: phase = 104.37981299983221
8.8520 	EXP 	grating_S1_T5: phase = 109.97584055992775
8.8681 	EXP 	grating_S1_T5: phase = 116.3109571201494
8.8853 	EXP 	grating_S1_T5: phase = 122.04664956021588
8.9023 	EXP 	grating_S1_T5: phase = 128.19705479996628
8.9186 	EXP 	grating_S1_T5: phase = 134.27546183971572
8.9352 	EXP 	grating_S1_T5: phase = 140.15254068086506
8.9518 	EXP 	grating_S1_T5: phase = 146.13526763976552
8.9684 	EXP 	grating_S1_T5: phase = 152.1181213199452
8.9852 	EXP 	grating_S1_T5: phase = 158.10522480052896
9.0020 	EXP 	grating_S1_T5: phase = 164.13581808039453
9.0180 	EXP 	grating_S1_T5: phase = 170.16541955978028
9.0347 	EXP 	grating_S1_T5: phase = 175.95190188018023
9.0513 	EXP 	grating_S1_T5: phase = 1.9261756805644836
9.0692 	EXP 	grating_S1_T5: phase = 7.914077999739675
9.0846 	EXP 	grating_S1_T5: phase = 14.362768800492631
9.1019 	EXP 	grating_S1_T5: phase = 19.954190880671376
9.1181 	EXP 	grating_S1_T5: phase = 26.131727879983373
9.1347 	EXP 	grating_S1_T5: phase = 31.976443439925788
9.1512 	EXP 	grating_S1_T5: phase = 37.9579208404175
9.1683 	EXP 	grating_S1_T5: phase = 43.890195240819594
9.1856 	EXP 	grating_S1_T5: phase = 50.109861960372655
9.2019 	EXP 	grating_S1_T5: phase = 56.30796324010589
9.2184 	EXP 	grating_S1_T5: phase = 62.138951640663436
9.2350 	EXP 	grating_S1_T5: phase = 68.08376844070153
9.2517 	EXP 	grating_S1_T5: phase = 74.05636932060588
9.2686 	EXP 	grating_S1_T5: phase = 80.0652517202252
9.2855 	EXP 	grating_S1_T5: phase = 86.13235548065859
9.3018 	EXP 	grating_S1_T5: phase = 92.24556156041217
9.3187 	EXP 	grating_S1_T5: phase = 98.10928404054721
9.3352 	EXP 	grating_S1_T5: phase = 104.19076835984015
9.3522 	EXP 	grating_S1_T5: phase = 110.1246037207602
9.3681 	EXP 	grating_S1_T5: phase = 116.24032512059784
9.3854 	EXP 	grating_S1_T5: phase = 122.00236127988319
9.4023 	EXP 	grating_S1_T5: phase = 128.22877440077718
9.4189 	EXP 	grating_S1_T5: phase = 134.28606888017384
9.4356 	EXP 	grating_S1_T5: phase = 140.27000363988918
9.4522 	EXP 	grating_S1_T5: phase = 146.26947167969774
9.4689 	EXP 	grating_S1_T5: phase = 152.26460315985605
9.4857 	EXP 	grating_S1_T5: phase = 158.26552344035008
9.5015 	EXP 	grating_S1_T5: phase = 164.42102555956808
9.5181 	EXP 	grating_S1_T5: phase = 169.98738515991136
9.5349 	EXP 	grating_S1_T5: phase = 175.95143892016495
9.5514 	EXP 	grating_S1_T5: phase = 2.0067868806654587
9.5682 	EXP 	grating_S1_T5: phase = 7.960847760841716
9.5850 	EXP 	grating_S1_T5: phase = 14.00746572035132
9.6022 	EXP 	grating_S1_T5: phase = 20.04854867962422
9.6184 	EXP 	grating_S1_T5: phase = 26.256570119876415
9.6349 	EXP 	grating_S1_T5: phase = 32.070335040043574
9.6517 	EXP 	grating_S1_T5: phase = 38.034458279726095
9.6836 	EXP 	grating_S1_T5: phase = 44.08404768022592
9.7024 	EXP 	grating_S1_T5: phase = 55.54244808081421
9.7174 	EXP 	grating_S1_T5: phase = 62.31571596086724
9.7342 	EXP 	grating_S1_T5: phase = 67.73141088051489
9.7509 	EXP 	grating_S1_T5: phase = 73.76263667974854
9.7676 	EXP 	grating_S1_T5: phase = 79.79346935986541
9.7843 	EXP 	grating_S1_T5: phase = 85.79217924081604
9.8011 	EXP 	grating_S1_T5: phase = 91.78759944086778
9.8177 	EXP 	grating_S1_T5: phase = 97.89916284047649
9.8344 	EXP 	grating_S1_T5: phase = 103.83693407988176
9.8510 	EXP 	grating_S1_T5: phase = 109.86798924059258
9.8679 	EXP 	grating_S1_T5: phase = 115.81363295990741
9.8846 	EXP 	grating_S1_T5: phase = 121.90696092016879
9.9013 	EXP 	grating_S1_T5: phase = 127.89931176026585
9.9181 	EXP 	grating_S1_T5: phase = 133.92119484007708
9.9345 	EXP 	grating_S1_T5: phase = 139.9604248801188
9.9516 	EXP 	grating_S1_T5: phase = 145.9321887601982
9.9682 	EXP 	grating_S1_T5: phase = 152.02022652025335
9.9849 	EXP 	grating_S1_T5: phase = 158.0045853597403
10.0015 	EXP 	grating_S1_T5: phase = 164.0013119998912
10.0185 	EXP 	grating_S1_T5: phase = 170.0731940397236
10.0344 	EXP 	grating_S1_T5: phase = 176.10611256037373
10.0510 	EXP 	grating_S1_T5: phase = 1.8412138798157685
10.0678 	EXP 	grating_S1_T5: phase = 7.8334477203316055
10.0856 	EXP 	grating_S1_T5: phase = 13.848565679654712
10.1018 	EXP 	grating_S1_T5: phase = 20.34571428084746
10.1186 	EXP 	grating_S1_T5: phase = 26.118662759981817
10.1353 	EXP 	grating_S1_T5: phase = 32.20895124046365
10.1520 	EXP 	grating_S1_T5: phase = 38.16002556079184
10.1687 	EXP 	grating_S1_T5: phase = 44.16204060034943
10.1855 	EXP 	grating_S1_T5: phase = 50.1998202005052
10.2021 	EXP 	grating_S1_T5: phase = 56.218933799973456
10.2188 	EXP 	grating_S1_T5: phase = 62.218985759827774
10.2356 	EXP 	grating_S1_T5: phase = 68.2071865205944
10.2522 	EXP 	grating_S1_T5: phase = 74.25569160011946
10.2689 	EXP 	grating_S1_T5: phase = 80.30305944004795
10.2855 	EXP 	grating_S1_T5: phase = 86.26662468072027
10.3021 	EXP 	grating_S1_T5: phase = 92.23587431988562
10.3188 	EXP 	grating_S1_T5: phase = 98.21935980042326
10.3365 	EXP 	grating_S1_T5: phase = 104.2236579603923
10.3525 	EXP 	grating_S1_T5: phase = 110.60859600038384
10.3687 	EXP 	grating_S1_T5: phase = 116.37505332022556
10.3855 	EXP 	grating_S1_T5: phase = 122.19192288030172
10.4023 	EXP 	grating_S1_T5: phase = 128.22866172049544
10.4188 	EXP 	grating_S1_T5: phase = 134.2685073602479
10.4357 	EXP 	grating_S1_T5: phase = 140.23545300020487
10.4516 	EXP 	grating_S1_T5: phase = 146.37096864025807
10.4683 	EXP 	grating_S1_T5: phase = 152.02089720085496
10.4850 	EXP 	grating_S1_T5: phase = 158.0528185199364
10.5022 	EXP 	grating_S1_T5: phase = 164.1056111996295
10.5189 	EXP 	grating_S1_T5: phase = 170.2627066806599
10.5356 	EXP 	grating_S1_T5: phase = 176.26507236011093
10.5521 	EXP 	grating_S1_T5: phase = 2.283874560089316
10.5689 	EXP 	grating_S1_T5: phase = 8.223868080385728
10.5856 	EXP 	grating_S1_T5: phase = 14.251190399809275
10.6016 	EXP 	grating_S1_T5: phase = 20.267905319924466
10.6188 	EXP 	grating_S1_T5: phase = 26.08121555982507
10.6356 	EXP 	grating_S1_T5: phase = 32.23359180017724
10.6527 	EXP 	grating_S1_T5: phase = 38.26487664075103
10.6688 	EXP 	grating_S1_T5: phase = 44.43849107963615
10.6856 	EXP 	grating_S1_T5: phase = 50.21118575998116
10.7024 	EXP 	grating_S1_T5: phase = 56.27469131999533
10.7189 	EXP 	grating_S1_T5: phase = 62.304761520645116
10.7356 	EXP 	grating_S1_T5: phase = 68.27270688067074
10.7524 	EXP 	grating_S1_T5: phase = 74.25823752069846
10.7686 	EXP 	grating_S1_T5: phase = 80.37260280063492
10.7855 	EXP 	grating_S1_T5: phase = 86.14002275979146
10.8022 	EXP 	grating_S1_T5: phase = 92.24558099987917
10.8188 	EXP 	grating_S1_T5: phase = 98.23172616044758
10.8356 	EXP 	grating_S1_T5: phase = 104.23235628040857
10.8522 	EXP 	grating_S1_T5: phase = 110.27338919971953
10.8688 	EXP 	grating_S1_T5: phase = 116.25270516015007
10.8855 	EXP 	grating_S1_T5: phase = 122.22515988061787
10.9022 	EXP 	grating_S1_T5: phase = 128.23416000013822
10.9190 	EXP 	grating_S1_T5: phase = 134.23353804057115
10.9356 	EXP 	grating_S1_T5: phase = 140.27926392067457
10.9522 	EXP 	grating_S1_T5: phase = 146.26157543971203
10.9700 	EXP 	grating_S1_T5: phase = 152.25555456010625
10.9855 	EXP 	grating_S1_T5: phase = 158.66811395972036
11.0021 	EXP 	grating_S1_T5: phase = 164.30615352015593
11.0192 	EXP 	grating_S1_T5: phase = 170.2797652798472
11.0358 	EXP 	grating_S1_T5: phase = 176.35076927996124
11.0523 	EXP 	grating_S1_T5: phase = 2.3397735600883607
11.0688 	EXP 	grating_S1_T5: phase = 8.29320084041683
11.0854 	EXP 	grating_S1_T5: phase = 14.276961360010318
11.1022 	EXP 	grating_S1_T5: phase = 20.3096372402797
11.1187 	EXP 	grating_S1_T5: phase = 26.243263079813914
11.1355 	EXP 	grating_S1_T5: phase = 32.189031360758236
11.1521 	EXP 	grating_S1_T5: phase = 38.226906360068824
11.1687 	EXP 	grating_S1_T5: phase = 44.21808792074444
11.1854 	EXP 	grating_S1_T5: phase = 50.187840120488545
11.2020 	EXP 	grating_S1_T5: phase = 56.17975392029621
11.2188 	EXP 	grating_S1_T5: phase = 62.17976880070637
11.2357 	EXP 	grating_S1_T5: phase = 68.21315855981084
11.2521 	EXP 	grating_S1_T5: phase = 74.3158962004236
11.2687 	EXP 	grating_S1_T5: phase = 80.20218924022629
11.2865 	EXP 	grating_S1_T5: phase = 86.22484848034219
11.3021 	EXP 	grating_S1_T5: phase = 92.61176256055478
11.3187 	EXP 	grating_S1_T5: phase = 98.21404296017135
11.3354 	EXP 	grating_S1_T5: phase = 104.20544196051196
11.3521 	EXP 	grating_S1_T5: phase = 110.19188771970221
11.3687 	EXP 	grating_S1_T5: phase = 116.19461268026498
11.3854 	EXP 	grating_S1_T5: phase = 122.20320275970153
11.4020 	EXP 	grating_S1_T5: phase = 128.256815160712
11.4188 	EXP 	grating_S1_T5: phase = 134.23211136076134
11.4355 	EXP 	grating_S1_T5: phase = 140.21096472002682
11.4521 	EXP 	grating_S1_T5: phase = 146.2295012398681
11.4687 	EXP 	grating_S1_T5: phase = 152.21678903981228
11.4855 	EXP 	grating_S1_T5: phase = 158.19113160061534
11.5021 	EXP 	grating_S1_T5: phase = 164.2240782006411
11.5182 	EXP 	grating_S1_T5: phase = 170.27024292052374
11.5356 	EXP 	grating_S1_T5: phase = 176.01272099971538
11.5521 	EXP 	grating_S1_T5: phase = 2.280985560355475
11.5688 	EXP 	grating_S1_T5: phase = 8.199960480123991
11.5854 	EXP 	grating_S1_T5: phase = 14.216636159835616
11.6028 	EXP 	grating_S1_T5: phase = 20.22091955979704
11.6186 	EXP 	grating_S1_T5: phase = 26.47887552026077
11.6354 	EXP 	grating_S1_T5: phase = 32.13570816020365
11.6519 	EXP 	grating_S1_T5: phase = 38.21246927967877
11.6686 	EXP 	grating_S1_T5: phase = 44.153655120462645
11.6855 	EXP 	grating_S1_T5: phase = 50.16188160079764
11.7021 	EXP 	grating_S1_T5: phase = 56.25126143975649
11.7186 	EXP 	grating_S1_T5: phase = 62.25147287972504
11.7353 	EXP 	grating_S1_T5: phase = 68.16047075990355
11.7522 	EXP 	grating_S1_T5: phase = 74.15984700084664
11.7690 	EXP 	grating_S1_T5: phase = 80.23295232051169
11.7854 	EXP 	grating_S1_T5: phase = 86.28212520066882
11.8020 	EXP 	grating_S1_T5: phase = 92.18480364055722
11.8186 	EXP 	grating_S1_T5: phase = 98.17964316069265
11.8355 	EXP 	grating_S1_T5: phase = 104.16624803983723
11.8520 	EXP 	grating_S1_T5: phase = 110.23724555969238
11.8687 	EXP 	grating_S1_T5: phase = 116.16434604045935
11.8852 	EXP 	grating_S1_T5: phase = 122.1794748006505
11.9020 	EXP 	grating_S1_T5: phase = 128.14466004056158
11.9189 	EXP 	grating_S1_T5: phase = 134.36206739977933
11.9355 	EXP 	grating_S1_T5: phase = 140.298550920852
11.9523 	EXP 	grating_S1_T5: phase = 146.31975647964282
11.9688 	EXP 	grating_S1_T5: phase = 152.31839724001475
11.9853 	EXP 	grating_S1_T5: phase = 158.22403812082484
12.0019 	EXP 	grating_S1_T5: phase = 164.18144915995072
12.0191 	EXP 	grating_S1_T5: phase = 170.26866612082813
12.0351 	EXP 	grating_S1_T5: phase = 176.38370316053624
12.0517 	EXP 	grating_S1_T5: phase = 2.0811844803392887
12.0686 	EXP 	grating_S1_T5: phase = 8.190194039780181
12.0853 	EXP 	grating_S1_T5: phase = 14.22780084045371
12.1021 	EXP 	grating_S1_T5: phase = 20.205611280107405
12.1187 	EXP 	grating_S1_T5: phase = 26.22240036042058
12.1355 	EXP 	grating_S1_T5: phase = 32.18311296048341
12.1521 	EXP 	grating_S1_T5: phase = 38.24084448016947
12.1687 	EXP 	grating_S1_T5: phase = 44.209693440789124
12.1855 	EXP 	grating_S1_T5: phase = 50.203272240178194
12.2021 	EXP 	grating_S1_T5: phase = 56.25304523971863
12.2187 	EXP 	grating_S1_T5: phase = 62.20416456038947
12.2365 	EXP 	grating_S1_T5: phase = 68.20325675958884
12.2520 	EXP 	grating_S1_T5: phase = 74.5829636407143
12.2687 	EXP 	grating_S1_T5: phase = 80.17598016056581
12.2853 	EXP 	grating_S1_T5: phase = 86.18055804035976
12.3021 	EXP 	grating_S1_T5: phase = 92.18836872067186
12.3187 	EXP 	grating_S1_T5: phase = 98.21329307975248
12.3354 	EXP 	grating_S1_T5: phase = 104.18575319999945
12.3520 	EXP 	grating_S1_T5: phase = 110.2905298800033
12.3687 	EXP 	grating_S1_T5: phase = 116.17854084062856
12.3854 	EXP 	grating_S1_T5: phase = 122.20702776001417
12.4020 	EXP 	grating_S1_T5: phase = 128.21646852011327
12.4187 	EXP 	grating_S1_T5: phase = 134.18262216058793
12.4354 	EXP 	grating_S1_T5: phase = 140.22102096074377
12.4519 	EXP 	grating_S1_T5: phase = 146.21473872030037
12.4688 	EXP 	grating_S1_T5: phase = 152.16045335968374
12.4854 	EXP 	grating_S1_T5: phase = 158.2364055600192
12.5019 	EXP 	grating_S1_T5: phase = 164.23823448072653
12.5186 	EXP 	grating_S1_T5: phase = 170.1709624796058
12.5353 	EXP 	grating_S1_T5: phase = 176.17309272056445
12.5532 	EXP 	grating_S1_T5: phase = 2.188480680633802
12.5686 	EXP 	grating_S1_T5: phase = 8.63145288079977
12.5853 	EXP 	grating_S1_T5: phase = 14.17461084012757
12.6021 	EXP 	grating_S1_T5: phase = 20.202338880335446
12.6186 	EXP 	grating_S1_T5: phase = 26.198640000075102
12.6355 	EXP 	grating_S1_T5: phase = 32.167493640154134
12.6522 	EXP 	grating_S1_T5: phase = 38.27537387958728
12.6687 	EXP 	grating_S1_T5: phase = 44.3206231201475
12.6855 	EXP 	grating_S1_T5: phase = 50.17774535968783
12.7020 	EXP 	grating_S1_T5: phase = 56.24406180009828
12.7186 	EXP 	grating_S1_T5: phase = 62.176964040409075
12.7355 	EXP 	grating_S1_T5: phase = 68.1556989607634
12.7521 	EXP 	grating_S1_T5: phase = 74.22777324085473
12.7686 	EXP 	grating_S1_T5: phase = 80.22048695973353
12.7854 	EXP 	grating_S1_T5: phase = 86.15180843989947
12.8019 	EXP 	grating_S1_T5: phase = 92.2088357998291
12.8186 	EXP 	grating_S1_T5: phase = 98.1762537600298
12.8353 	EXP 	grating_S1_T5: phase = 104.178543479793
12.8519 	EXP 	grating_S1_T5: phase = 110.19077136021224
12.8696 	EXP 	grating_S1_T5: phase = 116.17058124000323
12.8852 	EXP 	grating_S1_T5: phase = 122.50162656055181
12.9019 	EXP 	grating_S1_T5: phase = 128.1693232798716
12.9186 	EXP 	grating_S1_T5: phase = 134.17885152084637
12.9353 	EXP 	grating_S1_T5: phase = 140.15891988019575
12.9520 	EXP 	grating_S1_T5: phase = 146.18424635977135
12.9687 	EXP 	grating_S1_T5: phase = 152.20733472058782
12.9854 	EXP 	grating_S1_T5: phase = 158.29456968029262
13.0019 	EXP 	grating_S1_T5: phase = 164.20191912038717
13.0185 	EXP 	grating_S1_T5: phase = 170.23892435972812
13.0354 	EXP 	grating_S1_T5: phase = 176.10915240031318
13.0521 	EXP 	grating_S1_T5: phase = 2.218555440340424
13.0687 	EXP 	grating_S1_T5: phase = 8.240521320258267
13.0853 	EXP 	grating_S1_T5: phase = 14.192081280198181
13.1020 	EXP 	grating_S1_T5: phase = 20.27780639982666
13.1187 	EXP 	grating_S1_T5: phase = 26.17114391978248
13.1353 	EXP 	grating_S1_T5: phase = 32.17102164082462
13.1520 	EXP 	grating_S1_T5: phase = 38.18349683977431
13.1687 	EXP 	grating_S1_T5: phase = 44.162715960410424
13.1863 	EXP 	grating_S1_T5: phase = 50.18426747963531
13.2021 	EXP 	grating_S1_T5: phase = 56.68765128037194
13.2187 	EXP 	grating_S1_T5: phase = 62.196369480807334
13.2354 	EXP 	grating_S1_T5: phase = 68.19794820039533
13.2520 	EXP 	grating_S1_T5: phase = 74.18490228010342
13.2686 	EXP 	grating_S1_T5: phase = 80.17879572042148
13.2854 	EXP 	grating_S1_T5: phase = 86.13718164036982
13.3022 	EXP 	grating_S1_T5: phase = 92.44758455984993
13.3199 	EXP 	grating_S1_T5: phase = 98.29554840063793
13.3358 	EXP 	grating_S1_T5: phase = 104.79099276053603
13.3525 	EXP 	grating_S1_T5: phase = 110.37318047965528
13.3696 	EXP 	grating_S1_T5: phase = 116.457415560144
13.3854 	EXP 	grating_S1_T5: phase = 122.68895327972132
13.4019 	EXP 	grating_S1_T5: phase = 128.2211384398397
13.4195 	EXP 	grating_S1_T5: phase = 134.13803976058261
13.4356 	EXP 	grating_S1_T5: phase = 140.62371228035772
13.4521 	EXP 	grating_S1_T5: phase = 146.25674027993227
13.4689 	EXP 	grating_S1_T5: phase = 152.22931703960057
13.4854 	EXP 	grating_S1_T5: phase = 158.2657495199237
13.5041 	EXP 	grating_S1_T5: phase = 164.19921624081326
13.5190 	EXP 	grating_S1_T5: phase = 171.0173793596914
13.5355 	EXP 	grating_S1_T5: phase = 176.40687960083596
13.5517 	EXP 	grating_S1_T5: phase = 2.3243666398047935
13.5682 	EXP 	grating_S1_T5: phase = 8.189842679566937
13.5854 	EXP 	grating_S1_T5: phase = 14.090126760711428
13.6020 	EXP 	grating_S1_T5: phase = 20.283877799956826
13.6190 	EXP 	grating_S1_T5: phase = 26.328703679755563
13.6359 	EXP 	grating_S1_T5: phase = 32.334420239785686
13.6517 	EXP 	grating_S1_T5: phase = 38.43329363968223
13.6684 	EXP 	grating_S1_T5: phase = 44.0508477606636
13.6851 	EXP 	grating_S1_T5: phase = 50.084837280301144
13.7018 	EXP 	grating_S1_T5: phase = 56.095826040400425
13.7189 	EXP 	grating_S1_T5: phase = 62.17104491981445
13.7353 	EXP 	grating_S1_T5: phase = 68.25074075968587
13.7519 	EXP 	grating_S1_T5: phase = 74.1921757197997
13.7686 	EXP 	grating_S1_T5: phase = 80.14514507973217
13.7853 	EXP 	grating_S1_T5: phase = 86.14895687976968
13.8019 	EXP 	grating_S1_T5: phase = 92.18699388031382
13.8200 	EXP 	grating_S1_T5: phase = 98.154478079814
13.8354 	EXP 	grating_S1_T5: phase = 104.65697340012412
13.8518 	EXP 	grating_S1_T5: phase = 110.2051198805566
13.8685 	EXP 	grating_S1_T5: phase = 116.10999756027013
13.8856 	EXP 	grating_S1_T5: phase = 122.11606188022415
13.9022 	EXP 	grating_S1_T5: phase = 128.30267519981135
13.9184 	EXP 	grating_S1_T5: phase = 134.25992460048292
13.9358 	EXP 	grating_S1_T5: phase = 140.13446363984258
13.9520 	EXP 	grating_S1_T5: phase = 146.3468475607806
13.9695 	EXP 	grating_S1_T5: phase = 152.22394404059742
13.9857 	EXP 	grating_S1_T5: phase = 158.5065293997468
14.0023 	EXP 	grating_S1_T5: phase = 164.35833804047434
14.0193 	EXP 	grating_S1_T5: phase = 170.29751112044323
14.0363 	EXP 	grating_S1_T5: phase = 176.41538711992325
14.0526 	EXP 	grating_S1_T5: phase = 2.612684880296001
14.0692 	EXP 	grating_S1_T5: phase = 8.455432319606189
14.0861 	EXP 	grating_S1_T5: phase = 14.416498080681777
14.1026 	EXP 	grating_S1_T5: phase = 20.65115340068587
14.1192 	EXP 	grating_S1_T5: phase = 26.504662319639465
14.1385 	EXP 	grating_S1_T5: phase = 32.387355719693005
14.1519 	EXP 	grating_S1_T5: phase = 39.44547720020637
14.1693 	EXP 	grating_S1_T5: phase = 44.1584290805622
14.1853 	EXP 	grating_S1_T5: phase = 50.46914051956264
14.2020 	EXP 	grating_S1_T5: phase = 56.190131999901496
14.2191 	EXP 	grating_S1_T5: phase = 62.25581232065451
14.2353 	EXP 	grating_S1_T5: phase = 68.34314303967403
14.2517 	EXP 	grating_S1_T5: phase = 74.21981184073957
14.2689 	EXP 	grating_S1_T5: phase = 80.08471403969452
14.2853 	EXP 	grating_S1_T5: phase = 86.24806668085512
14.3019 	EXP 	grating_S1_T5: phase = 92.15964648057707
14.3184 	EXP 	grating_S1_T5: phase = 98.14461551999557
14.3349 	EXP 	grating_S1_T5: phase = 104.0691265204805
14.3517 	EXP 	grating_S1_T5: phase = 110.0011683597404
14.3684 	EXP 	grating_S1_T5: phase = 116.07018731956487
14.3849 	EXP 	grating_S1_T5: phase = 122.06829276052304
14.4018 	EXP 	grating_S1_T5: phase = 128.0157415200665
14.4186 	EXP 	grating_S1_T5: phase = 134.1172663202451
14.4354 	EXP 	grating_S1_T5: phase = 140.1726657600375
14.4521 	EXP 	grating_S1_T5: phase = 146.1885908403201
14.4686 	EXP 	grating_S1_T5: phase = 152.20928519993322
14.4848 	EXP 	grating_S1_T5: phase = 158.15650068063405
14.5014 	EXP 	grating_S1_T5: phase = 163.987481520453
14.5186 	EXP 	grating_S1_T5: phase = 169.94728872043197
14.5349 	EXP 	grating_S1_T5: phase = 176.15031156034092
14.5515 	EXP 	grating_S1_T5: phase = 2.0049764406576287
14.5686 	EXP 	grating_S1_T5: phase = 8.039404439914506
14.5849 	EXP 	grating_S1_T5: phase = 14.149362960451981
14.6015 	EXP 	grating_S1_T5: phase = 20.03587776052882
14.6181 	EXP 	grating_S1_T5: phase = 25.993221840035403
14.6348 	EXP 	grating_S1_T5: phase = 31.96570212006918
14.6513 	EXP 	grating_S1_T5: phase = 37.99199303975911
14.6682 	EXP 	grating_S1_T5: phase = 43.92736992042046
14.6849 	EXP 	grating_S1_T5: phase = 50.02021475957008
14.7014 	EXP 	grating_S1_T5: phase = 56.02607279957738
14.7186 	EXP 	grating_S1_T5: phase = 61.95606840017717
14.7353 	EXP 	grating_S1_T5: phase = 68.1485727596737
14.7518 	EXP 	grating_S1_T5: phase = 74.15743356017629
14.7691 	EXP 	grating_S1_T5: phase = 80.09780255961232
14.7852 	EXP 	grating_S1_T5: phase = 86.32150163990445
14.8019 	EXP 	grating_S1_T5: phase = 92.12640300000203
14.8180 	EXP 	grating_S1_T5: phase = 98.12643624070915
14.8345 	EXP 	grating_S1_T5: phase = 103.92952751964913
14.8522 	EXP 	grating_S1_T5: phase = 109.87478028080659
14.8683 	EXP 	grating_S1_T5: phase = 116.41129992014612
14.8865 	EXP 	grating_S1_T5: phase = 122.1516590398096
14.9023 	EXP 	grating_S1_T5: phase = 128.71320443970035
14.9186 	EXP 	grating_S1_T5: phase = 134.3055351600924
14.9358 	EXP 	grating_S1_T5: phase = 140.1817831202061
14.9524 	EXP 	grating_S1_T5: phase = 146.38907016036683
14.9689 	EXP 	grating_S1_T5: phase = 152.41402584026218
14.9855 	EXP 	grating_S1_T5: phase = 158.50690703984583
15.0024 	EXP 	grating_S1_T5: phase = 164.27360268076882
15.0186 	EXP 	grating_S1_T5: phase = 170.44839719994343
15.0354 	EXP 	grating_S1_T5: phase = 176.28346296027303
15.0529 	EXP 	grating_S1_T5: phase = 2.315967120230198
15.0689 	EXP 	grating_S1_T5: phase = 8.584754039766267
15.0871 	EXP 	grating_S1_T5: phase = 14.337446040299255
15.1023 	EXP 	grating_S1_T5: phase = 20.820871439937036
15.1192 	EXP 	grating_S1_T5: phase = 26.34059916017577
15.1357 	EXP 	grating_S1_T5: phase = 32.374501560407225
15.1520 	EXP 	grating_S1_T5: phase = 38.30155884032138
15.1690 	EXP 	grating_S1_T5: phase = 44.1822657607554
15.1860 	EXP 	grating_S1_T5: phase = 50.28035148046911
15.2022 	EXP 	grating_S1_T5: phase = 56.51085600082297
15.2185 	EXP 	grating_S1_T5: phase = 62.24423256033333
15.2361 	EXP 	grating_S1_T5: phase = 68.14634832044248
15.2529 	EXP 	grating_S1_T5: phase = 74.53632419987116
15.2691 	EXP 	grating_S1_T5: phase = 80.5614623996371
15.2858 	EXP 	grating_S1_T5: phase = 86.50258704074076
15.3162 	EXP 	grating_S1_T5: phase = 92.44476863983436
15.3357 	EXP 	grating_S1_T5: phase = 103.3215422401554
15.3518 	EXP 	grating_S1_T5: phase = 110.3783421604021
15.3692 	EXP 	grating_S1_T5: phase = 116.13207815971691
15.3856 	EXP 	grating_S1_T5: phase = 122.48333964060294
15.4053 	EXP 	grating_S1_T5: phase = 128.29983624003944
15.4194 	EXP 	grating_S1_T5: phase = 135.37814652052475
15.4359 	EXP 	grating_S1_T5: phase = 140.4724215605529
15.4528 	EXP 	grating_S1_T5: phase = 146.40550272044493
15.4692 	EXP 	grating_S1_T5: phase = 152.554739399784
15.4853 	EXP 	grating_S1_T5: phase = 158.39542151981732
15.5031 	EXP 	grating_S1_T5: phase = 164.17428012078744
15.5192 	EXP 	grating_S1_T5: phase = 170.82647099960013
15.5365 	EXP 	grating_S1_T5: phase = 176.4753605997248
15.5530 	EXP 	grating_S1_T5: phase = 2.700616319925757
15.5698 	EXP 	grating_S1_T5: phase = 8.608829399890965
15.5854 	EXP 	grating_S1_T5: phase = 14.693273640295956
15.6017 	EXP 	grating_S1_T5: phase = 20.238906239974312
15.6183 	EXP 	grating_S1_T5: phase = 26.126701200264506
15.6358 	EXP 	grating_S1_T5: phase = 32.099067360686604
15.6531 	EXP 	grating_S1_T5: phase = 38.37833531972137
15.6702 	EXP 	grating_S1_T5: phase = 44.630817839788506
15.6860 	EXP 	grating_S1_T5: phase = 50.84189244065783
15.7171 	EXP 	grating_S1_T5: phase = 56.51806104026036
15.7359 	EXP 	grating_S1_T5: phase = 67.83407100039767
15.7523 	EXP 	grating_S1_T5: phase = 74.41148159981822
15.7836 	EXP 	grating_S1_T5: phase = 80.40382307968684
15.8025 	EXP 	grating_S1_T5: phase = 91.70796779973898
15.8194 	EXP 	grating_S1_T5: phase = 98.4492925205268
15.8357 	EXP 	grating_S1_T5: phase = 104.52402900045854
15.8682 	EXP 	grating_S1_T5: phase = 110.43756360013504
15.8851 	EXP 	grating_S1_T5: phase = 122.01853176011355
15.9023 	EXP 	grating_S1_T5: phase = 128.22211620063172
15.9186 	EXP 	grating_S1_T5: phase = 134.42579424081487
15.9514 	EXP 	grating_S1_T5: phase = 140.270952959836
15.9683 	EXP 	grating_S1_T5: phase = 152.04209400064428
16.0005 	EXP 	grating_S1_T5: phase = 158.0939870401926
16.0176 	EXP 	grating_S1_T5: phase = 169.65057744062506
16.0352 	EXP 	grating_S1_T5: phase = 175.8622647599259
16.0514 	EXP 	grating_S1_T5: phase = 2.2447418404044583
16.0686 	EXP 	grating_S1_T5: phase = 8.015244120033458
16.0851 	EXP 	grating_S1_T5: phase = 14.286924359912518
16.1021 	EXP 	grating_S1_T5: phase = 20.184539759648032
16.1186 	EXP 	grating_S1_T5: phase = 26.427702600049088
16.1354 	EXP 	grating_S1_T5: phase = 32.30550720007159
16.1517 	EXP 	grating_S1_T5: phase = 38.34252036031103
16.1690 	EXP 	grating_S1_T5: phase = 44.148764160781866
16.1853 	EXP 	grating_S1_T5: phase = 50.3753209199931
16.2016 	EXP 	grating_S1_T5: phase = 56.2612057205115
16.2188 	EXP 	grating_S1_T5: phase = 62.21763432069565
16.2353 	EXP 	grating_S1_T5: phase = 68.45566860065446
16.2561 	EXP 	grating_S1_T5: phase = 74.24015328040696
16.2692 	EXP 	grating_S1_T5: phase = 81.82932552022976
16.2857 	EXP 	grating_S1_T5: phase = 86.4704599196557
16.3027 	EXP 	grating_S1_T5: phase = 92.37743424077053
16.3186 	EXP 	grating_S1_T5: phase = 98.53461720005726
16.3356 	EXP 	grating_S1_T5: phase = 104.23697076039389
16.3525 	EXP 	grating_S1_T5: phase = 110.39256900039618
16.3692 	EXP 	grating_S1_T5: phase = 116.55381348027731
16.3861 	EXP 	grating_S1_T5: phase = 122.4310374003835
16.4028 	EXP 	grating_S1_T5: phase = 128.58195672059082
16.4195 	EXP 	grating_S1_T5: phase = 134.52391008046106
16.4351 	EXP 	grating_S1_T5: phase = 140.51501459965948
16.4532 	EXP 	grating_S1_T5: phase = 146.1146043599001
16.4698 	EXP 	grating_S1_T5: phase = 152.68850820022635
16.4863 	EXP 	grating_S1_T5: phase = 158.63873723967117
16.5025 	EXP 	grating_S1_T5: phase = 164.59164900021278
16.5199 	EXP 	grating_S1_T5: phase = 170.38822859991342
16.5360 	EXP 	grating_S1_T5: phase = 176.6830658406252
16.5530 	EXP 	grating_S1_T5: phase = 2.4848629196640104
16.5699 	EXP 	grating_S1_T5: phase = 8.607599999959348
16.5864 	EXP 	grating_S1_T5: phase = 14.907220919849351
16.6027 	EXP 	grating_S1_T5: phase = 20.678404320788104
16.6201 	EXP 	grating_S1_T5: phase = 26.508015720028197
16.6362 	EXP 	grating_S1_T5: phase = 32.78496743965661
16.6530 	EXP 	grating_S1_T5: phase = 38.48348664076184
16.6691 	EXP 	grating_S1_T5: phase = 44.6037735597929
16.6859 	EXP 	grating_S1_T5: phase = 50.44975596058066
16.7035 	EXP 	grating_S1_T5: phase = 56.48573340047733
16.7193 	EXP 	grating_S1_T5: phase = 62.86886604008032
16.7366 	EXP 	grating_S1_T5: phase = 68.51010744037922
16.7529 	EXP 	grating_S1_T5: phase = 74.69521452017943
16.7699 	EXP 	grating_S1_T5: phase = 80.62431516009383
16.7888 	EXP 	grating_S1_T5: phase = 86.65186175960116
16.8031 	EXP 	grating_S1_T5: phase = 93.51355896040332
16.8195 	EXP 	grating_S1_T5: phase = 98.65175796003314
16.8364 	EXP 	grating_S1_T5: phase = 104.53723344078753
16.8530 	EXP 	grating_S1_T5: phase = 110.64919284079224
16.8700 	EXP 	grating_S1_T5: phase = 116.59356755961198
16.8860 	EXP 	grating_S1_T5: phase = 122.70143807996647
16.9033 	EXP 	grating_S1_T5: phase = 128.53623131974018
16.9197 	EXP 	grating_S1_T5: phase = 134.67011544067645
16.9364 	EXP 	grating_S1_T5: phase = 140.61257171997568
16.9529 	EXP 	grating_S1_T5: phase = 146.62706940012868
16.9696 	EXP 	grating_S1_T5: phase = 152.5738046396873
16.9867 	EXP 	grating_S1_T5: phase = 158.63244372041663
17.0032 	EXP 	grating_S1_T5: phase = 164.7759139201662
17.0195 	EXP 	grating_S1_T5: phase = 170.67785147970426
17.0356 	EXP 	grating_S1_T5: phase = 176.58062568021705
17.0522 	EXP 	grating_S1_T5: phase = 2.388329999812413
17.0698 	EXP 	grating_S1_T5: phase = 8.297046720836079
17.0862 	EXP 	grating_S1_T5: phase = 14.724689039576333
17.1048 	EXP 	grating_S1_T5: phase = 20.759644079807913
17.1192 	EXP 	grating_S1_T5: phase = 27.307859399879817
17.1359 	EXP 	grating_S1_T5: phase = 32.458201559929876
17.1520 	EXP 	grating_S1_T5: phase = 38.45829636047711
17.1690 	EXP 	grating_S1_T5: phase = 44.25611724014743
17.1867 	EXP 	grating_S1_T5: phase = 50.37874055968132
17.2030 	EXP 	grating_S1_T5: phase = 56.737603800720535
17.2198 	EXP 	grating_S1_T5: phase = 62.69864652073011
17.2359 	EXP 	grating_S1_T5: phase = 68.77048068025033
17.2523 	EXP 	grating_S1_T5: phase = 74.5098710405
17.2698 	EXP 	grating_S1_T5: phase = 80.45177543957834
17.2859 	EXP 	grating_S1_T5: phase = 86.79089736033347
17.3027 	EXP 	grating_S1_T5: phase = 92.4602353204682
17.3192 	EXP 	grating_S1_T5: phase = 98.50810031988658
17.3359 	EXP 	grating_S1_T5: phase = 104.481027720758
17.3528 	EXP 	grating_S1_T5: phase = 110.46944700035965
17.3695 	EXP 	grating_S1_T5: phase = 116.52290172074572
17.3861 	EXP 	grating_S1_T5: phase = 122.56798644026276
17.4031 	EXP 	grating_S1_T5: phase = 128.49958008082467
17.4220 	EXP 	grating_S1_T5: phase = 134.65404252056032
17.4357 	EXP 	grating_S1_T5: phase = 141.51468780037249
17.4397 	DATA 	Keypress: escape
17.7362 	EXP 	window1: mouseVisible = True
