6.8311 	WARNING 	User requested fullscreen with size [1024  768], but screen is actually [1920, 1080]. Using actual size
7.5663 	EXP 	Created window1 = Window(allowGUI=False, allowStencil=False, args=UNKNOWN, autoLog=True, bitsMode=UNKNOWN, blendMode='avg', color=array([0., 0., 0.]), colorSpace='rgb', fullscr=<method-wrapper '__getattribute__' of attributeSetter object at 0x12ae84898>, gamma=None, kwargs=UNKNOWN, lms=UNKNOWN, monitor=<psychopy.monitors.calibTools.Monitor object at 0x12f7f7a90>, multiSample=False, name='window1', numSamples=2, pos=[0.0, 0.0], screen=0, size=array([1920, 1080]), stereo=False, units='height', useFBO=True, useRetina=False, viewOri=0.0, viewPos=None, viewScale=None, waitBlanking=True, winType='pyglet')
7.8075 	EXP 	Created grating_S1_T5 = GratingStim(__class__=<class 'psychopy.visual.grating.GratingStim'>, autoDraw=False, autoLog=True, blendmode='avg', color=array([1., 1., 1.]), colorSpace='rgb', contrast=1.0, depth=0.0, interpolate=True, mask='circle', maskParams=None, name='grating_S1_T5', opacity=1.0, ori=0.0, phase=array([0., 0.]), pos=array([0., 0.]), rgbPedestal=array([0., 0., 0.]), sf=array([0.6, 0.6]), size=array([7., 7.]), tex='sin', texRes=128, units='deg', win=Window(...))
7.8194 	EXP 	grating_S1_T5: phase = 0.0
7.8320 	EXP 	grating_S1_T5: phase = 0.0
7.8489 	EXP 	grating_S1_T5: phase = 0.0
7.8639 	EXP 	grating_S1_T5: phase = 0.0
7.8811 	EXP 	grating_S1_T5: phase = 0.0
7.8981 	EXP 	grating_S1_T5: phase = 0.0
7.9148 	EXP 	grating_S1_T5: phase = 0.0
7.9320 	EXP 	grating_S1_T5: phase = 0.0
7.9479 	EXP 	grating_S1_T5: phase = 0.0
7.9648 	EXP 	grating_S1_T5: phase = 0.0
7.9820 	EXP 	grating_S1_T5: phase = 0.0
7.9986 	EXP 	grating_S1_T5: phase = 0.0
8.0153 	EXP 	grating_S1_T5: phase = 0.0
8.0320 	EXP 	grating_S1_T5: phase = 0.0
8.0497 	EXP 	grating_S1_T5: phase = 0.0
8.0652 	EXP 	grating_S1_T5: phase = 0.0
8.0820 	EXP 	grating_S1_T5: phase = 0.0
8.0987 	EXP 	grating_S1_T5: phase = 0.0
8.1154 	EXP 	grating_S1_T5: phase = 0.0
8.1321 	EXP 	grating_S1_T5: phase = 0.0
8.1487 	EXP 	grating_S1_T5: phase = 0.0
8.1654 	EXP 	grating_S1_T5: phase = 0.0
8.1821 	EXP 	grating_S1_T5: phase = 0.0
8.1987 	EXP 	grating_S1_T5: phase = 0.0
8.2154 	EXP 	grating_S1_T5: phase = 0.0
8.2321 	EXP 	grating_S1_T5: phase = 0.0
8.2487 	EXP 	grating_S1_T5: phase = 0.0
8.2656 	EXP 	grating_S1_T5: phase = 0.0
8.2820 	EXP 	grating_S1_T5: phase = 0.0
8.2987 	EXP 	grating_S1_T5: phase = 0.0
8.3154 	EXP 	grating_S1_T5: phase = 0.0
8.3320 	EXP 	grating_S1_T5: phase = 1.0
8.3488 	EXP 	grating_S1_T5: phase = 1.0
8.3669 	EXP 	grating_S1_T5: phase = 1.0
8.3825 	EXP 	grating_S1_T5: phase = 1.0
8.3991 	EXP 	grating_S1_T5: phase = 1.0
8.4158 	EXP 	grating_S1_T5: phase = 1.0
8.4323 	EXP 	grating_S1_T5: phase = 1.0
8.4490 	EXP 	grating_S1_T5: phase = 1.0
8.4655 	EXP 	grating_S1_T5: phase = 1.0
8.4818 	EXP 	grating_S1_T5: phase = 1.0
8.4987 	EXP 	grating_S1_T5: phase = 1.0
8.5154 	EXP 	grating_S1_T5: phase = 1.0
8.5321 	EXP 	grating_S1_T5: phase = 1.0
8.5487 	EXP 	grating_S1_T5: phase = 1.0
8.5648 	EXP 	grating_S1_T5: phase = 1.0
8.5814 	EXP 	grating_S1_T5: phase = 1.0
8.5991 	EXP 	grating_S1_T5: phase = 1.0
8.6156 	EXP 	grating_S1_T5: phase = 1.0
8.6318 	EXP 	grating_S1_T5: phase = 1.0
8.6486 	EXP 	grating_S1_T5: phase = 1.0
8.6655 	EXP 	grating_S1_T5: phase = 1.0
8.6833 	EXP 	grating_S1_T5: phase = 1.0
8.6988 	EXP 	grating_S1_T5: phase = 1.0
8.7154 	EXP 	grating_S1_T5: phase = 1.0
8.7321 	EXP 	grating_S1_T5: phase = 1.0
8.7488 	EXP 	grating_S1_T5: phase = 1.0
8.7655 	EXP 	grating_S1_T5: phase = 1.0
8.7821 	EXP 	grating_S1_T5: phase = 1.0
8.7983 	EXP 	grating_S1_T5: phase = 1.0
8.8153 	EXP 	grating_S1_T5: phase = 1.0
8.8323 	EXP 	grating_S1_T5: phase = 0.0
8.8479 	EXP 	grating_S1_T5: phase = 0.0
8.8647 	EXP 	grating_S1_T5: phase = 0.0
8.8817 	EXP 	grating_S1_T5: phase = 0.0
8.8986 	EXP 	grating_S1_T5: phase = 0.0
8.9154 	EXP 	grating_S1_T5: phase = 0.0
8.9320 	EXP 	grating_S1_T5: phase = 0.0
8.9487 	EXP 	grating_S1_T5: phase = 0.0
8.9653 	EXP 	grating_S1_T5: phase = 0.0
8.9821 	EXP 	grating_S1_T5: phase = 0.0
8.9999 	EXP 	grating_S1_T5: phase = 0.0
9.0155 	EXP 	grating_S1_T5: phase = 0.0
9.0321 	EXP 	grating_S1_T5: phase = 0.0
9.0487 	EXP 	grating_S1_T5: phase = 0.0
9.0653 	EXP 	grating_S1_T5: phase = 0.0
9.0820 	EXP 	grating_S1_T5: phase = 0.0
9.0986 	EXP 	grating_S1_T5: phase = 0.0
9.1155 	EXP 	grating_S1_T5: phase = 0.0
9.1320 	EXP 	grating_S1_T5: phase = 0.0
9.1486 	EXP 	grating_S1_T5: phase = 0.0
9.1647 	EXP 	grating_S1_T5: phase = 0.0
9.1819 	EXP 	grating_S1_T5: phase = 0.0
9.1987 	EXP 	grating_S1_T5: phase = 0.0
9.2145 	EXP 	grating_S1_T5: phase = 0.0
9.2322 	EXP 	grating_S1_T5: phase = 0.0
9.2489 	EXP 	grating_S1_T5: phase = 0.0
9.2647 	EXP 	grating_S1_T5: phase = 0.0
9.2820 	EXP 	grating_S1_T5: phase = 0.0
9.2987 	EXP 	grating_S1_T5: phase = 0.0
9.3170 	EXP 	grating_S1_T5: phase = 0.0
9.3320 	EXP 	grating_S1_T5: phase = 1.0
9.3486 	EXP 	grating_S1_T5: phase = 1.0
9.3648 	EXP 	grating_S1_T5: phase = 1.0
9.3818 	EXP 	grating_S1_T5: phase = 1.0
9.3987 	EXP 	grating_S1_T5: phase = 1.0
9.4155 	EXP 	grating_S1_T5: phase = 1.0
9.4319 	EXP 	grating_S1_T5: phase = 1.0
9.4487 	EXP 	grating_S1_T5: phase = 1.0
9.4654 	EXP 	grating_S1_T5: phase = 1.0
9.4821 	EXP 	grating_S1_T5: phase = 1.0
9.4989 	EXP 	grating_S1_T5: phase = 1.0
9.5156 	EXP 	grating_S1_T5: phase = 1.0
9.5316 	EXP 	grating_S1_T5: phase = 1.0
9.5486 	EXP 	grating_S1_T5: phase = 1.0
9.5655 	EXP 	grating_S1_T5: phase = 1.0
9.5819 	EXP 	grating_S1_T5: phase = 1.0
9.5987 	EXP 	grating_S1_T5: phase = 1.0
9.6154 	EXP 	grating_S1_T5: phase = 1.0
9.6333 	EXP 	grating_S1_T5: phase = 1.0
9.6486 	EXP 	grating_S1_T5: phase = 1.0
9.6655 	EXP 	grating_S1_T5: phase = 1.0
9.6818 	EXP 	grating_S1_T5: phase = 1.0
9.6986 	EXP 	grating_S1_T5: phase = 1.0
9.7152 	EXP 	grating_S1_T5: phase = 1.0
9.7319 	EXP 	grating_S1_T5: phase = 1.0
9.7487 	EXP 	grating_S1_T5: phase = 1.0
9.7652 	EXP 	grating_S1_T5: phase = 1.0
9.7819 	EXP 	grating_S1_T5: phase = 1.0
9.7987 	EXP 	grating_S1_T5: phase = 1.0
9.8153 	EXP 	grating_S1_T5: phase = 1.0
9.8320 	EXP 	grating_S1_T5: phase = 0.0
9.8489 	EXP 	grating_S1_T5: phase = 0.0
9.8649 	EXP 	grating_S1_T5: phase = 0.0
9.8819 	EXP 	grating_S1_T5: phase = 0.0
9.8980 	EXP 	grating_S1_T5: phase = 0.0
9.9153 	EXP 	grating_S1_T5: phase = 0.0
9.9320 	EXP 	grating_S1_T5: phase = 0.0
9.9495 	EXP 	grating_S1_T5: phase = 0.0
9.9647 	EXP 	grating_S1_T5: phase = 0.0
9.9819 	EXP 	grating_S1_T5: phase = 0.0
9.9987 	EXP 	grating_S1_T5: phase = 0.0
10.0154 	EXP 	grating_S1_T5: phase = 0.0
10.0319 	EXP 	grating_S1_T5: phase = 0.0
10.0481 	EXP 	grating_S1_T5: phase = 0.0
10.0652 	EXP 	grating_S1_T5: phase = 0.0
10.0820 	EXP 	grating_S1_T5: phase = 0.0
10.0986 	EXP 	grating_S1_T5: phase = 0.0
10.1154 	EXP 	grating_S1_T5: phase = 0.0
10.1319 	EXP 	grating_S1_T5: phase = 0.0
10.1486 	EXP 	grating_S1_T5: phase = 0.0
10.1648 	EXP 	grating_S1_T5: phase = 0.0
10.1819 	EXP 	grating_S1_T5: phase = 0.0
10.1982 	EXP 	grating_S1_T5: phase = 0.0
10.2153 	EXP 	grating_S1_T5: phase = 0.0
10.2318 	EXP 	grating_S1_T5: phase = 0.0
10.2485 	EXP 	grating_S1_T5: phase = 0.0
10.2669 	EXP 	grating_S1_T5: phase = 0.0
10.2820 	EXP 	grating_S1_T5: phase = 0.0
10.2986 	EXP 	grating_S1_T5: phase = 0.0
10.3153 	EXP 	grating_S1_T5: phase = 0.0
10.3320 	EXP 	grating_S1_T5: phase = 1.0
10.3486 	EXP 	grating_S1_T5: phase = 1.0
10.3653 	EXP 	grating_S1_T5: phase = 1.0
10.3819 	EXP 	grating_S1_T5: phase = 1.0
10.3986 	EXP 	grating_S1_T5: phase = 1.0
10.4153 	EXP 	grating_S1_T5: phase = 1.0
10.4319 	EXP 	grating_S1_T5: phase = 1.0
10.4485 	EXP 	grating_S1_T5: phase = 1.0
10.4653 	EXP 	grating_S1_T5: phase = 1.0
10.4814 	EXP 	grating_S1_T5: phase = 1.0
10.4984 	EXP 	grating_S1_T5: phase = 1.0
10.5148 	EXP 	grating_S1_T5: phase = 1.0
10.5317 	EXP 	grating_S1_T5: phase = 1.0
10.5487 	EXP 	grating_S1_T5: phase = 1.0
10.5652 	EXP 	grating_S1_T5: phase = 1.0
10.5834 	EXP 	grating_S1_T5: phase = 1.0
10.5982 	EXP 	grating_S1_T5: phase = 1.0
10.6151 	EXP 	grating_S1_T5: phase = 1.0
10.6318 	EXP 	grating_S1_T5: phase = 1.0
10.6487 	EXP 	grating_S1_T5: phase = 1.0
10.6652 	EXP 	grating_S1_T5: phase = 1.0
10.6821 	EXP 	grating_S1_T5: phase = 1.0
10.6987 	EXP 	grating_S1_T5: phase = 1.0
10.7154 	EXP 	grating_S1_T5: phase = 1.0
10.7320 	EXP 	grating_S1_T5: phase = 1.0
10.7487 	EXP 	grating_S1_T5: phase = 1.0
10.7650 	EXP 	grating_S1_T5: phase = 1.0
10.7815 	EXP 	grating_S1_T5: phase = 1.0
10.7986 	EXP 	grating_S1_T5: phase = 1.0
10.8152 	EXP 	grating_S1_T5: phase = 1.0
10.8317 	EXP 	grating_S1_T5: phase = 0.0
10.8484 	EXP 	grating_S1_T5: phase = 0.0
10.8652 	EXP 	grating_S1_T5: phase = 0.0
10.8817 	EXP 	grating_S1_T5: phase = 0.0
10.9000 	EXP 	grating_S1_T5: phase = 0.0
10.9149 	EXP 	grating_S1_T5: phase = 0.0
10.9316 	EXP 	grating_S1_T5: phase = 0.0
10.9485 	EXP 	grating_S1_T5: phase = 0.0
10.9653 	EXP 	grating_S1_T5: phase = 0.0
10.9821 	EXP 	grating_S1_T5: phase = 0.0
10.9986 	EXP 	grating_S1_T5: phase = 0.0
11.0153 	EXP 	grating_S1_T5: phase = 0.0
11.0320 	EXP 	grating_S1_T5: phase = 0.0
11.0487 	EXP 	grating_S1_T5: phase = 0.0
11.0653 	EXP 	grating_S1_T5: phase = 0.0
11.0819 	EXP 	grating_S1_T5: phase = 0.0
11.0980 	EXP 	grating_S1_T5: phase = 0.0
11.1153 	EXP 	grating_S1_T5: phase = 0.0
11.1320 	EXP 	grating_S1_T5: phase = 0.0
11.1486 	EXP 	grating_S1_T5: phase = 0.0
11.1653 	EXP 	grating_S1_T5: phase = 0.0
11.1820 	EXP 	grating_S1_T5: phase = 0.0
11.1984 	EXP 	grating_S1_T5: phase = 0.0
11.2162 	EXP 	grating_S1_T5: phase = 0.0
11.2319 	EXP 	grating_S1_T5: phase = 0.0
11.2482 	EXP 	grating_S1_T5: phase = 0.0
11.2651 	EXP 	grating_S1_T5: phase = 0.0
11.2818 	EXP 	grating_S1_T5: phase = 0.0
11.2985 	EXP 	grating_S1_T5: phase = 0.0
11.3153 	EXP 	grating_S1_T5: phase = 0.0
11.3318 	EXP 	grating_S1_T5: phase = 1.0
11.3487 	EXP 	grating_S1_T5: phase = 1.0
11.3651 	EXP 	grating_S1_T5: phase = 1.0
11.3815 	EXP 	grating_S1_T5: phase = 1.0
11.3984 	EXP 	grating_S1_T5: phase = 1.0
11.4153 	EXP 	grating_S1_T5: phase = 1.0
11.4314 	EXP 	grating_S1_T5: phase = 1.0
11.4486 	EXP 	grating_S1_T5: phase = 1.0
11.4653 	EXP 	grating_S1_T5: phase = 1.0
11.4820 	EXP 	grating_S1_T5: phase = 1.0
11.4986 	EXP 	grating_S1_T5: phase = 1.0
11.5157 	EXP 	grating_S1_T5: phase = 1.0
11.5326 	EXP 	grating_S1_T5: phase = 1.0
11.5479 	EXP 	grating_S1_T5: phase = 1.0
11.5648 	EXP 	grating_S1_T5: phase = 1.0
11.5816 	EXP 	grating_S1_T5: phase = 1.0
11.5983 	EXP 	grating_S1_T5: phase = 1.0
11.6150 	EXP 	grating_S1_T5: phase = 1.0
11.6317 	EXP 	grating_S1_T5: phase = 1.0
11.6484 	EXP 	grating_S1_T5: phase = 1.0
11.6650 	EXP 	grating_S1_T5: phase = 1.0
11.6817 	EXP 	grating_S1_T5: phase = 1.0
11.6985 	EXP 	grating_S1_T5: phase = 1.0
11.7151 	EXP 	grating_S1_T5: phase = 1.0
11.7319 	EXP 	grating_S1_T5: phase = 1.0
11.7478 	EXP 	grating_S1_T5: phase = 1.0
11.7653 	EXP 	grating_S1_T5: phase = 1.0
11.7819 	EXP 	grating_S1_T5: phase = 1.0
11.7986 	EXP 	grating_S1_T5: phase = 1.0
11.8155 	EXP 	grating_S1_T5: phase = 1.0
11.8322 	EXP 	grating_S1_T5: phase = 0.0
11.8498 	EXP 	grating_S1_T5: phase = 0.0
11.8652 	EXP 	grating_S1_T5: phase = 0.0
11.8823 	EXP 	grating_S1_T5: phase = 0.0
11.8990 	EXP 	grating_S1_T5: phase = 0.0
11.9157 	EXP 	grating_S1_T5: phase = 0.0
11.9323 	EXP 	grating_S1_T5: phase = 0.0
11.9482 	EXP 	grating_S1_T5: phase = 0.0
11.9647 	EXP 	grating_S1_T5: phase = 0.0
11.9815 	EXP 	grating_S1_T5: phase = 0.0
11.9983 	EXP 	grating_S1_T5: phase = 0.0
12.0147 	EXP 	grating_S1_T5: phase = 0.0
12.0323 	EXP 	grating_S1_T5: phase = 0.0
12.0482 	EXP 	grating_S1_T5: phase = 0.0
12.0658 	EXP 	grating_S1_T5: phase = 0.0
12.0971 	EXP 	grating_S1_T5: phase = 0.0
12.1151 	EXP 	grating_S1_T5: phase = 0.0
12.1464 	EXP 	grating_S1_T5: phase = 0.0
12.1658 	EXP 	grating_S1_T5: phase = 0.0
12.1816 	EXP 	grating_S1_T5: phase = 0.0
12.1974 	EXP 	grating_S1_T5: phase = 0.0
12.2142 	EXP 	grating_S1_T5: phase = 0.0
12.2309 	EXP 	grating_S1_T5: phase = 0.0
12.2475 	EXP 	grating_S1_T5: phase = 0.0
12.2644 	EXP 	grating_S1_T5: phase = 0.0
12.2970 	EXP 	grating_S1_T5: phase = 0.0
12.3144 	EXP 	grating_S1_T5: phase = 0.0
12.3310 	EXP 	grating_S1_T5: phase = 1.0
12.3477 	EXP 	grating_S1_T5: phase = 1.0
12.3644 	EXP 	grating_S1_T5: phase = 1.0
12.3814 	EXP 	grating_S1_T5: phase = 1.0
12.3977 	EXP 	grating_S1_T5: phase = 1.0
12.4146 	EXP 	grating_S1_T5: phase = 1.0
12.4310 	EXP 	grating_S1_T5: phase = 1.0
12.4481 	EXP 	grating_S1_T5: phase = 1.0
12.4642 	EXP 	grating_S1_T5: phase = 1.0
12.4821 	EXP 	grating_S1_T5: phase = 1.0
12.4982 	EXP 	grating_S1_T5: phase = 1.0
12.5150 	EXP 	grating_S1_T5: phase = 1.0
12.5310 	EXP 	grating_S1_T5: phase = 1.0
12.5476 	EXP 	grating_S1_T5: phase = 1.0
12.5655 	EXP 	grating_S1_T5: phase = 1.0
12.5818 	EXP 	grating_S1_T5: phase = 1.0
12.5987 	EXP 	grating_S1_T5: phase = 1.0
12.6153 	EXP 	grating_S1_T5: phase = 1.0
12.6321 	EXP 	grating_S1_T5: phase = 1.0
12.6489 	EXP 	grating_S1_T5: phase = 1.0
12.6653 	EXP 	grating_S1_T5: phase = 1.0
12.6820 	EXP 	grating_S1_T5: phase = 1.0
12.6980 	EXP 	grating_S1_T5: phase = 1.0
12.7155 	EXP 	grating_S1_T5: phase = 1.0
12.7321 	EXP 	grating_S1_T5: phase = 1.0
12.7489 	EXP 	grating_S1_T5: phase = 1.0
12.7655 	EXP 	grating_S1_T5: phase = 1.0
12.7824 	EXP 	grating_S1_T5: phase = 1.0
12.8003 	EXP 	grating_S1_T5: phase = 1.0
12.8155 	EXP 	grating_S1_T5: phase = 1.0
12.8324 	EXP 	grating_S1_T5: phase = 0.0
12.8482 	EXP 	grating_S1_T5: phase = 0.0
12.8650 	EXP 	grating_S1_T5: phase = 0.0
12.8826 	EXP 	grating_S1_T5: phase = 0.0
12.8990 	EXP 	grating_S1_T5: phase = 0.0
12.9159 	EXP 	grating_S1_T5: phase = 0.0
12.9322 	EXP 	grating_S1_T5: phase = 0.0
12.9483 	EXP 	grating_S1_T5: phase = 0.0
12.9654 	EXP 	grating_S1_T5: phase = 0.0
12.9825 	EXP 	grating_S1_T5: phase = 0.0
12.9984 	EXP 	grating_S1_T5: phase = 0.0
13.0155 	EXP 	grating_S1_T5: phase = 0.0
13.0319 	EXP 	grating_S1_T5: phase = 0.0
13.0489 	EXP 	grating_S1_T5: phase = 0.0
13.0654 	EXP 	grating_S1_T5: phase = 0.0
13.0823 	EXP 	grating_S1_T5: phase = 0.0
13.0987 	EXP 	grating_S1_T5: phase = 0.0
13.1168 	EXP 	grating_S1_T5: phase = 0.0
13.1321 	EXP 	grating_S1_T5: phase = 0.0
13.1488 	EXP 	grating_S1_T5: phase = 0.0
13.1650 	EXP 	grating_S1_T5: phase = 0.0
13.1822 	EXP 	grating_S1_T5: phase = 0.0
13.1990 	EXP 	grating_S1_T5: phase = 0.0
13.2157 	EXP 	grating_S1_T5: phase = 0.0
13.2323 	EXP 	grating_S1_T5: phase = 0.0
13.2484 	EXP 	grating_S1_T5: phase = 0.0
13.2655 	EXP 	grating_S1_T5: phase = 0.0
13.2823 	EXP 	grating_S1_T5: phase = 0.0
13.2989 	EXP 	grating_S1_T5: phase = 0.0
13.3157 	EXP 	grating_S1_T5: phase = 0.0
13.3316 	EXP 	grating_S1_T5: phase = 1.0
13.3493 	EXP 	grating_S1_T5: phase = 1.0
13.3655 	EXP 	grating_S1_T5: phase = 1.0
13.3824 	EXP 	grating_S1_T5: phase = 1.0
13.3989 	EXP 	grating_S1_T5: phase = 1.0
13.4154 	EXP 	grating_S1_T5: phase = 1.0
13.4340 	EXP 	grating_S1_T5: phase = 1.0
13.4487 	EXP 	grating_S1_T5: phase = 1.0
13.4661 	EXP 	grating_S1_T5: phase = 1.0
13.4820 	EXP 	grating_S1_T5: phase = 1.0
13.4990 	EXP 	grating_S1_T5: phase = 1.0
13.5163 	EXP 	grating_S1_T5: phase = 1.0
13.5322 	EXP 	grating_S1_T5: phase = 1.0
13.5494 	EXP 	grating_S1_T5: phase = 1.0
13.5665 	EXP 	grating_S1_T5: phase = 1.0
13.5820 	EXP 	grating_S1_T5: phase = 1.0
13.5997 	EXP 	grating_S1_T5: phase = 1.0
13.6154 	EXP 	grating_S1_T5: phase = 1.0
13.6321 	EXP 	grating_S1_T5: phase = 1.0
13.6481 	EXP 	grating_S1_T5: phase = 1.0
13.6658 	EXP 	grating_S1_T5: phase = 1.0
13.6826 	EXP 	grating_S1_T5: phase = 1.0
13.6991 	EXP 	grating_S1_T5: phase = 1.0
13.7154 	EXP 	grating_S1_T5: phase = 1.0
13.7321 	EXP 	grating_S1_T5: phase = 1.0
13.7501 	EXP 	grating_S1_T5: phase = 1.0
13.7654 	EXP 	grating_S1_T5: phase = 1.0
13.7820 	EXP 	grating_S1_T5: phase = 1.0
13.7988 	EXP 	grating_S1_T5: phase = 1.0
13.8154 	EXP 	grating_S1_T5: phase = 1.0
13.8321 	EXP 	grating_S1_T5: phase = 0.0
13.8488 	EXP 	grating_S1_T5: phase = 0.0
13.8649 	EXP 	grating_S1_T5: phase = 0.0
13.8815 	EXP 	grating_S1_T5: phase = 0.0
13.8987 	EXP 	grating_S1_T5: phase = 0.0
13.9154 	EXP 	grating_S1_T5: phase = 0.0
13.9321 	EXP 	grating_S1_T5: phase = 0.0
13.9488 	EXP 	grating_S1_T5: phase = 0.0
13.9657 	EXP 	grating_S1_T5: phase = 0.0
13.9825 	EXP 	grating_S1_T5: phase = 0.0
13.9991 	EXP 	grating_S1_T5: phase = 0.0
14.0153 	EXP 	grating_S1_T5: phase = 0.0
14.0320 	EXP 	grating_S1_T5: phase = 0.0
14.0494 	EXP 	grating_S1_T5: phase = 0.0
14.0668 	EXP 	grating_S1_T5: phase = 0.0
14.0829 	EXP 	grating_S1_T5: phase = 0.0
14.0983 	EXP 	grating_S1_T5: phase = 0.0
14.1161 	EXP 	grating_S1_T5: phase = 0.0
14.1323 	EXP 	grating_S1_T5: phase = 0.0
14.1492 	EXP 	grating_S1_T5: phase = 0.0
14.1656 	EXP 	grating_S1_T5: phase = 0.0
14.1818 	EXP 	grating_S1_T5: phase = 0.0
14.1994 	EXP 	grating_S1_T5: phase = 0.0
14.2155 	EXP 	grating_S1_T5: phase = 0.0
14.2321 	EXP 	grating_S1_T5: phase = 0.0
14.2490 	EXP 	grating_S1_T5: phase = 0.0
14.2653 	EXP 	grating_S1_T5: phase = 0.0
14.2821 	EXP 	grating_S1_T5: phase = 0.0
14.2988 	EXP 	grating_S1_T5: phase = 0.0
14.3154 	EXP 	grating_S1_T5: phase = 0.0
14.3320 	EXP 	grating_S1_T5: phase = 1.0
14.3487 	EXP 	grating_S1_T5: phase = 1.0
14.3654 	EXP 	grating_S1_T5: phase = 1.0
14.3844 	EXP 	grating_S1_T5: phase = 1.0
14.3986 	EXP 	grating_S1_T5: phase = 1.0
14.4154 	EXP 	grating_S1_T5: phase = 1.0
14.4320 	EXP 	grating_S1_T5: phase = 1.0
14.4487 	EXP 	grating_S1_T5: phase = 1.0
14.4649 	EXP 	grating_S1_T5: phase = 1.0
14.4821 	EXP 	grating_S1_T5: phase = 1.0
14.4984 	EXP 	grating_S1_T5: phase = 1.0
14.5153 	EXP 	grating_S1_T5: phase = 1.0
14.5321 	EXP 	grating_S1_T5: phase = 1.0
14.5487 	EXP 	grating_S1_T5: phase = 1.0
14.5656 	EXP 	grating_S1_T5: phase = 1.0
14.5821 	EXP 	grating_S1_T5: phase = 1.0
14.5980 	EXP 	grating_S1_T5: phase = 1.0
14.6153 	EXP 	grating_S1_T5: phase = 1.0
14.6321 	EXP 	grating_S1_T5: phase = 1.0
14.6487 	EXP 	grating_S1_T5: phase = 1.0
14.6648 	EXP 	grating_S1_T5: phase = 1.0
14.6822 	EXP 	grating_S1_T5: phase = 1.0
14.7001 	EXP 	grating_S1_T5: phase = 1.0
14.7153 	EXP 	grating_S1_T5: phase = 1.0
14.7320 	EXP 	grating_S1_T5: phase = 1.0
14.7487 	EXP 	grating_S1_T5: phase = 1.0
14.7653 	EXP 	grating_S1_T5: phase = 1.0
14.7820 	EXP 	grating_S1_T5: phase = 1.0
14.7988 	EXP 	grating_S1_T5: phase = 1.0
14.8152 	EXP 	grating_S1_T5: phase = 1.0
14.8320 	EXP 	grating_S1_T5: phase = 0.0
14.8488 	EXP 	grating_S1_T5: phase = 0.0
14.8647 	EXP 	grating_S1_T5: phase = 0.0
14.8820 	EXP 	grating_S1_T5: phase = 0.0
14.8987 	EXP 	grating_S1_T5: phase = 0.0
14.9147 	EXP 	grating_S1_T5: phase = 0.0
14.9321 	EXP 	grating_S1_T5: phase = 0.0
14.9495 	EXP 	grating_S1_T5: phase = 0.0
14.9657 	EXP 	grating_S1_T5: phase = 0.0
14.9822 	EXP 	grating_S1_T5: phase = 0.0
14.9998 	EXP 	grating_S1_T5: phase = 0.0
15.0176 	EXP 	grating_S1_T5: phase = 0.0
15.0329 	EXP 	grating_S1_T5: phase = 0.0
15.0487 	EXP 	grating_S1_T5: phase = 0.0
15.0658 	EXP 	grating_S1_T5: phase = 0.0
15.0822 	EXP 	grating_S1_T5: phase = 0.0
15.0989 	EXP 	grating_S1_T5: phase = 0.0
15.1156 	EXP 	grating_S1_T5: phase = 0.0
15.1328 	EXP 	grating_S1_T5: phase = 0.0
15.1490 	EXP 	grating_S1_T5: phase = 0.0
15.1655 	EXP 	grating_S1_T5: phase = 0.0
15.1821 	EXP 	grating_S1_T5: phase = 0.0
15.1991 	EXP 	grating_S1_T5: phase = 0.0
15.2163 	EXP 	grating_S1_T5: phase = 0.0
15.2319 	EXP 	grating_S1_T5: phase = 0.0
15.2493 	EXP 	grating_S1_T5: phase = 0.0
15.2654 	EXP 	grating_S1_T5: phase = 0.0
15.2823 	EXP 	grating_S1_T5: phase = 0.0
15.2988 	EXP 	grating_S1_T5: phase = 0.0
15.3161 	EXP 	grating_S1_T5: phase = 0.0
15.3346 	EXP 	grating_S1_T5: phase = 1.0
15.3491 	EXP 	grating_S1_T5: phase = 1.0
15.3660 	EXP 	grating_S1_T5: phase = 1.0
15.3820 	EXP 	grating_S1_T5: phase = 1.0
15.3997 	EXP 	grating_S1_T5: phase = 1.0
15.4159 	EXP 	grating_S1_T5: phase = 1.0
15.4329 	EXP 	grating_S1_T5: phase = 1.0
15.4489 	EXP 	grating_S1_T5: phase = 1.0
15.4662 	EXP 	grating_S1_T5: phase = 1.0
15.4826 	EXP 	grating_S1_T5: phase = 1.0
15.4995 	EXP 	grating_S1_T5: phase = 1.0
15.5160 	EXP 	grating_S1_T5: phase = 1.0
15.5329 	EXP 	grating_S1_T5: phase = 1.0
15.5491 	EXP 	grating_S1_T5: phase = 1.0
15.5658 	EXP 	grating_S1_T5: phase = 1.0
15.5826 	EXP 	grating_S1_T5: phase = 1.0
15.5996 	EXP 	grating_S1_T5: phase = 1.0
15.6160 	EXP 	grating_S1_T5: phase = 1.0
15.6329 	EXP 	grating_S1_T5: phase = 1.0
15.6527 	EXP 	grating_S1_T5: phase = 1.0
15.6661 	EXP 	grating_S1_T5: phase = 1.0
15.6828 	EXP 	grating_S1_T5: phase = 1.0
15.6995 	EXP 	grating_S1_T5: phase = 1.0
15.7164 	EXP 	grating_S1_T5: phase = 1.0
15.7325 	EXP 	grating_S1_T5: phase = 1.0
15.7495 	EXP 	grating_S1_T5: phase = 1.0
15.7664 	EXP 	grating_S1_T5: phase = 1.0
15.7827 	EXP 	grating_S1_T5: phase = 1.0
15.7990 	EXP 	grating_S1_T5: phase = 1.0
15.8158 	EXP 	grating_S1_T5: phase = 1.0
15.8327 	EXP 	grating_S1_T5: phase = 0.0
15.8488 	EXP 	grating_S1_T5: phase = 0.0
15.8665 	EXP 	grating_S1_T5: phase = 0.0
15.8824 	EXP 	grating_S1_T5: phase = 0.0
15.8990 	EXP 	grating_S1_T5: phase = 0.0
15.9159 	EXP 	grating_S1_T5: phase = 0.0
15.9328 	EXP 	grating_S1_T5: phase = 0.0
15.9491 	EXP 	grating_S1_T5: phase = 0.0
15.9682 	EXP 	grating_S1_T5: phase = 0.0
15.9828 	EXP 	grating_S1_T5: phase = 0.0
15.9991 	EXP 	grating_S1_T5: phase = 0.0
16.0162 	EXP 	grating_S1_T5: phase = 0.0
16.0325 	EXP 	grating_S1_T5: phase = 0.0
16.0494 	EXP 	grating_S1_T5: phase = 0.0
16.0664 	EXP 	grating_S1_T5: phase = 0.0
16.0825 	EXP 	grating_S1_T5: phase = 0.0
16.0983 	EXP 	grating_S1_T5: phase = 0.0
16.1155 	EXP 	grating_S1_T5: phase = 0.0
16.1319 	EXP 	grating_S1_T5: phase = 0.0
16.1487 	EXP 	grating_S1_T5: phase = 0.0
16.1656 	EXP 	grating_S1_T5: phase = 0.0
16.1828 	EXP 	grating_S1_T5: phase = 0.0
16.1997 	EXP 	grating_S1_T5: phase = 0.0
16.2159 	EXP 	grating_S1_T5: phase = 0.0
16.2321 	EXP 	grating_S1_T5: phase = 0.0
16.2487 	EXP 	grating_S1_T5: phase = 0.0
16.2657 	EXP 	grating_S1_T5: phase = 0.0
16.2852 	EXP 	grating_S1_T5: phase = 0.0
16.2990 	EXP 	grating_S1_T5: phase = 0.0
16.3158 	EXP 	grating_S1_T5: phase = 0.0
16.3328 	EXP 	grating_S1_T5: phase = 1.0
16.3494 	EXP 	grating_S1_T5: phase = 1.0
16.3657 	EXP 	grating_S1_T5: phase = 1.0
16.3830 	EXP 	grating_S1_T5: phase = 1.0
16.3998 	EXP 	grating_S1_T5: phase = 1.0
16.4163 	EXP 	grating_S1_T5: phase = 1.0
16.4330 	EXP 	grating_S1_T5: phase = 1.0
16.4492 	EXP 	grating_S1_T5: phase = 1.0
16.4658 	EXP 	grating_S1_T5: phase = 1.0
16.4824 	EXP 	grating_S1_T5: phase = 1.0
16.4988 	EXP 	grating_S1_T5: phase = 1.0
16.5162 	EXP 	grating_S1_T5: phase = 1.0
16.5326 	EXP 	grating_S1_T5: phase = 1.0
16.5490 	EXP 	grating_S1_T5: phase = 1.0
16.5652 	EXP 	grating_S1_T5: phase = 1.0
16.5825 	EXP 	grating_S1_T5: phase = 1.0
16.6028 	EXP 	grating_S1_T5: phase = 1.0
16.6159 	EXP 	grating_S1_T5: phase = 1.0
16.6328 	EXP 	grating_S1_T5: phase = 1.0
16.6496 	EXP 	grating_S1_T5: phase = 1.0
16.6658 	EXP 	grating_S1_T5: phase = 1.0
16.6825 	EXP 	grating_S1_T5: phase = 1.0
16.6997 	EXP 	grating_S1_T5: phase = 1.0
16.7164 	EXP 	grating_S1_T5: phase = 1.0
16.7327 	EXP 	grating_S1_T5: phase = 1.0
16.7497 	EXP 	grating_S1_T5: phase = 1.0
16.7656 	EXP 	grating_S1_T5: phase = 1.0
16.7828 	EXP 	grating_S1_T5: phase = 1.0
16.7992 	EXP 	grating_S1_T5: phase = 1.0
16.8163 	EXP 	grating_S1_T5: phase = 1.0
16.8327 	EXP 	grating_S1_T5: phase = 0.0
16.8495 	EXP 	grating_S1_T5: phase = 0.0
16.8657 	EXP 	grating_S1_T5: phase = 0.0
16.8827 	EXP 	grating_S1_T5: phase = 0.0
16.8991 	EXP 	grating_S1_T5: phase = 0.0
16.9198 	EXP 	grating_S1_T5: phase = 0.0
16.9327 	EXP 	grating_S1_T5: phase = 0.0
16.9492 	EXP 	grating_S1_T5: phase = 0.0
16.9659 	EXP 	grating_S1_T5: phase = 0.0
16.9828 	EXP 	grating_S1_T5: phase = 0.0
16.9990 	EXP 	grating_S1_T5: phase = 0.0
17.0159 	EXP 	grating_S1_T5: phase = 0.0
17.0324 	EXP 	grating_S1_T5: phase = 0.0
17.0500 	EXP 	grating_S1_T5: phase = 0.0
17.0662 	EXP 	grating_S1_T5: phase = 0.0
17.0825 	EXP 	grating_S1_T5: phase = 0.0
17.0993 	EXP 	grating_S1_T5: phase = 0.0
17.1160 	EXP 	grating_S1_T5: phase = 0.0
17.1448 	EXP 	grating_S1_T5: phase = 0.0
17.1614 	EXP 	grating_S1_T5: phase = 0.0
17.1783 	EXP 	grating_S1_T5: phase = 0.0
17.1948 	EXP 	grating_S1_T5: phase = 0.0
17.2111 	EXP 	grating_S1_T5: phase = 0.0
17.2276 	EXP 	grating_S1_T5: phase = 0.0
17.2446 	EXP 	grating_S1_T5: phase = 0.0
17.2614 	EXP 	grating_S1_T5: phase = 0.0
17.2784 	EXP 	grating_S1_T5: phase = 0.0
17.2942 	EXP 	grating_S1_T5: phase = 0.0
17.3114 	EXP 	grating_S1_T5: phase = 0.0
17.3279 	EXP 	grating_S1_T5: phase = 1.0
17.3451 	EXP 	grating_S1_T5: phase = 1.0
17.3617 	EXP 	grating_S1_T5: phase = 1.0
17.3785 	EXP 	grating_S1_T5: phase = 1.0
17.3948 	EXP 	grating_S1_T5: phase = 1.0
17.4124 	EXP 	grating_S1_T5: phase = 1.0
17.4285 	EXP 	grating_S1_T5: phase = 1.0
17.4490 	EXP 	grating_S1_T5: phase = 1.0
17.4659 	EXP 	grating_S1_T5: phase = 1.0
17.4824 	EXP 	grating_S1_T5: phase = 1.0
17.4987 	EXP 	grating_S1_T5: phase = 1.0
17.5158 	EXP 	grating_S1_T5: phase = 1.0
17.5321 	EXP 	grating_S1_T5: phase = 1.0
17.5514 	EXP 	grating_S1_T5: phase = 1.0
17.5657 	EXP 	grating_S1_T5: phase = 1.0
17.5826 	EXP 	grating_S1_T5: phase = 1.0
17.5997 	EXP 	grating_S1_T5: phase = 1.0
17.6157 	EXP 	grating_S1_T5: phase = 1.0
17.6328 	EXP 	grating_S1_T5: phase = 1.0
17.6488 	EXP 	grating_S1_T5: phase = 1.0
17.6663 	EXP 	grating_S1_T5: phase = 1.0
17.6824 	EXP 	grating_S1_T5: phase = 1.0
17.7000 	EXP 	grating_S1_T5: phase = 1.0
17.7163 	EXP 	grating_S1_T5: phase = 1.0
17.7323 	EXP 	grating_S1_T5: phase = 1.0
17.7492 	EXP 	grating_S1_T5: phase = 1.0
17.7660 	EXP 	grating_S1_T5: phase = 1.0
17.7833 	EXP 	grating_S1_T5: phase = 1.0
17.7997 	EXP 	grating_S1_T5: phase = 1.0
17.8157 	EXP 	grating_S1_T5: phase = 1.0
17.8333 	EXP 	grating_S1_T5: phase = 0.0
17.8488 	EXP 	grating_S1_T5: phase = 0.0
17.8690 	EXP 	grating_S1_T5: phase = 0.0
17.8826 	EXP 	grating_S1_T5: phase = 0.0
17.8987 	EXP 	grating_S1_T5: phase = 0.0
17.9161 	EXP 	grating_S1_T5: phase = 0.0
17.9328 	EXP 	grating_S1_T5: phase = 0.0
17.9494 	EXP 	grating_S1_T5: phase = 0.0
17.9654 	EXP 	grating_S1_T5: phase = 0.0
17.9832 	EXP 	grating_S1_T5: phase = 0.0
17.9993 	EXP 	grating_S1_T5: phase = 0.0
18.0162 	EXP 	grating_S1_T5: phase = 0.0
18.0326 	EXP 	grating_S1_T5: phase = 0.0
18.0493 	EXP 	grating_S1_T5: phase = 0.0
18.0657 	EXP 	grating_S1_T5: phase = 0.0
18.0817 	EXP 	grating_S1_T5: phase = 0.0
18.0989 	EXP 	grating_S1_T5: phase = 0.0
18.1162 	EXP 	grating_S1_T5: phase = 0.0
18.1324 	EXP 	grating_S1_T5: phase = 0.0
18.1501 	EXP 	grating_S1_T5: phase = 0.0
18.1800 	EXP 	grating_S1_T5: phase = 0.0
18.1992 	EXP 	grating_S1_T5: phase = 0.0
18.2162 	EXP 	grating_S1_T5: phase = 0.0
18.2325 	EXP 	grating_S1_T5: phase = 0.0
18.2491 	EXP 	grating_S1_T5: phase = 0.0
18.2665 	EXP 	grating_S1_T5: phase = 0.0
18.2978 	EXP 	grating_S1_T5: phase = 0.0
18.3160 	EXP 	grating_S1_T5: phase = 0.0
18.3329 	EXP 	grating_S1_T5: phase = 1.0
18.3489 	EXP 	grating_S1_T5: phase = 1.0
18.3658 	EXP 	grating_S1_T5: phase = 1.0
18.3825 	EXP 	grating_S1_T5: phase = 1.0
18.3991 	EXP 	grating_S1_T5: phase = 1.0
18.4316 	EXP 	grating_S1_T5: phase = 1.0
18.4484 	EXP 	grating_S1_T5: phase = 1.0
18.4650 	EXP 	grating_S1_T5: phase = 1.0
18.4820 	EXP 	grating_S1_T5: phase = 1.0
18.4983 	EXP 	grating_S1_T5: phase = 1.0
18.5153 	EXP 	grating_S1_T5: phase = 1.0
18.5319 	EXP 	grating_S1_T5: phase = 1.0
18.5486 	EXP 	grating_S1_T5: phase = 1.0
18.5652 	EXP 	grating_S1_T5: phase = 1.0
18.5820 	EXP 	grating_S1_T5: phase = 1.0
18.5987 	EXP 	grating_S1_T5: phase = 1.0
18.6150 	EXP 	grating_S1_T5: phase = 1.0
18.6318 	EXP 	grating_S1_T5: phase = 1.0
18.6485 	EXP 	grating_S1_T5: phase = 1.0
18.6648 	EXP 	grating_S1_T5: phase = 1.0
18.6816 	EXP 	grating_S1_T5: phase = 1.0
18.6982 	EXP 	grating_S1_T5: phase = 1.0
18.7188 	EXP 	grating_S1_T5: phase = 1.0
18.7317 	EXP 	grating_S1_T5: phase = 1.0
18.7488 	EXP 	grating_S1_T5: phase = 1.0
18.7653 	EXP 	grating_S1_T5: phase = 1.0
18.7820 	EXP 	grating_S1_T5: phase = 1.0
18.7996 	EXP 	grating_S1_T5: phase = 1.0
18.8154 	EXP 	grating_S1_T5: phase = 1.0
18.8319 	EXP 	grating_S1_T5: phase = 0.0
18.8493 	EXP 	grating_S1_T5: phase = 0.0
18.8656 	EXP 	grating_S1_T5: phase = 0.0
18.8828 	EXP 	grating_S1_T5: phase = 0.0
18.8993 	EXP 	grating_S1_T5: phase = 0.0
18.9159 	EXP 	grating_S1_T5: phase = 0.0
18.9325 	EXP 	grating_S1_T5: phase = 0.0
18.9492 	EXP 	grating_S1_T5: phase = 0.0
18.9658 	EXP 	grating_S1_T5: phase = 0.0
18.9830 	EXP 	grating_S1_T5: phase = 0.0
18.9997 	EXP 	grating_S1_T5: phase = 0.0
19.0164 	EXP 	grating_S1_T5: phase = 0.0
19.0372 	EXP 	grating_S1_T5: phase = 0.0
19.0499 	EXP 	grating_S1_T5: phase = 0.0
19.0657 	EXP 	grating_S1_T5: phase = 0.0
19.0834 	EXP 	grating_S1_T5: phase = 0.0
19.0998 	EXP 	grating_S1_T5: phase = 0.0
19.1163 	EXP 	grating_S1_T5: phase = 0.0
19.1331 	EXP 	grating_S1_T5: phase = 0.0
19.1499 	EXP 	grating_S1_T5: phase = 0.0
19.1664 	EXP 	grating_S1_T5: phase = 0.0
19.1831 	EXP 	grating_S1_T5: phase = 0.0
19.1997 	EXP 	grating_S1_T5: phase = 0.0
19.2159 	EXP 	grating_S1_T5: phase = 0.0
19.2326 	EXP 	grating_S1_T5: phase = 0.0
19.2486 	EXP 	grating_S1_T5: phase = 0.0
19.2659 	EXP 	grating_S1_T5: phase = 0.0
19.2827 	EXP 	grating_S1_T5: phase = 0.0
19.2993 	EXP 	grating_S1_T5: phase = 0.0
19.3159 	EXP 	grating_S1_T5: phase = 0.0
19.3326 	EXP 	grating_S1_T5: phase = 1.0
19.3518 	EXP 	grating_S1_T5: phase = 1.0
19.3662 	EXP 	grating_S1_T5: phase = 1.0
19.3831 	EXP 	grating_S1_T5: phase = 1.0
19.4000 	EXP 	grating_S1_T5: phase = 1.0
19.4167 	EXP 	grating_S1_T5: phase = 1.0
19.4333 	EXP 	grating_S1_T5: phase = 1.0
19.4496 	EXP 	grating_S1_T5: phase = 1.0
19.4665 	EXP 	grating_S1_T5: phase = 1.0
19.4832 	EXP 	grating_S1_T5: phase = 1.0
19.4999 	EXP 	grating_S1_T5: phase = 1.0
19.5168 	EXP 	grating_S1_T5: phase = 1.0
19.5326 	EXP 	grating_S1_T5: phase = 1.0
19.5494 	EXP 	grating_S1_T5: phase = 1.0
19.5663 	EXP 	grating_S1_T5: phase = 1.0
19.5833 	EXP 	grating_S1_T5: phase = 1.0
19.5993 	EXP 	grating_S1_T5: phase = 1.0
19.6171 	EXP 	grating_S1_T5: phase = 1.0
19.6331 	EXP 	grating_S1_T5: phase = 1.0
19.6496 	EXP 	grating_S1_T5: phase = 1.0
19.6693 	EXP 	grating_S1_T5: phase = 1.0
19.6832 	EXP 	grating_S1_T5: phase = 1.0
19.6990 	EXP 	grating_S1_T5: phase = 1.0
19.7155 	EXP 	grating_S1_T5: phase = 1.0
19.7330 	EXP 	grating_S1_T5: phase = 1.0
19.7497 	EXP 	grating_S1_T5: phase = 1.0
19.7663 	EXP 	grating_S1_T5: phase = 1.0
19.7833 	EXP 	grating_S1_T5: phase = 1.0
19.7999 	EXP 	grating_S1_T5: phase = 1.0
19.8163 	EXP 	grating_S1_T5: phase = 1.0
19.8334 	EXP 	grating_S1_T5: phase = 0.0
19.8491 	EXP 	grating_S1_T5: phase = 0.0
19.8657 	EXP 	grating_S1_T5: phase = 0.0
19.8824 	EXP 	grating_S1_T5: phase = 0.0
19.8990 	EXP 	grating_S1_T5: phase = 0.0
19.9166 	EXP 	grating_S1_T5: phase = 0.0
19.9331 	EXP 	grating_S1_T5: phase = 0.0
19.9497 	EXP 	grating_S1_T5: phase = 0.0
19.9657 	EXP 	grating_S1_T5: phase = 0.0
19.9851 	EXP 	grating_S1_T5: phase = 0.0
19.9998 	EXP 	grating_S1_T5: phase = 0.0
20.0166 	EXP 	grating_S1_T5: phase = 0.0
20.0332 	EXP 	grating_S1_T5: phase = 0.0
20.0495 	EXP 	grating_S1_T5: phase = 0.0
20.0663 	EXP 	grating_S1_T5: phase = 0.0
20.0822 	EXP 	grating_S1_T5: phase = 0.0
20.0993 	EXP 	grating_S1_T5: phase = 0.0
20.1168 	EXP 	grating_S1_T5: phase = 0.0
20.1330 	EXP 	grating_S1_T5: phase = 0.0
20.1498 	EXP 	grating_S1_T5: phase = 0.0
20.1666 	EXP 	grating_S1_T5: phase = 0.0
20.1831 	EXP 	grating_S1_T5: phase = 0.0
20.1986 	EXP 	grating_S1_T5: phase = 0.0
20.2161 	EXP 	grating_S1_T5: phase = 0.0
20.2334 	EXP 	grating_S1_T5: phase = 0.0
20.2489 	EXP 	grating_S1_T5: phase = 0.0
20.2665 	EXP 	grating_S1_T5: phase = 0.0
20.2824 	EXP 	grating_S1_T5: phase = 0.0
20.2999 	EXP 	grating_S1_T5: phase = 0.0
20.3163 	EXP 	grating_S1_T5: phase = 0.0
20.3332 	EXP 	grating_S1_T5: phase = 1.0
20.3491 	EXP 	grating_S1_T5: phase = 1.0
20.3663 	EXP 	grating_S1_T5: phase = 1.0
20.3824 	EXP 	grating_S1_T5: phase = 1.0
20.3996 	EXP 	grating_S1_T5: phase = 1.0
20.4161 	EXP 	grating_S1_T5: phase = 1.0
20.4329 	EXP 	grating_S1_T5: phase = 1.0
20.4494 	EXP 	grating_S1_T5: phase = 1.0
20.4661 	EXP 	grating_S1_T5: phase = 1.0
20.4824 	EXP 	grating_S1_T5: phase = 1.0
20.4993 	EXP 	grating_S1_T5: phase = 1.0
20.5191 	EXP 	grating_S1_T5: phase = 1.0
20.5328 	EXP 	grating_S1_T5: phase = 1.0
20.5491 	EXP 	grating_S1_T5: phase = 1.0
20.5663 	EXP 	grating_S1_T5: phase = 1.0
20.5827 	EXP 	grating_S1_T5: phase = 1.0
20.5989 	EXP 	grating_S1_T5: phase = 1.0
20.6159 	EXP 	grating_S1_T5: phase = 1.0
20.6330 	EXP 	grating_S1_T5: phase = 1.0
20.6494 	EXP 	grating_S1_T5: phase = 1.0
20.6655 	EXP 	grating_S1_T5: phase = 1.0
20.6827 	EXP 	grating_S1_T5: phase = 1.0
20.6988 	EXP 	grating_S1_T5: phase = 1.0
20.7161 	EXP 	grating_S1_T5: phase = 1.0
20.7321 	EXP 	grating_S1_T5: phase = 1.0
20.7490 	EXP 	grating_S1_T5: phase = 1.0
20.7664 	EXP 	grating_S1_T5: phase = 1.0
20.7824 	EXP 	grating_S1_T5: phase = 1.0
20.7991 	EXP 	grating_S1_T5: phase = 1.0
20.8158 	EXP 	grating_S1_T5: phase = 1.0
20.8352 	EXP 	grating_S1_T5: phase = 0.0
20.8489 	EXP 	grating_S1_T5: phase = 0.0
20.8647 	EXP 	grating_S1_T5: phase = 0.0
20.8820 	EXP 	grating_S1_T5: phase = 0.0
20.8987 	EXP 	grating_S1_T5: phase = 0.0
20.9154 	EXP 	grating_S1_T5: phase = 0.0
20.9322 	EXP 	grating_S1_T5: phase = 0.0
20.9488 	EXP 	grating_S1_T5: phase = 0.0
20.9655 	EXP 	grating_S1_T5: phase = 0.0
20.9821 	EXP 	grating_S1_T5: phase = 0.0
20.9987 	EXP 	grating_S1_T5: phase = 0.0
21.0154 	EXP 	grating_S1_T5: phase = 0.0
21.0320 	EXP 	grating_S1_T5: phase = 0.0
21.0479 	EXP 	grating_S1_T5: phase = 0.0
21.0657 	EXP 	grating_S1_T5: phase = 0.0
21.0820 	EXP 	grating_S1_T5: phase = 0.0
21.0989 	EXP 	grating_S1_T5: phase = 0.0
21.1153 	EXP 	grating_S1_T5: phase = 0.0
21.1320 	EXP 	grating_S1_T5: phase = 0.0
21.1499 	EXP 	grating_S1_T5: phase = 0.0
21.1655 	EXP 	grating_S1_T5: phase = 0.0
21.1822 	EXP 	grating_S1_T5: phase = 0.0
21.1994 	EXP 	grating_S1_T5: phase = 0.0
21.2154 	EXP 	grating_S1_T5: phase = 0.0
21.2326 	EXP 	grating_S1_T5: phase = 0.0
21.2494 	EXP 	grating_S1_T5: phase = 0.0
21.2655 	EXP 	grating_S1_T5: phase = 0.0
21.2823 	EXP 	grating_S1_T5: phase = 0.0
21.2989 	EXP 	grating_S1_T5: phase = 0.0
21.3155 	EXP 	grating_S1_T5: phase = 0.0
21.3322 	EXP 	grating_S1_T5: phase = 1.0
21.3493 	EXP 	grating_S1_T5: phase = 1.0
21.3648 	EXP 	grating_S1_T5: phase = 1.0
21.3819 	EXP 	grating_S1_T5: phase = 1.0
21.3987 	EXP 	grating_S1_T5: phase = 1.0
21.4152 	EXP 	grating_S1_T5: phase = 1.0
21.4319 	EXP 	grating_S1_T5: phase = 1.0
21.4491 	EXP 	grating_S1_T5: phase = 1.0
21.4680 	EXP 	grating_S1_T5: phase = 1.0
21.4824 	EXP 	grating_S1_T5: phase = 1.0
21.4990 	EXP 	grating_S1_T5: phase = 1.0
21.5154 	EXP 	grating_S1_T5: phase = 1.0
21.5337 	EXP 	grating_S1_T5: phase = 1.0
21.5504 	EXP 	grating_S1_T5: phase = 1.0
21.5661 	EXP 	grating_S1_T5: phase = 1.0
21.5825 	EXP 	grating_S1_T5: phase = 1.0
21.5995 	EXP 	grating_S1_T5: phase = 1.0
21.6164 	EXP 	grating_S1_T5: phase = 1.0
21.6331 	EXP 	grating_S1_T5: phase = 1.0
21.6496 	EXP 	grating_S1_T5: phase = 1.0
21.6662 	EXP 	grating_S1_T5: phase = 1.0
21.6828 	EXP 	grating_S1_T5: phase = 1.0
21.6998 	EXP 	grating_S1_T5: phase = 1.0
21.7163 	EXP 	grating_S1_T5: phase = 1.0
21.7331 	EXP 	grating_S1_T5: phase = 1.0
21.7497 	EXP 	grating_S1_T5: phase = 1.0
21.7662 	EXP 	grating_S1_T5: phase = 1.0
21.7857 	EXP 	grating_S1_T5: phase = 1.0
21.7994 	EXP 	grating_S1_T5: phase = 1.0
21.8166 	EXP 	grating_S1_T5: phase = 1.0
21.8330 	EXP 	grating_S1_T5: phase = 0.0
21.8498 	EXP 	grating_S1_T5: phase = 0.0
21.8653 	EXP 	grating_S1_T5: phase = 0.0
21.8822 	EXP 	grating_S1_T5: phase = 0.0
21.8999 	EXP 	grating_S1_T5: phase = 0.0
21.9164 	EXP 	grating_S1_T5: phase = 0.0
21.9333 	EXP 	grating_S1_T5: phase = 0.0
21.9498 	EXP 	grating_S1_T5: phase = 0.0
21.9663 	EXP 	grating_S1_T5: phase = 0.0
21.9831 	EXP 	grating_S1_T5: phase = 0.0
21.9999 	EXP 	grating_S1_T5: phase = 0.0
22.0167 	EXP 	grating_S1_T5: phase = 0.0
22.0330 	EXP 	grating_S1_T5: phase = 0.0
22.0498 	EXP 	grating_S1_T5: phase = 0.0
22.0664 	EXP 	grating_S1_T5: phase = 0.0
22.0829 	EXP 	grating_S1_T5: phase = 0.0
22.1037 	EXP 	grating_S1_T5: phase = 0.0
22.1164 	EXP 	grating_S1_T5: phase = 0.0
22.1331 	EXP 	grating_S1_T5: phase = 0.0
22.1498 	EXP 	grating_S1_T5: phase = 0.0
22.1666 	EXP 	grating_S1_T5: phase = 0.0
22.1832 	EXP 	grating_S1_T5: phase = 0.0
22.1994 	EXP 	grating_S1_T5: phase = 0.0
22.2164 	EXP 	grating_S1_T5: phase = 0.0
22.2331 	EXP 	grating_S1_T5: phase = 0.0
22.2490 	EXP 	grating_S1_T5: phase = 0.0
22.2667 	EXP 	grating_S1_T5: phase = 0.0
22.2832 	EXP 	grating_S1_T5: phase = 0.0
22.2995 	EXP 	grating_S1_T5: phase = 0.0
22.3161 	EXP 	grating_S1_T5: phase = 0.0
22.3332 	EXP 	grating_S1_T5: phase = 1.0
22.3498 	EXP 	grating_S1_T5: phase = 1.0
22.3664 	EXP 	grating_S1_T5: phase = 1.0
22.3831 	EXP 	grating_S1_T5: phase = 1.0
22.3997 	EXP 	grating_S1_T5: phase = 1.0
22.4190 	EXP 	grating_S1_T5: phase = 1.0
22.4328 	EXP 	grating_S1_T5: phase = 1.0
22.4499 	EXP 	grating_S1_T5: phase = 1.0
22.4663 	EXP 	grating_S1_T5: phase = 1.0
22.4828 	EXP 	grating_S1_T5: phase = 1.0
22.4998 	EXP 	grating_S1_T5: phase = 1.0
22.5160 	EXP 	grating_S1_T5: phase = 1.0
22.5328 	EXP 	grating_S1_T5: phase = 1.0
22.5498 	EXP 	grating_S1_T5: phase = 1.0
22.5664 	EXP 	grating_S1_T5: phase = 1.0
22.5831 	EXP 	grating_S1_T5: phase = 1.0
22.5998 	EXP 	grating_S1_T5: phase = 1.0
22.6159 	EXP 	grating_S1_T5: phase = 1.0
22.6328 	EXP 	grating_S1_T5: phase = 1.0
22.6498 	EXP 	grating_S1_T5: phase = 1.0
22.6664 	EXP 	grating_S1_T5: phase = 1.0
22.6831 	EXP 	grating_S1_T5: phase = 1.0
22.6999 	EXP 	grating_S1_T5: phase = 1.0
22.7166 	EXP 	grating_S1_T5: phase = 1.0
22.7362 	EXP 	grating_S1_T5: phase = 1.0
22.7497 	EXP 	grating_S1_T5: phase = 1.0
22.7664 	EXP 	grating_S1_T5: phase = 1.0
22.7831 	EXP 	grating_S1_T5: phase = 1.0
22.7999 	EXP 	grating_S1_T5: phase = 1.0
22.8159 	EXP 	grating_S1_T5: phase = 1.0
22.8322 	EXP 	grating_S1_T5: phase = 0.0
22.8493 	EXP 	grating_S1_T5: phase = 0.0
22.8659 	EXP 	grating_S1_T5: phase = 0.0
22.8831 	EXP 	grating_S1_T5: phase = 0.0
22.8997 	EXP 	grating_S1_T5: phase = 0.0
22.9164 	EXP 	grating_S1_T5: phase = 0.0
22.9331 	EXP 	grating_S1_T5: phase = 0.0
22.9486 	EXP 	grating_S1_T5: phase = 0.0
22.9605 	EXP 	grating_S1_T5: phase = 0.0
22.9759 	EXP 	grating_S1_T5: phase = 0.0
22.9929 	EXP 	grating_S1_T5: phase = 0.0
23.0096 	EXP 	grating_S1_T5: phase = 0.0
23.0264 	EXP 	grating_S1_T5: phase = 0.0
23.0430 	EXP 	grating_S1_T5: phase = 0.0
23.0599 	EXP 	grating_S1_T5: phase = 0.0
23.0765 	EXP 	grating_S1_T5: phase = 0.0
23.0935 	EXP 	grating_S1_T5: phase = 0.0
23.1105 	EXP 	grating_S1_T5: phase = 0.0
23.1270 	EXP 	grating_S1_T5: phase = 0.0
23.1439 	EXP 	grating_S1_T5: phase = 0.0
23.1597 	EXP 	grating_S1_T5: phase = 0.0
23.1774 	EXP 	grating_S1_T5: phase = 0.0
23.1938 	EXP 	grating_S1_T5: phase = 0.0
23.2107 	EXP 	grating_S1_T5: phase = 0.0
23.2274 	EXP 	grating_S1_T5: phase = 0.0
23.2437 	EXP 	grating_S1_T5: phase = 0.0
23.2624 	EXP 	grating_S1_T5: phase = 0.0
23.2771 	EXP 	grating_S1_T5: phase = 0.0
23.2941 	EXP 	grating_S1_T5: phase = 0.0
23.3110 	EXP 	grating_S1_T5: phase = 0.0
23.3277 	EXP 	grating_S1_T5: phase = 1.0
23.3444 	EXP 	grating_S1_T5: phase = 1.0
23.3600 	EXP 	grating_S1_T5: phase = 1.0
23.3766 	EXP 	grating_S1_T5: phase = 1.0
23.3931 	EXP 	grating_S1_T5: phase = 1.0
23.4096 	EXP 	grating_S1_T5: phase = 1.0
23.4269 	EXP 	grating_S1_T5: phase = 1.0
23.4447 	EXP 	grating_S1_T5: phase = 1.0
23.4611 	EXP 	grating_S1_T5: phase = 1.0
23.4779 	EXP 	grating_S1_T5: phase = 1.0
23.4949 	EXP 	grating_S1_T5: phase = 1.0
23.5114 	EXP 	grating_S1_T5: phase = 1.0
23.5284 	EXP 	grating_S1_T5: phase = 1.0
23.5449 	EXP 	grating_S1_T5: phase = 1.0
23.5616 	EXP 	grating_S1_T5: phase = 1.0
23.5794 	EXP 	grating_S1_T5: phase = 1.0
23.5950 	EXP 	grating_S1_T5: phase = 1.0
23.6118 	EXP 	grating_S1_T5: phase = 1.0
23.6285 	EXP 	grating_S1_T5: phase = 1.0
23.6451 	EXP 	grating_S1_T5: phase = 1.0
23.6617 	EXP 	grating_S1_T5: phase = 1.0
23.6767 	EXP 	grating_S1_T5: phase = 1.0
23.6985 	EXP 	grating_S1_T5: phase = 1.0
23.7159 	EXP 	grating_S1_T5: phase = 1.0
23.7333 	EXP 	grating_S1_T5: phase = 1.0
23.7497 	EXP 	grating_S1_T5: phase = 1.0
23.7664 	EXP 	grating_S1_T5: phase = 1.0
23.7826 	EXP 	grating_S1_T5: phase = 1.0
23.7998 	EXP 	grating_S1_T5: phase = 1.0
23.8163 	EXP 	grating_S1_T5: phase = 1.0
23.8324 	EXP 	grating_S1_T5: phase = 0.0
23.8498 	EXP 	grating_S1_T5: phase = 0.0
23.8663 	EXP 	grating_S1_T5: phase = 0.0
23.8831 	EXP 	grating_S1_T5: phase = 0.0
23.8985 	EXP 	grating_S1_T5: phase = 0.0
23.9164 	EXP 	grating_S1_T5: phase = 0.0
23.9327 	EXP 	grating_S1_T5: phase = 0.0
23.9491 	EXP 	grating_S1_T5: phase = 0.0
23.9668 	EXP 	grating_S1_T5: phase = 0.0
23.9823 	EXP 	grating_S1_T5: phase = 0.0
24.0033 	EXP 	grating_S1_T5: phase = 0.0
24.0162 	EXP 	grating_S1_T5: phase = 0.0
24.0326 	EXP 	grating_S1_T5: phase = 0.0
24.0492 	EXP 	grating_S1_T5: phase = 0.0
24.0655 	EXP 	grating_S1_T5: phase = 0.0
24.0830 	EXP 	grating_S1_T5: phase = 0.0
24.0993 	EXP 	grating_S1_T5: phase = 0.0
24.1164 	EXP 	grating_S1_T5: phase = 0.0
24.1330 	EXP 	grating_S1_T5: phase = 0.0
24.1491 	EXP 	grating_S1_T5: phase = 0.0
24.1664 	EXP 	grating_S1_T5: phase = 0.0
24.1831 	EXP 	grating_S1_T5: phase = 0.0
24.1999 	EXP 	grating_S1_T5: phase = 0.0
24.2151 	EXP 	grating_S1_T5: phase = 0.0
24.2331 	EXP 	grating_S1_T5: phase = 0.0
24.2492 	EXP 	grating_S1_T5: phase = 0.0
24.2667 	EXP 	grating_S1_T5: phase = 0.0
24.2831 	EXP 	grating_S1_T5: phase = 0.0
24.2990 	EXP 	grating_S1_T5: phase = 0.0
24.3191 	EXP 	grating_S1_T5: phase = 0.0
24.3326 	EXP 	grating_S1_T5: phase = 1.0
24.3492 	EXP 	grating_S1_T5: phase = 1.0
24.3655 	EXP 	grating_S1_T5: phase = 1.0
24.3824 	EXP 	grating_S1_T5: phase = 1.0
24.3990 	EXP 	grating_S1_T5: phase = 1.0
24.4157 	EXP 	grating_S1_T5: phase = 1.0
24.4325 	EXP 	grating_S1_T5: phase = 1.0
24.4490 	EXP 	grating_S1_T5: phase = 1.0
24.4812 	EXP 	grating_S1_T5: phase = 1.0
24.5002 	EXP 	grating_S1_T5: phase = 1.0
24.5308 	EXP 	grating_S1_T5: phase = 1.0
24.5651 	EXP 	grating_S1_T5: phase = 1.0
24.5823 	EXP 	grating_S1_T5: phase = 1.0
24.5989 	EXP 	grating_S1_T5: phase = 1.0
24.6156 	EXP 	grating_S1_T5: phase = 1.0
24.6360 	EXP 	grating_S1_T5: phase = 1.0
24.6500 	EXP 	grating_S1_T5: phase = 1.0
24.6646 	EXP 	grating_S1_T5: phase = 1.0
24.6814 	EXP 	grating_S1_T5: phase = 1.0
24.6981 	EXP 	grating_S1_T5: phase = 1.0
24.7148 	EXP 	grating_S1_T5: phase = 1.0
24.7313 	EXP 	grating_S1_T5: phase = 1.0
24.7641 	EXP 	grating_S1_T5: phase = 1.0
24.7821 	EXP 	grating_S1_T5: phase = 1.0
24.7986 	EXP 	grating_S1_T5: phase = 1.0
24.8154 	EXP 	grating_S1_T5: phase = 1.0
24.8320 	EXP 	grating_S1_T5: phase = 0.0
24.8485 	EXP 	grating_S1_T5: phase = 0.0
24.8656 	EXP 	grating_S1_T5: phase = 0.0
24.8818 	EXP 	grating_S1_T5: phase = 0.0
24.8992 	EXP 	grating_S1_T5: phase = 0.0
24.9157 	EXP 	grating_S1_T5: phase = 0.0
24.9325 	EXP 	grating_S1_T5: phase = 0.0
24.9511 	EXP 	grating_S1_T5: phase = 0.0
24.9658 	EXP 	grating_S1_T5: phase = 0.0
24.9825 	EXP 	grating_S1_T5: phase = 0.0
24.9993 	EXP 	grating_S1_T5: phase = 0.0
25.0160 	EXP 	grating_S1_T5: phase = 0.0
25.0322 	EXP 	grating_S1_T5: phase = 0.0
25.0484 	EXP 	grating_S1_T5: phase = 0.0
25.0662 	EXP 	grating_S1_T5: phase = 0.0
25.0828 	EXP 	grating_S1_T5: phase = 0.0
25.0996 	EXP 	grating_S1_T5: phase = 0.0
25.1163 	EXP 	grating_S1_T5: phase = 0.0
25.1330 	EXP 	grating_S1_T5: phase = 0.0
25.1497 	EXP 	grating_S1_T5: phase = 0.0
25.1663 	EXP 	grating_S1_T5: phase = 0.0
25.1831 	EXP 	grating_S1_T5: phase = 0.0
25.1999 	EXP 	grating_S1_T5: phase = 0.0
25.2165 	EXP 	grating_S1_T5: phase = 0.0
25.2332 	EXP 	grating_S1_T5: phase = 0.0
25.2494 	EXP 	grating_S1_T5: phase = 0.0
25.2696 	EXP 	grating_S1_T5: phase = 0.0
25.2833 	EXP 	grating_S1_T5: phase = 0.0
25.2998 	EXP 	grating_S1_T5: phase = 0.0
25.3165 	EXP 	grating_S1_T5: phase = 0.0
25.3332 	EXP 	grating_S1_T5: phase = 1.0
25.3493 	EXP 	grating_S1_T5: phase = 1.0
25.3655 	EXP 	grating_S1_T5: phase = 1.0
25.3825 	EXP 	grating_S1_T5: phase = 1.0
25.4000 	EXP 	grating_S1_T5: phase = 1.0
25.4166 	EXP 	grating_S1_T5: phase = 1.0
25.4332 	EXP 	grating_S1_T5: phase = 1.0
25.4500 	EXP 	grating_S1_T5: phase = 1.0
25.4665 	EXP 	grating_S1_T5: phase = 1.0
25.4830 	EXP 	grating_S1_T5: phase = 1.0
25.4999 	EXP 	grating_S1_T5: phase = 1.0
25.5166 	EXP 	grating_S1_T5: phase = 1.0
25.5333 	EXP 	grating_S1_T5: phase = 1.0
25.5499 	EXP 	grating_S1_T5: phase = 1.0
25.5665 	EXP 	grating_S1_T5: phase = 1.0
25.5858 	EXP 	grating_S1_T5: phase = 1.0
25.5997 	EXP 	grating_S1_T5: phase = 1.0
25.6165 	EXP 	grating_S1_T5: phase = 1.0
25.6331 	EXP 	grating_S1_T5: phase = 1.0
25.6499 	EXP 	grating_S1_T5: phase = 1.0
25.6666 	EXP 	grating_S1_T5: phase = 1.0
25.6830 	EXP 	grating_S1_T5: phase = 1.0
25.7000 	EXP 	grating_S1_T5: phase = 1.0
25.7167 	EXP 	grating_S1_T5: phase = 1.0
25.7334 	EXP 	grating_S1_T5: phase = 1.0
25.7502 	EXP 	grating_S1_T5: phase = 1.0
25.7662 	EXP 	grating_S1_T5: phase = 1.0
25.7836 	EXP 	grating_S1_T5: phase = 1.0
25.8003 	EXP 	grating_S1_T5: phase = 1.0
25.8167 	EXP 	grating_S1_T5: phase = 1.0
25.8335 	EXP 	grating_S1_T5: phase = 0.0
25.8502 	EXP 	grating_S1_T5: phase = 0.0
25.8662 	EXP 	grating_S1_T5: phase = 0.0
25.8837 	EXP 	grating_S1_T5: phase = 0.0
25.9037 	EXP 	grating_S1_T5: phase = 0.0
25.9168 	EXP 	grating_S1_T5: phase = 0.0
25.9336 	EXP 	grating_S1_T5: phase = 0.0
25.9495 	EXP 	grating_S1_T5: phase = 0.0
25.9668 	EXP 	grating_S1_T5: phase = 0.0
25.9833 	EXP 	grating_S1_T5: phase = 0.0
25.9999 	EXP 	grating_S1_T5: phase = 0.0
26.0167 	EXP 	grating_S1_T5: phase = 0.0
26.0334 	EXP 	grating_S1_T5: phase = 0.0
26.0501 	EXP 	grating_S1_T5: phase = 0.0
26.0661 	EXP 	grating_S1_T5: phase = 0.0
26.0834 	EXP 	grating_S1_T5: phase = 0.0
26.1000 	EXP 	grating_S1_T5: phase = 0.0
26.1166 	EXP 	grating_S1_T5: phase = 0.0
26.1329 	EXP 	grating_S1_T5: phase = 0.0
26.1500 	EXP 	grating_S1_T5: phase = 0.0
26.1666 	EXP 	grating_S1_T5: phase = 0.0
26.1832 	EXP 	grating_S1_T5: phase = 0.0
26.1999 	EXP 	grating_S1_T5: phase = 0.0
26.2202 	EXP 	grating_S1_T5: phase = 0.0
26.2329 	EXP 	grating_S1_T5: phase = 0.0
26.2495 	EXP 	grating_S1_T5: phase = 0.0
26.2665 	EXP 	grating_S1_T5: phase = 0.0
26.2833 	EXP 	grating_S1_T5: phase = 0.0
26.2999 	EXP 	grating_S1_T5: phase = 0.0
26.3164 	EXP 	grating_S1_T5: phase = 0.0
26.3332 	EXP 	grating_S1_T5: phase = 1.0
26.3498 	EXP 	grating_S1_T5: phase = 1.0
26.3665 	EXP 	grating_S1_T5: phase = 1.0
26.3831 	EXP 	grating_S1_T5: phase = 1.0
26.3999 	EXP 	grating_S1_T5: phase = 1.0
26.4164 	EXP 	grating_S1_T5: phase = 1.0
26.4327 	EXP 	grating_S1_T5: phase = 1.0
26.4498 	EXP 	grating_S1_T5: phase = 1.0
26.4665 	EXP 	grating_S1_T5: phase = 1.0
26.4829 	EXP 	grating_S1_T5: phase = 1.0
26.4999 	EXP 	grating_S1_T5: phase = 1.0
26.5164 	EXP 	grating_S1_T5: phase = 1.0
26.5358 	EXP 	grating_S1_T5: phase = 1.0
26.5494 	EXP 	grating_S1_T5: phase = 1.0
26.5666 	EXP 	grating_S1_T5: phase = 1.0
26.5831 	EXP 	grating_S1_T5: phase = 1.0
26.5999 	EXP 	grating_S1_T5: phase = 1.0
26.6164 	EXP 	grating_S1_T5: phase = 1.0
26.6330 	EXP 	grating_S1_T5: phase = 1.0
26.6499 	EXP 	grating_S1_T5: phase = 1.0
26.6664 	EXP 	grating_S1_T5: phase = 1.0
26.6832 	EXP 	grating_S1_T5: phase = 1.0
26.6997 	EXP 	grating_S1_T5: phase = 1.0
26.7165 	EXP 	grating_S1_T5: phase = 1.0
26.7331 	EXP 	grating_S1_T5: phase = 1.0
26.7492 	EXP 	grating_S1_T5: phase = 1.0
26.7665 	EXP 	grating_S1_T5: phase = 1.0
26.7831 	EXP 	grating_S1_T5: phase = 1.0
26.7998 	EXP 	grating_S1_T5: phase = 1.0
26.8165 	EXP 	grating_S1_T5: phase = 1.0
26.8331 	EXP 	grating_S1_T5: phase = 0.0
26.8523 	EXP 	grating_S1_T5: phase = 0.0
26.8661 	EXP 	grating_S1_T5: phase = 0.0
26.8831 	EXP 	grating_S1_T5: phase = 0.0
26.8997 	EXP 	grating_S1_T5: phase = 0.0
26.9164 	EXP 	grating_S1_T5: phase = 0.0
26.9331 	EXP 	grating_S1_T5: phase = 0.0
26.9494 	EXP 	grating_S1_T5: phase = 0.0
26.9664 	EXP 	grating_S1_T5: phase = 0.0
26.9831 	EXP 	grating_S1_T5: phase = 0.0
26.9999 	EXP 	grating_S1_T5: phase = 0.0
27.0164 	EXP 	grating_S1_T5: phase = 0.0
27.0331 	EXP 	grating_S1_T5: phase = 0.0
27.0497 	EXP 	grating_S1_T5: phase = 0.0
27.0661 	EXP 	grating_S1_T5: phase = 0.0
27.0832 	EXP 	grating_S1_T5: phase = 0.0
27.0997 	EXP 	grating_S1_T5: phase = 0.0
27.1164 	EXP 	grating_S1_T5: phase = 0.0
27.1331 	EXP 	grating_S1_T5: phase = 0.0
27.1497 	EXP 	grating_S1_T5: phase = 0.0
27.1690 	EXP 	grating_S1_T5: phase = 0.0
27.1826 	EXP 	grating_S1_T5: phase = 0.0
27.1996 	EXP 	grating_S1_T5: phase = 0.0
27.2164 	EXP 	grating_S1_T5: phase = 0.0
27.2330 	EXP 	grating_S1_T5: phase = 0.0
27.2494 	EXP 	grating_S1_T5: phase = 0.0
27.2661 	EXP 	grating_S1_T5: phase = 0.0
27.2823 	EXP 	grating_S1_T5: phase = 0.0
27.2877 	DATA 	Keypress: escape
27.5709 	EXP 	window1: mouseVisible = True
6.8717 	WARNING 	User requested fullscreen with size [1024  768], but screen is actually [1920, 1080]. Using actual size
7.7017 	EXP 	Created window1 = Window(allowGUI=False, allowStencil=False, args=UNKNOWN, autoLog=True, bitsMode=UNKNOWN, blendMode='avg', color=array([0., 0., 0.]), colorSpace='rgb', fullscr=<method-wrapper '__getattribute__' of attributeSetter object at 0x12fdaa898>, gamma=None, kwargs=UNKNOWN, lms=UNKNOWN, monitor=<psychopy.monitors.calibTools.Monitor object at 0x12fd42a90>, multiSample=False, name='window1', numSamples=2, pos=[0.0, 0.0], screen=0, size=array([1920, 1080]), stereo=False, units='height', useFBO=True, useRetina=False, viewOri=0.0, viewPos=None, viewScale=None, waitBlanking=True, winType='pyglet')
7.9367 	EXP 	Created grating_S1_T5 = GratingStim(__class__=<class 'psychopy.visual.grating.GratingStim'>, autoDraw=False, autoLog=True, blendmode='avg', color=array([1., 1., 1.]), colorSpace='rgb', contrast=1.0, depth=0.0, interpolate=True, mask='circle', maskParams=None, name='grating_S1_T5', opacity=1.0, ori=0.0, phase=array([0., 0.]), pos=array([0., 0.]), rgbPedestal=array([0., 0., 0.]), sf=array([0.6, 0.6]), size=array([7., 7.]), tex='sin', texRes=128, units='deg', win=Window(...))
7.9513 	EXP 	grating_S1_T5: phase = 0.0
7.9673 	EXP 	grating_S1_T5: phase = 0.0
7.9843 	EXP 	grating_S1_T5: phase = 0.0
8.0011 	EXP 	grating_S1_T5: phase = 0.0
8.0177 	EXP 	grating_S1_T5: phase = 0.0
8.0342 	EXP 	grating_S1_T5: phase = 0.0
8.0507 	EXP 	grating_S1_T5: phase = 0.0
8.0670 	EXP 	grating_S1_T5: phase = 0.0
8.0841 	EXP 	grating_S1_T5: phase = 0.0
8.1010 	EXP 	grating_S1_T5: phase = 0.0
8.1177 	EXP 	grating_S1_T5: phase = 0.0
8.1345 	EXP 	grating_S1_T5: phase = 0.0
8.1511 	EXP 	grating_S1_T5: phase = 0.0
8.1682 	EXP 	grating_S1_T5: phase = 0.0
8.1844 	EXP 	grating_S1_T5: phase = 0.0
8.2009 	EXP 	grating_S1_T5: phase = 0.0
8.2177 	EXP 	grating_S1_T5: phase = 0.0
8.2343 	EXP 	grating_S1_T5: phase = 0.0
8.2510 	EXP 	grating_S1_T5: phase = 0.0
8.2676 	EXP 	grating_S1_T5: phase = 0.0
8.2844 	EXP 	grating_S1_T5: phase = 0.0
8.3010 	EXP 	grating_S1_T5: phase = 0.0
8.3177 	EXP 	grating_S1_T5: phase = 0.0
8.3344 	EXP 	grating_S1_T5: phase = 0.0
8.3510 	EXP 	grating_S1_T5: phase = 0.0
8.3676 	EXP 	grating_S1_T5: phase = 0.0
8.3838 	EXP 	grating_S1_T5: phase = 0.0
8.4006 	EXP 	grating_S1_T5: phase = 0.0
8.4173 	EXP 	grating_S1_T5: phase = 0.0
8.4339 	EXP 	grating_S1_T5: phase = 0.0
8.4506 	EXP 	grating_S1_T5: phase = 0.0
8.4674 	EXP 	grating_S1_T5: phase = 1.0
8.4852 	EXP 	grating_S1_T5: phase = 1.0
8.5010 	EXP 	grating_S1_T5: phase = 1.0
8.5179 	EXP 	grating_S1_T5: phase = 1.0
8.5339 	EXP 	grating_S1_T5: phase = 1.0
8.5505 	EXP 	grating_S1_T5: phase = 1.0
8.5673 	EXP 	grating_S1_T5: phase = 1.0
8.5842 	EXP 	grating_S1_T5: phase = 1.0
8.6010 	EXP 	grating_S1_T5: phase = 1.0
8.6176 	EXP 	grating_S1_T5: phase = 1.0
8.6342 	EXP 	grating_S1_T5: phase = 1.0
8.6510 	EXP 	grating_S1_T5: phase = 1.0
8.6677 	EXP 	grating_S1_T5: phase = 1.0
8.6843 	EXP 	grating_S1_T5: phase = 1.0
8.7006 	EXP 	grating_S1_T5: phase = 1.0
8.7176 	EXP 	grating_S1_T5: phase = 1.0
8.7343 	EXP 	grating_S1_T5: phase = 1.0
8.7507 	EXP 	grating_S1_T5: phase = 1.0
8.7676 	EXP 	grating_S1_T5: phase = 1.0
8.7843 	EXP 	grating_S1_T5: phase = 1.0
8.8017 	EXP 	grating_S1_T5: phase = 1.0
8.8177 	EXP 	grating_S1_T5: phase = 1.0
8.8338 	EXP 	grating_S1_T5: phase = 1.0
8.8510 	EXP 	grating_S1_T5: phase = 1.0
8.8676 	EXP 	grating_S1_T5: phase = 1.0
8.8842 	EXP 	grating_S1_T5: phase = 1.0
8.9006 	EXP 	grating_S1_T5: phase = 1.0
8.9172 	EXP 	grating_S1_T5: phase = 1.0
8.9336 	EXP 	grating_S1_T5: phase = 1.0
8.9506 	EXP 	grating_S1_T5: phase = 1.0
8.9673 	EXP 	grating_S1_T5: phase = 0.0
8.9842 	EXP 	grating_S1_T5: phase = 0.0
9.0009 	EXP 	grating_S1_T5: phase = 0.0
9.0170 	EXP 	grating_S1_T5: phase = 0.0
9.0340 	EXP 	grating_S1_T5: phase = 0.0
9.0507 	EXP 	grating_S1_T5: phase = 0.0
9.0674 	EXP 	grating_S1_T5: phase = 0.0
9.0840 	EXP 	grating_S1_T5: phase = 0.0
9.1007 	EXP 	grating_S1_T5: phase = 0.0
9.1180 	EXP 	grating_S1_T5: phase = 0.0
9.1343 	EXP 	grating_S1_T5: phase = 0.0
9.1510 	EXP 	grating_S1_T5: phase = 0.0
9.1676 	EXP 	grating_S1_T5: phase = 0.0
9.1842 	EXP 	grating_S1_T5: phase = 0.0
9.2009 	EXP 	grating_S1_T5: phase = 0.0
9.2177 	EXP 	grating_S1_T5: phase = 0.0
9.2340 	EXP 	grating_S1_T5: phase = 0.0
9.2505 	EXP 	grating_S1_T5: phase = 0.0
9.2672 	EXP 	grating_S1_T5: phase = 0.0
9.2839 	EXP 	grating_S1_T5: phase = 0.0
9.3006 	EXP 	grating_S1_T5: phase = 0.0
9.3173 	EXP 	grating_S1_T5: phase = 0.0
9.3341 	EXP 	grating_S1_T5: phase = 0.0
9.3507 	EXP 	grating_S1_T5: phase = 0.0
9.3674 	EXP 	grating_S1_T5: phase = 0.0
9.3842 	EXP 	grating_S1_T5: phase = 0.0
9.4008 	EXP 	grating_S1_T5: phase = 0.0
9.4175 	EXP 	grating_S1_T5: phase = 0.0
9.4356 	EXP 	grating_S1_T5: phase = 0.0
9.4504 	EXP 	grating_S1_T5: phase = 0.0
9.4676 	EXP 	grating_S1_T5: phase = 1.0
9.4843 	EXP 	grating_S1_T5: phase = 1.0
9.5009 	EXP 	grating_S1_T5: phase = 1.0
9.5177 	EXP 	grating_S1_T5: phase = 1.0
9.5344 	EXP 	grating_S1_T5: phase = 1.0
9.5509 	EXP 	grating_S1_T5: phase = 1.0
9.5676 	EXP 	grating_S1_T5: phase = 1.0
9.5843 	EXP 	grating_S1_T5: phase = 1.0
9.6009 	EXP 	grating_S1_T5: phase = 1.0
9.6176 	EXP 	grating_S1_T5: phase = 1.0
9.6337 	EXP 	grating_S1_T5: phase = 1.0
9.6505 	EXP 	grating_S1_T5: phase = 1.0
9.6670 	EXP 	grating_S1_T5: phase = 1.0
9.6837 	EXP 	grating_S1_T5: phase = 1.0
9.7004 	EXP 	grating_S1_T5: phase = 1.0
9.7169 	EXP 	grating_S1_T5: phase = 1.0
9.7340 	EXP 	grating_S1_T5: phase = 1.0
9.7519 	EXP 	grating_S1_T5: phase = 1.0
9.7674 	EXP 	grating_S1_T5: phase = 1.0
9.7840 	EXP 	grating_S1_T5: phase = 1.0
9.8009 	EXP 	grating_S1_T5: phase = 1.0
9.8176 	EXP 	grating_S1_T5: phase = 1.0
9.8342 	EXP 	grating_S1_T5: phase = 1.0
9.8510 	EXP 	grating_S1_T5: phase = 1.0
9.8675 	EXP 	grating_S1_T5: phase = 1.0
9.8843 	EXP 	grating_S1_T5: phase = 1.0
9.9012 	EXP 	grating_S1_T5: phase = 1.0
9.9177 	EXP 	grating_S1_T5: phase = 1.0
9.9345 	EXP 	grating_S1_T5: phase = 1.0
9.9512 	EXP 	grating_S1_T5: phase = 1.0
9.9673 	EXP 	grating_S1_T5: phase = 0.0
9.9847 	EXP 	grating_S1_T5: phase = 0.0
10.0013 	EXP 	grating_S1_T5: phase = 0.0
10.0170 	EXP 	grating_S1_T5: phase = 0.0
10.0339 	EXP 	grating_S1_T5: phase = 0.0
10.0505 	EXP 	grating_S1_T5: phase = 0.0
10.0692 	EXP 	grating_S1_T5: phase = 0.0
10.0837 	EXP 	grating_S1_T5: phase = 0.0
10.1004 	EXP 	grating_S1_T5: phase = 0.0
10.1171 	EXP 	grating_S1_T5: phase = 0.0
10.1339 	EXP 	grating_S1_T5: phase = 0.0
10.1506 	EXP 	grating_S1_T5: phase = 0.0
10.1672 	EXP 	grating_S1_T5: phase = 0.0
10.1838 	EXP 	grating_S1_T5: phase = 0.0
10.2006 	EXP 	grating_S1_T5: phase = 0.0
10.2175 	EXP 	grating_S1_T5: phase = 0.0
10.2497 	EXP 	grating_S1_T5: phase = 0.0
10.2824 	EXP 	grating_S1_T5: phase = 0.0
10.2998 	EXP 	grating_S1_T5: phase = 0.0
10.3332 	EXP 	grating_S1_T5: phase = 0.0
10.3500 	EXP 	grating_S1_T5: phase = 0.0
10.3675 	EXP 	grating_S1_T5: phase = 0.0
10.3846 	EXP 	grating_S1_T5: phase = 0.0
10.4000 	EXP 	grating_S1_T5: phase = 0.0
10.4167 	EXP 	grating_S1_T5: phase = 0.0
10.4334 	EXP 	grating_S1_T5: phase = 0.0
10.4503 	EXP 	grating_S1_T5: phase = 0.0
10.4667 	EXP 	grating_S1_T5: phase = 1.0
10.4836 	EXP 	grating_S1_T5: phase = 1.0
10.5004 	EXP 	grating_S1_T5: phase = 1.0
10.5170 	EXP 	grating_S1_T5: phase = 1.0
10.5338 	EXP 	grating_S1_T5: phase = 1.0
10.5504 	EXP 	grating_S1_T5: phase = 1.0
10.5668 	EXP 	grating_S1_T5: phase = 1.0
10.5839 	EXP 	grating_S1_T5: phase = 1.0
10.6009 	EXP 	grating_S1_T5: phase = 1.0
10.6171 	EXP 	grating_S1_T5: phase = 1.0
10.6341 	EXP 	grating_S1_T5: phase = 1.0
10.6501 	EXP 	grating_S1_T5: phase = 1.0
10.6674 	EXP 	grating_S1_T5: phase = 1.0
10.6841 	EXP 	grating_S1_T5: phase = 1.0
10.7017 	EXP 	grating_S1_T5: phase = 1.0
10.7175 	EXP 	grating_S1_T5: phase = 1.0
10.7345 	EXP 	grating_S1_T5: phase = 1.0
10.7511 	EXP 	grating_S1_T5: phase = 1.0
10.7679 	EXP 	grating_S1_T5: phase = 1.0
10.7846 	EXP 	grating_S1_T5: phase = 1.0
10.8014 	EXP 	grating_S1_T5: phase = 1.0
10.8178 	EXP 	grating_S1_T5: phase = 1.0
10.8341 	EXP 	grating_S1_T5: phase = 1.0
10.8512 	EXP 	grating_S1_T5: phase = 1.0
10.8675 	EXP 	grating_S1_T5: phase = 1.0
10.8845 	EXP 	grating_S1_T5: phase = 1.0
10.9013 	EXP 	grating_S1_T5: phase = 1.0
10.9181 	EXP 	grating_S1_T5: phase = 1.0
10.9344 	EXP 	grating_S1_T5: phase = 1.0
10.9513 	EXP 	grating_S1_T5: phase = 1.0
10.9684 	EXP 	grating_S1_T5: phase = 0.0
10.9846 	EXP 	grating_S1_T5: phase = 0.0
11.0016 	EXP 	grating_S1_T5: phase = 0.0
11.0189 	EXP 	grating_S1_T5: phase = 0.0
11.0340 	EXP 	grating_S1_T5: phase = 0.0
11.0512 	EXP 	grating_S1_T5: phase = 0.0
11.0675 	EXP 	grating_S1_T5: phase = 0.0
11.0846 	EXP 	grating_S1_T5: phase = 0.0
11.1010 	EXP 	grating_S1_T5: phase = 0.0
11.1180 	EXP 	grating_S1_T5: phase = 0.0
11.1340 	EXP 	grating_S1_T5: phase = 0.0
11.1513 	EXP 	grating_S1_T5: phase = 0.0
11.1677 	EXP 	grating_S1_T5: phase = 0.0
11.1847 	EXP 	grating_S1_T5: phase = 0.0
11.2012 	EXP 	grating_S1_T5: phase = 0.0
11.2179 	EXP 	grating_S1_T5: phase = 0.0
11.2339 	EXP 	grating_S1_T5: phase = 0.0
11.2512 	EXP 	grating_S1_T5: phase = 0.0
11.2679 	EXP 	grating_S1_T5: phase = 0.0
11.2847 	EXP 	grating_S1_T5: phase = 0.0
11.3013 	EXP 	grating_S1_T5: phase = 0.0
11.3180 	EXP 	grating_S1_T5: phase = 0.0
11.3360 	EXP 	grating_S1_T5: phase = 0.0
11.3513 	EXP 	grating_S1_T5: phase = 0.0
11.3681 	EXP 	grating_S1_T5: phase = 0.0
11.3848 	EXP 	grating_S1_T5: phase = 0.0
11.4017 	EXP 	grating_S1_T5: phase = 0.0
11.4180 	EXP 	grating_S1_T5: phase = 0.0
11.4347 	EXP 	grating_S1_T5: phase = 0.0
11.4514 	EXP 	grating_S1_T5: phase = 0.0
11.4682 	EXP 	grating_S1_T5: phase = 1.0
11.4845 	EXP 	grating_S1_T5: phase = 1.0
11.5013 	EXP 	grating_S1_T5: phase = 1.0
11.5176 	EXP 	grating_S1_T5: phase = 1.0
11.5343 	EXP 	grating_S1_T5: phase = 1.0
11.5511 	EXP 	grating_S1_T5: phase = 1.0
11.5681 	EXP 	grating_S1_T5: phase = 1.0
11.5848 	EXP 	grating_S1_T5: phase = 1.0
11.6012 	EXP 	grating_S1_T5: phase = 1.0
11.6180 	EXP 	grating_S1_T5: phase = 1.0
11.6343 	EXP 	grating_S1_T5: phase = 1.0
11.6534 	EXP 	grating_S1_T5: phase = 1.0
11.6679 	EXP 	grating_S1_T5: phase = 1.0
11.6845 	EXP 	grating_S1_T5: phase = 1.0
11.7011 	EXP 	grating_S1_T5: phase = 1.0
11.7179 	EXP 	grating_S1_T5: phase = 1.0
11.7336 	EXP 	grating_S1_T5: phase = 1.0
11.7512 	EXP 	grating_S1_T5: phase = 1.0
11.7679 	EXP 	grating_S1_T5: phase = 1.0
11.7845 	EXP 	grating_S1_T5: phase = 1.0
11.8012 	EXP 	grating_S1_T5: phase = 1.0
11.8171 	EXP 	grating_S1_T5: phase = 1.0
11.8346 	EXP 	grating_S1_T5: phase = 1.0
11.8514 	EXP 	grating_S1_T5: phase = 1.0
11.8673 	EXP 	grating_S1_T5: phase = 1.0
11.8843 	EXP 	grating_S1_T5: phase = 1.0
11.9003 	EXP 	grating_S1_T5: phase = 1.0
11.9176 	EXP 	grating_S1_T5: phase = 1.0
11.9345 	EXP 	grating_S1_T5: phase = 1.0
11.9511 	EXP 	grating_S1_T5: phase = 1.0
11.9689 	EXP 	grating_S1_T5: phase = 0.0
11.9843 	EXP 	grating_S1_T5: phase = 0.0
12.0010 	EXP 	grating_S1_T5: phase = 0.0
12.0178 	EXP 	grating_S1_T5: phase = 0.0
12.0347 	EXP 	grating_S1_T5: phase = 0.0
12.0510 	EXP 	grating_S1_T5: phase = 0.0
12.0674 	EXP 	grating_S1_T5: phase = 0.0
12.0722 	DATA 	Keypress: escape
12.3528 	EXP 	window1: mouseVisible = True
