7.0227 	WARNING 	User requested fullscreen with size [1024  768], but screen is actually [1920, 1080]. Using actual size
7.7537 	EXP 	Created window1 = Window(allowGUI=False, allowStencil=False, args=UNKNOWN, autoLog=True, bitsMode=UNKNOWN, blendMode='avg', color=array([0., 0., 0.]), colorSpace='rgb', fullscr=<method-wrapper '__getattribute__' of attributeSetter object at 0x12fb02898>, gamma=None, kwargs=UNKNOWN, lms=UNKNOWN, monitor=<psychopy.monitors.calibTools.Monitor object at 0x12f3e45f8>, multiSample=False, name='window1', numSamples=2, pos=[0.0, 0.0], screen=0, size=array([1920, 1080]), stereo=False, units='height', useFBO=True, useRetina=False, viewOri=0.0, viewPos=None, viewScale=None, waitBlanking=True, winType='pyglet')
7.7537 	EXP 	window1: recordFrameIntervals = False
7.9186 	EXP 	window1: recordFrameIntervals = True
8.1028 	EXP 	window1: recordFrameIntervals = False
8.3394 	EXP 	Created grating_S1_T5 = GratingStim(__class__=<class 'psychopy.visual.grating.GratingStim'>, autoDraw=False, autoLog=True, blendmode='avg', color=array([1., 1., 1.]), colorSpace='rgb', contrast=1.0, depth=0.0, interpolate=True, mask='circle', maskParams=None, name='grating_S1_T5', opacity=1.0, ori=0.0, phase=array([0., 0.]), pos=array([0., 0.]), rgbPedestal=array([0., 0., 0.]), sf=array([0.6, 0.6]), size=array([3.5, 3.5]), tex='sin', texRes=128, units='deg', win=Window(...))
8.3526 	EXP 	grating_S1_T5: phase = 3.1912300703988716e-05
8.3694 	EXP 	grating_S1_T5: phase = 0.08636605769868265
8.3860 	EXP 	grating_S1_T5: phase = 0.1913070961370142
8.4029 	EXP 	grating_S1_T5: phase = 0.29547965074776683
8.4190 	EXP 	grating_S1_T5: phase = 0.402199333285193
8.4374 	EXP 	grating_S1_T5: phase = 0.5032869255891685
8.4526 	EXP 	grating_S1_T5: phase = 0.6190403394806232
8.4686 	EXP 	grating_S1_T5: phase = 0.713957693009387
8.4856 	EXP 	grating_S1_T5: phase = 0.81465181338082
8.5023 	EXP 	grating_S1_T5: phase = 0.9215039077651597
8.5192 	EXP 	grating_S1_T5: phase = 1.0267157137791905
8.5358 	EXP 	grating_S1_T5: phase = 1.1326298605456755
8.5524 	EXP 	grating_S1_T5: phase = 1.2392461972469042
8.5693 	EXP 	grating_S1_T5: phase = 1.3413204821248716
8.5858 	EXP 	grating_S1_T5: phase = 1.447492465665579
8.6024 	EXP 	grating_S1_T5: phase = 1.5508269250463014
8.6192 	EXP 	grating_S1_T5: phase = 1.6552954553684875
8.6357 	EXP 	grating_S1_T5: phase = 1.762056594352741
8.6517 	EXP 	grating_S1_T5: phase = 1.864845095197813
8.6692 	EXP 	grating_S1_T5: phase = 1.9660008474837827
8.6859 	EXP 	grating_S1_T5: phase = 2.075320587489753
8.7025 	EXP 	grating_S1_T5: phase = 2.179803726237582
8.7192 	EXP 	grating_S1_T5: phase = 2.284233897727683
8.7358 	EXP 	grating_S1_T5: phase = 2.3892140426863864
8.7540 	EXP 	grating_S1_T5: phase = 2.493704438513644
8.7692 	EXP 	grating_S1_T5: phase = 2.6125652142734794
8.7859 	EXP 	grating_S1_T5: phase = 2.7058255598783547
8.8021 	EXP 	grating_S1_T5: phase = 2.809591736921851
8.8194 	EXP 	grating_S1_T5: phase = 2.9112876295125463
8.8358 	EXP 	grating_S1_T5: phase = 3.0189009443590593
8.8524 	EXP 	grating_S1_T5: phase = 3.1222806049597365
8.8690 	EXP 	grating_S1_T5: phase = 0.08736253948043436
8.8859 	EXP 	grating_S1_T5: phase = 0.18924462172381915
8.9025 	EXP 	grating_S1_T5: phase = 0.2953880481892954
8.9191 	EXP 	grating_S1_T5: phase = 0.4005681429852838
8.9352 	EXP 	grating_S1_T5: phase = 0.5036723613012559
8.9521 	EXP 	grating_S1_T5: phase = 0.605174976835472
8.9690 	EXP 	grating_S1_T5: phase = 0.7108569159181464
8.9856 	EXP 	grating_S1_T5: phase = 0.8181811037042139
9.0022 	EXP 	grating_S1_T5: phase = 0.9214694382150789
9.0190 	EXP 	grating_S1_T5: phase = 1.0258226469565155
9.0362 	EXP 	grating_S1_T5: phase = 1.131399003401249
9.0520 	EXP 	grating_S1_T5: phase = 1.2392668061053458
9.0701 	EXP 	grating_S1_T5: phase = 1.33869732764853
9.0857 	EXP 	grating_S1_T5: phase = 1.452468698179923
9.1023 	EXP 	grating_S1_T5: phase = 1.5506957886810881
9.1193 	EXP 	grating_S1_T5: phase = 1.654981415476037
9.1358 	EXP 	grating_S1_T5: phase = 1.7613954273381953
9.1524 	EXP 	grating_S1_T5: phase = 1.8662650887919603
9.1692 	EXP 	grating_S1_T5: phase = 1.9698590876921167
9.1853 	EXP 	grating_S1_T5: phase = 2.0777967028584685
9.2025 	EXP 	grating_S1_T5: phase = 2.1763472894402582
9.2192 	EXP 	grating_S1_T5: phase = 2.284463058061702
9.2357 	EXP 	grating_S1_T5: phase = 2.3891467372085575
9.2525 	EXP 	grating_S1_T5: phase = 2.4930377674298323
9.2692 	EXP 	grating_S1_T5: phase = 2.598408845906772
9.2855 	EXP 	grating_S1_T5: phase = 2.7035651462716266
9.3024 	EXP 	grating_S1_T5: phase = 2.80569471061792
9.3192 	EXP 	grating_S1_T5: phase = 2.9121834483812834
9.3358 	EXP 	grating_S1_T5: phase = 3.0174800082799393
9.3525 	EXP 	grating_S1_T5: phase = 3.1216794109347354
9.3690 	EXP 	grating_S1_T5: phase = 0.08554605177071575
9.3871 	EXP 	grating_S1_T5: phase = 0.18917024765441207
9.4020 	EXP 	grating_S1_T5: phase = 0.30278252792477145
9.4187 	EXP 	grating_S1_T5: phase = 0.3963016905046986
9.4355 	EXP 	grating_S1_T5: phase = 0.5010626905408508
9.4522 	EXP 	grating_S1_T5: phase = 0.606574336450131
9.4688 	EXP 	grating_S1_T5: phase = 0.7117144387688437
9.4856 	EXP 	grating_S1_T5: phase = 0.8162019254692106
9.5022 	EXP 	grating_S1_T5: phase = 0.9238409196939442
9.5191 	EXP 	grating_S1_T5: phase = 1.0260575501354614
9.5357 	EXP 	grating_S1_T5: phase = 1.1321257480273657
9.5524 	EXP 	grating_S1_T5: phase = 1.2363845204922952
9.5690 	EXP 	grating_S1_T5: phase = 1.3415002126285114
9.5858 	EXP 	grating_S1_T5: phase = 1.445708952106509
9.6027 	EXP 	grating_S1_T5: phase = 1.5509312761815164
9.6192 	EXP 	grating_S1_T5: phase = 1.6571666759180486
9.6358 	EXP 	grating_S1_T5: phase = 1.7610201012586433
9.6525 	EXP 	grating_S1_T5: phase = 1.8650601937575315
9.6691 	EXP 	grating_S1_T5: phase = 1.9703647898537846
9.6858 	EXP 	grating_S1_T5: phase = 2.0747417239034753
9.7039 	EXP 	grating_S1_T5: phase = 2.1793956207812086
9.7186 	EXP 	grating_S1_T5: phase = 2.2929684237957533
9.7350 	EXP 	grating_S1_T5: phase = 2.3854940891296748
9.7518 	EXP 	grating_S1_T5: phase = 2.4885732689398354
9.7685 	EXP 	grating_S1_T5: phase = 2.594421505098022
9.7853 	EXP 	grating_S1_T5: phase = 2.698926609857966
9.8020 	EXP 	grating_S1_T5: phase = 2.8045737149410934
9.8191 	EXP 	grating_S1_T5: phase = 2.9119057881299053
9.8354 	EXP 	grating_S1_T5: phase = 3.0171064854983594
9.8522 	EXP 	grating_S1_T5: phase = 3.1196744590775856
9.8688 	EXP 	grating_S1_T5: phase = 0.08319943283604658
9.8854 	EXP 	grating_S1_T5: phase = 0.18787586121230693
9.9022 	EXP 	grating_S1_T5: phase = 0.2934655882711233
9.9192 	EXP 	grating_S1_T5: phase = 0.397628290837213
9.9356 	EXP 	grating_S1_T5: phase = 0.5041773094886604
9.9524 	EXP 	grating_S1_T5: phase = 0.6075371403490638
9.9691 	EXP 	grating_S1_T5: phase = 0.7128773621121259
9.9857 	EXP 	grating_S1_T5: phase = 0.8178028936645334
10.0025 	EXP 	grating_S1_T5: phase = 0.9222495333606014
10.0193 	EXP 	grating_S1_T5: phase = 1.0277593006087709
10.0358 	EXP 	grating_S1_T5: phase = 1.1333551034863836
10.0524 	EXP 	grating_S1_T5: phase = 1.2369786333766244
10.0691 	EXP 	grating_S1_T5: phase = 1.3415973883791286
10.0858 	EXP 	grating_S1_T5: phase = 1.4462837567580014
10.1025 	EXP 	grating_S1_T5: phase = 1.550962943443442
10.1196 	EXP 	grating_S1_T5: phase = 1.656198682111507
10.1355 	EXP 	grating_S1_T5: phase = 1.7657279852009065
10.1525 	EXP 	grating_S1_T5: phase = 1.8648576992656802
10.1692 	EXP 	grating_S1_T5: phase = 1.9707141475373628
10.1858 	EXP 	grating_S1_T5: phase = 2.075099865472938
10.2019 	EXP 	grating_S1_T5: phase = 2.1791429550566668
10.2186 	EXP 	grating_S1_T5: phase = 2.280748960406055
10.2356 	EXP 	grating_S1_T5: phase = 2.385386294788179
10.2520 	EXP 	grating_S1_T5: phase = 2.4924560512675904
10.2688 	EXP 	grating_S1_T5: phase = 2.5955426075678685
10.2854 	EXP 	grating_S1_T5: phase = 2.7010298495806286
10.3022 	EXP 	grating_S1_T5: phase = 2.806235875079592
10.3189 	EXP 	grating_S1_T5: phase = 2.910782945221848
10.3370 	EXP 	grating_S1_T5: phase = 3.0157342880894005
10.3524 	EXP 	grating_S1_T5: phase = 3.12951490744033
10.3690 	EXP 	grating_S1_T5: phase = 0.08456355635440944
10.3857 	EXP 	grating_S1_T5: phase = 0.18892588200131605
10.4025 	EXP 	grating_S1_T5: phase = 0.29395489132684527
10.4191 	EXP 	grating_S1_T5: phase = 0.39949242396012574
10.4360 	EXP 	grating_S1_T5: phase = 0.5038212350910182
10.4525 	EXP 	grating_S1_T5: phase = 0.6123269256228462
10.4688 	EXP 	grating_S1_T5: phase = 0.7133403763242406
10.4862 	EXP 	grating_S1_T5: phase = 0.8160015986790814
10.5027 	EXP 	grating_S1_T5: phase = 0.9251650067560565
10.5196 	EXP 	grating_S1_T5: phase = 1.0287738653837517
10.5362 	EXP 	grating_S1_T5: phase = 1.1349778052269959
10.5524 	EXP 	grating_S1_T5: phase = 1.2392194308748345
10.5694 	EXP 	grating_S1_T5: phase = 1.3415369881260728
10.5861 	EXP 	grating_S1_T5: phase = 1.4478596550176321
10.6018 	EXP 	grating_S1_T5: phase = 1.5532873135885028
10.6188 	EXP 	grating_S1_T5: phase = 1.6515272783402177
10.6362 	EXP 	grating_S1_T5: phase = 1.7599630810009352
10.6543 	EXP 	grating_S1_T5: phase = 1.8677571882238908
10.6687 	EXP 	grating_S1_T5: phase = 1.9814810641369425
10.6855 	EXP 	grating_S1_T5: phase = 2.07177152399987
10.7022 	EXP 	grating_S1_T5: phase = 2.1778035872894805
10.7190 	EXP 	grating_S1_T5: phase = 2.28241717752828
10.7355 	EXP 	grating_S1_T5: phase = 2.387811070258382
10.7524 	EXP 	grating_S1_T5: phase = 2.492002518387554
10.7690 	EXP 	grating_S1_T5: phase = 2.6007126574811994
10.8007 	EXP 	grating_S1_T5: phase = 2.7022512128438825
10.8340 	EXP 	grating_S1_T5: phase = 2.901475109901718
10.8671 	EXP 	grating_S1_T5: phase = 3.1115525938435837
10.8848 	EXP 	grating_S1_T5: phase = 0.17693670365534306
10.9021 	EXP 	grating_S1_T5: phase = 0.2882287920803991
10.9182 	EXP 	grating_S1_T5: phase = 0.3971840759224502
10.9348 	EXP 	grating_S1_T5: phase = 0.4978515995745945
10.9516 	EXP 	grating_S1_T5: phase = 0.6027097062613429
10.9707 	EXP 	grating_S1_T5: phase = 0.7077115533583134
10.9849 	EXP 	grating_S1_T5: phase = 0.8279805668626172
11.0017 	EXP 	grating_S1_T5: phase = 0.9172065734496506
11.0182 	EXP 	grating_S1_T5: phase = 1.0227526763370594
11.0352 	EXP 	grating_S1_T5: phase = 1.1265116779730993
11.0516 	EXP 	grating_S1_T5: phase = 1.2333687549192682
11.0685 	EXP 	grating_S1_T5: phase = 1.3363382051987536
11.0853 	EXP 	grating_S1_T5: phase = 1.4450973280013386
11.1016 	EXP 	grating_S1_T5: phase = 1.5480879840327
11.1185 	EXP 	grating_S1_T5: phase = 1.6503006623553098
11.1354 	EXP 	grating_S1_T5: phase = 1.7567662277248788
11.1521 	EXP 	grating_S1_T5: phase = 1.8642461568324833
11.1682 	EXP 	grating_S1_T5: phase = 1.9677790454842954
11.1853 	EXP 	grating_S1_T5: phase = 2.0688796062598884
11.2022 	EXP 	grating_S1_T5: phase = 2.1760496486766114
11.2193 	EXP 	grating_S1_T5: phase = 2.282612980427114
11.2356 	EXP 	grating_S1_T5: phase = 2.390065420595408
11.2522 	EXP 	grating_S1_T5: phase = 2.493576707638855
11.2691 	EXP 	grating_S1_T5: phase = 2.5978138722323014
11.2862 	EXP 	grating_S1_T5: phase = 2.703473939546786
11.3025 	EXP 	grating_S1_T5: phase = 2.810831811501649
11.3194 	EXP 	grating_S1_T5: phase = 2.912909439033137
11.3360 	EXP 	grating_S1_T5: phase = 3.0190173403617058
11.3529 	EXP 	grating_S1_T5: phase = 3.1234504021207696
11.3693 	EXP 	grating_S1_T5: phase = 0.08755548982616217
11.3861 	EXP 	grating_S1_T5: phase = 0.1910575405991672
11.4025 	EXP 	grating_S1_T5: phase = 0.2991884453939506
11.4194 	EXP 	grating_S1_T5: phase = 0.39958417731344975
11.4361 	EXP 	grating_S1_T5: phase = 0.5055727798213153
11.4529 	EXP 	grating_S1_T5: phase = 0.610711575228447
11.4696 	EXP 	grating_S1_T5: phase = 0.7161954054648071
11.4861 	EXP 	grating_S1_T5: phase = 0.8211260829229907
11.5029 	EXP 	grating_S1_T5: phase = 0.9248565651767982
11.5191 	EXP 	grating_S1_T5: phase = 1.0300559179406725
11.5361 	EXP 	grating_S1_T5: phase = 1.1317831133666854
11.5532 	EXP 	grating_S1_T5: phase = 1.2389960761997871
11.5695 	EXP 	grating_S1_T5: phase = 1.3464858384941263
11.5855 	EXP 	grating_S1_T5: phase = 1.4486373374226544
11.6035 	EXP 	grating_S1_T5: phase = 1.549490931339658
11.6189 	EXP 	grating_S1_T5: phase = 1.6624249857363302
11.6362 	EXP 	grating_S1_T5: phase = 1.7589758229405315
11.6523 	EXP 	grating_S1_T5: phase = 1.8677855756463408
11.6694 	EXP 	grating_S1_T5: phase = 1.9688357767013922
11.6857 	EXP 	grating_S1_T5: phase = 2.0761445707033896
11.7027 	EXP 	grating_S1_T5: phase = 2.1788357701240386
11.7199 	EXP 	grating_S1_T5: phase = 2.289160486779892
11.7364 	EXP 	grating_S1_T5: phase = 2.393549980918475
11.7529 	EXP 	grating_S1_T5: phase = 2.4979476180705333
11.7698 	EXP 	grating_S1_T5: phase = 2.600866312772988
11.7860 	EXP 	grating_S1_T5: phase = 2.7079235594513156
11.8027 	EXP 	grating_S1_T5: phase = 2.8091621052659677
11.8197 	EXP 	grating_S1_T5: phase = 2.9139964803584855
11.8362 	EXP 	grating_S1_T5: phase = 3.024549119536798
11.8528 	EXP 	grating_S1_T5: phase = 3.125565686710863
11.8694 	EXP 	grating_S1_T5: phase = 0.08844531452521827
11.8854 	EXP 	grating_S1_T5: phase = 0.19251583647447243
11.9032 	EXP 	grating_S1_T5: phase = 0.2942835333361041
11.9203 	EXP 	grating_S1_T5: phase = 0.40429761558993044
11.9361 	EXP 	grating_S1_T5: phase = 0.5112302164134007
11.9529 	EXP 	grating_S1_T5: phase = 0.6109386997976683
11.9692 	EXP 	grating_S1_T5: phase = 0.7161253667988441
11.9862 	EXP 	grating_S1_T5: phase = 0.8185378566901221
12.0025 	EXP 	grating_S1_T5: phase = 0.925152327279334
12.0198 	EXP 	grating_S1_T5: phase = 1.0295567565543113
12.0360 	EXP 	grating_S1_T5: phase = 1.1418455152489704
12.0529 	EXP 	grating_S1_T5: phase = 1.2394043701440116
12.0694 	EXP 	grating_S1_T5: phase = 1.3457127491032785
12.0863 	EXP 	grating_S1_T5: phase = 1.4478532147493692
12.1031 	EXP 	grating_S1_T5: phase = 1.5543574280144925
12.1194 	EXP 	grating_S1_T5: phase = 1.6598703242844266
12.1352 	EXP 	grating_S1_T5: phase = 1.762566405737003
12.1525 	EXP 	grating_S1_T5: phase = 1.862614275372356
12.1695 	EXP 	grating_S1_T5: phase = 1.9704243230307232
12.1862 	EXP 	grating_S1_T5: phase = 2.0770090113279545
12.2027 	EXP 	grating_S1_T5: phase = 2.182514455744632
12.2194 	EXP 	grating_S1_T5: phase = 2.2856943675906862
12.2373 	EXP 	grating_S1_T5: phase = 2.3903837895824687
12.2527 	EXP 	grating_S1_T5: phase = 2.5031676507287033
12.2693 	EXP 	grating_S1_T5: phase = 2.599619288989442
12.2861 	EXP 	grating_S1_T5: phase = 2.703997888091346
12.3029 	EXP 	grating_S1_T5: phase = 2.809657289389517
12.3197 	EXP 	grating_S1_T5: phase = 2.915270993081342
12.3363 	EXP 	grating_S1_T5: phase = 3.020528974230181
12.3528 	EXP 	grating_S1_T5: phase = 3.128636876283951
12.3694 	EXP 	grating_S1_T5: phase = 0.08705418588198356
12.3855 	EXP 	grating_S1_T5: phase = 0.1913001657911946
12.4026 	EXP 	grating_S1_T5: phase = 0.2924630369336931
12.4193 	EXP 	grating_S1_T5: phase = 0.40084196419675067
12.4360 	EXP 	grating_S1_T5: phase = 0.5048229633313059
12.4528 	EXP 	grating_S1_T5: phase = 0.6099687205141378
12.4698 	EXP 	grating_S1_T5: phase = 0.7155924207366442
12.4859 	EXP 	grating_S1_T5: phase = 0.8220061812511902
12.5025 	EXP 	grating_S1_T5: phase = 0.9231818324003129
12.5193 	EXP 	grating_S1_T5: phase = 1.0277368570681928
12.5360 	EXP 	grating_S1_T5: phase = 1.1332995726933033
12.5537 	EXP 	grating_S1_T5: phase = 1.2381971314919618
12.5692 	EXP 	grating_S1_T5: phase = 1.3493934453219072
12.5860 	EXP 	grating_S1_T5: phase = 1.4467579613105244
12.6027 	EXP 	grating_S1_T5: phase = 1.552201528909784
12.6193 	EXP 	grating_S1_T5: phase = 1.6573267337851012
12.6359 	EXP 	grating_S1_T5: phase = 1.7615121500744515
12.6526 	EXP 	grating_S1_T5: phase = 1.8659718839388013
12.6693 	EXP 	grating_S1_T5: phase = 1.9732192221009164
12.6859 	EXP 	grating_S1_T5: phase = 2.0756358714568814
12.7026 	EXP 	grating_S1_T5: phase = 2.179930194179765
12.7193 	EXP 	grating_S1_T5: phase = 2.285055857725616
12.7359 	EXP 	grating_S1_T5: phase = 2.390181062623791
12.7527 	EXP 	grating_S1_T5: phase = 2.494311394218643
12.7696 	EXP 	grating_S1_T5: phase = 2.599705293234721
12.7864 	EXP 	grating_S1_T5: phase = 2.7057223208580354
12.8025 	EXP 	grating_S1_T5: phase = 2.811500537185329
12.8192 	EXP 	grating_S1_T5: phase = 2.9130022919294043
12.8358 	EXP 	grating_S1_T5: phase = 3.017678010310376
12.8525 	EXP 	grating_S1_T5: phase = 3.1220236540967017
12.8703 	EXP 	grating_S1_T5: phase = 0.0851171238241451
12.8858 	EXP 	grating_S1_T5: phase = 0.19716093254422587
12.9024 	EXP 	grating_S1_T5: phase = 0.29431868147445084
12.9192 	EXP 	grating_S1_T5: phase = 0.3990485671859952
12.9359 	EXP 	grating_S1_T5: phase = 0.5043282755712895
12.9526 	EXP 	grating_S1_T5: phase = 0.6094731468200757
12.9693 	EXP 	grating_S1_T5: phase = 0.7139987536225835
12.9856 	EXP 	grating_S1_T5: phase = 0.8213361675138572
13.0026 	EXP 	grating_S1_T5: phase = 0.9217291222662476
13.0193 	EXP 	grating_S1_T5: phase = 1.0282450599511685
13.0358 	EXP 	grating_S1_T5: phase = 1.133342870131101
13.0526 	EXP 	grating_S1_T5: phase = 1.236798305956692
13.0692 	EXP 	grating_S1_T5: phase = 1.3427533248256642
13.0858 	EXP 	grating_S1_T5: phase = 1.446773380238499
13.1025 	EXP 	grating_S1_T5: phase = 1.5515330922438566
13.1193 	EXP 	grating_S1_T5: phase = 1.6563353853828897
13.1358 	EXP 	grating_S1_T5: phase = 1.7615992412907218
13.1527 	EXP 	grating_S1_T5: phase = 1.866671566889119
13.1693 	EXP 	grating_S1_T5: phase = 1.9717071986847863
13.1870 	EXP 	grating_S1_T5: phase = 2.076562810936203
13.2027 	EXP 	grating_S1_T5: phase = 2.1867310637032786
13.2194 	EXP 	grating_S1_T5: phase = 2.2860643655168706
13.2361 	EXP 	grating_S1_T5: phase = 2.3907153595536887
13.2527 	EXP 	grating_S1_T5: phase = 2.495939499475762
13.2692 	EXP 	grating_S1_T5: phase = 2.6000423672752078
13.2864 	EXP 	grating_S1_T5: phase = 2.7038970115465757
13.3035 	EXP 	grating_S1_T5: phase = 2.8174560920923817
13.3198 	EXP 	grating_S1_T5: phase = 2.9210877084223124
13.3366 	EXP 	grating_S1_T5: phase = 3.0215149945018833
13.3532 	EXP 	grating_S1_T5: phase = 3.1274980615106016
13.3693 	EXP 	grating_S1_T5: phase = 0.09032431366164587
13.3859 	EXP 	grating_S1_T5: phase = 0.1913190404745438
13.4033 	EXP 	grating_S1_T5: phase = 0.295286700402039
13.4193 	EXP 	grating_S1_T5: phase = 0.4075512123038646
13.4362 	EXP 	grating_S1_T5: phase = 0.505098160554375
13.4527 	EXP 	grating_S1_T5: phase = 0.6117126123085166
13.4696 	EXP 	grating_S1_T5: phase = 0.7154368993328392
13.4863 	EXP 	grating_S1_T5: phase = 0.8218054271975495
13.5045 	EXP 	grating_S1_T5: phase = 0.9261077735689356
13.5196 	EXP 	grating_S1_T5: phase = 1.0409237487780207
13.5366 	EXP 	grating_S1_T5: phase = 1.1357223249706603
13.5523 	EXP 	grating_S1_T5: phase = 1.2431595535567594
13.5696 	EXP 	grating_S1_T5: phase = 1.3406393659822218
13.5867 	EXP 	grating_S1_T5: phase = 1.4491674874826754
13.6034 	EXP 	grating_S1_T5: phase = 1.557412494927435
13.6197 	EXP 	grating_S1_T5: phase = 1.6665365011345927
13.6359 	EXP 	grating_S1_T5: phase = 1.766658116538896
13.6524 	EXP 	grating_S1_T5: phase = 1.8673535187008634
13.6692 	EXP 	grating_S1_T5: phase = 1.9696812232776357
13.6858 	EXP 	grating_S1_T5: phase = 2.0754141378322144
13.7025 	EXP 	grating_S1_T5: phase = 2.179812139410881
13.7195 	EXP 	grating_S1_T5: phase = 2.2848469104164075
13.7359 	EXP 	grating_S1_T5: phase = 2.3915834444443376
13.7526 	EXP 	grating_S1_T5: phase = 2.494703766562526
13.7692 	EXP 	grating_S1_T5: phase = 2.5995702424435994
13.7860 	EXP 	grating_S1_T5: phase = 2.7036685172288704
13.8027 	EXP 	grating_S1_T5: phase = 2.8093503180886445
13.8216 	EXP 	grating_S1_T5: phase = 2.9139712973437977
13.8360 	EXP 	grating_S1_T5: phase = 3.0325600174514227
13.8525 	EXP 	grating_S1_T5: phase = 3.1234089582230364
13.8693 	EXP 	grating_S1_T5: phase = 0.08556047166279071
13.8863 	EXP 	grating_S1_T5: phase = 0.19124317100570445
13.9031 	EXP 	grating_S1_T5: phase = 0.2976670663195483
13.9194 	EXP 	grating_S1_T5: phase = 0.4044709183972594
13.9365 	EXP 	grating_S1_T5: phase = 0.5120425066142623
13.9525 	EXP 	grating_S1_T5: phase = 0.6143700918032043
13.9697 	EXP 	grating_S1_T5: phase = 0.7141425757276372
13.9868 	EXP 	grating_S1_T5: phase = 0.8228684102179161
14.0033 	EXP 	grating_S1_T5: phase = 0.9306686560965712
14.0194 	EXP 	grating_S1_T5: phase = 1.0334136270370196
14.0364 	EXP 	grating_S1_T5: phase = 1.1338639472646266
14.0534 	EXP 	grating_S1_T5: phase = 1.2412709411513292
14.0697 	EXP 	grating_S1_T5: phase = 1.3487830401703682
14.0867 	EXP 	grating_S1_T5: phase = 1.451387217474768
14.1035 	EXP 	grating_S1_T5: phase = 1.5586540209276905
14.1198 	EXP 	grating_S1_T5: phase = 1.6638493524269202
14.1379 	EXP 	grating_S1_T5: phase = 1.7651472240955897
14.1528 	EXP 	grating_S1_T5: phase = 1.87997194549756
14.1694 	EXP 	grating_S1_T5: phase = 1.9731816674851874
14.1857 	EXP 	grating_S1_T5: phase = 2.076937866833072
14.2027 	EXP 	grating_S1_T5: phase = 2.1791451164724127
14.2197 	EXP 	grating_S1_T5: phase = 2.2862086588872685
14.2365 	EXP 	grating_S1_T5: phase = 2.393155227241114
14.2529 	EXP 	grating_S1_T5: phase = 2.5045183282241283
14.2693 	EXP 	grating_S1_T5: phase = 2.603225240448937
14.2858 	EXP 	grating_S1_T5: phase = 2.703960339784451
14.3025 	EXP 	grating_S1_T5: phase = 2.8078182450373665
14.3192 	EXP 	grating_S1_T5: phase = 2.913013928391252
14.3358 	EXP 	grating_S1_T5: phase = 3.0177036896885965
14.3528 	EXP 	grating_S1_T5: phase = 3.1218427360693113
14.3691 	EXP 	grating_S1_T5: phase = 0.08706528826444236
14.3859 	EXP 	grating_S1_T5: phase = 0.18986579626108913
14.4026 	EXP 	grating_S1_T5: phase = 0.2948847713400803
14.4194 	EXP 	grating_S1_T5: phase = 0.4000698298399697
14.4360 	EXP 	grating_S1_T5: phase = 0.5055904355738912
14.4551 	EXP 	grating_S1_T5: phase = 0.6100455135871632
14.4693 	EXP 	grating_S1_T5: phase = 0.7299460748296657
14.4860 	EXP 	grating_S1_T5: phase = 0.8189029914423073
14.5026 	EXP 	grating_S1_T5: phase = 0.9239463641089845
14.5192 	EXP 	grating_S1_T5: phase = 1.0282050674738927
14.5358 	EXP 	grating_S1_T5: phase = 1.132757541155514
14.5526 	EXP 	grating_S1_T5: phase = 1.2372671823787056
14.5692 	EXP 	grating_S1_T5: phase = 1.3460938871049204
14.5858 	EXP 	grating_S1_T5: phase = 1.4466448576964477
14.6026 	EXP 	grating_S1_T5: phase = 1.5513291337595958
14.6193 	EXP 	grating_S1_T5: phase = 1.6567975764750038
14.6360 	EXP 	grating_S1_T5: phase = 1.7614251907951055
14.6527 	EXP 	grating_S1_T5: phase = 1.8663432453274937
14.6686 	EXP 	grating_S1_T5: phase = 1.9717065892193997
14.6859 	EXP 	grating_S1_T5: phase = 2.071582312141294
14.7024 	EXP 	grating_S1_T5: phase = 2.179948201786997
14.7191 	EXP 	grating_S1_T5: phase = 2.2837476357129183
14.7358 	EXP 	grating_S1_T5: phase = 2.3885012216116706
14.7525 	EXP 	grating_S1_T5: phase = 2.4935889661380424
14.7700 	EXP 	grating_S1_T5: phase = 2.598811378170999
14.7859 	EXP 	grating_S1_T5: phase = 2.7082465591455493
14.8025 	EXP 	grating_S1_T5: phase = 2.808293385788886
14.8193 	EXP 	grating_S1_T5: phase = 2.912498148004072
14.8359 	EXP 	grating_S1_T5: phase = 3.0180914501832348
14.8525 	EXP 	grating_S1_T5: phase = 3.1222654499284688
14.8692 	EXP 	grating_S1_T5: phase = 0.08526482266210884
14.8858 	EXP 	grating_S1_T5: phase = 0.19321137253205534
14.9024 	EXP 	grating_S1_T5: phase = 0.2989295216030211
14.9198 	EXP 	grating_S1_T5: phase = 0.3995916731456813
14.9364 	EXP 	grating_S1_T5: phase = 0.5111105845731114
14.9527 	EXP 	grating_S1_T5: phase = 0.6146574407324407
14.9695 	EXP 	grating_S1_T5: phase = 0.7159666598223472
14.9861 	EXP 	grating_S1_T5: phase = 0.8211164507960597
15.0026 	EXP 	grating_S1_T5: phase = 0.9254003120317514
15.0198 	EXP 	grating_S1_T5: phase = 1.02992846979766
15.0360 	EXP 	grating_S1_T5: phase = 1.1370882643360891
15.0529 	EXP 	grating_S1_T5: phase = 1.2378594542720645
15.0694 	EXP 	grating_S1_T5: phase = 1.3449083443051613
15.0876 	EXP 	grating_S1_T5: phase = 1.4498014797195682
15.1034 	EXP 	grating_S1_T5: phase = 1.5621371361162761
15.1195 	EXP 	grating_S1_T5: phase = 1.6634889175047876
15.1359 	EXP 	grating_S1_T5: phase = 1.7641005710811475
15.1528 	EXP 	grating_S1_T5: phase = 1.866971557579221
15.1696 	EXP 	grating_S1_T5: phase = 1.9731231396301245
15.1859 	EXP 	grating_S1_T5: phase = 2.0781119993746913
15.2030 	EXP 	grating_S1_T5: phase = 2.1826625881092254
15.2193 	EXP 	grating_S1_T5: phase = 2.288306752681297
15.2364 	EXP 	grating_S1_T5: phase = 2.3898169897215507
15.2534 	EXP 	grating_S1_T5: phase = 2.4991177105352955
15.2692 	EXP 	grating_S1_T5: phase = 2.605661514135229
15.2858 	EXP 	grating_S1_T5: phase = 2.7035602014027957
15.3022 	EXP 	grating_S1_T5: phase = 2.807321106843851
15.3207 	EXP 	grating_S1_T5: phase = 2.910659618873382
15.3364 	EXP 	grating_S1_T5: phase = 3.028110265609969
15.3532 	EXP 	grating_S1_T5: phase = 3.126502327439995
15.3696 	EXP 	grating_S1_T5: phase = 0.090780284426087
15.3857 	EXP 	grating_S1_T5: phase = 0.19476157257839535
15.4041 	EXP 	grating_S1_T5: phase = 0.29508027264920883
15.4194 	EXP 	grating_S1_T5: phase = 0.4099675808410275
15.4363 	EXP 	grating_S1_T5: phase = 0.5054448038848897
15.4531 	EXP 	grating_S1_T5: phase = 0.6122553915574509
15.4695 	EXP 	grating_S1_T5: phase = 0.7183236962652331
15.4864 	EXP 	grating_S1_T5: phase = 0.8216728457207131
15.5031 	EXP 	grating_S1_T5: phase = 0.9284017959356038
15.5196 	EXP 	grating_S1_T5: phase = 1.0353788000486492
15.5361 	EXP 	grating_S1_T5: phase = 1.1371762163653583
15.5527 	EXP 	grating_S1_T5: phase = 1.238905384719266
15.5696 	EXP 	grating_S1_T5: phase = 1.3436257890987318
15.5860 	EXP 	grating_S1_T5: phase = 1.4505493358536352
15.6031 	EXP 	grating_S1_T5: phase = 1.5545280730425428
15.6184 	EXP 	grating_S1_T5: phase = 1.6612096480497802
15.6313 	EXP 	grating_S1_T5: phase = 1.7570499638179118
15.6484 	EXP 	grating_S1_T5: phase = 1.8385822288325837
15.6649 	EXP 	grating_S1_T5: phase = 1.9448814154775254
15.6812 	EXP 	grating_S1_T5: phase = 2.049352427663091
15.6986 	EXP 	grating_S1_T5: phase = 2.151854974448457
15.7152 	EXP 	grating_S1_T5: phase = 2.261659751229585
15.7316 	EXP 	grating_S1_T5: phase = 2.3682325957191885
15.7486 	EXP 	grating_S1_T5: phase = 2.4678904366282794
15.7654 	EXP 	grating_S1_T5: phase = 2.575111925759393
15.7815 	EXP 	grating_S1_T5: phase = 2.6818571997170904
15.7989 	EXP 	grating_S1_T5: phase = 2.7826585049417742
15.8152 	EXP 	grating_S1_T5: phase = 2.8923169212263993
15.8320 	EXP 	grating_S1_T5: phase = 2.994633422890811
15.8487 	EXP 	grating_S1_T5: phase = 3.100230463557126
15.8649 	EXP 	grating_S1_T5: phase = 0.06243344885517537
15.8815 	EXP 	grating_S1_T5: phase = 0.16502377801703003
15.8986 	EXP 	grating_S1_T5: phase = 0.2692093765311136
15.9158 	EXP 	grating_S1_T5: phase = 0.37630280805382804
15.9357 	EXP 	grating_S1_T5: phase = 0.4849843272353393
15.9488 	EXP 	grating_S1_T5: phase = 0.609665902391976
15.9649 	EXP 	grating_S1_T5: phase = 0.6915765408359917
15.9825 	EXP 	grating_S1_T5: phase = 0.7918279165710478
15.9984 	EXP 	grating_S1_T5: phase = 0.904327425872887
16.0030 	DATA 	Keypress: escape
16.2838 	EXP 	window1: mouseVisible = True
