6.7948 	WARNING 	User requested fullscreen with size [1024  768], but screen is actually [1920, 1080]. Using actual size
7.5235 	EXP 	Created window1 = Window(allowGUI=False, allowStencil=False, args=UNKNOWN, autoLog=True, bitsMode=UNKNOWN, blendMode='avg', color=array([0., 0., 0.]), colorSpace='rgb', fullscr=<method-wrapper '__getattribute__' of attributeSetter object at 0x12ea2d898>, gamma=None, kwargs=UNKNOWN, lms=UNKNOWN, monitor=<psychopy.monitors.calibTools.Monitor object at 0x12f4e7a90>, multiSample=False, name='window1', numSamples=2, pos=[0.0, 0.0], screen=0, size=array([1920, 1080]), stereo=False, units='height', useFBO=True, useRetina=False, viewOri=0.0, viewPos=None, viewScale=None, waitBlanking=True, winType='pyglet')
7.7572 	EXP 	Created grating_S1_T5 = GratingStim(__class__=<class 'psychopy.visual.grating.GratingStim'>, autoDraw=False, autoLog=True, blendmode='avg', color=array([1., 1., 1.]), colorSpace='rgb', contrast=1.0, depth=0.0, interpolate=True, mask='circle', maskParams=None, name='grating_S1_T5', opacity=1.0, ori=0.0, phase=array([0., 0.]), pos=array([0., 0.]), rgbPedestal=array([0., 0., 0.]), sf=array([0.6, 0.6]), size=array([7., 7.]), tex='sin', texRes=128, units='deg', win=Window(...))
7.7728 	EXP 	grating_S1_T5: phase = 6.283185307179586
7.7886 	EXP 	grating_S1_T5: phase = 12.566370614359172
7.8062 	EXP 	grating_S1_T5: phase = 18.84955592153876
7.8227 	EXP 	grating_S1_T5: phase = 25.132741228718345
7.8392 	EXP 	grating_S1_T5: phase = 31.41592653589793
7.8558 	EXP 	grating_S1_T5: phase = 37.69911184307752
7.8724 	EXP 	grating_S1_T5: phase = 43.982297150257104
7.8891 	EXP 	grating_S1_T5: phase = 50.26548245743669
7.9062 	EXP 	grating_S1_T5: phase = 56.548667764616276
7.9228 	EXP 	grating_S1_T5: phase = 62.83185307179586
7.9394 	EXP 	grating_S1_T5: phase = 69.11503837897544
7.9563 	EXP 	grating_S1_T5: phase = 75.39822368615503
7.9730 	EXP 	grating_S1_T5: phase = 81.68140899333463
7.9892 	EXP 	grating_S1_T5: phase = 87.96459430051422
8.0060 	EXP 	grating_S1_T5: phase = 94.24777960769381
8.0218 	EXP 	grating_S1_T5: phase = 100.53096491487341
8.0389 	EXP 	grating_S1_T5: phase = 106.814150222053
8.0560 	EXP 	grating_S1_T5: phase = 113.0973355292326
8.0725 	EXP 	grating_S1_T5: phase = 119.38052083641219
8.0894 	EXP 	grating_S1_T5: phase = 125.66370614359178
8.1059 	EXP 	grating_S1_T5: phase = 131.94689145077137
8.1226 	EXP 	grating_S1_T5: phase = 138.23007675795097
8.1391 	EXP 	grating_S1_T5: phase = 144.51326206513056
8.1559 	EXP 	grating_S1_T5: phase = 150.79644737231015
8.1725 	EXP 	grating_S1_T5: phase = 157.07963267948975
8.1886 	EXP 	grating_S1_T5: phase = 163.36281798666934
8.2057 	EXP 	grating_S1_T5: phase = 169.64600329384893
8.2225 	EXP 	grating_S1_T5: phase = 175.92918860102853
8.2392 	EXP 	grating_S1_T5: phase = 182.21237390820812
8.2560 	EXP 	grating_S1_T5: phase = 188.49555921538771
8.2725 	EXP 	grating_S1_T5: phase = 194.7787445225673
8.2907 	EXP 	grating_S1_T5: phase = 201.0619298297469
8.3060 	EXP 	grating_S1_T5: phase = 207.3451151369265
8.3225 	EXP 	grating_S1_T5: phase = 213.6283004441061
8.3392 	EXP 	grating_S1_T5: phase = 219.91148575128568
8.3558 	EXP 	grating_S1_T5: phase = 226.19467105846527
8.3722 	EXP 	grating_S1_T5: phase = 232.47785636564487
8.3890 	EXP 	grating_S1_T5: phase = 238.76104167282446
8.4056 	EXP 	grating_S1_T5: phase = 245.04422698000405
8.4223 	EXP 	grating_S1_T5: phase = 251.32741228718365
8.4392 	EXP 	grating_S1_T5: phase = 257.61059759436324
8.4558 	EXP 	grating_S1_T5: phase = 263.8937829015428
8.4725 	EXP 	grating_S1_T5: phase = 270.17696820872237
8.4891 	EXP 	grating_S1_T5: phase = 276.46015351590194
8.5052 	EXP 	grating_S1_T5: phase = 282.7433388230815
8.5225 	EXP 	grating_S1_T5: phase = 289.02652413026107
8.5392 	EXP 	grating_S1_T5: phase = 295.30970943744063
8.5559 	EXP 	grating_S1_T5: phase = 301.5928947446202
8.5724 	EXP 	grating_S1_T5: phase = 307.87608005179976
8.5889 	EXP 	grating_S1_T5: phase = 314.1592653589793
8.6065 	EXP 	grating_S1_T5: phase = 320.4424506661589
8.6223 	EXP 	grating_S1_T5: phase = 326.72563597333846
8.6388 	EXP 	grating_S1_T5: phase = 333.008821280518
8.6554 	EXP 	grating_S1_T5: phase = 339.2920065876976
8.6721 	EXP 	grating_S1_T5: phase = 345.57519189487715
8.6886 	EXP 	grating_S1_T5: phase = 351.8583772020567
8.7059 	EXP 	grating_S1_T5: phase = 358.1415625092363
8.7224 	EXP 	grating_S1_T5: phase = 364.42474781641585
8.7390 	EXP 	grating_S1_T5: phase = 370.7079331235954
8.7558 	EXP 	grating_S1_T5: phase = 376.991118430775
8.7724 	EXP 	grating_S1_T5: phase = 383.27430373795454
8.7888 	EXP 	grating_S1_T5: phase = 389.5574890451341
8.8053 	EXP 	grating_S1_T5: phase = 395.84067435231367
8.8223 	EXP 	grating_S1_T5: phase = 402.12385965949323
8.8392 	EXP 	grating_S1_T5: phase = 408.4070449666728
8.8558 	EXP 	grating_S1_T5: phase = 414.69023027385236
8.8719 	EXP 	grating_S1_T5: phase = 420.97341558103193
8.8891 	EXP 	grating_S1_T5: phase = 427.2566008882115
8.9065 	EXP 	grating_S1_T5: phase = 433.53978619539106
8.9234 	EXP 	grating_S1_T5: phase = 439.8229715025706
8.9393 	EXP 	grating_S1_T5: phase = 446.1061568097502
8.9553 	EXP 	grating_S1_T5: phase = 452.38934211692975
8.9719 	EXP 	grating_S1_T5: phase = 458.6725274241093
8.9893 	EXP 	grating_S1_T5: phase = 464.9557127312889
9.0056 	EXP 	grating_S1_T5: phase = 471.23889803846845
9.0222 	EXP 	grating_S1_T5: phase = 477.522083345648
9.0386 	EXP 	grating_S1_T5: phase = 483.8052686528276
9.0555 	EXP 	grating_S1_T5: phase = 490.08845396000714
9.0721 	EXP 	grating_S1_T5: phase = 496.3716392671867
9.0889 	EXP 	grating_S1_T5: phase = 502.6548245743663
9.1057 	EXP 	grating_S1_T5: phase = 508.93800988154584
9.1225 	EXP 	grating_S1_T5: phase = 515.2211951887255
9.1386 	EXP 	grating_S1_T5: phase = 521.504380495905
9.1555 	EXP 	grating_S1_T5: phase = 527.7875658030846
9.1722 	EXP 	grating_S1_T5: phase = 534.0707511102642
9.1886 	EXP 	grating_S1_T5: phase = 540.3539364174437
9.2054 	EXP 	grating_S1_T5: phase = 546.6371217246233
9.2223 	EXP 	grating_S1_T5: phase = 552.9203070318028
9.2402 	EXP 	grating_S1_T5: phase = 559.2034923389824
9.2559 	EXP 	grating_S1_T5: phase = 565.486677646162
9.2725 	EXP 	grating_S1_T5: phase = 571.7698629533415
9.2890 	EXP 	grating_S1_T5: phase = 578.0530482605211
9.3056 	EXP 	grating_S1_T5: phase = 584.3362335677007
9.3225 	EXP 	grating_S1_T5: phase = 590.6194188748802
9.3392 	EXP 	grating_S1_T5: phase = 596.9026041820598
9.3552 	EXP 	grating_S1_T5: phase = 603.1857894892394
9.3725 	EXP 	grating_S1_T5: phase = 609.4689747964189
9.3887 	EXP 	grating_S1_T5: phase = 615.7521601035985
9.4056 	EXP 	grating_S1_T5: phase = 622.0353454107781
9.4221 	EXP 	grating_S1_T5: phase = 628.3185307179576
9.4388 	EXP 	grating_S1_T5: phase = 634.6017160251372
9.4558 	EXP 	grating_S1_T5: phase = 640.8849013323168
9.4723 	EXP 	grating_S1_T5: phase = 647.1680866394963
9.4890 	EXP 	grating_S1_T5: phase = 653.4512719466759
9.5057 	EXP 	grating_S1_T5: phase = 659.7344572538555
9.5223 	EXP 	grating_S1_T5: phase = 666.017642561035
9.5391 	EXP 	grating_S1_T5: phase = 672.3008278682146
9.5560 	EXP 	grating_S1_T5: phase = 678.5840131753941
9.5725 	EXP 	grating_S1_T5: phase = 684.8671984825737
9.5891 	EXP 	grating_S1_T5: phase = 691.1503837897533
9.6057 	EXP 	grating_S1_T5: phase = 697.4335690969328
9.6222 	EXP 	grating_S1_T5: phase = 703.7167544041124
9.6391 	EXP 	grating_S1_T5: phase = 709.999939711292
9.6559 	EXP 	grating_S1_T5: phase = 716.2831250184715
9.6720 	EXP 	grating_S1_T5: phase = 722.5663103256511
9.6891 	EXP 	grating_S1_T5: phase = 728.8494956328307
9.7056 	EXP 	grating_S1_T5: phase = 735.1326809400102
9.7227 	EXP 	grating_S1_T5: phase = 741.4158662471898
9.7383 	EXP 	grating_S1_T5: phase = 747.6990515543694
9.7558 	EXP 	grating_S1_T5: phase = 753.9822368615489
9.7724 	EXP 	grating_S1_T5: phase = 760.2654221687285
9.7886 	EXP 	grating_S1_T5: phase = 766.548607475908
9.8051 	EXP 	grating_S1_T5: phase = 772.8317927830876
9.8228 	EXP 	grating_S1_T5: phase = 779.1149780902672
9.8391 	EXP 	grating_S1_T5: phase = 785.3981633974468
9.8554 	EXP 	grating_S1_T5: phase = 791.6813487046263
9.8733 	EXP 	grating_S1_T5: phase = 797.9645340118059
9.8888 	EXP 	grating_S1_T5: phase = 804.2477193189854
9.9062 	EXP 	grating_S1_T5: phase = 810.530904626165
9.9221 	EXP 	grating_S1_T5: phase = 816.8140899333446
9.9388 	EXP 	grating_S1_T5: phase = 823.0972752405241
9.9554 	EXP 	grating_S1_T5: phase = 829.3804605477037
9.9726 	EXP 	grating_S1_T5: phase = 835.6636458548833
9.9891 	EXP 	grating_S1_T5: phase = 841.9468311620628
10.0060 	EXP 	grating_S1_T5: phase = 848.2300164692424
10.0226 	EXP 	grating_S1_T5: phase = 854.513201776422
10.0392 	EXP 	grating_S1_T5: phase = 860.7963870836015
10.0559 	EXP 	grating_S1_T5: phase = 867.0795723907811
10.0728 	EXP 	grating_S1_T5: phase = 873.3627576979607
10.0889 	EXP 	grating_S1_T5: phase = 879.6459430051402
10.1061 	EXP 	grating_S1_T5: phase = 885.9291283123198
10.1226 	EXP 	grating_S1_T5: phase = 892.2123136194994
10.1393 	EXP 	grating_S1_T5: phase = 898.4954989266789
10.1558 	EXP 	grating_S1_T5: phase = 904.7786842338585
10.1717 	EXP 	grating_S1_T5: phase = 911.061869541038
10.1905 	EXP 	grating_S1_T5: phase = 917.3450548482176
10.2062 	EXP 	grating_S1_T5: phase = 923.6282401553972
10.2228 	EXP 	grating_S1_T5: phase = 929.9114254625767
10.2387 	EXP 	grating_S1_T5: phase = 936.1946107697563
10.2553 	EXP 	grating_S1_T5: phase = 942.4777960769359
10.2720 	EXP 	grating_S1_T5: phase = 948.7609813841154
10.2889 	EXP 	grating_S1_T5: phase = 955.044166691295
10.3051 	EXP 	grating_S1_T5: phase = 961.3273519984746
10.3221 	EXP 	grating_S1_T5: phase = 967.6105373056541
10.3389 	EXP 	grating_S1_T5: phase = 973.8937226128337
10.3554 	EXP 	grating_S1_T5: phase = 980.1769079200133
10.3722 	EXP 	grating_S1_T5: phase = 986.4600932271928
10.4040 	EXP 	grating_S1_T5: phase = 992.7432785343724
10.4215 	EXP 	grating_S1_T5: phase = 999.026463841552
10.4542 	EXP 	grating_S1_T5: phase = 1005.3096491487315
10.4714 	EXP 	grating_S1_T5: phase = 1011.5928344559111
10.4892 	EXP 	grating_S1_T5: phase = 1017.8760197630907
10.5060 	EXP 	grating_S1_T5: phase = 1024.1592050702702
10.5217 	EXP 	grating_S1_T5: phase = 1030.4423903774498
10.5382 	EXP 	grating_S1_T5: phase = 1036.7255756846293
10.5550 	EXP 	grating_S1_T5: phase = 1043.008760991809
10.5716 	EXP 	grating_S1_T5: phase = 1049.2919462989885
10.5882 	EXP 	grating_S1_T5: phase = 1055.575131606168
10.6051 	EXP 	grating_S1_T5: phase = 1061.8583169133476
10.6216 	EXP 	grating_S1_T5: phase = 1068.1415022205272
10.6385 	EXP 	grating_S1_T5: phase = 1074.4246875277067
10.6552 	EXP 	grating_S1_T5: phase = 1080.7078728348863
10.6720 	EXP 	grating_S1_T5: phase = 1086.9910581420659
10.6882 	EXP 	grating_S1_T5: phase = 1093.2742434492454
10.7053 	EXP 	grating_S1_T5: phase = 1099.557428756425
10.7221 	EXP 	grating_S1_T5: phase = 1105.8406140636046
10.7383 	EXP 	grating_S1_T5: phase = 1112.1237993707841
10.7555 	EXP 	grating_S1_T5: phase = 1118.4069846779637
10.7716 	EXP 	grating_S1_T5: phase = 1124.6901699851433
10.7889 	EXP 	grating_S1_T5: phase = 1130.9733552923228
10.8057 	EXP 	grating_S1_T5: phase = 1137.2565405995024
10.8227 	EXP 	grating_S1_T5: phase = 1143.539725906682
10.8391 	EXP 	grating_S1_T5: phase = 1149.8229112138615
10.8558 	EXP 	grating_S1_T5: phase = 1156.106096521041
10.8726 	EXP 	grating_S1_T5: phase = 1162.3892818282206
10.8893 	EXP 	grating_S1_T5: phase = 1168.6724671354002
10.9053 	EXP 	grating_S1_T5: phase = 1174.9556524425798
10.9228 	EXP 	grating_S1_T5: phase = 1181.2388377497593
10.9393 	EXP 	grating_S1_T5: phase = 1187.522023056939
10.9561 	EXP 	grating_S1_T5: phase = 1193.8052083641185
10.9727 	EXP 	grating_S1_T5: phase = 1200.088393671298
10.9892 	EXP 	grating_S1_T5: phase = 1206.3715789784776
11.0062 	EXP 	grating_S1_T5: phase = 1212.6547642856572
11.0227 	EXP 	grating_S1_T5: phase = 1218.9379495928367
11.0394 	EXP 	grating_S1_T5: phase = 1225.2211349000163
11.0560 	EXP 	grating_S1_T5: phase = 1231.5043202071959
11.0727 	EXP 	grating_S1_T5: phase = 1237.7875055143754
11.0895 	EXP 	grating_S1_T5: phase = 1244.070690821555
11.1064 	EXP 	grating_S1_T5: phase = 1250.3538761287346
11.1231 	EXP 	grating_S1_T5: phase = 1256.6370614359141
11.1409 	EXP 	grating_S1_T5: phase = 1262.9202467430937
11.1561 	EXP 	grating_S1_T5: phase = 1269.2034320502732
11.1728 	EXP 	grating_S1_T5: phase = 1275.4866173574528
11.1889 	EXP 	grating_S1_T5: phase = 1281.7698026646324
11.2061 	EXP 	grating_S1_T5: phase = 1288.052987971812
11.2223 	EXP 	grating_S1_T5: phase = 1294.3361732789915
11.2395 	EXP 	grating_S1_T5: phase = 1300.619358586171
11.2556 	EXP 	grating_S1_T5: phase = 1306.9025438933506
11.2728 	EXP 	grating_S1_T5: phase = 1313.1857292005302
11.2890 	EXP 	grating_S1_T5: phase = 1319.4689145077098
11.3058 	EXP 	grating_S1_T5: phase = 1325.7520998148893
11.3229 	EXP 	grating_S1_T5: phase = 1332.035285122069
11.3393 	EXP 	grating_S1_T5: phase = 1338.3184704292485
11.3562 	EXP 	grating_S1_T5: phase = 1344.601655736428
11.3727 	EXP 	grating_S1_T5: phase = 1350.8848410436076
11.3895 	EXP 	grating_S1_T5: phase = 1357.1680263507872
11.4060 	EXP 	grating_S1_T5: phase = 1363.4512116579667
11.4234 	EXP 	grating_S1_T5: phase = 1369.7343969651463
11.4395 	EXP 	grating_S1_T5: phase = 1376.0175822723259
11.4577 	EXP 	grating_S1_T5: phase = 1382.3007675795054
11.4729 	EXP 	grating_S1_T5: phase = 1388.583952886685
11.4889 	EXP 	grating_S1_T5: phase = 1394.8671381938645
11.5062 	EXP 	grating_S1_T5: phase = 1401.150323501044
11.5230 	EXP 	grating_S1_T5: phase = 1407.4335088082237
11.5398 	EXP 	grating_S1_T5: phase = 1413.7166941154032
11.5563 	EXP 	grating_S1_T5: phase = 1419.9998794225828
11.5730 	EXP 	grating_S1_T5: phase = 1426.2830647297624
11.5888 	EXP 	grating_S1_T5: phase = 1432.566250036942
11.6061 	EXP 	grating_S1_T5: phase = 1438.8494353441215
11.6228 	EXP 	grating_S1_T5: phase = 1445.132620651301
11.6396 	EXP 	grating_S1_T5: phase = 1451.4158059584806
11.6565 	EXP 	grating_S1_T5: phase = 1457.6989912656602
11.6724 	EXP 	grating_S1_T5: phase = 1463.9821765728398
11.6894 	EXP 	grating_S1_T5: phase = 1470.2653618800193
11.7062 	EXP 	grating_S1_T5: phase = 1476.548547187199
11.7231 	EXP 	grating_S1_T5: phase = 1482.8317324943785
11.7394 	EXP 	grating_S1_T5: phase = 1489.114917801558
11.7562 	EXP 	grating_S1_T5: phase = 1495.3981031087376
11.7740 	EXP 	grating_S1_T5: phase = 1501.6812884159172
11.7896 	EXP 	grating_S1_T5: phase = 1507.9644737230967
11.8061 	EXP 	grating_S1_T5: phase = 1514.2476590302763
11.8227 	EXP 	grating_S1_T5: phase = 1520.5308443374558
11.8393 	EXP 	grating_S1_T5: phase = 1526.8140296446354
11.8562 	EXP 	grating_S1_T5: phase = 1533.097214951815
11.8727 	EXP 	grating_S1_T5: phase = 1539.3804002589945
11.8894 	EXP 	grating_S1_T5: phase = 1545.663585566174
11.9064 	EXP 	grating_S1_T5: phase = 1551.9467708733537
11.9226 	EXP 	grating_S1_T5: phase = 1558.2299561805332
11.9394 	EXP 	grating_S1_T5: phase = 1564.5131414877128
11.9559 	EXP 	grating_S1_T5: phase = 1570.7963267948924
11.9727 	EXP 	grating_S1_T5: phase = 1577.079512102072
11.9894 	EXP 	grating_S1_T5: phase = 1583.3626974092515
12.0060 	EXP 	grating_S1_T5: phase = 1589.645882716431
12.0226 	EXP 	grating_S1_T5: phase = 1595.9290680236106
12.0393 	EXP 	grating_S1_T5: phase = 1602.2122533307902
12.0560 	EXP 	grating_S1_T5: phase = 1608.4954386379698
12.0728 	EXP 	grating_S1_T5: phase = 1614.7786239451493
12.0902 	EXP 	grating_S1_T5: phase = 1621.0618092523289
12.1060 	EXP 	grating_S1_T5: phase = 1627.3449945595085
12.1227 	EXP 	grating_S1_T5: phase = 1633.628179866688
12.1393 	EXP 	grating_S1_T5: phase = 1639.9113651738676
12.1560 	EXP 	grating_S1_T5: phase = 1646.1945504810471
12.1728 	EXP 	grating_S1_T5: phase = 1652.4777357882267
12.1895 	EXP 	grating_S1_T5: phase = 1658.7609210954063
12.2058 	EXP 	grating_S1_T5: phase = 1665.0441064025858
12.2226 	EXP 	grating_S1_T5: phase = 1671.3272917097654
12.2392 	EXP 	grating_S1_T5: phase = 1677.610477016945
12.2559 	EXP 	grating_S1_T5: phase = 1683.8936623241245
12.2728 	EXP 	grating_S1_T5: phase = 1690.176847631304
12.2894 	EXP 	grating_S1_T5: phase = 1696.4600329384837
12.3063 	EXP 	grating_S1_T5: phase = 1702.7432182456632
12.3229 	EXP 	grating_S1_T5: phase = 1709.0264035528428
12.3395 	EXP 	grating_S1_T5: phase = 1715.3095888600224
12.3560 	EXP 	grating_S1_T5: phase = 1721.592774167202
12.3727 	EXP 	grating_S1_T5: phase = 1727.8759594743815
12.3893 	EXP 	grating_S1_T5: phase = 1734.159144781561
12.4073 	EXP 	grating_S1_T5: phase = 1740.4423300887406
12.4226 	EXP 	grating_S1_T5: phase = 1746.7255153959202
12.4393 	EXP 	grating_S1_T5: phase = 1753.0087007030997
12.4559 	EXP 	grating_S1_T5: phase = 1759.2918860102793
12.4726 	EXP 	grating_S1_T5: phase = 1765.5750713174589
12.4897 	EXP 	grating_S1_T5: phase = 1771.8582566246384
12.5063 	EXP 	grating_S1_T5: phase = 1778.141441931818
12.5225 	EXP 	grating_S1_T5: phase = 1784.4246272389976
12.5393 	EXP 	grating_S1_T5: phase = 1790.7078125461771
12.5559 	EXP 	grating_S1_T5: phase = 1796.9909978533567
12.5725 	EXP 	grating_S1_T5: phase = 1803.2741831605363
12.5894 	EXP 	grating_S1_T5: phase = 1809.5573684677158
12.6058 	EXP 	grating_S1_T5: phase = 1815.8405537748954
12.6224 	EXP 	grating_S1_T5: phase = 1822.123739082075
12.6393 	EXP 	grating_S1_T5: phase = 1828.4069243892545
12.6559 	EXP 	grating_S1_T5: phase = 1834.690109696434
12.6727 	EXP 	grating_S1_T5: phase = 1840.9732950036137
12.6892 	EXP 	grating_S1_T5: phase = 1847.2564803107932
12.7059 	EXP 	grating_S1_T5: phase = 1853.5396656179728
12.7251 	EXP 	grating_S1_T5: phase = 1859.8228509251524
12.7393 	EXP 	grating_S1_T5: phase = 1866.106036232332
12.7560 	EXP 	grating_S1_T5: phase = 1872.3892215395115
12.7726 	EXP 	grating_S1_T5: phase = 1878.672406846691
12.7894 	EXP 	grating_S1_T5: phase = 1884.9555921538706
12.8061 	EXP 	grating_S1_T5: phase = 1891.2387774610502
12.8226 	EXP 	grating_S1_T5: phase = 1897.5219627682297
12.8392 	EXP 	grating_S1_T5: phase = 1903.8051480754093
12.8559 	EXP 	grating_S1_T5: phase = 1910.0883333825889
12.8725 	EXP 	grating_S1_T5: phase = 1916.3715186897684
12.8894 	EXP 	grating_S1_T5: phase = 1922.654703996948
12.9052 	EXP 	grating_S1_T5: phase = 1928.9378893041276
12.9228 	EXP 	grating_S1_T5: phase = 1935.2210746113071
12.9389 	EXP 	grating_S1_T5: phase = 1941.5042599184867
12.9559 	EXP 	grating_S1_T5: phase = 1947.7874452256663
12.9727 	EXP 	grating_S1_T5: phase = 1954.0706305328458
12.9886 	EXP 	grating_S1_T5: phase = 1960.3538158400254
13.0063 	EXP 	grating_S1_T5: phase = 1966.637001147205
13.0227 	EXP 	grating_S1_T5: phase = 1972.9201864543845
13.0406 	EXP 	grating_S1_T5: phase = 1979.203371761564
13.0560 	EXP 	grating_S1_T5: phase = 1985.4865570687437
13.0726 	EXP 	grating_S1_T5: phase = 1991.7697423759232
13.0893 	EXP 	grating_S1_T5: phase = 1998.0529276831028
13.1059 	EXP 	grating_S1_T5: phase = 2004.3361129902823
13.1226 	EXP 	grating_S1_T5: phase = 2010.619298297462
13.1393 	EXP 	grating_S1_T5: phase = 2016.9024836046415
13.1560 	EXP 	grating_S1_T5: phase = 2023.185668911821
13.1726 	EXP 	grating_S1_T5: phase = 2029.4688542190006
13.1887 	EXP 	grating_S1_T5: phase = 2035.7520395261802
13.2063 	EXP 	grating_S1_T5: phase = 2042.0352248333597
13.2229 	EXP 	grating_S1_T5: phase = 2048.3184101405395
13.2396 	EXP 	grating_S1_T5: phase = 2054.6015954477193
13.2553 	EXP 	grating_S1_T5: phase = 2060.884780754899
13.2727 	EXP 	grating_S1_T5: phase = 2067.167966062079
13.2894 	EXP 	grating_S1_T5: phase = 2073.4511513692587
13.3060 	EXP 	grating_S1_T5: phase = 2079.7343366764385
13.3227 	EXP 	grating_S1_T5: phase = 2086.0175219836183
13.3393 	EXP 	grating_S1_T5: phase = 2092.300707290798
13.3572 	EXP 	grating_S1_T5: phase = 2098.583892597978
13.3725 	EXP 	grating_S1_T5: phase = 2104.8670779051577
13.3896 	EXP 	grating_S1_T5: phase = 2111.1502632123374
13.4061 	EXP 	grating_S1_T5: phase = 2117.4334485195172
13.4232 	EXP 	grating_S1_T5: phase = 2123.716633826697
13.4397 	EXP 	grating_S1_T5: phase = 2129.999819133877
13.4562 	EXP 	grating_S1_T5: phase = 2136.2830044410566
13.4727 	EXP 	grating_S1_T5: phase = 2142.5661897482364
13.4897 	EXP 	grating_S1_T5: phase = 2148.849375055416
13.5061 	EXP 	grating_S1_T5: phase = 2155.132560362596
13.5235 	EXP 	grating_S1_T5: phase = 2161.415745669776
13.5393 	EXP 	grating_S1_T5: phase = 2167.6989309769556
13.5564 	EXP 	grating_S1_T5: phase = 2173.9821162841354
13.5731 	EXP 	grating_S1_T5: phase = 2180.265301591315
13.5894 	EXP 	grating_S1_T5: phase = 2186.548486898495
13.6063 	EXP 	grating_S1_T5: phase = 2192.8316722056747
13.6235 	EXP 	grating_S1_T5: phase = 2199.1148575128545
13.6391 	EXP 	grating_S1_T5: phase = 2205.3980428200343
13.6560 	EXP 	grating_S1_T5: phase = 2211.681228127214
13.6753 	EXP 	grating_S1_T5: phase = 2217.964413434394
13.6898 	EXP 	grating_S1_T5: phase = 2224.2475987415737
13.7064 	EXP 	grating_S1_T5: phase = 2230.5307840487535
13.7226 	EXP 	grating_S1_T5: phase = 2236.8139693559333
13.7391 	EXP 	grating_S1_T5: phase = 2243.097154663113
13.7559 	EXP 	grating_S1_T5: phase = 2249.380339970293
13.7727 	EXP 	grating_S1_T5: phase = 2255.6635252774727
13.7885 	EXP 	grating_S1_T5: phase = 2261.9467105846525
13.8062 	EXP 	grating_S1_T5: phase = 2268.2298958918323
13.8226 	EXP 	grating_S1_T5: phase = 2274.513081199012
13.8390 	EXP 	grating_S1_T5: phase = 2280.796266506192
13.8561 	EXP 	grating_S1_T5: phase = 2287.0794518133716
13.8728 	EXP 	grating_S1_T5: phase = 2293.3626371205514
13.8889 	EXP 	grating_S1_T5: phase = 2299.645822427731
13.9052 	EXP 	grating_S1_T5: phase = 2305.929007734911
13.9229 	EXP 	grating_S1_T5: phase = 2312.212193042091
13.9395 	EXP 	grating_S1_T5: phase = 2318.4953783492706
13.9567 	EXP 	grating_S1_T5: phase = 2324.7785636564504
13.9728 	EXP 	grating_S1_T5: phase = 2331.06174896363
13.9910 	EXP 	grating_S1_T5: phase = 2337.34493427081
14.0061 	EXP 	grating_S1_T5: phase = 2343.6281195779898
14.0232 	EXP 	grating_S1_T5: phase = 2349.9113048851696
14.0399 	EXP 	grating_S1_T5: phase = 2356.1944901923493
14.0567 	EXP 	grating_S1_T5: phase = 2362.477675499529
14.0727 	EXP 	grating_S1_T5: phase = 2368.760860806709
14.0902 	EXP 	grating_S1_T5: phase = 2375.0440461138887
14.1058 	EXP 	grating_S1_T5: phase = 2381.3272314210685
14.1227 	EXP 	grating_S1_T5: phase = 2387.6104167282483
14.1398 	EXP 	grating_S1_T5: phase = 2393.893602035428
14.1564 	EXP 	grating_S1_T5: phase = 2400.176787342608
14.1730 	EXP 	grating_S1_T5: phase = 2406.4599726497877
14.1897 	EXP 	grating_S1_T5: phase = 2412.7431579569675
14.2057 	EXP 	grating_S1_T5: phase = 2419.0263432641473
14.2227 	EXP 	grating_S1_T5: phase = 2425.309528571327
14.2395 	EXP 	grating_S1_T5: phase = 2431.592713878507
14.2564 	EXP 	grating_S1_T5: phase = 2437.8758991856866
14.2736 	EXP 	grating_S1_T5: phase = 2444.1590844928664
14.2901 	EXP 	grating_S1_T5: phase = 2450.4422698000462
14.3094 	EXP 	grating_S1_T5: phase = 2456.725455107226
14.3225 	EXP 	grating_S1_T5: phase = 2463.008640414406
14.3391 	EXP 	grating_S1_T5: phase = 2469.2918257215856
14.3560 	EXP 	grating_S1_T5: phase = 2475.5750110287654
14.3725 	EXP 	grating_S1_T5: phase = 2481.858196335945
14.3885 	EXP 	grating_S1_T5: phase = 2488.141381643125
14.4061 	EXP 	grating_S1_T5: phase = 2494.424566950305
14.4222 	EXP 	grating_S1_T5: phase = 2500.7077522574846
14.4391 	EXP 	grating_S1_T5: phase = 2506.9909375646644
14.4559 	EXP 	grating_S1_T5: phase = 2513.274122871844
14.4726 	EXP 	grating_S1_T5: phase = 2519.557308179024
14.4892 	EXP 	grating_S1_T5: phase = 2525.8404934862037
14.5058 	EXP 	grating_S1_T5: phase = 2532.1236787933835
14.5222 	EXP 	grating_S1_T5: phase = 2538.4068641005633
14.5391 	EXP 	grating_S1_T5: phase = 2544.690049407743
14.5558 	EXP 	grating_S1_T5: phase = 2550.973234714923
14.5725 	EXP 	grating_S1_T5: phase = 2557.2564200221027
14.5890 	EXP 	grating_S1_T5: phase = 2563.5396053292825
14.6058 	EXP 	grating_S1_T5: phase = 2569.8227906364623
14.6239 	EXP 	grating_S1_T5: phase = 2576.105975943642
14.6392 	EXP 	grating_S1_T5: phase = 2582.389161250822
14.6558 	EXP 	grating_S1_T5: phase = 2588.6723465580017
14.6726 	EXP 	grating_S1_T5: phase = 2594.9555318651815
14.6892 	EXP 	grating_S1_T5: phase = 2601.2387171723612
14.7059 	EXP 	grating_S1_T5: phase = 2607.521902479541
14.7226 	EXP 	grating_S1_T5: phase = 2613.805087786721
14.7390 	EXP 	grating_S1_T5: phase = 2620.0882730939006
14.7558 	EXP 	grating_S1_T5: phase = 2626.3714584010804
14.7725 	EXP 	grating_S1_T5: phase = 2632.65464370826
14.7891 	EXP 	grating_S1_T5: phase = 2638.93782901544
14.8059 	EXP 	grating_S1_T5: phase = 2645.22101432262
14.8225 	EXP 	grating_S1_T5: phase = 2651.5041996297996
14.8391 	EXP 	grating_S1_T5: phase = 2657.7873849369794
14.8559 	EXP 	grating_S1_T5: phase = 2664.070570244159
14.8725 	EXP 	grating_S1_T5: phase = 2670.353755551339
14.8891 	EXP 	grating_S1_T5: phase = 2676.6369408585188
14.9056 	EXP 	grating_S1_T5: phase = 2682.9201261656985
14.9224 	EXP 	grating_S1_T5: phase = 2689.2033114728783
14.9403 	EXP 	grating_S1_T5: phase = 2695.486496780058
14.9564 	EXP 	grating_S1_T5: phase = 2701.769682087238
14.9729 	EXP 	grating_S1_T5: phase = 2708.0528673944177
14.9894 	EXP 	grating_S1_T5: phase = 2714.3360527015975
15.0066 	EXP 	grating_S1_T5: phase = 2720.6192380087773
15.0235 	EXP 	grating_S1_T5: phase = 2726.902423315957
15.0391 	EXP 	grating_S1_T5: phase = 2733.185608623137
15.0567 	EXP 	grating_S1_T5: phase = 2739.4687939303167
15.0726 	EXP 	grating_S1_T5: phase = 2745.7519792374965
15.0902 	EXP 	grating_S1_T5: phase = 2752.0351645446763
15.1063 	EXP 	grating_S1_T5: phase = 2758.318349851856
15.1231 	EXP 	grating_S1_T5: phase = 2764.601535159036
15.1389 	EXP 	grating_S1_T5: phase = 2770.8847204662156
15.1565 	EXP 	grating_S1_T5: phase = 2777.1679057733954
15.1726 	EXP 	grating_S1_T5: phase = 2783.451091080575
15.1899 	EXP 	grating_S1_T5: phase = 2789.734276387755
15.2061 	EXP 	grating_S1_T5: phase = 2796.017461694935
15.2230 	EXP 	grating_S1_T5: phase = 2802.3006470021146
15.2398 	EXP 	grating_S1_T5: phase = 2808.5838323092944
15.2587 	EXP 	grating_S1_T5: phase = 2814.867017616474
15.2731 	EXP 	grating_S1_T5: phase = 2821.150202923654
15.2888 	EXP 	grating_S1_T5: phase = 2827.4333882308338
15.3060 	EXP 	grating_S1_T5: phase = 2833.7165735380136
15.3228 	EXP 	grating_S1_T5: phase = 2839.9997588451934
15.3393 	EXP 	grating_S1_T5: phase = 2846.282944152373
15.3563 	EXP 	grating_S1_T5: phase = 2852.566129459553
15.3735 	EXP 	grating_S1_T5: phase = 2858.8493147667327
15.3902 	EXP 	grating_S1_T5: phase = 2865.1325000739125
15.4065 	EXP 	grating_S1_T5: phase = 2871.4156853810923
15.4237 	EXP 	grating_S1_T5: phase = 2877.698870688272
15.4397 	EXP 	grating_S1_T5: phase = 2883.982055995452
15.4559 	EXP 	grating_S1_T5: phase = 2890.2652413026317
15.4722 	EXP 	grating_S1_T5: phase = 2896.5484266098115
15.4896 	EXP 	grating_S1_T5: phase = 2902.8316119169913
15.5064 	EXP 	grating_S1_T5: phase = 2909.114797224171
15.5224 	EXP 	grating_S1_T5: phase = 2915.397982531351
15.5400 	EXP 	grating_S1_T5: phase = 2921.6811678385307
15.5566 	EXP 	grating_S1_T5: phase = 2927.9643531457104
15.5754 	EXP 	grating_S1_T5: phase = 2934.2475384528902
15.5900 	EXP 	grating_S1_T5: phase = 2940.53072376007
15.6064 	EXP 	grating_S1_T5: phase = 2946.81390906725
15.6231 	EXP 	grating_S1_T5: phase = 2953.0970943744296
15.6400 	EXP 	grating_S1_T5: phase = 2959.3802796816094
15.6571 	EXP 	grating_S1_T5: phase = 2965.663464988789
15.6732 	EXP 	grating_S1_T5: phase = 2971.946650295969
15.6895 	EXP 	grating_S1_T5: phase = 2978.229835603149
15.7067 	EXP 	grating_S1_T5: phase = 2984.5130209103286
15.7234 	EXP 	grating_S1_T5: phase = 2990.7962062175084
15.7401 	EXP 	grating_S1_T5: phase = 2997.079391524688
15.7566 	EXP 	grating_S1_T5: phase = 3003.362576831868
15.7728 	EXP 	grating_S1_T5: phase = 3009.6457621390477
15.7894 	EXP 	grating_S1_T5: phase = 3015.9289474462275
15.8067 	EXP 	grating_S1_T5: phase = 3022.2121327534073
15.8228 	EXP 	grating_S1_T5: phase = 3028.495318060587
15.8400 	EXP 	grating_S1_T5: phase = 3034.778503367767
15.8565 	EXP 	grating_S1_T5: phase = 3041.0616886749467
15.8735 	EXP 	grating_S1_T5: phase = 3047.3448739821265
15.8923 	EXP 	grating_S1_T5: phase = 3053.6280592893063
15.9068 	EXP 	grating_S1_T5: phase = 3059.911244596486
15.9228 	EXP 	grating_S1_T5: phase = 3066.194429903666
15.9392 	EXP 	grating_S1_T5: phase = 3072.4776152108457
15.9561 	EXP 	grating_S1_T5: phase = 3078.7608005180255
15.9727 	EXP 	grating_S1_T5: phase = 3085.0439858252053
15.9891 	EXP 	grating_S1_T5: phase = 3091.327171132385
16.0063 	EXP 	grating_S1_T5: phase = 3097.610356439565
16.0223 	EXP 	grating_S1_T5: phase = 3103.8935417467446
16.0405 	EXP 	grating_S1_T5: phase = 3110.1767270539244
16.0566 	EXP 	grating_S1_T5: phase = 3116.459912361104
16.0735 	EXP 	grating_S1_T5: phase = 3122.743097668284
16.0890 	EXP 	grating_S1_T5: phase = 3129.026282975464
16.1054 	EXP 	grating_S1_T5: phase = 3135.3094682826436
16.1228 	EXP 	grating_S1_T5: phase = 3141.5926535898234
16.1386 	EXP 	grating_S1_T5: phase = 3147.875838897003
16.1562 	EXP 	grating_S1_T5: phase = 3154.159024204183
16.1729 	EXP 	grating_S1_T5: phase = 3160.4422095113628
16.1895 	EXP 	grating_S1_T5: phase = 3166.7253948185426
16.2078 	EXP 	grating_S1_T5: phase = 3173.0085801257223
16.2232 	EXP 	grating_S1_T5: phase = 3179.291765432902
16.2402 	EXP 	grating_S1_T5: phase = 3185.574950740082
16.2572 	EXP 	grating_S1_T5: phase = 3191.8581360472617
16.2738 	EXP 	grating_S1_T5: phase = 3198.1413213544415
16.2898 	EXP 	grating_S1_T5: phase = 3204.4245066616213
16.3067 	EXP 	grating_S1_T5: phase = 3210.707691968801
16.3231 	EXP 	grating_S1_T5: phase = 3216.990877275981
16.3404 	EXP 	grating_S1_T5: phase = 3223.2740625831607
16.3560 	EXP 	grating_S1_T5: phase = 3229.5572478903405
16.3726 	EXP 	grating_S1_T5: phase = 3235.8404331975203
16.3894 	EXP 	grating_S1_T5: phase = 3242.1236185047
16.4060 	EXP 	grating_S1_T5: phase = 3248.40680381188
16.4222 	EXP 	grating_S1_T5: phase = 3254.6899891190596
16.4388 	EXP 	grating_S1_T5: phase = 3260.9731744262394
16.4566 	EXP 	grating_S1_T5: phase = 3267.2563597334192
16.4885 	EXP 	grating_S1_T5: phase = 3273.539545040599
16.5061 	EXP 	grating_S1_T5: phase = 3279.822730347779
16.5268 	EXP 	grating_S1_T5: phase = 3286.1059156549586
16.5397 	EXP 	grating_S1_T5: phase = 3292.3891009621384
16.5562 	EXP 	grating_S1_T5: phase = 3298.672286269318
16.5887 	EXP 	grating_S1_T5: phase = 3304.955471576498
16.6216 	EXP 	grating_S1_T5: phase = 3311.238656883678
16.6555 	EXP 	grating_S1_T5: phase = 3317.5218421908576
16.6724 	EXP 	grating_S1_T5: phase = 3323.8050274980374
16.7050 	EXP 	grating_S1_T5: phase = 3330.088212805217
16.7386 	EXP 	grating_S1_T5: phase = 3336.371398112397
16.7558 	EXP 	grating_S1_T5: phase = 3342.6545834195767
16.7729 	EXP 	grating_S1_T5: phase = 3348.9377687267565
16.7887 	EXP 	grating_S1_T5: phase = 3355.2209540339363
16.8064 	EXP 	grating_S1_T5: phase = 3361.504139341116
16.8420 	EXP 	grating_S1_T5: phase = 3367.787324648296
16.8727 	EXP 	grating_S1_T5: phase = 3374.0705099554757
16.8891 	EXP 	grating_S1_T5: phase = 3380.3536952626555
16.9216 	EXP 	grating_S1_T5: phase = 3386.6368805698353
16.9388 	EXP 	grating_S1_T5: phase = 3392.920065877015
16.9565 	EXP 	grating_S1_T5: phase = 3399.203251184195
16.9729 	EXP 	grating_S1_T5: phase = 3405.4864364913747
16.9894 	EXP 	grating_S1_T5: phase = 3411.7696217985545
17.0053 	EXP 	grating_S1_T5: phase = 3418.0528071057342
17.0225 	EXP 	grating_S1_T5: phase = 3424.335992412914
17.0399 	EXP 	grating_S1_T5: phase = 3430.619177720094
17.0569 	EXP 	grating_S1_T5: phase = 3436.9023630272736
17.0735 	EXP 	grating_S1_T5: phase = 3443.1855483344534
17.0899 	EXP 	grating_S1_T5: phase = 3449.468733641633
17.1063 	EXP 	grating_S1_T5: phase = 3455.751918948813
17.1234 	EXP 	grating_S1_T5: phase = 3462.035104255993
17.1403 	EXP 	grating_S1_T5: phase = 3468.3182895631726
17.1608 	EXP 	grating_S1_T5: phase = 3474.6014748703524
17.1736 	EXP 	grating_S1_T5: phase = 3480.884660177532
17.1900 	EXP 	grating_S1_T5: phase = 3487.167845484712
17.2069 	EXP 	grating_S1_T5: phase = 3493.4510307918918
17.2236 	EXP 	grating_S1_T5: phase = 3499.7342160990715
17.2398 	EXP 	grating_S1_T5: phase = 3506.0174014062513
17.2570 	EXP 	grating_S1_T5: phase = 3512.300586713431
17.2737 	EXP 	grating_S1_T5: phase = 3518.583772020611
17.2900 	EXP 	grating_S1_T5: phase = 3524.8669573277907
17.3070 	EXP 	grating_S1_T5: phase = 3531.1501426349705
17.3233 	EXP 	grating_S1_T5: phase = 3537.4333279421503
17.3398 	EXP 	grating_S1_T5: phase = 3543.71651324933
17.3568 	EXP 	grating_S1_T5: phase = 3549.99969855651
17.3735 	EXP 	grating_S1_T5: phase = 3556.2828838636897
17.3906 	EXP 	grating_S1_T5: phase = 3562.5660691708695
17.4063 	EXP 	grating_S1_T5: phase = 3568.8492544780493
17.4237 	EXP 	grating_S1_T5: phase = 3575.132439785229
17.4398 	EXP 	grating_S1_T5: phase = 3581.415625092409
17.4569 	EXP 	grating_S1_T5: phase = 3587.6988103995886
17.4759 	EXP 	grating_S1_T5: phase = 3593.9819957067684
17.4900 	EXP 	grating_S1_T5: phase = 3600.265181013948
17.5067 	EXP 	grating_S1_T5: phase = 3606.548366321128
17.5231 	EXP 	grating_S1_T5: phase = 3612.831551628308
17.5394 	EXP 	grating_S1_T5: phase = 3619.1147369354876
17.5564 	EXP 	grating_S1_T5: phase = 3625.3979222426674
17.5734 	EXP 	grating_S1_T5: phase = 3631.681107549847
17.5900 	EXP 	grating_S1_T5: phase = 3637.964292857027
17.6066 	EXP 	grating_S1_T5: phase = 3644.2474781642068
17.6241 	EXP 	grating_S1_T5: phase = 3650.5306634713866
17.6408 	EXP 	grating_S1_T5: phase = 3656.8138487785664
17.6569 	EXP 	grating_S1_T5: phase = 3663.097034085746
17.6733 	EXP 	grating_S1_T5: phase = 3669.380219392926
17.6903 	EXP 	grating_S1_T5: phase = 3675.6634047001057
17.7074 	EXP 	grating_S1_T5: phase = 3681.9465900072855
17.7239 	EXP 	grating_S1_T5: phase = 3688.2297753144653
17.7406 	EXP 	grating_S1_T5: phase = 3694.512960621645
17.7562 	EXP 	grating_S1_T5: phase = 3700.796145928825
17.7732 	EXP 	grating_S1_T5: phase = 3707.0793312360047
17.7935 	EXP 	grating_S1_T5: phase = 3713.3625165431845
17.8067 	EXP 	grating_S1_T5: phase = 3719.6457018503643
17.8229 	EXP 	grating_S1_T5: phase = 3725.928887157544
17.8407 	EXP 	grating_S1_T5: phase = 3732.212072464724
17.8565 	EXP 	grating_S1_T5: phase = 3738.4952577719037
17.8741 	EXP 	grating_S1_T5: phase = 3744.7784430790834
17.8893 	EXP 	grating_S1_T5: phase = 3751.0616283862632
17.9070 	EXP 	grating_S1_T5: phase = 3757.344813693443
17.9239 	EXP 	grating_S1_T5: phase = 3763.627999000623
17.9405 	EXP 	grating_S1_T5: phase = 3769.9111843078026
17.9570 	EXP 	grating_S1_T5: phase = 3776.1943696149824
17.9732 	EXP 	grating_S1_T5: phase = 3782.477554922162
17.9898 	EXP 	grating_S1_T5: phase = 3788.760740229342
18.0064 	EXP 	grating_S1_T5: phase = 3795.043925536522
18.0239 	EXP 	grating_S1_T5: phase = 3801.3271108437016
18.0405 	EXP 	grating_S1_T5: phase = 3807.6102961508814
18.0567 	EXP 	grating_S1_T5: phase = 3813.893481458061
18.0736 	EXP 	grating_S1_T5: phase = 3820.176666765241
18.0900 	EXP 	grating_S1_T5: phase = 3826.4598520724207
18.1096 	EXP 	grating_S1_T5: phase = 3832.7430373796005
18.1236 	EXP 	grating_S1_T5: phase = 3839.0262226867803
18.1399 	EXP 	grating_S1_T5: phase = 3845.30940799396
18.1567 	EXP 	grating_S1_T5: phase = 3851.59259330114
18.1735 	EXP 	grating_S1_T5: phase = 3857.8757786083197
18.1906 	EXP 	grating_S1_T5: phase = 3864.1589639154995
18.2068 	EXP 	grating_S1_T5: phase = 3870.4421492226793
18.2237 	EXP 	grating_S1_T5: phase = 3876.725334529859
18.2402 	EXP 	grating_S1_T5: phase = 3883.008519837039
18.2570 	EXP 	grating_S1_T5: phase = 3889.2917051442187
18.2735 	EXP 	grating_S1_T5: phase = 3895.5748904513985
18.2908 	EXP 	grating_S1_T5: phase = 3901.8580757585783
18.3060 	EXP 	grating_S1_T5: phase = 3908.141261065758
18.3236 	EXP 	grating_S1_T5: phase = 3914.424446372938
18.3401 	EXP 	grating_S1_T5: phase = 3920.7076316801176
18.3568 	EXP 	grating_S1_T5: phase = 3926.9908169872974
18.3735 	EXP 	grating_S1_T5: phase = 3933.274002294477
18.3898 	EXP 	grating_S1_T5: phase = 3939.557187601657
18.4061 	EXP 	grating_S1_T5: phase = 3945.840372908837
18.4261 	EXP 	grating_S1_T5: phase = 3952.1235582160166
18.4397 	EXP 	grating_S1_T5: phase = 3958.4067435231964
18.4571 	EXP 	grating_S1_T5: phase = 3964.689928830376
18.4730 	EXP 	grating_S1_T5: phase = 3970.973114137556
18.4902 	EXP 	grating_S1_T5: phase = 3977.2562994447358
18.5070 	EXP 	grating_S1_T5: phase = 3983.5394847519156
18.5235 	EXP 	grating_S1_T5: phase = 3989.8226700590953
18.5402 	EXP 	grating_S1_T5: phase = 3996.105855366275
18.5569 	EXP 	grating_S1_T5: phase = 4002.389040673455
18.5738 	EXP 	grating_S1_T5: phase = 4008.6722259806347
18.5902 	EXP 	grating_S1_T5: phase = 4014.9554112878145
18.6068 	EXP 	grating_S1_T5: phase = 4021.2385965949943
18.6240 	EXP 	grating_S1_T5: phase = 4027.521781902174
18.6396 	EXP 	grating_S1_T5: phase = 4033.804967209354
18.6568 	EXP 	grating_S1_T5: phase = 4040.0881525165337
18.6736 	EXP 	grating_S1_T5: phase = 4046.3713378237135
18.6902 	EXP 	grating_S1_T5: phase = 4052.6545231308933
18.7069 	EXP 	grating_S1_T5: phase = 4058.937708438073
18.7233 	EXP 	grating_S1_T5: phase = 4065.220893745253
18.7399 	EXP 	grating_S1_T5: phase = 4071.5040790524326
18.7565 	EXP 	grating_S1_T5: phase = 4077.7872643596124
18.7730 	EXP 	grating_S1_T5: phase = 4084.0704496667922
18.7892 	EXP 	grating_S1_T5: phase = 4090.353634973972
18.8069 	EXP 	grating_S1_T5: phase = 4096.636820281152
18.8225 	EXP 	grating_S1_T5: phase = 4102.920005588331
18.8394 	EXP 	grating_S1_T5: phase = 4109.2031908955105
18.8557 	EXP 	grating_S1_T5: phase = 4115.48637620269
18.8736 	EXP 	grating_S1_T5: phase = 4121.769561509869
18.8891 	EXP 	grating_S1_T5: phase = 4128.0527468170485
18.9060 	EXP 	grating_S1_T5: phase = 4134.335932124228
18.9223 	EXP 	grating_S1_T5: phase = 4140.619117431407
18.9390 	EXP 	grating_S1_T5: phase = 4146.9023027385865
18.9584 	EXP 	grating_S1_T5: phase = 4153.185488045766
18.9728 	EXP 	grating_S1_T5: phase = 4159.468673352945
18.9900 	EXP 	grating_S1_T5: phase = 4165.7518586601245
19.0063 	EXP 	grating_S1_T5: phase = 4172.035043967304
19.0238 	EXP 	grating_S1_T5: phase = 4178.318229274483
19.0398 	EXP 	grating_S1_T5: phase = 4184.6014145816625
19.0565 	EXP 	grating_S1_T5: phase = 4190.884599888842
19.0730 	EXP 	grating_S1_T5: phase = 4197.167785196021
19.0899 	EXP 	grating_S1_T5: phase = 4203.450970503201
19.1073 	EXP 	grating_S1_T5: phase = 4209.73415581038
19.1228 	EXP 	grating_S1_T5: phase = 4216.017341117559
19.1402 	EXP 	grating_S1_T5: phase = 4222.300526424739
19.1564 	EXP 	grating_S1_T5: phase = 4228.583711731918
19.1730 	EXP 	grating_S1_T5: phase = 4234.866897039097
19.1904 	EXP 	grating_S1_T5: phase = 4241.150082346277
19.2066 	EXP 	grating_S1_T5: phase = 4247.433267653456
19.2237 	EXP 	grating_S1_T5: phase = 4253.716452960635
19.2400 	EXP 	grating_S1_T5: phase = 4259.999638267815
19.2563 	EXP 	grating_S1_T5: phase = 4266.282823574994
19.2769 	EXP 	grating_S1_T5: phase = 4272.566008882173
19.2895 	EXP 	grating_S1_T5: phase = 4278.849194189353
19.3070 	EXP 	grating_S1_T5: phase = 4285.132379496532
19.3236 	EXP 	grating_S1_T5: phase = 4291.415564803711
19.3399 	EXP 	grating_S1_T5: phase = 4297.698750110891
19.3572 	EXP 	grating_S1_T5: phase = 4303.98193541807
19.3735 	EXP 	grating_S1_T5: phase = 4310.265120725249
19.3894 	EXP 	grating_S1_T5: phase = 4316.548306032429
19.4074 	EXP 	grating_S1_T5: phase = 4322.831491339608
19.4225 	EXP 	grating_S1_T5: phase = 4329.114676646787
19.4400 	EXP 	grating_S1_T5: phase = 4335.397861953967
19.4560 	EXP 	grating_S1_T5: phase = 4341.681047261146
19.4737 	EXP 	grating_S1_T5: phase = 4347.964232568325
19.4901 	EXP 	grating_S1_T5: phase = 4354.247417875505
19.5068 	EXP 	grating_S1_T5: phase = 4360.530603182684
19.5233 	EXP 	grating_S1_T5: phase = 4366.813788489863
19.5395 	EXP 	grating_S1_T5: phase = 4373.096973797043
19.5559 	EXP 	grating_S1_T5: phase = 4379.380159104222
19.5737 	EXP 	grating_S1_T5: phase = 4385.663344411401
19.5948 	EXP 	grating_S1_T5: phase = 4391.946529718581
19.6068 	EXP 	grating_S1_T5: phase = 4398.22971502576
19.6240 	EXP 	grating_S1_T5: phase = 4404.512900332939
19.6404 	EXP 	grating_S1_T5: phase = 4410.796085640119
19.6570 	EXP 	grating_S1_T5: phase = 4417.079270947298
19.6736 	EXP 	grating_S1_T5: phase = 4423.362456254477
19.6899 	EXP 	grating_S1_T5: phase = 4429.645641561657
19.7065 	EXP 	grating_S1_T5: phase = 4435.928826868836
19.7230 	EXP 	grating_S1_T5: phase = 4442.212012176015
19.7396 	EXP 	grating_S1_T5: phase = 4448.495197483195
19.7564 	EXP 	grating_S1_T5: phase = 4454.778382790374
19.7737 	EXP 	grating_S1_T5: phase = 4461.061568097553
19.7902 	EXP 	grating_S1_T5: phase = 4467.344753404733
19.8065 	EXP 	grating_S1_T5: phase = 4473.627938711912
19.8235 	EXP 	grating_S1_T5: phase = 4479.911124019091
19.8396 	EXP 	grating_S1_T5: phase = 4486.194309326271
19.8567 	EXP 	grating_S1_T5: phase = 4492.47749463345
19.8730 	EXP 	grating_S1_T5: phase = 4498.760679940629
19.8902 	EXP 	grating_S1_T5: phase = 4505.043865247809
19.9107 	EXP 	grating_S1_T5: phase = 4511.327050554988
19.9233 	EXP 	grating_S1_T5: phase = 4517.610235862167
19.9395 	EXP 	grating_S1_T5: phase = 4523.893421169347
19.9561 	EXP 	grating_S1_T5: phase = 4530.176606476526
19.9735 	EXP 	grating_S1_T5: phase = 4536.459791783705
19.9893 	EXP 	grating_S1_T5: phase = 4542.742977090885
20.0067 	EXP 	grating_S1_T5: phase = 4549.026162398064
20.0237 	EXP 	grating_S1_T5: phase = 4555.309347705243
20.0403 	EXP 	grating_S1_T5: phase = 4561.592533012423
20.0568 	EXP 	grating_S1_T5: phase = 4567.875718319602
20.0734 	EXP 	grating_S1_T5: phase = 4574.1589036267815
20.0899 	EXP 	grating_S1_T5: phase = 4580.442088933961
20.1070 	EXP 	grating_S1_T5: phase = 4586.72527424114
20.1237 	EXP 	grating_S1_T5: phase = 4593.0084595483195
20.1403 	EXP 	grating_S1_T5: phase = 4599.291644855499
20.1565 	EXP 	grating_S1_T5: phase = 4605.574830162678
20.1728 	EXP 	grating_S1_T5: phase = 4611.8580154698575
20.1902 	EXP 	grating_S1_T5: phase = 4618.141200777037
20.2073 	EXP 	grating_S1_T5: phase = 4624.424386084216
20.2276 	EXP 	grating_S1_T5: phase = 4630.7075713913955
20.2404 	EXP 	grating_S1_T5: phase = 4636.990756698575
20.2568 	EXP 	grating_S1_T5: phase = 4643.273942005754
20.2731 	EXP 	grating_S1_T5: phase = 4649.5571273129335
20.2906 	EXP 	grating_S1_T5: phase = 4655.840312620113
20.3071 	EXP 	grating_S1_T5: phase = 4662.123497927292
20.3234 	EXP 	grating_S1_T5: phase = 4668.4066832344715
20.3394 	EXP 	grating_S1_T5: phase = 4674.689868541651
20.3568 	EXP 	grating_S1_T5: phase = 4680.97305384883
20.3729 	EXP 	grating_S1_T5: phase = 4687.2562391560095
20.3903 	EXP 	grating_S1_T5: phase = 4693.539424463189
20.4067 	EXP 	grating_S1_T5: phase = 4699.822609770368
20.4233 	EXP 	grating_S1_T5: phase = 4706.105795077548
20.4393 	EXP 	grating_S1_T5: phase = 4712.388980384727
20.4567 	EXP 	grating_S1_T5: phase = 4718.672165691906
20.4727 	EXP 	grating_S1_T5: phase = 4724.955350999086
20.4906 	EXP 	grating_S1_T5: phase = 4731.238536306265
20.5065 	EXP 	grating_S1_T5: phase = 4737.521721613444
20.5237 	EXP 	grating_S1_T5: phase = 4743.804906920624
20.5402 	EXP 	grating_S1_T5: phase = 4750.088092227803
20.5568 	EXP 	grating_S1_T5: phase = 4756.371277534982
20.5733 	EXP 	grating_S1_T5: phase = 4762.654462842162
20.5892 	EXP 	grating_S1_T5: phase = 4768.937648149341
20.6063 	EXP 	grating_S1_T5: phase = 4775.22083345652
20.6234 	EXP 	grating_S1_T5: phase = 4781.5040187637
20.6397 	EXP 	grating_S1_T5: phase = 4787.787204070879
20.6564 	EXP 	grating_S1_T5: phase = 4794.070389378058
20.6727 	EXP 	grating_S1_T5: phase = 4800.353574685238
20.6892 	EXP 	grating_S1_T5: phase = 4806.636759992417
20.7062 	EXP 	grating_S1_T5: phase = 4812.919945299596
20.7232 	EXP 	grating_S1_T5: phase = 4819.203130606776
20.7399 	EXP 	grating_S1_T5: phase = 4825.486315913955
20.7592 	EXP 	grating_S1_T5: phase = 4831.769501221134
20.7731 	EXP 	grating_S1_T5: phase = 4838.052686528314
20.7898 	EXP 	grating_S1_T5: phase = 4844.335871835493
20.8066 	EXP 	grating_S1_T5: phase = 4850.619057142672
20.8233 	EXP 	grating_S1_T5: phase = 4856.902242449852
20.8403 	EXP 	grating_S1_T5: phase = 4863.185427757031
20.8559 	EXP 	grating_S1_T5: phase = 4869.46861306421
20.8726 	EXP 	grating_S1_T5: phase = 4875.75179837139
20.8891 	EXP 	grating_S1_T5: phase = 4882.034983678569
20.9061 	EXP 	grating_S1_T5: phase = 4888.318168985748
20.9224 	EXP 	grating_S1_T5: phase = 4894.601354292928
20.9392 	EXP 	grating_S1_T5: phase = 4900.884539600107
20.9558 	EXP 	grating_S1_T5: phase = 4907.167724907286
20.9728 	EXP 	grating_S1_T5: phase = 4913.450910214466
20.9887 	EXP 	grating_S1_T5: phase = 4919.734095521645
21.0058 	EXP 	grating_S1_T5: phase = 4926.017280828824
21.0225 	EXP 	grating_S1_T5: phase = 4932.300466136004
21.0388 	EXP 	grating_S1_T5: phase = 4938.583651443183
21.0555 	EXP 	grating_S1_T5: phase = 4944.866836750362
21.0734 	EXP 	grating_S1_T5: phase = 4951.150022057542
21.0894 	EXP 	grating_S1_T5: phase = 4957.433207364721
21.1056 	EXP 	grating_S1_T5: phase = 4963.7163926719
21.1223 	EXP 	grating_S1_T5: phase = 4969.99957797908
21.1391 	EXP 	grating_S1_T5: phase = 4976.282763286259
21.1562 	EXP 	grating_S1_T5: phase = 4982.565948593438
21.1725 	EXP 	grating_S1_T5: phase = 4988.849133900618
21.1893 	EXP 	grating_S1_T5: phase = 4995.132319207797
21.2055 	EXP 	grating_S1_T5: phase = 5001.415504514976
21.2226 	EXP 	grating_S1_T5: phase = 5007.698689822156
21.2391 	EXP 	grating_S1_T5: phase = 5013.981875129335
21.2559 	EXP 	grating_S1_T5: phase = 5020.265060436514
21.2726 	EXP 	grating_S1_T5: phase = 5026.548245743694
21.2886 	EXP 	grating_S1_T5: phase = 5032.831431050873
21.3058 	EXP 	grating_S1_T5: phase = 5039.114616358052
21.3225 	EXP 	grating_S1_T5: phase = 5045.397801665232
21.3393 	EXP 	grating_S1_T5: phase = 5051.680986972411
21.3557 	EXP 	grating_S1_T5: phase = 5057.9641722795905
21.3723 	EXP 	grating_S1_T5: phase = 5064.24735758677
21.3902 	EXP 	grating_S1_T5: phase = 5070.530542893949
21.4052 	EXP 	grating_S1_T5: phase = 5076.8137282011285
21.4229 	EXP 	grating_S1_T5: phase = 5083.096913508308
21.4388 	EXP 	grating_S1_T5: phase = 5089.380098815487
21.4561 	EXP 	grating_S1_T5: phase = 5095.6632841226665
21.4724 	EXP 	grating_S1_T5: phase = 5101.946469429846
21.4908 	EXP 	grating_S1_T5: phase = 5108.229654737025
21.5076 	EXP 	grating_S1_T5: phase = 5114.5128400442045
21.5237 	EXP 	grating_S1_T5: phase = 5120.796025351384
21.5410 	EXP 	grating_S1_T5: phase = 5127.079210658563
21.5572 	EXP 	grating_S1_T5: phase = 5133.3623959657425
21.5742 	EXP 	grating_S1_T5: phase = 5139.645581272922
21.5902 	EXP 	grating_S1_T5: phase = 5145.928766580101
21.6071 	EXP 	grating_S1_T5: phase = 5152.2119518872805
21.6244 	EXP 	grating_S1_T5: phase = 5158.49513719446
21.6405 	EXP 	grating_S1_T5: phase = 5164.778322501639
21.6575 	EXP 	grating_S1_T5: phase = 5171.0615078088185
21.6737 	EXP 	grating_S1_T5: phase = 5177.344693115998
21.6909 	EXP 	grating_S1_T5: phase = 5183.627878423177
21.7069 	EXP 	grating_S1_T5: phase = 5189.911063730357
21.7243 	EXP 	grating_S1_T5: phase = 5196.194249037536
21.7403 	EXP 	grating_S1_T5: phase = 5202.477434344715
21.7576 	EXP 	grating_S1_T5: phase = 5208.760619651895
21.7738 	EXP 	grating_S1_T5: phase = 5215.043804959074
21.7908 	EXP 	grating_S1_T5: phase = 5221.326990266253
21.8071 	EXP 	grating_S1_T5: phase = 5227.610175573433
21.8236 	EXP 	grating_S1_T5: phase = 5233.893360880612
21.8364 	EXP 	grating_S1_T5: phase = 5240.176546187791
21.8576 	EXP 	grating_S1_T5: phase = 5246.459731494971
21.8738 	EXP 	grating_S1_T5: phase = 5252.74291680215
21.8908 	EXP 	grating_S1_T5: phase = 5259.026102109329
21.9072 	EXP 	grating_S1_T5: phase = 5265.309287416509
21.9242 	EXP 	grating_S1_T5: phase = 5271.592472723688
21.9403 	EXP 	grating_S1_T5: phase = 5277.875658030867
21.9575 	EXP 	grating_S1_T5: phase = 5284.158843338047
21.9743 	EXP 	grating_S1_T5: phase = 5290.442028645226
21.9901 	EXP 	grating_S1_T5: phase = 5296.725213952405
22.0071 	EXP 	grating_S1_T5: phase = 5303.008399259585
22.0243 	EXP 	grating_S1_T5: phase = 5309.291584566764
22.0406 	EXP 	grating_S1_T5: phase = 5315.574769873943
22.0559 	EXP 	grating_S1_T5: phase = 5321.857955181123
22.0723 	EXP 	grating_S1_T5: phase = 5328.141140488302
22.0893 	EXP 	grating_S1_T5: phase = 5334.424325795481
22.1058 	EXP 	grating_S1_T5: phase = 5340.707511102661
22.1231 	EXP 	grating_S1_T5: phase = 5346.99069640984
22.1402 	EXP 	grating_S1_T5: phase = 5353.273881717019
22.1563 	EXP 	grating_S1_T5: phase = 5359.557067024199
22.1738 	EXP 	grating_S1_T5: phase = 5365.840252331378
22.1902 	EXP 	grating_S1_T5: phase = 5372.123437638557
22.2067 	EXP 	grating_S1_T5: phase = 5378.406622945737
22.2230 	EXP 	grating_S1_T5: phase = 5384.689808252916
22.2395 	EXP 	grating_S1_T5: phase = 5390.972993560095
22.2706 	EXP 	grating_S1_T5: phase = 5397.256178867275
22.2902 	EXP 	grating_S1_T5: phase = 5403.539364174454
22.3074 	EXP 	grating_S1_T5: phase = 5409.822549481633
22.3244 	EXP 	grating_S1_T5: phase = 5416.105734788813
22.3404 	EXP 	grating_S1_T5: phase = 5422.388920095992
22.3605 	EXP 	grating_S1_T5: phase = 5428.672105403171
22.3740 	EXP 	grating_S1_T5: phase = 5434.955290710351
22.3897 	EXP 	grating_S1_T5: phase = 5441.23847601753
22.4064 	EXP 	grating_S1_T5: phase = 5447.521661324709
22.4232 	EXP 	grating_S1_T5: phase = 5453.804846631889
22.4398 	EXP 	grating_S1_T5: phase = 5460.088031939068
22.4555 	EXP 	grating_S1_T5: phase = 5466.371217246247
22.4720 	EXP 	grating_S1_T5: phase = 5472.654402553427
22.4901 	EXP 	grating_S1_T5: phase = 5478.937587860606
22.5058 	EXP 	grating_S1_T5: phase = 5485.220773167785
22.5224 	EXP 	grating_S1_T5: phase = 5491.503958474965
22.5394 	EXP 	grating_S1_T5: phase = 5497.787143782144
22.5566 	EXP 	grating_S1_T5: phase = 5504.070329089323
22.5719 	EXP 	grating_S1_T5: phase = 5510.353514396503
22.5894 	EXP 	grating_S1_T5: phase = 5516.636699703682
22.6064 	EXP 	grating_S1_T5: phase = 5522.919885010861
22.6236 	EXP 	grating_S1_T5: phase = 5529.203070318041
22.6398 	EXP 	grating_S1_T5: phase = 5535.48625562522
22.6562 	EXP 	grating_S1_T5: phase = 5541.769440932399
22.6768 	EXP 	grating_S1_T5: phase = 5548.052626239579
22.7048 	EXP 	grating_S1_T5: phase = 5554.335811546758
22.7241 	EXP 	grating_S1_T5: phase = 5560.6189968539375
22.7551 	EXP 	grating_S1_T5: phase = 5566.902182161117
22.7882 	EXP 	grating_S1_T5: phase = 5573.185367468296
22.8072 	EXP 	grating_S1_T5: phase = 5579.4685527754755
22.8391 	EXP 	grating_S1_T5: phase = 5585.751738082655
22.8563 	EXP 	grating_S1_T5: phase = 5592.034923389834
22.8729 	EXP 	grating_S1_T5: phase = 5598.3181086970135
22.8891 	EXP 	grating_S1_T5: phase = 5604.601294004193
22.9063 	EXP 	grating_S1_T5: phase = 5610.884479311372
22.9222 	EXP 	grating_S1_T5: phase = 5617.1676646185515
22.9391 	EXP 	grating_S1_T5: phase = 5623.450849925731
22.9558 	EXP 	grating_S1_T5: phase = 5629.73403523291
22.9724 	EXP 	grating_S1_T5: phase = 5636.0172205400895
22.9928 	EXP 	grating_S1_T5: phase = 5642.300405847269
23.0065 	EXP 	grating_S1_T5: phase = 5648.583591154448
23.0226 	EXP 	grating_S1_T5: phase = 5654.8667764616275
23.0389 	EXP 	grating_S1_T5: phase = 5661.149961768807
23.0547 	EXP 	grating_S1_T5: phase = 5667.433147075986
23.0721 	EXP 	grating_S1_T5: phase = 5673.7163323831655
23.0892 	EXP 	grating_S1_T5: phase = 5679.999517690345
23.1060 	EXP 	grating_S1_T5: phase = 5686.282702997524
23.1223 	EXP 	grating_S1_T5: phase = 5692.565888304704
23.1388 	EXP 	grating_S1_T5: phase = 5698.849073611883
23.1560 	EXP 	grating_S1_T5: phase = 5705.132258919062
23.1727 	EXP 	grating_S1_T5: phase = 5711.415444226242
23.1898 	EXP 	grating_S1_T5: phase = 5717.698629533421
23.2057 	EXP 	grating_S1_T5: phase = 5723.9818148406
23.2233 	EXP 	grating_S1_T5: phase = 5730.26500014778
23.2397 	EXP 	grating_S1_T5: phase = 5736.548185454959
23.2565 	EXP 	grating_S1_T5: phase = 5742.831370762138
23.2734 	EXP 	grating_S1_T5: phase = 5749.114556069318
23.2901 	EXP 	grating_S1_T5: phase = 5755.397741376497
23.3066 	EXP 	grating_S1_T5: phase = 5761.680926683676
23.3234 	EXP 	grating_S1_T5: phase = 5767.964111990856
23.3400 	EXP 	grating_S1_T5: phase = 5774.247297298035
23.3570 	EXP 	grating_S1_T5: phase = 5780.530482605214
23.3735 	EXP 	grating_S1_T5: phase = 5786.813667912394
23.3897 	EXP 	grating_S1_T5: phase = 5793.096853219573
23.4068 	EXP 	grating_S1_T5: phase = 5799.380038526752
23.4229 	EXP 	grating_S1_T5: phase = 5805.663223833932
23.4403 	EXP 	grating_S1_T5: phase = 5811.946409141111
23.4556 	EXP 	grating_S1_T5: phase = 5818.22959444829
23.4738 	EXP 	grating_S1_T5: phase = 5824.51277975547
23.4904 	EXP 	grating_S1_T5: phase = 5830.795965062649
23.5069 	EXP 	grating_S1_T5: phase = 5837.079150369828
23.5266 	EXP 	grating_S1_T5: phase = 5843.362335677008
23.5404 	EXP 	grating_S1_T5: phase = 5849.645520984187
23.5570 	EXP 	grating_S1_T5: phase = 5855.928706291366
23.5739 	EXP 	grating_S1_T5: phase = 5862.211891598546
23.5905 	EXP 	grating_S1_T5: phase = 5868.495076905725
23.6071 	EXP 	grating_S1_T5: phase = 5874.778262212904
23.6236 	EXP 	grating_S1_T5: phase = 5881.061447520084
23.6404 	EXP 	grating_S1_T5: phase = 5887.344632827263
23.6571 	EXP 	grating_S1_T5: phase = 5893.627818134442
23.6739 	EXP 	grating_S1_T5: phase = 5899.911003441622
23.6898 	EXP 	grating_S1_T5: phase = 5906.194188748801
23.7068 	EXP 	grating_S1_T5: phase = 5912.47737405598
23.7240 	EXP 	grating_S1_T5: phase = 5918.76055936316
23.7406 	EXP 	grating_S1_T5: phase = 5925.043744670339
23.7573 	EXP 	grating_S1_T5: phase = 5931.326929977518
23.7735 	EXP 	grating_S1_T5: phase = 5937.610115284698
23.7901 	EXP 	grating_S1_T5: phase = 5943.893300591877
23.8068 	EXP 	grating_S1_T5: phase = 5950.176485899056
23.8236 	EXP 	grating_S1_T5: phase = 5956.459671206236
23.8438 	EXP 	grating_S1_T5: phase = 5962.742856513415
23.8563 	EXP 	grating_S1_T5: phase = 5969.026041820594
23.8726 	EXP 	grating_S1_T5: phase = 5975.309227127774
23.8894 	EXP 	grating_S1_T5: phase = 5981.592412434953
23.9062 	EXP 	grating_S1_T5: phase = 5987.875597742132
23.9240 	EXP 	grating_S1_T5: phase = 5994.158783049312
23.9406 	EXP 	grating_S1_T5: phase = 6000.441968356491
23.9578 	EXP 	grating_S1_T5: phase = 6006.72515366367
23.9747 	EXP 	grating_S1_T5: phase = 6013.00833897085
23.9900 	EXP 	grating_S1_T5: phase = 6019.291524278029
24.0069 	EXP 	grating_S1_T5: phase = 6025.574709585208
24.0232 	EXP 	grating_S1_T5: phase = 6031.857894892388
24.0400 	EXP 	grating_S1_T5: phase = 6038.141080199567
24.0562 	EXP 	grating_S1_T5: phase = 6044.424265506746
24.0736 	EXP 	grating_S1_T5: phase = 6050.707450813926
24.0900 	EXP 	grating_S1_T5: phase = 6056.990636121105
24.1062 	EXP 	grating_S1_T5: phase = 6063.2738214282845
24.1235 	EXP 	grating_S1_T5: phase = 6069.557006735464
24.1406 	EXP 	grating_S1_T5: phase = 6075.840192042643
24.1595 	EXP 	grating_S1_T5: phase = 6082.1233773498225
24.1737 	EXP 	grating_S1_T5: phase = 6088.406562657002
24.1894 	EXP 	grating_S1_T5: phase = 6094.689747964181
24.2055 	EXP 	grating_S1_T5: phase = 6100.9729332713605
24.2232 	EXP 	grating_S1_T5: phase = 6107.25611857854
24.2391 	EXP 	grating_S1_T5: phase = 6113.539303885719
24.2565 	EXP 	grating_S1_T5: phase = 6119.8224891928985
24.2730 	EXP 	grating_S1_T5: phase = 6126.105674500078
24.2897 	EXP 	grating_S1_T5: phase = 6132.388859807257
24.3064 	EXP 	grating_S1_T5: phase = 6138.6720451144365
24.3231 	EXP 	grating_S1_T5: phase = 6144.955230421616
24.3399 	EXP 	grating_S1_T5: phase = 6151.238415728795
24.3565 	EXP 	grating_S1_T5: phase = 6157.5216010359745
24.3738 	EXP 	grating_S1_T5: phase = 6163.804786343154
24.3904 	EXP 	grating_S1_T5: phase = 6170.087971650333
24.4064 	EXP 	grating_S1_T5: phase = 6176.3711569575125
24.4225 	EXP 	grating_S1_T5: phase = 6182.654342264692
24.4400 	EXP 	grating_S1_T5: phase = 6188.937527571871
24.4555 	EXP 	grating_S1_T5: phase = 6195.220712879051
24.4756 	EXP 	grating_S1_T5: phase = 6201.50389818623
24.4899 	EXP 	grating_S1_T5: phase = 6207.787083493409
24.5065 	EXP 	grating_S1_T5: phase = 6214.070268800589
24.5233 	EXP 	grating_S1_T5: phase = 6220.353454107768
24.5405 	EXP 	grating_S1_T5: phase = 6226.636639414947
24.5570 	EXP 	grating_S1_T5: phase = 6232.919824722127
24.5734 	EXP 	grating_S1_T5: phase = 6239.203010029306
24.5903 	EXP 	grating_S1_T5: phase = 6245.486195336485
24.6071 	EXP 	grating_S1_T5: phase = 6251.769380643665
24.6239 	EXP 	grating_S1_T5: phase = 6258.052565950844
24.6406 	EXP 	grating_S1_T5: phase = 6264.335751258023
24.6572 	EXP 	grating_S1_T5: phase = 6270.618936565203
24.6735 	EXP 	grating_S1_T5: phase = 6276.902121872382
24.6896 	EXP 	grating_S1_T5: phase = 6283.185307179561
24.7069 	EXP 	grating_S1_T5: phase = 6289.468492486741
24.7236 	EXP 	grating_S1_T5: phase = 6295.75167779392
24.7403 	EXP 	grating_S1_T5: phase = 6302.034863101099
24.7571 	EXP 	grating_S1_T5: phase = 6308.318048408279
24.7738 	EXP 	grating_S1_T5: phase = 6314.601233715458
24.7931 	EXP 	grating_S1_T5: phase = 6320.884419022637
24.8071 	EXP 	grating_S1_T5: phase = 6327.167604329817
24.8239 	EXP 	grating_S1_T5: phase = 6333.450789636996
24.8405 	EXP 	grating_S1_T5: phase = 6339.733974944175
24.8572 	EXP 	grating_S1_T5: phase = 6346.017160251355
24.8737 	EXP 	grating_S1_T5: phase = 6352.300345558534
24.8900 	EXP 	grating_S1_T5: phase = 6358.583530865713
24.9062 	EXP 	grating_S1_T5: phase = 6364.866716172893
24.9237 	EXP 	grating_S1_T5: phase = 6371.149901480072
24.9403 	EXP 	grating_S1_T5: phase = 6377.433086787251
24.9569 	EXP 	grating_S1_T5: phase = 6383.716272094431
24.9737 	EXP 	grating_S1_T5: phase = 6389.99945740161
24.9903 	EXP 	grating_S1_T5: phase = 6396.282642708789
25.0067 	EXP 	grating_S1_T5: phase = 6402.565828015969
25.0238 	EXP 	grating_S1_T5: phase = 6408.849013323148
25.0404 	EXP 	grating_S1_T5: phase = 6415.132198630327
25.0571 	EXP 	grating_S1_T5: phase = 6421.415383937507
25.0738 	EXP 	grating_S1_T5: phase = 6427.698569244686
25.0901 	EXP 	grating_S1_T5: phase = 6433.981754551865
25.1104 	EXP 	grating_S1_T5: phase = 6440.264939859045
25.1238 	EXP 	grating_S1_T5: phase = 6446.548125166224
25.1403 	EXP 	grating_S1_T5: phase = 6452.831310473403
25.1569 	EXP 	grating_S1_T5: phase = 6459.114495780583
25.1736 	EXP 	grating_S1_T5: phase = 6465.397681087762
25.1902 	EXP 	grating_S1_T5: phase = 6471.680866394941
25.2068 	EXP 	grating_S1_T5: phase = 6477.964051702121
25.2237 	EXP 	grating_S1_T5: phase = 6484.2472370093
25.2404 	EXP 	grating_S1_T5: phase = 6490.530422316479
25.2571 	EXP 	grating_S1_T5: phase = 6496.813607623659
25.2736 	EXP 	grating_S1_T5: phase = 6503.096792930838
25.2902 	EXP 	grating_S1_T5: phase = 6509.379978238017
25.3069 	EXP 	grating_S1_T5: phase = 6515.663163545197
25.3229 	EXP 	grating_S1_T5: phase = 6521.946348852376
25.3403 	EXP 	grating_S1_T5: phase = 6528.229534159555
25.3569 	EXP 	grating_S1_T5: phase = 6534.512719466735
25.3734 	EXP 	grating_S1_T5: phase = 6540.795904773914
25.3899 	EXP 	grating_S1_T5: phase = 6547.079090081093
25.4067 	EXP 	grating_S1_T5: phase = 6553.362275388273
25.4263 	EXP 	grating_S1_T5: phase = 6559.645460695452
25.4403 	EXP 	grating_S1_T5: phase = 6565.9286460026315
25.4562 	EXP 	grating_S1_T5: phase = 6572.211831309811
25.4738 	EXP 	grating_S1_T5: phase = 6578.49501661699
25.4899 	EXP 	grating_S1_T5: phase = 6584.7782019241695
25.5064 	EXP 	grating_S1_T5: phase = 6591.061387231349
25.5235 	EXP 	grating_S1_T5: phase = 6597.344572538528
25.5402 	EXP 	grating_S1_T5: phase = 6603.6277578457075
25.5569 	EXP 	grating_S1_T5: phase = 6609.910943152887
25.5736 	EXP 	grating_S1_T5: phase = 6616.194128460066
25.5897 	EXP 	grating_S1_T5: phase = 6622.4773137672455
25.6070 	EXP 	grating_S1_T5: phase = 6628.760499074425
25.6235 	EXP 	grating_S1_T5: phase = 6635.043684381604
25.6397 	EXP 	grating_S1_T5: phase = 6641.3268696887835
25.6568 	EXP 	grating_S1_T5: phase = 6647.610054995963
25.6736 	EXP 	grating_S1_T5: phase = 6653.893240303142
25.6903 	EXP 	grating_S1_T5: phase = 6660.1764256103215
25.7068 	EXP 	grating_S1_T5: phase = 6666.459610917501
25.7239 	EXP 	grating_S1_T5: phase = 6672.74279622468
25.7433 	EXP 	grating_S1_T5: phase = 6679.0259815318595
25.7570 	EXP 	grating_S1_T5: phase = 6685.309166839039
25.7737 	EXP 	grating_S1_T5: phase = 6691.592352146218
25.7903 	EXP 	grating_S1_T5: phase = 6697.875537453398
25.8070 	EXP 	grating_S1_T5: phase = 6704.158722760577
25.8235 	EXP 	grating_S1_T5: phase = 6710.441908067756
25.8401 	EXP 	grating_S1_T5: phase = 6716.725093374936
25.8565 	EXP 	grating_S1_T5: phase = 6723.008278682115
25.8734 	EXP 	grating_S1_T5: phase = 6729.291463989294
25.8903 	EXP 	grating_S1_T5: phase = 6735.574649296474
25.9062 	EXP 	grating_S1_T5: phase = 6741.857834603653
25.9236 	EXP 	grating_S1_T5: phase = 6748.141019910832
25.9404 	EXP 	grating_S1_T5: phase = 6754.424205218012
25.9566 	EXP 	grating_S1_T5: phase = 6760.707390525191
25.9737 	EXP 	grating_S1_T5: phase = 6766.99057583237
25.9903 	EXP 	grating_S1_T5: phase = 6773.27376113955
26.0071 	EXP 	grating_S1_T5: phase = 6779.556946446729
26.0235 	EXP 	grating_S1_T5: phase = 6785.840131753908
26.0403 	EXP 	grating_S1_T5: phase = 6792.123317061088
26.0591 	EXP 	grating_S1_T5: phase = 6798.406502368267
26.0736 	EXP 	grating_S1_T5: phase = 6804.689687675446
26.0907 	EXP 	grating_S1_T5: phase = 6810.972872982626
26.1068 	EXP 	grating_S1_T5: phase = 6817.256058289805
26.1237 	EXP 	grating_S1_T5: phase = 6823.539243596984
26.1402 	EXP 	grating_S1_T5: phase = 6829.822428904164
26.1568 	EXP 	grating_S1_T5: phase = 6836.105614211343
26.1731 	EXP 	grating_S1_T5: phase = 6842.388799518522
26.1791 	DATA 	Keypress: escape
26.4642 	EXP 	window1: mouseVisible = True
