7.2536 	WARNING 	User requested fullscreen with size [1024  768], but screen is actually [1920, 1080]. Using actual size
7.9756 	EXP 	Created window1 = Window(allowGUI=False, allowStencil=False, args=UNKNOWN, autoLog=True, bitsMode=UNKNOWN, blendMode='avg', color=array([0., 0., 0.]), colorSpace='rgb', fullscr=<method-wrapper '__getattribute__' of attributeSetter object at 0x12ea33898>, gamma=None, kwargs=UNKNOWN, lms=UNKNOWN, monitor=<psychopy.monitors.calibTools.Monitor object at 0x12f5b5a90>, multiSample=False, name='window1', numSamples=2, pos=[0.0, 0.0], screen=0, size=array([1920, 1080]), stereo=False, units='height', useFBO=True, useRetina=False, viewOri=0.0, viewPos=None, viewScale=None, waitBlanking=True, winType='pyglet')
8.2177 	EXP 	Created grating_S1_T5 = GratingStim(__class__=<class 'psychopy.visual.grating.GratingStim'>, autoDraw=False, autoLog=True, blendmode='avg', color=array([1., 1., 1.]), colorSpace='rgb', contrast=1.0, depth=0.0, interpolate=True, mask='circle', maskParams=None, name='grating_S1_T5', opacity=1.0, ori=0.0, phase=array([0., 0.]), pos=array([0., 0.]), rgbPedestal=array([0., 0., 0.]), sf=array([0.6, 0.6]), size=array([7., 7.]), tex='sin', texRes=128, units='deg', win=Window(...))
8.2371 	EXP 	grating_S1_T5: phase = 0.016666666666666666
8.2538 	EXP 	grating_S1_T5: phase = 0.03333333333333333
8.2706 	EXP 	grating_S1_T5: phase = 0.05
8.2873 	EXP 	grating_S1_T5: phase = 0.06666666666666667
8.3033 	EXP 	grating_S1_T5: phase = 0.08333333333333333
8.3206 	EXP 	grating_S1_T5: phase = 0.09999999999999999
8.3373 	EXP 	grating_S1_T5: phase = 0.11666666666666665
8.3541 	EXP 	grating_S1_T5: phase = 0.13333333333333333
8.3708 	EXP 	grating_S1_T5: phase = 0.15
8.3876 	EXP 	grating_S1_T5: phase = 0.16666666666666666
8.4049 	EXP 	grating_S1_T5: phase = 0.18333333333333332
8.4210 	EXP 	grating_S1_T5: phase = 0.19999999999999998
8.4378 	EXP 	grating_S1_T5: phase = 0.21666666666666665
8.4586 	EXP 	grating_S1_T5: phase = 0.2333333333333333
8.4748 	EXP 	grating_S1_T5: phase = 0.24999999999999997
8.4913 	EXP 	grating_S1_T5: phase = 0.26666666666666666
8.5093 	EXP 	grating_S1_T5: phase = 0.2833333333333333
8.5248 	EXP 	grating_S1_T5: phase = 0.3
8.5415 	EXP 	grating_S1_T5: phase = 0.31666666666666665
8.5582 	EXP 	grating_S1_T5: phase = 0.3333333333333333
8.5750 	EXP 	grating_S1_T5: phase = 0.35
8.5916 	EXP 	grating_S1_T5: phase = 0.36666666666666664
8.6086 	EXP 	grating_S1_T5: phase = 0.3833333333333333
8.6249 	EXP 	grating_S1_T5: phase = 0.39999999999999997
8.6415 	EXP 	grating_S1_T5: phase = 0.41666666666666663
8.6581 	EXP 	grating_S1_T5: phase = 0.4333333333333333
8.6748 	EXP 	grating_S1_T5: phase = 0.44999999999999996
8.6915 	EXP 	grating_S1_T5: phase = 0.4666666666666666
8.7082 	EXP 	grating_S1_T5: phase = 0.4833333333333333
8.7243 	EXP 	grating_S1_T5: phase = 0.49999999999999994
8.7419 	EXP 	grating_S1_T5: phase = 0.5166666666666666
8.7575 	EXP 	grating_S1_T5: phase = 0.5333333333333333
8.7745 	EXP 	grating_S1_T5: phase = 0.55
8.7919 	EXP 	grating_S1_T5: phase = 0.5666666666666668
8.8074 	EXP 	grating_S1_T5: phase = 0.5833333333333335
8.8266 	EXP 	grating_S1_T5: phase = 0.6000000000000002
8.8408 	EXP 	grating_S1_T5: phase = 0.6166666666666669
8.8580 	EXP 	grating_S1_T5: phase = 0.6333333333333336
8.8745 	EXP 	grating_S1_T5: phase = 0.6500000000000004
8.8912 	EXP 	grating_S1_T5: phase = 0.6666666666666671
8.9080 	EXP 	grating_S1_T5: phase = 0.6833333333333338
8.9249 	EXP 	grating_S1_T5: phase = 0.7000000000000005
8.9414 	EXP 	grating_S1_T5: phase = 0.7166666666666672
8.9580 	EXP 	grating_S1_T5: phase = 0.733333333333334
8.9748 	EXP 	grating_S1_T5: phase = 0.7500000000000007
8.9918 	EXP 	grating_S1_T5: phase = 0.7666666666666674
9.0083 	EXP 	grating_S1_T5: phase = 0.7833333333333341
9.0249 	EXP 	grating_S1_T5: phase = 0.8000000000000008
9.0412 	EXP 	grating_S1_T5: phase = 0.8166666666666675
9.0576 	EXP 	grating_S1_T5: phase = 0.8333333333333343
9.0749 	EXP 	grating_S1_T5: phase = 0.850000000000001
9.0915 	EXP 	grating_S1_T5: phase = 0.8666666666666677
9.1084 	EXP 	grating_S1_T5: phase = 0.8833333333333344
9.1251 	EXP 	grating_S1_T5: phase = 0.9000000000000011
9.1429 	EXP 	grating_S1_T5: phase = 0.9166666666666679
9.1586 	EXP 	grating_S1_T5: phase = 0.9333333333333346
9.1741 	EXP 	grating_S1_T5: phase = 0.9500000000000013
9.1918 	EXP 	grating_S1_T5: phase = 0.966666666666668
9.2086 	EXP 	grating_S1_T5: phase = 0.9833333333333347
9.2242 	EXP 	grating_S1_T5: phase = 1.0000000000000013
9.2412 	EXP 	grating_S1_T5: phase = 1.016666666666668
9.2576 	EXP 	grating_S1_T5: phase = 1.0333333333333345
9.2744 	EXP 	grating_S1_T5: phase = 1.0500000000000012
9.2910 	EXP 	grating_S1_T5: phase = 1.0666666666666678
9.3079 	EXP 	grating_S1_T5: phase = 1.0833333333333344
9.3246 	EXP 	grating_S1_T5: phase = 1.100000000000001
9.3413 	EXP 	grating_S1_T5: phase = 1.1166666666666676
9.3586 	EXP 	grating_S1_T5: phase = 1.1333333333333342
9.3746 	EXP 	grating_S1_T5: phase = 1.1500000000000008
9.3913 	EXP 	grating_S1_T5: phase = 1.1666666666666674
9.4072 	EXP 	grating_S1_T5: phase = 1.183333333333334
9.4397 	EXP 	grating_S1_T5: phase = 1.2000000000000006
9.4587 	EXP 	grating_S1_T5: phase = 1.2166666666666672
9.4738 	EXP 	grating_S1_T5: phase = 1.2333333333333338
9.4905 	EXP 	grating_S1_T5: phase = 1.2500000000000004
9.5072 	EXP 	grating_S1_T5: phase = 1.266666666666667
9.5239 	EXP 	grating_S1_T5: phase = 1.2833333333333337
9.5406 	EXP 	grating_S1_T5: phase = 1.3000000000000003
9.5574 	EXP 	grating_S1_T5: phase = 1.3166666666666669
9.5737 	EXP 	grating_S1_T5: phase = 1.3333333333333335
9.5906 	EXP 	grating_S1_T5: phase = 1.35
9.6074 	EXP 	grating_S1_T5: phase = 1.3666666666666667
9.6239 	EXP 	grating_S1_T5: phase = 1.3833333333333333
9.6409 	EXP 	grating_S1_T5: phase = 1.4
9.6575 	EXP 	grating_S1_T5: phase = 1.4166666666666665
9.6907 	EXP 	grating_S1_T5: phase = 1.4333333333333331
9.7076 	EXP 	grating_S1_T5: phase = 1.4499999999999997
9.7240 	EXP 	grating_S1_T5: phase = 1.4666666666666663
9.7411 	EXP 	grating_S1_T5: phase = 1.483333333333333
9.7579 	EXP 	grating_S1_T5: phase = 1.4999999999999996
9.7754 	EXP 	grating_S1_T5: phase = 1.5166666666666662
9.7913 	EXP 	grating_S1_T5: phase = 1.5333333333333328
9.8079 	EXP 	grating_S1_T5: phase = 1.5499999999999994
9.8246 	EXP 	grating_S1_T5: phase = 1.566666666666666
9.8417 	EXP 	grating_S1_T5: phase = 1.5833333333333326
9.8584 	EXP 	grating_S1_T5: phase = 1.5999999999999992
9.8752 	EXP 	grating_S1_T5: phase = 1.6166666666666658
9.8915 	EXP 	grating_S1_T5: phase = 1.6333333333333324
9.9083 	EXP 	grating_S1_T5: phase = 1.649999999999999
9.9250 	EXP 	grating_S1_T5: phase = 1.6666666666666656
9.9415 	EXP 	grating_S1_T5: phase = 1.6833333333333322
9.9583 	EXP 	grating_S1_T5: phase = 1.6999999999999988
9.9751 	EXP 	grating_S1_T5: phase = 1.7166666666666655
9.9915 	EXP 	grating_S1_T5: phase = 1.733333333333332
10.0084 	EXP 	grating_S1_T5: phase = 1.7499999999999987
10.0252 	EXP 	grating_S1_T5: phase = 1.7666666666666653
10.0419 	EXP 	grating_S1_T5: phase = 1.7833333333333319
10.0581 	EXP 	grating_S1_T5: phase = 1.7999999999999985
10.0751 	EXP 	grating_S1_T5: phase = 1.816666666666665
10.0931 	EXP 	grating_S1_T5: phase = 1.8333333333333317
10.1085 	EXP 	grating_S1_T5: phase = 1.8499999999999983
10.1252 	EXP 	grating_S1_T5: phase = 1.866666666666665
10.1422 	EXP 	grating_S1_T5: phase = 1.8833333333333315
10.1584 	EXP 	grating_S1_T5: phase = 1.8999999999999981
10.1746 	EXP 	grating_S1_T5: phase = 1.9166666666666647
10.1921 	EXP 	grating_S1_T5: phase = 1.9333333333333313
10.2079 	EXP 	grating_S1_T5: phase = 1.949999999999998
10.2250 	EXP 	grating_S1_T5: phase = 1.9666666666666646
10.2419 	EXP 	grating_S1_T5: phase = 1.9833333333333312
10.2578 	EXP 	grating_S1_T5: phase = 1.9999999999999978
10.2747 	EXP 	grating_S1_T5: phase = 2.0166666666666644
10.2918 	EXP 	grating_S1_T5: phase = 2.033333333333331
10.3077 	EXP 	grating_S1_T5: phase = 2.0499999999999976
10.3249 	EXP 	grating_S1_T5: phase = 2.066666666666664
10.3418 	EXP 	grating_S1_T5: phase = 2.083333333333331
10.3580 	EXP 	grating_S1_T5: phase = 2.0999999999999974
10.3752 	EXP 	grating_S1_T5: phase = 2.116666666666664
10.3917 	EXP 	grating_S1_T5: phase = 2.1333333333333306
10.4096 	EXP 	grating_S1_T5: phase = 2.1499999999999972
10.4251 	EXP 	grating_S1_T5: phase = 2.166666666666664
10.4418 	EXP 	grating_S1_T5: phase = 2.1833333333333305
10.4589 	EXP 	grating_S1_T5: phase = 2.199999999999997
10.4753 	EXP 	grating_S1_T5: phase = 2.2166666666666637
10.4919 	EXP 	grating_S1_T5: phase = 2.2333333333333303
10.5087 	EXP 	grating_S1_T5: phase = 2.249999999999997
10.5244 	EXP 	grating_S1_T5: phase = 2.2666666666666635
10.5417 	EXP 	grating_S1_T5: phase = 2.28333333333333
10.5584 	EXP 	grating_S1_T5: phase = 2.2999999999999967
10.5752 	EXP 	grating_S1_T5: phase = 2.3166666666666633
10.5920 	EXP 	grating_S1_T5: phase = 2.33333333333333
10.6083 	EXP 	grating_S1_T5: phase = 2.3499999999999965
10.6247 	EXP 	grating_S1_T5: phase = 2.366666666666663
10.6419 	EXP 	grating_S1_T5: phase = 2.3833333333333298
10.6584 	EXP 	grating_S1_T5: phase = 2.3999999999999964
10.6751 	EXP 	grating_S1_T5: phase = 2.416666666666663
10.6918 	EXP 	grating_S1_T5: phase = 2.4333333333333296
10.7084 	EXP 	grating_S1_T5: phase = 2.449999999999996
10.7265 	EXP 	grating_S1_T5: phase = 2.466666666666663
10.7418 	EXP 	grating_S1_T5: phase = 2.4833333333333294
10.7585 	EXP 	grating_S1_T5: phase = 2.499999999999996
10.7751 	EXP 	grating_S1_T5: phase = 2.5166666666666626
10.7918 	EXP 	grating_S1_T5: phase = 2.533333333333329
10.8086 	EXP 	grating_S1_T5: phase = 2.549999999999996
10.8254 	EXP 	grating_S1_T5: phase = 2.5666666666666624
10.8419 	EXP 	grating_S1_T5: phase = 2.583333333333329
10.8585 	EXP 	grating_S1_T5: phase = 2.5999999999999956
10.8751 	EXP 	grating_S1_T5: phase = 2.6166666666666623
10.8918 	EXP 	grating_S1_T5: phase = 2.633333333333329
10.9084 	EXP 	grating_S1_T5: phase = 2.6499999999999955
10.9250 	EXP 	grating_S1_T5: phase = 2.666666666666662
10.9419 	EXP 	grating_S1_T5: phase = 2.6833333333333287
10.9584 	EXP 	grating_S1_T5: phase = 2.6999999999999953
10.9750 	EXP 	grating_S1_T5: phase = 2.716666666666662
10.9916 	EXP 	grating_S1_T5: phase = 2.7333333333333285
11.0082 	EXP 	grating_S1_T5: phase = 2.749999999999995
11.0251 	EXP 	grating_S1_T5: phase = 2.7666666666666617
11.0430 	EXP 	grating_S1_T5: phase = 2.7833333333333283
11.0582 	EXP 	grating_S1_T5: phase = 2.799999999999995
11.0750 	EXP 	grating_S1_T5: phase = 2.8166666666666615
11.0916 	EXP 	grating_S1_T5: phase = 2.833333333333328
11.1084 	EXP 	grating_S1_T5: phase = 2.8499999999999948
11.1250 	EXP 	grating_S1_T5: phase = 2.8666666666666614
11.1418 	EXP 	grating_S1_T5: phase = 2.883333333333328
11.1578 	EXP 	grating_S1_T5: phase = 2.8999999999999946
11.1752 	EXP 	grating_S1_T5: phase = 2.916666666666661
11.1918 	EXP 	grating_S1_T5: phase = 2.933333333333328
11.1969 	DATA 	Keypress: escape
11.5000 	EXP 	window1: mouseVisible = True
