6.6548 	WARNING 	User requested fullscreen with size [1024  768], but screen is actually [1920, 1080]. Using actual size
7.3939 	EXP 	Created window1 = Window(allowGUI=False, allowStencil=False, args=UNKNOWN, autoLog=True, bitsMode=UNKNOWN, blendMode='avg', color=array([0., 0., 0.]), colorSpace='rgb', fullscr=<method-wrapper '__getattribute__' of attributeSetter object at 0x12f72d898>, gamma=None, kwargs=UNKNOWN, lms=UNKNOWN, monitor=<psychopy.monitors.calibTools.Monitor object at 0x12f6c5a90>, multiSample=False, name='window1', numSamples=2, pos=[0.0, 0.0], screen=0, size=array([1920, 1080]), stereo=False, units='height', useFBO=True, useRetina=False, viewOri=0.0, viewPos=None, viewScale=None, waitBlanking=True, winType='pyglet')
7.6296 	EXP 	Created grating_S1_T5 = GratingStim(__class__=<class 'psychopy.visual.grating.GratingStim'>, autoDraw=False, autoLog=True, blendmode='avg', color=array([1., 1., 1.]), colorSpace='rgb', contrast=1.0, depth=0.0, interpolate=True, mask='circle', maskParams=None, name='grating_S1_T5', opacity=1.0, ori=0.0, phase=array([0., 0.]), pos=array([0., 0.]), rgbPedestal=array([0., 0., 0.]), sf=array([0.6, 0.6]), size=array([7., 7.]), tex='sin', texRes=128, units='deg', win=Window(...))
7.6436 	EXP 	grating_S1_T5: phase = 1
7.6596 	EXP 	grating_S1_T5: phase = 2
7.6768 	EXP 	grating_S1_T5: phase = 3
7.6929 	EXP 	grating_S1_T5: phase = 4
7.7101 	EXP 	grating_S1_T5: phase = 5
7.7261 	EXP 	grating_S1_T5: phase = 6
7.7430 	EXP 	grating_S1_T5: phase = 7
7.7600 	EXP 	grating_S1_T5: phase = 8
7.7767 	EXP 	grating_S1_T5: phase = 9
7.7936 	EXP 	grating_S1_T5: phase = 10
7.8099 	EXP 	grating_S1_T5: phase = 11
7.8266 	EXP 	grating_S1_T5: phase = 12
7.8435 	EXP 	grating_S1_T5: phase = 13
7.8601 	EXP 	grating_S1_T5: phase = 14
7.8767 	EXP 	grating_S1_T5: phase = 15
7.8935 	EXP 	grating_S1_T5: phase = 16
7.9102 	EXP 	grating_S1_T5: phase = 17
7.9260 	EXP 	grating_S1_T5: phase = 18
7.9437 	EXP 	grating_S1_T5: phase = 19
7.9602 	EXP 	grating_S1_T5: phase = 20
7.9767 	EXP 	grating_S1_T5: phase = 21
7.9933 	EXP 	grating_S1_T5: phase = 22
8.0105 	EXP 	grating_S1_T5: phase = 23
8.0264 	EXP 	grating_S1_T5: phase = 24
8.0431 	EXP 	grating_S1_T5: phase = 25
8.0600 	EXP 	grating_S1_T5: phase = 26
8.0767 	EXP 	grating_S1_T5: phase = 27
8.0934 	EXP 	grating_S1_T5: phase = 28
8.1100 	EXP 	grating_S1_T5: phase = 29
8.1268 	EXP 	grating_S1_T5: phase = 30
8.1433 	EXP 	grating_S1_T5: phase = 31
8.1623 	EXP 	grating_S1_T5: phase = 32
8.1766 	EXP 	grating_S1_T5: phase = 33
8.1933 	EXP 	grating_S1_T5: phase = 34
8.2099 	EXP 	grating_S1_T5: phase = 35
8.2269 	EXP 	grating_S1_T5: phase = 36
8.2436 	EXP 	grating_S1_T5: phase = 37
8.2601 	EXP 	grating_S1_T5: phase = 38
8.2766 	EXP 	grating_S1_T5: phase = 39
8.2934 	EXP 	grating_S1_T5: phase = 40
8.3099 	EXP 	grating_S1_T5: phase = 41
8.3265 	EXP 	grating_S1_T5: phase = 42
8.3432 	EXP 	grating_S1_T5: phase = 43
8.3598 	EXP 	grating_S1_T5: phase = 44
8.3765 	EXP 	grating_S1_T5: phase = 45
8.3933 	EXP 	grating_S1_T5: phase = 46
8.4098 	EXP 	grating_S1_T5: phase = 47
8.4265 	EXP 	grating_S1_T5: phase = 48
8.4433 	EXP 	grating_S1_T5: phase = 49
8.4599 	EXP 	grating_S1_T5: phase = 50
8.4789 	EXP 	grating_S1_T5: phase = 51
8.4932 	EXP 	grating_S1_T5: phase = 52
8.5098 	EXP 	grating_S1_T5: phase = 53
8.5264 	EXP 	grating_S1_T5: phase = 54
8.5432 	EXP 	grating_S1_T5: phase = 55
8.5599 	EXP 	grating_S1_T5: phase = 56
8.5767 	EXP 	grating_S1_T5: phase = 57
8.5930 	EXP 	grating_S1_T5: phase = 58
8.6099 	EXP 	grating_S1_T5: phase = 59
8.6264 	EXP 	grating_S1_T5: phase = 60
8.6432 	EXP 	grating_S1_T5: phase = 61
8.6598 	EXP 	grating_S1_T5: phase = 62
8.6764 	EXP 	grating_S1_T5: phase = 63
8.6932 	EXP 	grating_S1_T5: phase = 64
8.7098 	EXP 	grating_S1_T5: phase = 65
8.7266 	EXP 	grating_S1_T5: phase = 66
8.7434 	EXP 	grating_S1_T5: phase = 67
8.7590 	EXP 	grating_S1_T5: phase = 68
8.7769 	EXP 	grating_S1_T5: phase = 69
8.7942 	EXP 	grating_S1_T5: phase = 70
8.8100 	EXP 	grating_S1_T5: phase = 71
8.8266 	EXP 	grating_S1_T5: phase = 72
8.8431 	EXP 	grating_S1_T5: phase = 73
8.8598 	EXP 	grating_S1_T5: phase = 74
8.8765 	EXP 	grating_S1_T5: phase = 75
8.8932 	EXP 	grating_S1_T5: phase = 76
8.9098 	EXP 	grating_S1_T5: phase = 77
8.9264 	EXP 	grating_S1_T5: phase = 78
8.9425 	EXP 	grating_S1_T5: phase = 79
8.9600 	EXP 	grating_S1_T5: phase = 80
8.9765 	EXP 	grating_S1_T5: phase = 81
8.9932 	EXP 	grating_S1_T5: phase = 82
9.0098 	EXP 	grating_S1_T5: phase = 83
9.0265 	EXP 	grating_S1_T5: phase = 84
9.0431 	EXP 	grating_S1_T5: phase = 85
9.0598 	EXP 	grating_S1_T5: phase = 86
9.0765 	EXP 	grating_S1_T5: phase = 87
9.0931 	EXP 	grating_S1_T5: phase = 88
9.1108 	EXP 	grating_S1_T5: phase = 89
9.1266 	EXP 	grating_S1_T5: phase = 90
9.1431 	EXP 	grating_S1_T5: phase = 91
9.1598 	EXP 	grating_S1_T5: phase = 92
9.1765 	EXP 	grating_S1_T5: phase = 93
9.1932 	EXP 	grating_S1_T5: phase = 94
9.2100 	EXP 	grating_S1_T5: phase = 95
9.2266 	EXP 	grating_S1_T5: phase = 96
9.2432 	EXP 	grating_S1_T5: phase = 97
9.2598 	EXP 	grating_S1_T5: phase = 98
9.2767 	EXP 	grating_S1_T5: phase = 99
9.2933 	EXP 	grating_S1_T5: phase = 100
9.3099 	EXP 	grating_S1_T5: phase = 101
9.3268 	EXP 	grating_S1_T5: phase = 102
9.3435 	EXP 	grating_S1_T5: phase = 103
9.3599 	EXP 	grating_S1_T5: phase = 104
9.3766 	EXP 	grating_S1_T5: phase = 105
9.3931 	EXP 	grating_S1_T5: phase = 106
9.4099 	EXP 	grating_S1_T5: phase = 107
9.4277 	EXP 	grating_S1_T5: phase = 108
9.4431 	EXP 	grating_S1_T5: phase = 109
9.4598 	EXP 	grating_S1_T5: phase = 110
9.4766 	EXP 	grating_S1_T5: phase = 111
9.4931 	EXP 	grating_S1_T5: phase = 112
9.5100 	EXP 	grating_S1_T5: phase = 113
9.5260 	EXP 	grating_S1_T5: phase = 114
9.5431 	EXP 	grating_S1_T5: phase = 115
9.5598 	EXP 	grating_S1_T5: phase = 116
9.5767 	EXP 	grating_S1_T5: phase = 117
9.5932 	EXP 	grating_S1_T5: phase = 118
9.6098 	EXP 	grating_S1_T5: phase = 119
9.6265 	EXP 	grating_S1_T5: phase = 120
9.6431 	EXP 	grating_S1_T5: phase = 121
9.6598 	EXP 	grating_S1_T5: phase = 122
9.6765 	EXP 	grating_S1_T5: phase = 123
9.6932 	EXP 	grating_S1_T5: phase = 124
9.7099 	EXP 	grating_S1_T5: phase = 125
9.7266 	EXP 	grating_S1_T5: phase = 126
9.7444 	EXP 	grating_S1_T5: phase = 127
9.7599 	EXP 	grating_S1_T5: phase = 128
9.7765 	EXP 	grating_S1_T5: phase = 129
9.7932 	EXP 	grating_S1_T5: phase = 130
9.8098 	EXP 	grating_S1_T5: phase = 131
9.8259 	EXP 	grating_S1_T5: phase = 132
9.8434 	EXP 	grating_S1_T5: phase = 133
9.8598 	EXP 	grating_S1_T5: phase = 134
9.8765 	EXP 	grating_S1_T5: phase = 135
9.8935 	EXP 	grating_S1_T5: phase = 136
9.9099 	EXP 	grating_S1_T5: phase = 137
9.9265 	EXP 	grating_S1_T5: phase = 138
9.9434 	EXP 	grating_S1_T5: phase = 139
9.9592 	EXP 	grating_S1_T5: phase = 140
9.9767 	EXP 	grating_S1_T5: phase = 141
9.9931 	EXP 	grating_S1_T5: phase = 142
10.0098 	EXP 	grating_S1_T5: phase = 143
10.0262 	EXP 	grating_S1_T5: phase = 144
10.0432 	EXP 	grating_S1_T5: phase = 145
10.0609 	EXP 	grating_S1_T5: phase = 146
10.0764 	EXP 	grating_S1_T5: phase = 147
10.0929 	EXP 	grating_S1_T5: phase = 148
10.1098 	EXP 	grating_S1_T5: phase = 149
10.1263 	EXP 	grating_S1_T5: phase = 150
10.1431 	EXP 	grating_S1_T5: phase = 151
10.1598 	EXP 	grating_S1_T5: phase = 152
10.1765 	EXP 	grating_S1_T5: phase = 153
10.1932 	EXP 	grating_S1_T5: phase = 154
10.2098 	EXP 	grating_S1_T5: phase = 155
10.2264 	EXP 	grating_S1_T5: phase = 156
10.2431 	EXP 	grating_S1_T5: phase = 157
10.2598 	EXP 	grating_S1_T5: phase = 158
10.2768 	EXP 	grating_S1_T5: phase = 159
10.2935 	EXP 	grating_S1_T5: phase = 160
10.3098 	EXP 	grating_S1_T5: phase = 161
10.3263 	EXP 	grating_S1_T5: phase = 162
10.3432 	EXP 	grating_S1_T5: phase = 163
10.3599 	EXP 	grating_S1_T5: phase = 164
10.3776 	EXP 	grating_S1_T5: phase = 165
10.3931 	EXP 	grating_S1_T5: phase = 166
10.4097 	EXP 	grating_S1_T5: phase = 167
10.4264 	EXP 	grating_S1_T5: phase = 168
10.4431 	EXP 	grating_S1_T5: phase = 169
10.4598 	EXP 	grating_S1_T5: phase = 170
10.4765 	EXP 	grating_S1_T5: phase = 171
10.4928 	EXP 	grating_S1_T5: phase = 172
10.5099 	EXP 	grating_S1_T5: phase = 173
10.5266 	EXP 	grating_S1_T5: phase = 174
10.5432 	EXP 	grating_S1_T5: phase = 175
10.5600 	EXP 	grating_S1_T5: phase = 176
10.5766 	EXP 	grating_S1_T5: phase = 177
10.5932 	EXP 	grating_S1_T5: phase = 178
10.6099 	EXP 	grating_S1_T5: phase = 179
10.6265 	EXP 	grating_S1_T5: phase = 180
10.6431 	EXP 	grating_S1_T5: phase = 181
10.6597 	EXP 	grating_S1_T5: phase = 182
10.6764 	EXP 	grating_S1_T5: phase = 183
10.6948 	EXP 	grating_S1_T5: phase = 184
10.7095 	EXP 	grating_S1_T5: phase = 185
10.7267 	EXP 	grating_S1_T5: phase = 186
10.7431 	EXP 	grating_S1_T5: phase = 187
10.7597 	EXP 	grating_S1_T5: phase = 188
10.7764 	EXP 	grating_S1_T5: phase = 189
10.7932 	EXP 	grating_S1_T5: phase = 190
10.8099 	EXP 	grating_S1_T5: phase = 191
10.8264 	EXP 	grating_S1_T5: phase = 192
10.8430 	EXP 	grating_S1_T5: phase = 193
10.8598 	EXP 	grating_S1_T5: phase = 194
10.8763 	EXP 	grating_S1_T5: phase = 195
10.8931 	EXP 	grating_S1_T5: phase = 196
10.9093 	EXP 	grating_S1_T5: phase = 197
10.9264 	EXP 	grating_S1_T5: phase = 198
10.9431 	EXP 	grating_S1_T5: phase = 199
10.9598 	EXP 	grating_S1_T5: phase = 200
10.9764 	EXP 	grating_S1_T5: phase = 201
10.9931 	EXP 	grating_S1_T5: phase = 202
11.0114 	EXP 	grating_S1_T5: phase = 203
11.0265 	EXP 	grating_S1_T5: phase = 204
11.0430 	EXP 	grating_S1_T5: phase = 205
11.0597 	EXP 	grating_S1_T5: phase = 206
11.0763 	EXP 	grating_S1_T5: phase = 207
11.0930 	EXP 	grating_S1_T5: phase = 208
11.1099 	EXP 	grating_S1_T5: phase = 209
11.1263 	EXP 	grating_S1_T5: phase = 210
11.1431 	EXP 	grating_S1_T5: phase = 211
11.1599 	EXP 	grating_S1_T5: phase = 212
11.1765 	EXP 	grating_S1_T5: phase = 213
11.1932 	EXP 	grating_S1_T5: phase = 214
11.2098 	EXP 	grating_S1_T5: phase = 215
11.2259 	EXP 	grating_S1_T5: phase = 216
11.2426 	EXP 	grating_S1_T5: phase = 217
11.2593 	EXP 	grating_S1_T5: phase = 218
11.2760 	EXP 	grating_S1_T5: phase = 219
11.2926 	EXP 	grating_S1_T5: phase = 220
11.3098 	EXP 	grating_S1_T5: phase = 221
11.3276 	EXP 	grating_S1_T5: phase = 222
11.3430 	EXP 	grating_S1_T5: phase = 223
11.3596 	EXP 	grating_S1_T5: phase = 224
11.3763 	EXP 	grating_S1_T5: phase = 225
11.3929 	EXP 	grating_S1_T5: phase = 226
11.4094 	EXP 	grating_S1_T5: phase = 227
11.4262 	EXP 	grating_S1_T5: phase = 228
11.4425 	EXP 	grating_S1_T5: phase = 229
11.4598 	EXP 	grating_S1_T5: phase = 230
11.4764 	EXP 	grating_S1_T5: phase = 231
11.4932 	EXP 	grating_S1_T5: phase = 232
11.5098 	EXP 	grating_S1_T5: phase = 233
11.5263 	EXP 	grating_S1_T5: phase = 234
11.5424 	EXP 	grating_S1_T5: phase = 235
11.5594 	EXP 	grating_S1_T5: phase = 236
11.5765 	EXP 	grating_S1_T5: phase = 237
11.5929 	EXP 	grating_S1_T5: phase = 238
11.6099 	EXP 	grating_S1_T5: phase = 239
11.6264 	EXP 	grating_S1_T5: phase = 240
11.6443 	EXP 	grating_S1_T5: phase = 241
11.6595 	EXP 	grating_S1_T5: phase = 242
11.6766 	EXP 	grating_S1_T5: phase = 243
11.6932 	EXP 	grating_S1_T5: phase = 244
11.7094 	EXP 	grating_S1_T5: phase = 245
11.7257 	EXP 	grating_S1_T5: phase = 246
11.7430 	EXP 	grating_S1_T5: phase = 247
11.7594 	EXP 	grating_S1_T5: phase = 248
11.7758 	EXP 	grating_S1_T5: phase = 249
11.7928 	EXP 	grating_S1_T5: phase = 250
11.8097 	EXP 	grating_S1_T5: phase = 251
11.8263 	EXP 	grating_S1_T5: phase = 252
11.8428 	EXP 	grating_S1_T5: phase = 253
11.8597 	EXP 	grating_S1_T5: phase = 254
11.8765 	EXP 	grating_S1_T5: phase = 255
11.8930 	EXP 	grating_S1_T5: phase = 256
11.9096 	EXP 	grating_S1_T5: phase = 257
11.9263 	EXP 	grating_S1_T5: phase = 258
11.9425 	EXP 	grating_S1_T5: phase = 259
11.9603 	EXP 	grating_S1_T5: phase = 260
11.9764 	EXP 	grating_S1_T5: phase = 261
11.9931 	EXP 	grating_S1_T5: phase = 262
12.0101 	EXP 	grating_S1_T5: phase = 263
12.0258 	EXP 	grating_S1_T5: phase = 264
12.0437 	EXP 	grating_S1_T5: phase = 265
12.0593 	EXP 	grating_S1_T5: phase = 266
12.0757 	EXP 	grating_S1_T5: phase = 267
12.0931 	EXP 	grating_S1_T5: phase = 268
12.1093 	EXP 	grating_S1_T5: phase = 269
12.1259 	EXP 	grating_S1_T5: phase = 270
12.1425 	EXP 	grating_S1_T5: phase = 271
12.1590 	EXP 	grating_S1_T5: phase = 272
12.1761 	EXP 	grating_S1_T5: phase = 273
12.1929 	EXP 	grating_S1_T5: phase = 274
12.2094 	EXP 	grating_S1_T5: phase = 275
12.2260 	EXP 	grating_S1_T5: phase = 276
12.2430 	EXP 	grating_S1_T5: phase = 277
12.2596 	EXP 	grating_S1_T5: phase = 278
12.2764 	EXP 	grating_S1_T5: phase = 279
12.2930 	EXP 	grating_S1_T5: phase = 280
12.3096 	EXP 	grating_S1_T5: phase = 281
12.3263 	EXP 	grating_S1_T5: phase = 282
12.3429 	EXP 	grating_S1_T5: phase = 283
12.3596 	EXP 	grating_S1_T5: phase = 284
12.3765 	EXP 	grating_S1_T5: phase = 285
12.3928 	EXP 	grating_S1_T5: phase = 286
12.4095 	EXP 	grating_S1_T5: phase = 287
12.4268 	EXP 	grating_S1_T5: phase = 288
12.4430 	EXP 	grating_S1_T5: phase = 289
12.4591 	EXP 	grating_S1_T5: phase = 290
12.4768 	EXP 	grating_S1_T5: phase = 291
12.4927 	EXP 	grating_S1_T5: phase = 292
12.5092 	EXP 	grating_S1_T5: phase = 293
12.5257 	EXP 	grating_S1_T5: phase = 294
12.5424 	EXP 	grating_S1_T5: phase = 295
12.5594 	EXP 	grating_S1_T5: phase = 296
12.5760 	EXP 	grating_S1_T5: phase = 297
12.5941 	EXP 	grating_S1_T5: phase = 298
12.6096 	EXP 	grating_S1_T5: phase = 299
12.6262 	EXP 	grating_S1_T5: phase = 300
12.6427 	EXP 	grating_S1_T5: phase = 301
12.6597 	EXP 	grating_S1_T5: phase = 302
12.6763 	EXP 	grating_S1_T5: phase = 303
12.6932 	EXP 	grating_S1_T5: phase = 304
12.7097 	EXP 	grating_S1_T5: phase = 305
12.7262 	EXP 	grating_S1_T5: phase = 306
12.7433 	EXP 	grating_S1_T5: phase = 307
12.7599 	EXP 	grating_S1_T5: phase = 308
12.7764 	EXP 	grating_S1_T5: phase = 309
12.7935 	EXP 	grating_S1_T5: phase = 310
12.8096 	EXP 	grating_S1_T5: phase = 311
12.8267 	EXP 	grating_S1_T5: phase = 312
12.8434 	EXP 	grating_S1_T5: phase = 313
12.8599 	EXP 	grating_S1_T5: phase = 314
12.8757 	EXP 	grating_S1_T5: phase = 315
12.8935 	EXP 	grating_S1_T5: phase = 316
12.9115 	EXP 	grating_S1_T5: phase = 317
12.9265 	EXP 	grating_S1_T5: phase = 318
12.9425 	EXP 	grating_S1_T5: phase = 319
12.9596 	EXP 	grating_S1_T5: phase = 320
12.9762 	EXP 	grating_S1_T5: phase = 321
12.9928 	EXP 	grating_S1_T5: phase = 322
13.0095 	EXP 	grating_S1_T5: phase = 323
13.0261 	EXP 	grating_S1_T5: phase = 324
13.0430 	EXP 	grating_S1_T5: phase = 325
13.0594 	EXP 	grating_S1_T5: phase = 326
13.0754 	EXP 	grating_S1_T5: phase = 327
13.1084 	EXP 	grating_S1_T5: phase = 328
13.1254 	EXP 	grating_S1_T5: phase = 329
13.1580 	EXP 	grating_S1_T5: phase = 330
13.1754 	EXP 	grating_S1_T5: phase = 331
13.1921 	EXP 	grating_S1_T5: phase = 332
13.2087 	EXP 	grating_S1_T5: phase = 333
13.2266 	EXP 	grating_S1_T5: phase = 334
13.2421 	EXP 	grating_S1_T5: phase = 335
13.2589 	EXP 	grating_S1_T5: phase = 336
13.2755 	EXP 	grating_S1_T5: phase = 337
13.2922 	EXP 	grating_S1_T5: phase = 338
13.3090 	EXP 	grating_S1_T5: phase = 339
13.3255 	EXP 	grating_S1_T5: phase = 340
13.3426 	EXP 	grating_S1_T5: phase = 341
13.3592 	EXP 	grating_S1_T5: phase = 342
13.3760 	EXP 	grating_S1_T5: phase = 343
13.3926 	EXP 	grating_S1_T5: phase = 344
13.4093 	EXP 	grating_S1_T5: phase = 345
13.4260 	EXP 	grating_S1_T5: phase = 346
13.4421 	EXP 	grating_S1_T5: phase = 347
13.4596 	EXP 	grating_S1_T5: phase = 348
13.4769 	EXP 	grating_S1_T5: phase = 349
13.4937 	EXP 	grating_S1_T5: phase = 350
13.5107 	EXP 	grating_S1_T5: phase = 351
13.5266 	EXP 	grating_S1_T5: phase = 352
13.5433 	EXP 	grating_S1_T5: phase = 353
13.5600 	EXP 	grating_S1_T5: phase = 354
13.5768 	EXP 	grating_S1_T5: phase = 355
13.5936 	EXP 	grating_S1_T5: phase = 356
13.6102 	EXP 	grating_S1_T5: phase = 357
13.6266 	EXP 	grating_S1_T5: phase = 358
13.6433 	EXP 	grating_S1_T5: phase = 359
13.6606 	EXP 	grating_S1_T5: phase = 360
13.6774 	EXP 	grating_S1_T5: phase = 361
13.6937 	EXP 	grating_S1_T5: phase = 362
13.7106 	EXP 	grating_S1_T5: phase = 363
13.7271 	EXP 	grating_S1_T5: phase = 364
13.7436 	EXP 	grating_S1_T5: phase = 365
13.7597 	EXP 	grating_S1_T5: phase = 366
13.7774 	EXP 	grating_S1_T5: phase = 367
13.7938 	EXP 	grating_S1_T5: phase = 368
13.8101 	EXP 	grating_S1_T5: phase = 369
13.8267 	EXP 	grating_S1_T5: phase = 370
13.8435 	EXP 	grating_S1_T5: phase = 371
13.8613 	EXP 	grating_S1_T5: phase = 372
13.8761 	EXP 	grating_S1_T5: phase = 373
13.8928 	EXP 	grating_S1_T5: phase = 374
13.9101 	EXP 	grating_S1_T5: phase = 375
13.9261 	EXP 	grating_S1_T5: phase = 376
13.9432 	EXP 	grating_S1_T5: phase = 377
13.9602 	EXP 	grating_S1_T5: phase = 378
13.9764 	EXP 	grating_S1_T5: phase = 379
13.9933 	EXP 	grating_S1_T5: phase = 380
14.0101 	EXP 	grating_S1_T5: phase = 381
14.0266 	EXP 	grating_S1_T5: phase = 382
14.0435 	EXP 	grating_S1_T5: phase = 383
14.0600 	EXP 	grating_S1_T5: phase = 384
14.0775 	EXP 	grating_S1_T5: phase = 385
14.0938 	EXP 	grating_S1_T5: phase = 386
14.1102 	EXP 	grating_S1_T5: phase = 387
14.1274 	EXP 	grating_S1_T5: phase = 388
14.1442 	EXP 	grating_S1_T5: phase = 389
14.1608 	EXP 	grating_S1_T5: phase = 390
14.1799 	EXP 	grating_S1_T5: phase = 391
14.1940 	EXP 	grating_S1_T5: phase = 392
14.2109 	EXP 	grating_S1_T5: phase = 393
14.2272 	EXP 	grating_S1_T5: phase = 394
14.2440 	EXP 	grating_S1_T5: phase = 395
14.2606 	EXP 	grating_S1_T5: phase = 396
14.2768 	EXP 	grating_S1_T5: phase = 397
14.2933 	EXP 	grating_S1_T5: phase = 398
14.3105 	EXP 	grating_S1_T5: phase = 399
14.3272 	EXP 	grating_S1_T5: phase = 400
14.3435 	EXP 	grating_S1_T5: phase = 401
14.3605 	EXP 	grating_S1_T5: phase = 402
14.3773 	EXP 	grating_S1_T5: phase = 403
14.3933 	EXP 	grating_S1_T5: phase = 404
14.4100 	EXP 	grating_S1_T5: phase = 405
14.4266 	EXP 	grating_S1_T5: phase = 406
14.4432 	EXP 	grating_S1_T5: phase = 407
14.4599 	EXP 	grating_S1_T5: phase = 408
14.4769 	EXP 	grating_S1_T5: phase = 409
14.4948 	EXP 	grating_S1_T5: phase = 410
14.5100 	EXP 	grating_S1_T5: phase = 411
14.5268 	EXP 	grating_S1_T5: phase = 412
14.5433 	EXP 	grating_S1_T5: phase = 413
14.5600 	EXP 	grating_S1_T5: phase = 414
14.5767 	EXP 	grating_S1_T5: phase = 415
14.5934 	EXP 	grating_S1_T5: phase = 416
14.6098 	EXP 	grating_S1_T5: phase = 417
14.6266 	EXP 	grating_S1_T5: phase = 418
14.6431 	EXP 	grating_S1_T5: phase = 419
14.6600 	EXP 	grating_S1_T5: phase = 420
14.6766 	EXP 	grating_S1_T5: phase = 421
14.6932 	EXP 	grating_S1_T5: phase = 422
14.7098 	EXP 	grating_S1_T5: phase = 423
14.7266 	EXP 	grating_S1_T5: phase = 424
14.7433 	EXP 	grating_S1_T5: phase = 425
14.7599 	EXP 	grating_S1_T5: phase = 426
14.7765 	EXP 	grating_S1_T5: phase = 427
14.7932 	EXP 	grating_S1_T5: phase = 428
14.8123 	EXP 	grating_S1_T5: phase = 429
14.8259 	EXP 	grating_S1_T5: phase = 430
14.8433 	EXP 	grating_S1_T5: phase = 431
14.8600 	EXP 	grating_S1_T5: phase = 432
14.8765 	EXP 	grating_S1_T5: phase = 433
14.8931 	EXP 	grating_S1_T5: phase = 434
14.9100 	EXP 	grating_S1_T5: phase = 435
14.9266 	EXP 	grating_S1_T5: phase = 436
14.9432 	EXP 	grating_S1_T5: phase = 437
14.9599 	EXP 	grating_S1_T5: phase = 438
14.9765 	EXP 	grating_S1_T5: phase = 439
14.9932 	EXP 	grating_S1_T5: phase = 440
15.0098 	EXP 	grating_S1_T5: phase = 441
15.0265 	EXP 	grating_S1_T5: phase = 442
15.0441 	EXP 	grating_S1_T5: phase = 443
15.0604 	EXP 	grating_S1_T5: phase = 444
15.0773 	EXP 	grating_S1_T5: phase = 445
15.0937 	EXP 	grating_S1_T5: phase = 446
15.1102 	EXP 	grating_S1_T5: phase = 447
15.1280 	EXP 	grating_S1_T5: phase = 448
15.1436 	EXP 	grating_S1_T5: phase = 449
15.1602 	EXP 	grating_S1_T5: phase = 450
15.1769 	EXP 	grating_S1_T5: phase = 451
15.1936 	EXP 	grating_S1_T5: phase = 452
15.2100 	EXP 	grating_S1_T5: phase = 453
15.2269 	EXP 	grating_S1_T5: phase = 454
15.2439 	EXP 	grating_S1_T5: phase = 455
15.2601 	EXP 	grating_S1_T5: phase = 456
15.2765 	EXP 	grating_S1_T5: phase = 457
15.2937 	EXP 	grating_S1_T5: phase = 458
15.3103 	EXP 	grating_S1_T5: phase = 459
15.3269 	EXP 	grating_S1_T5: phase = 460
15.3438 	EXP 	grating_S1_T5: phase = 461
15.3599 	EXP 	grating_S1_T5: phase = 462
15.3770 	EXP 	grating_S1_T5: phase = 463
15.3933 	EXP 	grating_S1_T5: phase = 464
15.4095 	EXP 	grating_S1_T5: phase = 465
15.4266 	EXP 	grating_S1_T5: phase = 466
15.4458 	EXP 	grating_S1_T5: phase = 467
15.4599 	EXP 	grating_S1_T5: phase = 468
15.4769 	EXP 	grating_S1_T5: phase = 469
15.4939 	EXP 	grating_S1_T5: phase = 470
15.5106 	EXP 	grating_S1_T5: phase = 471
15.5273 	EXP 	grating_S1_T5: phase = 472
15.5433 	EXP 	grating_S1_T5: phase = 473
15.5607 	EXP 	grating_S1_T5: phase = 474
15.5769 	EXP 	grating_S1_T5: phase = 475
15.5935 	EXP 	grating_S1_T5: phase = 476
15.6108 	EXP 	grating_S1_T5: phase = 477
15.6270 	EXP 	grating_S1_T5: phase = 478
15.6439 	EXP 	grating_S1_T5: phase = 479
15.6610 	EXP 	grating_S1_T5: phase = 480
15.6773 	EXP 	grating_S1_T5: phase = 481
15.6933 	EXP 	grating_S1_T5: phase = 482
15.7106 	EXP 	grating_S1_T5: phase = 483
15.7273 	EXP 	grating_S1_T5: phase = 484
15.7432 	EXP 	grating_S1_T5: phase = 485
15.7641 	EXP 	grating_S1_T5: phase = 486
15.7772 	EXP 	grating_S1_T5: phase = 487
15.7941 	EXP 	grating_S1_T5: phase = 488
15.8109 	EXP 	grating_S1_T5: phase = 489
15.8270 	EXP 	grating_S1_T5: phase = 490
15.8438 	EXP 	grating_S1_T5: phase = 491
15.8606 	EXP 	grating_S1_T5: phase = 492
15.8775 	EXP 	grating_S1_T5: phase = 493
15.8942 	EXP 	grating_S1_T5: phase = 494
15.9101 	EXP 	grating_S1_T5: phase = 495
15.9273 	EXP 	grating_S1_T5: phase = 496
15.9437 	EXP 	grating_S1_T5: phase = 497
15.9609 	EXP 	grating_S1_T5: phase = 498
15.9773 	EXP 	grating_S1_T5: phase = 499
15.9942 	EXP 	grating_S1_T5: phase = 500
16.0105 	EXP 	grating_S1_T5: phase = 501
16.0275 	EXP 	grating_S1_T5: phase = 502
16.0438 	EXP 	grating_S1_T5: phase = 503
16.0604 	EXP 	grating_S1_T5: phase = 504
16.0810 	EXP 	grating_S1_T5: phase = 505
16.0940 	EXP 	grating_S1_T5: phase = 506
16.1108 	EXP 	grating_S1_T5: phase = 507
16.1266 	EXP 	grating_S1_T5: phase = 508
16.1440 	EXP 	grating_S1_T5: phase = 509
16.1605 	EXP 	grating_S1_T5: phase = 510
16.1776 	EXP 	grating_S1_T5: phase = 511
16.1933 	EXP 	grating_S1_T5: phase = 512
16.2099 	EXP 	grating_S1_T5: phase = 513
16.2269 	EXP 	grating_S1_T5: phase = 514
16.2434 	EXP 	grating_S1_T5: phase = 515
16.2601 	EXP 	grating_S1_T5: phase = 516
16.2778 	EXP 	grating_S1_T5: phase = 517
16.2931 	EXP 	grating_S1_T5: phase = 518
16.3110 	EXP 	grating_S1_T5: phase = 519
16.3263 	EXP 	grating_S1_T5: phase = 520
16.3317 	DATA 	Keypress: escape
16.3445 	EXP 	grating_S1_T5: phase = 521
16.6300 	EXP 	window1: mouseVisible = True
