6.6614 	WARNING 	User requested fullscreen with size [1024  768], but screen is actually [1920, 1080]. Using actual size
7.3871 	EXP 	Created window1 = Window(allowGUI=False, allowStencil=False, args=UNKNOWN, autoLog=True, bitsMode=UNKNOWN, blendMode='avg', color=array([0., 0., 0.]), colorSpace='rgb', fullscr=<method-wrapper '__getattribute__' of attributeSetter object at 0x12ec39898>, gamma=None, kwargs=UNKNOWN, lms=UNKNOWN, monitor=<psychopy.monitors.calibTools.Monitor object at 0x12ebb1a90>, multiSample=False, name='window1', numSamples=2, pos=[0.0, 0.0], screen=0, size=array([1920, 1080]), stereo=False, units='height', useFBO=True, useRetina=False, viewOri=0.0, viewPos=None, viewScale=None, waitBlanking=True, winType='pyglet')
7.6238 	EXP 	Created grating_S1_T5 = GratingStim(__class__=<class 'psychopy.visual.grating.GratingStim'>, autoDraw=False, autoLog=True, blendmode='avg', color=array([1., 1., 1.]), colorSpace='rgb', contrast=1.0, depth=0.0, interpolate=True, mask='circle', maskParams=None, name='grating_S1_T5', opacity=1.0, ori=0.0, phase=array([0., 0.]), pos=array([0., 0.]), rgbPedestal=array([0., 0., 0.]), sf=array([0.6, 0.6]), size=array([7., 7.]), tex='sin', texRes=128, units='deg', win=Window(...))
7.6452 	EXP 	grating_S1_T5: phase = 0.0
7.6624 	EXP 	grating_S1_T5: phase = 0.0
7.6792 	EXP 	grating_S1_T5: phase = 0.0
7.6961 	EXP 	grating_S1_T5: phase = 0.0
7.7125 	EXP 	grating_S1_T5: phase = 0.0
7.7294 	EXP 	grating_S1_T5: phase = 0.0
7.7463 	EXP 	grating_S1_T5: phase = 0.0
7.7627 	EXP 	grating_S1_T5: phase = 0.0
7.7795 	EXP 	grating_S1_T5: phase = 0.0
7.7964 	EXP 	grating_S1_T5: phase = 0.0
7.8128 	EXP 	grating_S1_T5: phase = 0.0
7.8298 	EXP 	grating_S1_T5: phase = 0.0
7.8463 	EXP 	grating_S1_T5: phase = 0.0
7.8631 	EXP 	grating_S1_T5: phase = 0.0
7.8799 	EXP 	grating_S1_T5: phase = 0.0
7.8967 	EXP 	grating_S1_T5: phase = 0.0
7.9149 	EXP 	grating_S1_T5: phase = 0.0
7.9298 	EXP 	grating_S1_T5: phase = 0.0
7.9467 	EXP 	grating_S1_T5: phase = 0.0
7.9632 	EXP 	grating_S1_T5: phase = 0.0
7.9802 	EXP 	grating_S1_T5: phase = 0.0
7.9971 	EXP 	grating_S1_T5: phase = 0.0
8.0136 	EXP 	grating_S1_T5: phase = 0.0
8.0301 	EXP 	grating_S1_T5: phase = 0.0
8.0464 	EXP 	grating_S1_T5: phase = 0.0
8.0635 	EXP 	grating_S1_T5: phase = 0.0
8.0800 	EXP 	grating_S1_T5: phase = 0.0
8.0970 	EXP 	grating_S1_T5: phase = 0.0
8.1138 	EXP 	grating_S1_T5: phase = 0.0
8.1298 	EXP 	grating_S1_T5: phase = 0.0
8.1470 	EXP 	grating_S1_T5: phase = 0.5
8.1639 	EXP 	grating_S1_T5: phase = 0.5
8.1806 	EXP 	grating_S1_T5: phase = 0.5
8.1975 	EXP 	grating_S1_T5: phase = 0.5
8.2139 	EXP 	grating_S1_T5: phase = 0.5
8.2331 	EXP 	grating_S1_T5: phase = 0.5
8.2474 	EXP 	grating_S1_T5: phase = 0.5
8.2640 	EXP 	grating_S1_T5: phase = 0.5
8.2842 	EXP 	grating_S1_T5: phase = 0.5
8.3009 	EXP 	grating_S1_T5: phase = 0.5
8.3177 	EXP 	grating_S1_T5: phase = 0.5
8.3369 	EXP 	grating_S1_T5: phase = 0.5
8.3509 	EXP 	grating_S1_T5: phase = 0.5
8.3677 	EXP 	grating_S1_T5: phase = 0.5
8.3847 	EXP 	grating_S1_T5: phase = 0.5
8.4011 	EXP 	grating_S1_T5: phase = 0.5
8.4179 	EXP 	grating_S1_T5: phase = 0.5
8.4348 	EXP 	grating_S1_T5: phase = 0.5
8.4512 	EXP 	grating_S1_T5: phase = 0.5
8.4679 	EXP 	grating_S1_T5: phase = 0.5
8.4848 	EXP 	grating_S1_T5: phase = 0.5
8.5013 	EXP 	grating_S1_T5: phase = 0.5
8.5179 	EXP 	grating_S1_T5: phase = 0.5
8.5349 	EXP 	grating_S1_T5: phase = 0.5
8.5513 	EXP 	grating_S1_T5: phase = 0.5
8.5683 	EXP 	grating_S1_T5: phase = 0.5
8.5839 	EXP 	grating_S1_T5: phase = 0.5
8.6006 	EXP 	grating_S1_T5: phase = 0.5
8.6173 	EXP 	grating_S1_T5: phase = 0.5
8.6349 	EXP 	grating_S1_T5: phase = 0.5
8.6532 	EXP 	grating_S1_T5: phase = 0.0
8.6679 	EXP 	grating_S1_T5: phase = 0.0
8.6849 	EXP 	grating_S1_T5: phase = 0.0
8.7007 	EXP 	grating_S1_T5: phase = 0.0
8.7176 	EXP 	grating_S1_T5: phase = 0.0
8.7339 	EXP 	grating_S1_T5: phase = 0.0
8.7514 	EXP 	grating_S1_T5: phase = 0.0
8.7678 	EXP 	grating_S1_T5: phase = 0.0
8.7845 	EXP 	grating_S1_T5: phase = 0.0
8.8006 	EXP 	grating_S1_T5: phase = 0.0
8.8179 	EXP 	grating_S1_T5: phase = 0.0
8.8347 	EXP 	grating_S1_T5: phase = 0.0
8.8513 	EXP 	grating_S1_T5: phase = 0.0
8.8677 	EXP 	grating_S1_T5: phase = 0.0
8.8844 	EXP 	grating_S1_T5: phase = 0.0
8.9014 	EXP 	grating_S1_T5: phase = 0.0
8.9180 	EXP 	grating_S1_T5: phase = 0.0
8.9346 	EXP 	grating_S1_T5: phase = 0.0
8.9507 	EXP 	grating_S1_T5: phase = 0.0
8.9697 	EXP 	grating_S1_T5: phase = 0.0
8.9838 	EXP 	grating_S1_T5: phase = 0.0
9.0016 	EXP 	grating_S1_T5: phase = 0.0
9.0173 	EXP 	grating_S1_T5: phase = 0.0
9.0340 	EXP 	grating_S1_T5: phase = 0.0
9.0506 	EXP 	grating_S1_T5: phase = 0.0
9.0676 	EXP 	grating_S1_T5: phase = 0.0
9.0841 	EXP 	grating_S1_T5: phase = 0.0
9.1009 	EXP 	grating_S1_T5: phase = 0.0
9.1174 	EXP 	grating_S1_T5: phase = 0.0
9.1343 	EXP 	grating_S1_T5: phase = 0.0
9.1510 	EXP 	grating_S1_T5: phase = 0.5
9.1677 	EXP 	grating_S1_T5: phase = 0.5
9.1840 	EXP 	grating_S1_T5: phase = 0.5
9.2164 	EXP 	grating_S1_T5: phase = 0.5
9.2346 	EXP 	grating_S1_T5: phase = 0.5
9.2661 	EXP 	grating_S1_T5: phase = 0.5
9.2863 	EXP 	grating_S1_T5: phase = 0.5
9.3162 	EXP 	grating_S1_T5: phase = 0.5
9.3336 	EXP 	grating_S1_T5: phase = 0.5
9.3504 	EXP 	grating_S1_T5: phase = 0.5
9.3670 	EXP 	grating_S1_T5: phase = 0.5
9.3838 	EXP 	grating_S1_T5: phase = 0.5
9.4171 	EXP 	grating_S1_T5: phase = 0.5
9.4336 	EXP 	grating_S1_T5: phase = 0.5
9.4506 	EXP 	grating_S1_T5: phase = 0.5
9.4670 	EXP 	grating_S1_T5: phase = 0.5
9.4837 	EXP 	grating_S1_T5: phase = 0.5
9.5003 	EXP 	grating_S1_T5: phase = 0.5
9.5171 	EXP 	grating_S1_T5: phase = 0.5
9.5342 	EXP 	grating_S1_T5: phase = 0.5
9.5504 	EXP 	grating_S1_T5: phase = 0.5
9.5676 	EXP 	grating_S1_T5: phase = 0.5
9.5837 	EXP 	grating_S1_T5: phase = 0.5
9.6020 	EXP 	grating_S1_T5: phase = 0.5
9.6177 	EXP 	grating_S1_T5: phase = 0.5
9.6337 	EXP 	grating_S1_T5: phase = 0.5
9.6511 	EXP 	grating_S1_T5: phase = 0.0
9.6671 	EXP 	grating_S1_T5: phase = 0.0
9.6845 	EXP 	grating_S1_T5: phase = 0.0
9.7016 	EXP 	grating_S1_T5: phase = 0.0
9.7179 	EXP 	grating_S1_T5: phase = 0.0
9.7348 	EXP 	grating_S1_T5: phase = 0.0
9.7516 	EXP 	grating_S1_T5: phase = 0.0
9.7681 	EXP 	grating_S1_T5: phase = 0.0
9.7849 	EXP 	grating_S1_T5: phase = 0.0
9.8015 	EXP 	grating_S1_T5: phase = 0.0
9.8179 	EXP 	grating_S1_T5: phase = 0.0
9.8349 	EXP 	grating_S1_T5: phase = 0.0
9.8516 	EXP 	grating_S1_T5: phase = 0.0
9.8685 	EXP 	grating_S1_T5: phase = 0.0
9.8848 	EXP 	grating_S1_T5: phase = 0.0
9.9011 	EXP 	grating_S1_T5: phase = 0.0
9.9193 	EXP 	grating_S1_T5: phase = 0.0
9.9350 	EXP 	grating_S1_T5: phase = 0.0
9.9515 	EXP 	grating_S1_T5: phase = 0.0
9.9685 	EXP 	grating_S1_T5: phase = 0.0
9.9849 	EXP 	grating_S1_T5: phase = 0.0
10.0012 	EXP 	grating_S1_T5: phase = 0.0
10.0177 	EXP 	grating_S1_T5: phase = 0.0
10.0350 	EXP 	grating_S1_T5: phase = 0.0
10.0509 	EXP 	grating_S1_T5: phase = 0.0
10.0684 	EXP 	grating_S1_T5: phase = 0.0
10.0848 	EXP 	grating_S1_T5: phase = 0.0
10.1014 	EXP 	grating_S1_T5: phase = 0.0
10.1183 	EXP 	grating_S1_T5: phase = 0.0
10.1345 	EXP 	grating_S1_T5: phase = 0.0
10.1513 	EXP 	grating_S1_T5: phase = 0.5
10.1682 	EXP 	grating_S1_T5: phase = 0.5
10.1847 	EXP 	grating_S1_T5: phase = 0.5
10.2010 	EXP 	grating_S1_T5: phase = 0.5
10.2181 	EXP 	grating_S1_T5: phase = 0.5
10.2363 	EXP 	grating_S1_T5: phase = 0.5
10.2515 	EXP 	grating_S1_T5: phase = 0.5
10.2682 	EXP 	grating_S1_T5: phase = 0.5
10.2850 	EXP 	grating_S1_T5: phase = 0.5
10.3015 	EXP 	grating_S1_T5: phase = 0.5
10.3178 	EXP 	grating_S1_T5: phase = 0.5
10.3342 	EXP 	grating_S1_T5: phase = 0.5
10.3514 	EXP 	grating_S1_T5: phase = 0.5
10.3683 	EXP 	grating_S1_T5: phase = 0.5
10.3850 	EXP 	grating_S1_T5: phase = 0.5
10.4014 	EXP 	grating_S1_T5: phase = 0.5
10.4181 	EXP 	grating_S1_T5: phase = 0.5
10.4348 	EXP 	grating_S1_T5: phase = 0.5
10.4519 	EXP 	grating_S1_T5: phase = 0.5
10.4682 	EXP 	grating_S1_T5: phase = 0.5
10.4851 	EXP 	grating_S1_T5: phase = 0.5
10.5009 	EXP 	grating_S1_T5: phase = 0.5
10.5182 	EXP 	grating_S1_T5: phase = 0.5
10.5351 	EXP 	grating_S1_T5: phase = 0.5
10.5529 	EXP 	grating_S1_T5: phase = 0.5
10.5682 	EXP 	grating_S1_T5: phase = 0.5
10.5844 	EXP 	grating_S1_T5: phase = 0.5
10.6014 	EXP 	grating_S1_T5: phase = 0.5
10.6182 	EXP 	grating_S1_T5: phase = 0.5
10.6351 	EXP 	grating_S1_T5: phase = 0.5
10.6515 	EXP 	grating_S1_T5: phase = 0.0
10.6681 	EXP 	grating_S1_T5: phase = 0.0
10.6840 	EXP 	grating_S1_T5: phase = 0.0
10.7008 	EXP 	grating_S1_T5: phase = 0.0
10.7180 	EXP 	grating_S1_T5: phase = 0.0
10.7349 	EXP 	grating_S1_T5: phase = 0.0
10.7518 	EXP 	grating_S1_T5: phase = 0.0
10.7681 	EXP 	grating_S1_T5: phase = 0.0
10.7850 	EXP 	grating_S1_T5: phase = 0.0
10.8013 	EXP 	grating_S1_T5: phase = 0.0
10.8180 	EXP 	grating_S1_T5: phase = 0.0
10.8350 	EXP 	grating_S1_T5: phase = 0.0
10.8513 	EXP 	grating_S1_T5: phase = 0.0
10.8700 	EXP 	grating_S1_T5: phase = 0.0
10.8850 	EXP 	grating_S1_T5: phase = 0.0
10.9014 	EXP 	grating_S1_T5: phase = 0.0
10.9181 	EXP 	grating_S1_T5: phase = 0.0
10.9349 	EXP 	grating_S1_T5: phase = 0.0
10.9519 	EXP 	grating_S1_T5: phase = 0.0
10.9682 	EXP 	grating_S1_T5: phase = 0.0
10.9848 	EXP 	grating_S1_T5: phase = 0.0
11.0016 	EXP 	grating_S1_T5: phase = 0.0
11.0183 	EXP 	grating_S1_T5: phase = 0.0
11.0349 	EXP 	grating_S1_T5: phase = 0.0
11.0517 	EXP 	grating_S1_T5: phase = 0.0
11.0683 	EXP 	grating_S1_T5: phase = 0.0
11.0847 	EXP 	grating_S1_T5: phase = 0.0
11.1017 	EXP 	grating_S1_T5: phase = 0.0
11.1181 	EXP 	grating_S1_T5: phase = 0.0
11.1349 	EXP 	grating_S1_T5: phase = 0.0
11.1514 	EXP 	grating_S1_T5: phase = 0.5
11.1682 	EXP 	grating_S1_T5: phase = 0.5
11.1864 	EXP 	grating_S1_T5: phase = 0.5
11.2011 	EXP 	grating_S1_T5: phase = 0.5
11.2179 	EXP 	grating_S1_T5: phase = 0.5
11.2347 	EXP 	grating_S1_T5: phase = 0.5
11.2515 	EXP 	grating_S1_T5: phase = 0.5
11.2680 	EXP 	grating_S1_T5: phase = 0.5
11.2842 	EXP 	grating_S1_T5: phase = 0.5
11.3015 	EXP 	grating_S1_T5: phase = 0.5
11.3182 	EXP 	grating_S1_T5: phase = 0.5
11.3349 	EXP 	grating_S1_T5: phase = 0.5
11.3516 	EXP 	grating_S1_T5: phase = 0.5
11.3681 	EXP 	grating_S1_T5: phase = 0.5
11.3848 	EXP 	grating_S1_T5: phase = 0.5
11.4009 	EXP 	grating_S1_T5: phase = 0.5
11.4180 	EXP 	grating_S1_T5: phase = 0.5
11.4347 	EXP 	grating_S1_T5: phase = 0.5
11.4515 	EXP 	grating_S1_T5: phase = 0.5
11.4683 	EXP 	grating_S1_T5: phase = 0.5
11.4848 	EXP 	grating_S1_T5: phase = 0.5
11.5044 	EXP 	grating_S1_T5: phase = 0.5
11.5178 	EXP 	grating_S1_T5: phase = 0.5
11.5347 	EXP 	grating_S1_T5: phase = 0.5
11.5516 	EXP 	grating_S1_T5: phase = 0.5
11.5683 	EXP 	grating_S1_T5: phase = 0.5
11.5851 	EXP 	grating_S1_T5: phase = 0.5
11.6014 	EXP 	grating_S1_T5: phase = 0.5
11.6181 	EXP 	grating_S1_T5: phase = 0.5
11.6349 	EXP 	grating_S1_T5: phase = 0.5
11.6512 	EXP 	grating_S1_T5: phase = 0.0
11.6577 	DATA 	Keypress: escape
11.9417 	EXP 	window1: mouseVisible = True
6.9705 	WARNING 	User requested fullscreen with size [1024  768], but screen is actually [1920, 1080]. Using actual size
7.7326 	EXP 	Created window1 = Window(allowGUI=False, allowStencil=False, args=UNKNOWN, autoLog=True, bitsMode=UNKNOWN, blendMode='avg', color=array([0., 0., 0.]), colorSpace='rgb', fullscr=<method-wrapper '__getattribute__' of attributeSetter object at 0x12e82d898>, gamma=None, kwargs=UNKNOWN, lms=UNKNOWN, monitor=<psychopy.monitors.calibTools.Monitor object at 0x12edbca90>, multiSample=False, name='window1', numSamples=2, pos=[0.0, 0.0], screen=0, size=array([1920, 1080]), stereo=False, units='height', useFBO=True, useRetina=False, viewOri=0.0, viewPos=None, viewScale=None, waitBlanking=True, winType='pyglet')
7.9713 	EXP 	Created grating_S1_T5 = GratingStim(__class__=<class 'psychopy.visual.grating.GratingStim'>, autoDraw=False, autoLog=True, blendmode='avg', color=array([1., 1., 1.]), colorSpace='rgb', contrast=1.0, depth=0.0, interpolate=True, mask='circle', maskParams=None, name='grating_S1_T5', opacity=1.0, ori=0.0, phase=array([0., 0.]), pos=array([0., 0.]), rgbPedestal=array([0., 0., 0.]), sf=array([0.6, 0.6]), size=array([7., 7.]), tex='sin', texRes=128, units='deg', win=Window(...))
7.9922 	EXP 	grating_S1_T5: phase = 0.0
8.0087 	EXP 	grating_S1_T5: phase = 0.0
8.0258 	EXP 	grating_S1_T5: phase = 0.0
8.0425 	EXP 	grating_S1_T5: phase = 0.0
8.0592 	EXP 	grating_S1_T5: phase = 0.0
8.0759 	EXP 	grating_S1_T5: phase = 0.0
8.0923 	EXP 	grating_S1_T5: phase = 0.0
8.1092 	EXP 	grating_S1_T5: phase = 0.0
8.1261 	EXP 	grating_S1_T5: phase = 0.0
8.1429 	EXP 	grating_S1_T5: phase = 0.0
8.1596 	EXP 	grating_S1_T5: phase = 0.0
8.1763 	EXP 	grating_S1_T5: phase = 0.0
8.1922 	EXP 	grating_S1_T5: phase = 0.0
8.2095 	EXP 	grating_S1_T5: phase = 0.0
8.2262 	EXP 	grating_S1_T5: phase = 0.0
8.2430 	EXP 	grating_S1_T5: phase = 0.0
8.2596 	EXP 	grating_S1_T5: phase = 0.0
8.2764 	EXP 	grating_S1_T5: phase = 0.0
8.2942 	EXP 	grating_S1_T5: phase = 0.0
8.3099 	EXP 	grating_S1_T5: phase = 0.0
8.3261 	EXP 	grating_S1_T5: phase = 0.0
8.3432 	EXP 	grating_S1_T5: phase = 0.0
8.3600 	EXP 	grating_S1_T5: phase = 0.0
8.3768 	EXP 	grating_S1_T5: phase = 0.0
8.3935 	EXP 	grating_S1_T5: phase = 0.0
8.4100 	EXP 	grating_S1_T5: phase = 0.0
8.4268 	EXP 	grating_S1_T5: phase = 0.0
8.4435 	EXP 	grating_S1_T5: phase = 0.0
8.4603 	EXP 	grating_S1_T5: phase = 0.0
8.4771 	EXP 	grating_S1_T5: phase = 0.0
8.4937 	EXP 	grating_S1_T5: phase = 0.0
8.5100 	EXP 	grating_S1_T5: phase = 0.0
8.5271 	EXP 	grating_S1_T5: phase = 0.0
8.5438 	EXP 	grating_S1_T5: phase = 0.0
8.5606 	EXP 	grating_S1_T5: phase = 0.0
8.5774 	EXP 	grating_S1_T5: phase = 0.0
8.5941 	EXP 	grating_S1_T5: phase = 0.0
8.6111 	EXP 	grating_S1_T5: phase = 0.0
8.6273 	EXP 	grating_S1_T5: phase = 0.0
8.6440 	EXP 	grating_S1_T5: phase = 0.0
8.6608 	EXP 	grating_S1_T5: phase = 0.0
8.6775 	EXP 	grating_S1_T5: phase = 0.0
8.6943 	EXP 	grating_S1_T5: phase = 0.0
8.7110 	EXP 	grating_S1_T5: phase = 0.0
8.7276 	EXP 	grating_S1_T5: phase = 0.0
8.7443 	EXP 	grating_S1_T5: phase = 0.0
8.7610 	EXP 	grating_S1_T5: phase = 0.0
8.7777 	EXP 	grating_S1_T5: phase = 0.0
8.7943 	EXP 	grating_S1_T5: phase = 0.0
8.8111 	EXP 	grating_S1_T5: phase = 0.0
8.8272 	EXP 	grating_S1_T5: phase = 0.0
8.8447 	EXP 	grating_S1_T5: phase = 0.0
8.8649 	EXP 	grating_S1_T5: phase = 0.0
8.8814 	EXP 	grating_S1_T5: phase = 0.0
8.8985 	EXP 	grating_S1_T5: phase = 0.0
8.9148 	EXP 	grating_S1_T5: phase = 0.0
8.9314 	EXP 	grating_S1_T5: phase = 0.0
8.9477 	EXP 	grating_S1_T5: phase = 0.0
8.9647 	EXP 	grating_S1_T5: phase = 0.0
8.9815 	EXP 	grating_S1_T5: phase = 0.0
8.9982 	EXP 	grating_S1_T5: phase = 0.0
9.0150 	EXP 	grating_S1_T5: phase = 0.0
9.0331 	EXP 	grating_S1_T5: phase = 0.0
9.0485 	EXP 	grating_S1_T5: phase = 0.0
9.0651 	EXP 	grating_S1_T5: phase = 0.0
9.0818 	EXP 	grating_S1_T5: phase = 0.0
9.0985 	EXP 	grating_S1_T5: phase = 0.0
9.1152 	EXP 	grating_S1_T5: phase = 0.0
9.1322 	EXP 	grating_S1_T5: phase = 0.0
9.1487 	EXP 	grating_S1_T5: phase = 0.0
9.1654 	EXP 	grating_S1_T5: phase = 0.0
9.1812 	EXP 	grating_S1_T5: phase = 0.0
9.1979 	EXP 	grating_S1_T5: phase = 0.0
9.2146 	EXP 	grating_S1_T5: phase = 0.0
9.2313 	EXP 	grating_S1_T5: phase = 0.0
9.2484 	EXP 	grating_S1_T5: phase = 0.0
9.2644 	EXP 	grating_S1_T5: phase = 0.0
9.2813 	EXP 	grating_S1_T5: phase = 0.0
9.2982 	EXP 	grating_S1_T5: phase = 0.0
9.3148 	EXP 	grating_S1_T5: phase = 0.0
9.3316 	EXP 	grating_S1_T5: phase = 0.0
9.3496 	EXP 	grating_S1_T5: phase = 0.0
9.3650 	EXP 	grating_S1_T5: phase = 0.0
9.3816 	EXP 	grating_S1_T5: phase = 0.0
9.3984 	EXP 	grating_S1_T5: phase = 0.0
9.4151 	EXP 	grating_S1_T5: phase = 0.0
9.4317 	EXP 	grating_S1_T5: phase = 0.0
9.4485 	EXP 	grating_S1_T5: phase = 0.0
9.4650 	EXP 	grating_S1_T5: phase = 0.0
9.4819 	EXP 	grating_S1_T5: phase = 0.0
9.4985 	EXP 	grating_S1_T5: phase = 0.0
9.5148 	EXP 	grating_S1_T5: phase = 0.0
9.5321 	EXP 	grating_S1_T5: phase = 0.0
9.5489 	EXP 	grating_S1_T5: phase = 0.0
9.5649 	EXP 	grating_S1_T5: phase = 0.0
9.5811 	EXP 	grating_S1_T5: phase = 0.0
9.5980 	EXP 	grating_S1_T5: phase = 0.0
9.6145 	EXP 	grating_S1_T5: phase = 0.0
9.6313 	EXP 	grating_S1_T5: phase = 0.0
9.6481 	EXP 	grating_S1_T5: phase = 0.0
9.6668 	EXP 	grating_S1_T5: phase = 0.0
9.6813 	EXP 	grating_S1_T5: phase = 0.0
9.6981 	EXP 	grating_S1_T5: phase = 0.0
9.7151 	EXP 	grating_S1_T5: phase = 0.0
9.7316 	EXP 	grating_S1_T5: phase = 0.0
9.7634 	EXP 	grating_S1_T5: phase = 0.0
9.7815 	EXP 	grating_S1_T5: phase = 0.0
9.7984 	EXP 	grating_S1_T5: phase = 0.0
9.8300 	EXP 	grating_S1_T5: phase = 0.0
9.8636 	EXP 	grating_S1_T5: phase = 0.0
9.8806 	EXP 	grating_S1_T5: phase = 0.0
9.8974 	EXP 	grating_S1_T5: phase = 0.0
9.9141 	EXP 	grating_S1_T5: phase = 0.0
9.9311 	EXP 	grating_S1_T5: phase = 0.0
9.9475 	EXP 	grating_S1_T5: phase = 0.0
9.9642 	EXP 	grating_S1_T5: phase = 0.0
9.9809 	EXP 	grating_S1_T5: phase = 0.0
9.9975 	EXP 	grating_S1_T5: phase = 0.0
10.0142 	EXP 	grating_S1_T5: phase = 0.0
10.0311 	EXP 	grating_S1_T5: phase = 0.0
10.0475 	EXP 	grating_S1_T5: phase = 0.0
10.0644 	EXP 	grating_S1_T5: phase = 0.0
10.0809 	EXP 	grating_S1_T5: phase = 0.0
10.0978 	EXP 	grating_S1_T5: phase = 0.0
10.1147 	EXP 	grating_S1_T5: phase = 0.0
10.1309 	EXP 	grating_S1_T5: phase = 0.0
10.1481 	EXP 	grating_S1_T5: phase = 0.0
10.1642 	EXP 	grating_S1_T5: phase = 0.0
10.1815 	EXP 	grating_S1_T5: phase = 0.0
10.1985 	EXP 	grating_S1_T5: phase = 0.0
10.2148 	EXP 	grating_S1_T5: phase = 0.0
10.2320 	EXP 	grating_S1_T5: phase = 0.0
10.2486 	EXP 	grating_S1_T5: phase = 0.0
10.2653 	EXP 	grating_S1_T5: phase = 0.0
10.2819 	EXP 	grating_S1_T5: phase = 0.0
10.2988 	EXP 	grating_S1_T5: phase = 0.0
10.3151 	EXP 	grating_S1_T5: phase = 0.0
10.3320 	EXP 	grating_S1_T5: phase = 0.0
10.3487 	EXP 	grating_S1_T5: phase = 0.0
10.3653 	EXP 	grating_S1_T5: phase = 0.0
10.3821 	EXP 	grating_S1_T5: phase = 0.0
10.3988 	EXP 	grating_S1_T5: phase = 0.0
10.4153 	EXP 	grating_S1_T5: phase = 0.0
10.4321 	EXP 	grating_S1_T5: phase = 0.0
10.4488 	EXP 	grating_S1_T5: phase = 0.0
10.4655 	EXP 	grating_S1_T5: phase = 0.0
10.4822 	EXP 	grating_S1_T5: phase = 0.0
10.4991 	EXP 	grating_S1_T5: phase = 0.0
10.5152 	EXP 	grating_S1_T5: phase = 0.0
10.5320 	EXP 	grating_S1_T5: phase = 0.0
10.5492 	EXP 	grating_S1_T5: phase = 0.0
10.5655 	EXP 	grating_S1_T5: phase = 0.0
10.5814 	EXP 	grating_S1_T5: phase = 0.0
10.5988 	EXP 	grating_S1_T5: phase = 0.0
10.6168 	EXP 	grating_S1_T5: phase = 0.0
10.6320 	EXP 	grating_S1_T5: phase = 0.0
10.6482 	EXP 	grating_S1_T5: phase = 0.0
10.6654 	EXP 	grating_S1_T5: phase = 0.0
10.6818 	EXP 	grating_S1_T5: phase = 0.0
10.6988 	EXP 	grating_S1_T5: phase = 0.0
10.7149 	EXP 	grating_S1_T5: phase = 0.0
10.7321 	EXP 	grating_S1_T5: phase = 0.0
10.7485 	EXP 	grating_S1_T5: phase = 0.0
10.7653 	EXP 	grating_S1_T5: phase = 0.0
10.7820 	EXP 	grating_S1_T5: phase = 0.0
10.7988 	EXP 	grating_S1_T5: phase = 0.0
10.8148 	EXP 	grating_S1_T5: phase = 0.0
10.8324 	EXP 	grating_S1_T5: phase = 0.0
10.8486 	EXP 	grating_S1_T5: phase = 0.0
10.8654 	EXP 	grating_S1_T5: phase = 0.0
10.8822 	EXP 	grating_S1_T5: phase = 0.0
10.8990 	EXP 	grating_S1_T5: phase = 0.0
10.9147 	EXP 	grating_S1_T5: phase = 0.0
10.9338 	EXP 	grating_S1_T5: phase = 0.0
10.9489 	EXP 	grating_S1_T5: phase = 0.0
10.9647 	EXP 	grating_S1_T5: phase = 0.0
10.9822 	EXP 	grating_S1_T5: phase = 0.0
10.9999 	EXP 	grating_S1_T5: phase = 0.0
11.0153 	EXP 	grating_S1_T5: phase = 0.0
11.0323 	EXP 	grating_S1_T5: phase = 0.0
11.0489 	EXP 	grating_S1_T5: phase = 0.0
11.0658 	EXP 	grating_S1_T5: phase = 0.0
11.0818 	EXP 	grating_S1_T5: phase = 0.0
11.0987 	EXP 	grating_S1_T5: phase = 0.0
11.1148 	EXP 	grating_S1_T5: phase = 0.0
11.1319 	EXP 	grating_S1_T5: phase = 0.0
11.1478 	EXP 	grating_S1_T5: phase = 0.0
11.1657 	EXP 	grating_S1_T5: phase = 0.0
11.1820 	EXP 	grating_S1_T5: phase = 0.0
11.1988 	EXP 	grating_S1_T5: phase = 0.0
11.2155 	EXP 	grating_S1_T5: phase = 0.0
11.2312 	EXP 	grating_S1_T5: phase = 0.0
11.2505 	EXP 	grating_S1_T5: phase = 0.0
11.2651 	EXP 	grating_S1_T5: phase = 0.0
11.2821 	EXP 	grating_S1_T5: phase = 0.0
11.2989 	EXP 	grating_S1_T5: phase = 0.0
11.3146 	EXP 	grating_S1_T5: phase = 0.0
11.3323 	EXP 	grating_S1_T5: phase = 0.0
11.3488 	EXP 	grating_S1_T5: phase = 0.0
11.3652 	EXP 	grating_S1_T5: phase = 0.0
11.3820 	EXP 	grating_S1_T5: phase = 0.0
11.3987 	EXP 	grating_S1_T5: phase = 0.0
11.4152 	EXP 	grating_S1_T5: phase = 0.0
11.4319 	EXP 	grating_S1_T5: phase = 0.0
11.4486 	EXP 	grating_S1_T5: phase = 0.0
11.4656 	EXP 	grating_S1_T5: phase = 0.0
11.4819 	EXP 	grating_S1_T5: phase = 0.0
11.4979 	EXP 	grating_S1_T5: phase = 0.0
11.5150 	EXP 	grating_S1_T5: phase = 0.0
11.5320 	EXP 	grating_S1_T5: phase = 0.0
11.5485 	EXP 	grating_S1_T5: phase = 0.0
11.5665 	EXP 	grating_S1_T5: phase = 0.0
11.5821 	EXP 	grating_S1_T5: phase = 0.0
11.5987 	EXP 	grating_S1_T5: phase = 0.0
11.6153 	EXP 	grating_S1_T5: phase = 0.0
11.6319 	EXP 	grating_S1_T5: phase = 0.0
11.6486 	EXP 	grating_S1_T5: phase = 0.0
11.6648 	EXP 	grating_S1_T5: phase = 0.0
11.6818 	EXP 	grating_S1_T5: phase = 0.0
11.6986 	EXP 	grating_S1_T5: phase = 0.0
11.7153 	EXP 	grating_S1_T5: phase = 0.0
11.7319 	EXP 	grating_S1_T5: phase = 0.0
11.7486 	EXP 	grating_S1_T5: phase = 0.0
11.7654 	EXP 	grating_S1_T5: phase = 0.0
11.7811 	EXP 	grating_S1_T5: phase = 0.0
11.7987 	EXP 	grating_S1_T5: phase = 0.0
11.8146 	EXP 	grating_S1_T5: phase = 0.0
11.8323 	EXP 	grating_S1_T5: phase = 0.0
11.8492 	EXP 	grating_S1_T5: phase = 0.0
11.8651 	EXP 	grating_S1_T5: phase = 0.0
11.8829 	EXP 	grating_S1_T5: phase = 0.0
11.8984 	EXP 	grating_S1_T5: phase = 0.0
11.9151 	EXP 	grating_S1_T5: phase = 0.0
11.9321 	EXP 	grating_S1_T5: phase = 0.0
11.9485 	EXP 	grating_S1_T5: phase = 0.0
11.9653 	EXP 	grating_S1_T5: phase = 0.0
11.9818 	EXP 	grating_S1_T5: phase = 0.0
11.9985 	EXP 	grating_S1_T5: phase = 0.0
12.0151 	EXP 	grating_S1_T5: phase = 0.0
12.0320 	EXP 	grating_S1_T5: phase = 0.0
12.0485 	EXP 	grating_S1_T5: phase = 0.0
12.0653 	EXP 	grating_S1_T5: phase = 0.0
12.0818 	EXP 	grating_S1_T5: phase = 0.0
12.0985 	EXP 	grating_S1_T5: phase = 0.0
12.1157 	EXP 	grating_S1_T5: phase = 0.0
12.1319 	EXP 	grating_S1_T5: phase = 0.0
12.1485 	EXP 	grating_S1_T5: phase = 0.0
12.1655 	EXP 	grating_S1_T5: phase = 0.0
12.1821 	EXP 	grating_S1_T5: phase = 0.0
12.1989 	EXP 	grating_S1_T5: phase = 0.0
12.2151 	EXP 	grating_S1_T5: phase = 0.0
12.2318 	EXP 	grating_S1_T5: phase = 0.0
12.2486 	EXP 	grating_S1_T5: phase = 0.0
12.2651 	EXP 	grating_S1_T5: phase = 0.0
12.2820 	EXP 	grating_S1_T5: phase = 0.0
12.2989 	EXP 	grating_S1_T5: phase = 0.0
12.3152 	EXP 	grating_S1_T5: phase = 0.0
12.3319 	EXP 	grating_S1_T5: phase = 0.0
12.3486 	EXP 	grating_S1_T5: phase = 0.0
12.3652 	EXP 	grating_S1_T5: phase = 0.0
12.3820 	EXP 	grating_S1_T5: phase = 0.0
12.3986 	EXP 	grating_S1_T5: phase = 0.0
12.4157 	EXP 	grating_S1_T5: phase = 0.0
12.4319 	EXP 	grating_S1_T5: phase = 0.0
12.4485 	EXP 	grating_S1_T5: phase = 0.0
12.4650 	EXP 	grating_S1_T5: phase = 0.0
12.4818 	EXP 	grating_S1_T5: phase = 0.0
12.4986 	EXP 	grating_S1_T5: phase = 0.0
12.5161 	EXP 	grating_S1_T5: phase = 0.0
12.5317 	EXP 	grating_S1_T5: phase = 0.0
12.5485 	EXP 	grating_S1_T5: phase = 0.0
12.5652 	EXP 	grating_S1_T5: phase = 0.0
12.5818 	EXP 	grating_S1_T5: phase = 0.0
12.5986 	EXP 	grating_S1_T5: phase = 0.0
12.6152 	EXP 	grating_S1_T5: phase = 0.0
12.6317 	EXP 	grating_S1_T5: phase = 0.0
12.6485 	EXP 	grating_S1_T5: phase = 0.0
12.6653 	EXP 	grating_S1_T5: phase = 0.0
12.6818 	EXP 	grating_S1_T5: phase = 0.0
12.6986 	EXP 	grating_S1_T5: phase = 0.0
12.7151 	EXP 	grating_S1_T5: phase = 0.0
12.7322 	EXP 	grating_S1_T5: phase = 0.0
12.7486 	EXP 	grating_S1_T5: phase = 0.0
12.7653 	EXP 	grating_S1_T5: phase = 0.0
12.7818 	EXP 	grating_S1_T5: phase = 0.0
12.7985 	EXP 	grating_S1_T5: phase = 0.0
12.8147 	EXP 	grating_S1_T5: phase = 0.0
12.8326 	EXP 	grating_S1_T5: phase = 0.0
12.8487 	EXP 	grating_S1_T5: phase = 0.0
12.8652 	EXP 	grating_S1_T5: phase = 0.0
12.8818 	EXP 	grating_S1_T5: phase = 0.0
12.8984 	EXP 	grating_S1_T5: phase = 0.0
12.9153 	EXP 	grating_S1_T5: phase = 0.0
12.9319 	EXP 	grating_S1_T5: phase = 0.0
12.9483 	EXP 	grating_S1_T5: phase = 0.0
12.9652 	EXP 	grating_S1_T5: phase = 0.0
12.9818 	EXP 	grating_S1_T5: phase = 0.0
12.9984 	EXP 	grating_S1_T5: phase = 0.0
13.0151 	EXP 	grating_S1_T5: phase = 0.0
13.0319 	EXP 	grating_S1_T5: phase = 0.0
13.0478 	EXP 	grating_S1_T5: phase = 0.0
13.0650 	EXP 	grating_S1_T5: phase = 0.0
13.0818 	EXP 	grating_S1_T5: phase = 0.0
13.0985 	EXP 	grating_S1_T5: phase = 0.0
13.1154 	EXP 	grating_S1_T5: phase = 0.0
13.1320 	EXP 	grating_S1_T5: phase = 0.0
13.1499 	EXP 	grating_S1_T5: phase = 0.0
13.1652 	EXP 	grating_S1_T5: phase = 0.0
13.1818 	EXP 	grating_S1_T5: phase = 0.0
13.1986 	EXP 	grating_S1_T5: phase = 0.0
13.2153 	EXP 	grating_S1_T5: phase = 0.0
13.2321 	EXP 	grating_S1_T5: phase = 0.0
13.2488 	EXP 	grating_S1_T5: phase = 0.0
13.2651 	EXP 	grating_S1_T5: phase = 0.0
13.2817 	EXP 	grating_S1_T5: phase = 0.0
13.2985 	EXP 	grating_S1_T5: phase = 0.0
13.3151 	EXP 	grating_S1_T5: phase = 0.0
13.3319 	EXP 	grating_S1_T5: phase = 0.0
13.3486 	EXP 	grating_S1_T5: phase = 0.0
13.3647 	EXP 	grating_S1_T5: phase = 0.0
13.3818 	EXP 	grating_S1_T5: phase = 0.0
13.3985 	EXP 	grating_S1_T5: phase = 0.0
13.4153 	EXP 	grating_S1_T5: phase = 0.0
13.4319 	EXP 	grating_S1_T5: phase = 0.0
13.4490 	EXP 	grating_S1_T5: phase = 0.0
13.4673 	EXP 	grating_S1_T5: phase = 0.0
13.4826 	EXP 	grating_S1_T5: phase = 0.0
13.4994 	EXP 	grating_S1_T5: phase = 0.0
13.5149 	EXP 	grating_S1_T5: phase = 0.0
13.5329 	EXP 	grating_S1_T5: phase = 0.0
13.5483 	EXP 	grating_S1_T5: phase = 0.0
13.5651 	EXP 	grating_S1_T5: phase = 0.0
13.5825 	EXP 	grating_S1_T5: phase = 0.0
13.5987 	EXP 	grating_S1_T5: phase = 0.0
13.6154 	EXP 	grating_S1_T5: phase = 0.0
13.6320 	EXP 	grating_S1_T5: phase = 0.0
13.6489 	EXP 	grating_S1_T5: phase = 0.0
13.6657 	EXP 	grating_S1_T5: phase = 0.0
13.6822 	EXP 	grating_S1_T5: phase = 0.0
13.6992 	EXP 	grating_S1_T5: phase = 0.0
13.7154 	EXP 	grating_S1_T5: phase = 0.0
13.7318 	EXP 	grating_S1_T5: phase = 0.0
13.7489 	EXP 	grating_S1_T5: phase = 0.0
13.7655 	EXP 	grating_S1_T5: phase = 0.0
13.7856 	EXP 	grating_S1_T5: phase = 0.0
13.7984 	EXP 	grating_S1_T5: phase = 0.0
13.8154 	EXP 	grating_S1_T5: phase = 0.0
13.8319 	EXP 	grating_S1_T5: phase = 0.0
13.8479 	EXP 	grating_S1_T5: phase = 0.0
13.8650 	EXP 	grating_S1_T5: phase = 0.0
13.8900 	EXP 	grating_S1_T5: phase = 0.0
13.9146 	EXP 	grating_S1_T5: phase = 0.0
13.9318 	EXP 	grating_S1_T5: phase = 0.0
13.9484 	EXP 	grating_S1_T5: phase = 0.0
13.9648 	EXP 	grating_S1_T5: phase = 0.0
13.9817 	EXP 	grating_S1_T5: phase = 0.0
13.9983 	EXP 	grating_S1_T5: phase = 0.0
14.0149 	EXP 	grating_S1_T5: phase = 0.0
14.0318 	EXP 	grating_S1_T5: phase = 0.0
14.0482 	EXP 	grating_S1_T5: phase = 0.0
14.0652 	EXP 	grating_S1_T5: phase = 0.0
14.0908 	EXP 	grating_S1_T5: phase = 0.0
14.1093 	EXP 	grating_S1_T5: phase = 0.0
14.1417 	EXP 	grating_S1_T5: phase = 0.0
14.1656 	EXP 	grating_S1_T5: phase = 0.0
14.1821 	EXP 	grating_S1_T5: phase = 0.0
14.1987 	EXP 	grating_S1_T5: phase = 0.0
14.2153 	EXP 	grating_S1_T5: phase = 0.0
14.2359 	EXP 	grating_S1_T5: phase = 0.0
14.2486 	EXP 	grating_S1_T5: phase = 0.0
14.2652 	EXP 	grating_S1_T5: phase = 0.0
14.2822 	EXP 	grating_S1_T5: phase = 0.0
14.2987 	EXP 	grating_S1_T5: phase = 0.0
14.3155 	EXP 	grating_S1_T5: phase = 0.0
14.3322 	EXP 	grating_S1_T5: phase = 0.0
14.3486 	EXP 	grating_S1_T5: phase = 0.0
14.3651 	EXP 	grating_S1_T5: phase = 0.0
14.3819 	EXP 	grating_S1_T5: phase = 0.0
14.3982 	EXP 	grating_S1_T5: phase = 0.0
14.4150 	EXP 	grating_S1_T5: phase = 0.0
14.4320 	EXP 	grating_S1_T5: phase = 0.0
14.4588 	EXP 	grating_S1_T5: phase = 0.0
14.4823 	EXP 	grating_S1_T5: phase = 0.0
14.4985 	EXP 	grating_S1_T5: phase = 0.0
14.5146 	EXP 	grating_S1_T5: phase = 0.0
14.5312 	EXP 	grating_S1_T5: phase = 0.0
14.5515 	EXP 	grating_S1_T5: phase = 0.0
14.5657 	EXP 	grating_S1_T5: phase = 0.0
14.5816 	EXP 	grating_S1_T5: phase = 0.0
14.5984 	EXP 	grating_S1_T5: phase = 0.0
14.6151 	EXP 	grating_S1_T5: phase = 0.0
14.6317 	EXP 	grating_S1_T5: phase = 0.0
14.6486 	EXP 	grating_S1_T5: phase = 0.0
14.6651 	EXP 	grating_S1_T5: phase = 0.0
14.6819 	EXP 	grating_S1_T5: phase = 0.0
14.6979 	EXP 	grating_S1_T5: phase = 0.0
14.7151 	EXP 	grating_S1_T5: phase = 0.0
14.7317 	EXP 	grating_S1_T5: phase = 0.0
14.7485 	EXP 	grating_S1_T5: phase = 0.0
14.7650 	EXP 	grating_S1_T5: phase = 0.0
14.7819 	EXP 	grating_S1_T5: phase = 0.0
14.7980 	EXP 	grating_S1_T5: phase = 0.0
14.8149 	EXP 	grating_S1_T5: phase = 0.0
14.8312 	EXP 	grating_S1_T5: phase = 0.0
14.8484 	EXP 	grating_S1_T5: phase = 0.0
14.8664 	EXP 	grating_S1_T5: phase = 0.0
14.8812 	EXP 	grating_S1_T5: phase = 0.0
14.8984 	EXP 	grating_S1_T5: phase = 0.0
14.9151 	EXP 	grating_S1_T5: phase = 0.0
14.9313 	EXP 	grating_S1_T5: phase = 0.0
14.9484 	EXP 	grating_S1_T5: phase = 0.0
14.9645 	EXP 	grating_S1_T5: phase = 0.0
14.9815 	EXP 	grating_S1_T5: phase = 0.0
14.9983 	EXP 	grating_S1_T5: phase = 0.0
15.0147 	EXP 	grating_S1_T5: phase = 0.0
15.0322 	EXP 	grating_S1_T5: phase = 0.0
15.0478 	EXP 	grating_S1_T5: phase = 0.0
15.0645 	EXP 	grating_S1_T5: phase = 0.0
15.0813 	EXP 	grating_S1_T5: phase = 0.0
15.0983 	EXP 	grating_S1_T5: phase = 0.0
15.1149 	EXP 	grating_S1_T5: phase = 0.0
15.1319 	EXP 	grating_S1_T5: phase = 0.0
15.1480 	EXP 	grating_S1_T5: phase = 0.0
15.1651 	EXP 	grating_S1_T5: phase = 0.0
15.1823 	EXP 	grating_S1_T5: phase = 0.0
15.1980 	EXP 	grating_S1_T5: phase = 0.0
15.2152 	EXP 	grating_S1_T5: phase = 0.0
15.2318 	EXP 	grating_S1_T5: phase = 0.0
15.2492 	EXP 	grating_S1_T5: phase = 0.0
15.2653 	EXP 	grating_S1_T5: phase = 0.0
15.2819 	EXP 	grating_S1_T5: phase = 0.0
15.2984 	EXP 	grating_S1_T5: phase = 0.0
15.3154 	EXP 	grating_S1_T5: phase = 0.0
15.3313 	EXP 	grating_S1_T5: phase = 0.0
15.3484 	EXP 	grating_S1_T5: phase = 0.0
15.3658 	EXP 	grating_S1_T5: phase = 0.0
15.3821 	EXP 	grating_S1_T5: phase = 0.0
15.3984 	EXP 	grating_S1_T5: phase = 0.0
15.4153 	EXP 	grating_S1_T5: phase = 0.0
15.4316 	EXP 	grating_S1_T5: phase = 0.0
15.4488 	EXP 	grating_S1_T5: phase = 0.0
15.4657 	EXP 	grating_S1_T5: phase = 0.0
15.4819 	EXP 	grating_S1_T5: phase = 0.0
15.5013 	EXP 	grating_S1_T5: phase = 0.0
15.5146 	EXP 	grating_S1_T5: phase = 0.0
15.5317 	EXP 	grating_S1_T5: phase = 0.0
15.5482 	EXP 	grating_S1_T5: phase = 0.0
15.5657 	EXP 	grating_S1_T5: phase = 0.0
15.5815 	EXP 	grating_S1_T5: phase = 0.0
15.5989 	EXP 	grating_S1_T5: phase = 0.0
15.6159 	EXP 	grating_S1_T5: phase = 0.0
15.6324 	EXP 	grating_S1_T5: phase = 0.0
15.6493 	EXP 	grating_S1_T5: phase = 0.0
15.6655 	EXP 	grating_S1_T5: phase = 0.0
15.6818 	EXP 	grating_S1_T5: phase = 0.0
15.6986 	EXP 	grating_S1_T5: phase = 0.0
15.7148 	EXP 	grating_S1_T5: phase = 0.0
15.7327 	EXP 	grating_S1_T5: phase = 0.0
15.7494 	EXP 	grating_S1_T5: phase = 0.0
15.7652 	EXP 	grating_S1_T5: phase = 0.0
15.7818 	EXP 	grating_S1_T5: phase = 0.0
15.7994 	EXP 	grating_S1_T5: phase = 0.0
15.8179 	EXP 	grating_S1_T5: phase = 0.0
15.8331 	EXP 	grating_S1_T5: phase = 0.0
15.8487 	EXP 	grating_S1_T5: phase = 0.0
15.8657 	EXP 	grating_S1_T5: phase = 0.0
15.8824 	EXP 	grating_S1_T5: phase = 0.0
15.8992 	EXP 	grating_S1_T5: phase = 0.0
15.9158 	EXP 	grating_S1_T5: phase = 0.0
15.9317 	EXP 	grating_S1_T5: phase = 0.0
15.9643 	EXP 	grating_S1_T5: phase = 0.0
15.9972 	EXP 	grating_S1_T5: phase = 0.0
16.0151 	EXP 	grating_S1_T5: phase = 0.0
16.0316 	EXP 	grating_S1_T5: phase = 0.0
16.0645 	EXP 	grating_S1_T5: phase = 0.0
16.0823 	EXP 	grating_S1_T5: phase = 0.0
16.0993 	EXP 	grating_S1_T5: phase = 0.0
16.1145 	EXP 	grating_S1_T5: phase = 0.0
16.1315 	EXP 	grating_S1_T5: phase = 0.0
16.1483 	EXP 	grating_S1_T5: phase = 0.0
16.1651 	EXP 	grating_S1_T5: phase = 0.0
16.1818 	EXP 	grating_S1_T5: phase = 0.0
16.1986 	EXP 	grating_S1_T5: phase = 0.0
16.2144 	EXP 	grating_S1_T5: phase = 0.0
16.2312 	EXP 	grating_S1_T5: phase = 0.0
16.2365 	DATA 	Keypress: escape
16.5211 	EXP 	window1: mouseVisible = True
