6.8989 	WARNING 	User requested fullscreen with size [1024  768], but screen is actually [1920, 1080]. Using actual size
7.6291 	EXP 	Created window1 = Window(allowGUI=False, allowStencil=False, args=UNKNOWN, autoLog=True, bitsMode=UNKNOWN, blendMode='avg', color=array([0., 0., 0.]), colorSpace='rgb', fullscr=<method-wrapper '__getattribute__' of attributeSetter object at 0x12ea2d898>, gamma=None, kwargs=UNKNOWN, lms=UNKNOWN, monitor=<psychopy.monitors.calibTools.Monitor object at 0x12f746a90>, multiSample=False, name='window1', numSamples=2, pos=[0.0, 0.0], screen=0, size=array([1920, 1080]), stereo=False, units='height', useFBO=True, useRetina=False, viewOri=0.0, viewPos=None, viewScale=None, waitBlanking=True, winType='pyglet')
7.8752 	EXP 	Created grating_S1_T5 = GratingStim(__class__=<class 'psychopy.visual.grating.GratingStim'>, autoDraw=False, autoLog=True, blendmode='avg', color=array([1., 1., 1.]), colorSpace='rgb', contrast=1.0, depth=0.0, interpolate=True, mask='circle', maskParams=None, name='grating_S1_T5', opacity=1.0, ori=0.0, phase=array([0., 0.]), pos=array([0., 0.]), rgbPedestal=array([0., 0., 0.]), sf=array([0.6, 0.6]), size=array([7., 7.]), tex='sin', texRes=128, units='deg', win=Window(...))
7.8949 	EXP 	grating_S1_T5: phase = 0.0
7.9116 	EXP 	grating_S1_T5: phase = 0.0
7.9282 	EXP 	grating_S1_T5: phase = 0.0
7.9450 	EXP 	grating_S1_T5: phase = 0.0
7.9616 	EXP 	grating_S1_T5: phase = 0.0
7.9795 	EXP 	grating_S1_T5: phase = 0.0
7.9948 	EXP 	grating_S1_T5: phase = 0.0
8.0116 	EXP 	grating_S1_T5: phase = 0.0
8.0282 	EXP 	grating_S1_T5: phase = 0.0
8.0445 	EXP 	grating_S1_T5: phase = 0.0
8.0615 	EXP 	grating_S1_T5: phase = 0.0
8.0781 	EXP 	grating_S1_T5: phase = 0.0
8.0948 	EXP 	grating_S1_T5: phase = 0.0
8.1114 	EXP 	grating_S1_T5: phase = 0.0
8.1282 	EXP 	grating_S1_T5: phase = 0.0
8.1449 	EXP 	grating_S1_T5: phase = 0.0
8.1616 	EXP 	grating_S1_T5: phase = 0.0
8.1782 	EXP 	grating_S1_T5: phase = 0.0
8.1946 	EXP 	grating_S1_T5: phase = 0.0
8.2114 	EXP 	grating_S1_T5: phase = 0.0
8.2280 	EXP 	grating_S1_T5: phase = 0.0
8.2449 	EXP 	grating_S1_T5: phase = 0.0
8.2614 	EXP 	grating_S1_T5: phase = 0.0
8.2784 	EXP 	grating_S1_T5: phase = 0.0
8.2970 	EXP 	grating_S1_T5: phase = 0.0
8.3115 	EXP 	grating_S1_T5: phase = 0.0
8.3279 	EXP 	grating_S1_T5: phase = 0.0
8.3448 	EXP 	grating_S1_T5: phase = 0.0
8.3614 	EXP 	grating_S1_T5: phase = 0.0
8.3783 	EXP 	grating_S1_T5: phase = 0.0
8.3948 	EXP 	grating_S1_T5: phase = 180.0
8.4115 	EXP 	grating_S1_T5: phase = 180.0
8.4282 	EXP 	grating_S1_T5: phase = 180.0
8.4448 	EXP 	grating_S1_T5: phase = 180.0
8.4615 	EXP 	grating_S1_T5: phase = 180.0
8.4781 	EXP 	grating_S1_T5: phase = 180.0
8.4947 	EXP 	grating_S1_T5: phase = 180.0
8.5109 	EXP 	grating_S1_T5: phase = 180.0
8.5282 	EXP 	grating_S1_T5: phase = 180.0
8.5448 	EXP 	grating_S1_T5: phase = 180.0
8.5615 	EXP 	grating_S1_T5: phase = 180.0
8.5781 	EXP 	grating_S1_T5: phase = 180.0
8.5947 	EXP 	grating_S1_T5: phase = 180.0
8.6127 	EXP 	grating_S1_T5: phase = 180.0
8.6280 	EXP 	grating_S1_T5: phase = 180.0
8.6447 	EXP 	grating_S1_T5: phase = 180.0
8.6615 	EXP 	grating_S1_T5: phase = 180.0
8.6780 	EXP 	grating_S1_T5: phase = 180.0
8.6946 	EXP 	grating_S1_T5: phase = 180.0
8.7114 	EXP 	grating_S1_T5: phase = 180.0
8.7278 	EXP 	grating_S1_T5: phase = 180.0
8.7448 	EXP 	grating_S1_T5: phase = 180.0
8.7614 	EXP 	grating_S1_T5: phase = 180.0
8.7782 	EXP 	grating_S1_T5: phase = 180.0
8.7948 	EXP 	grating_S1_T5: phase = 180.0
8.8115 	EXP 	grating_S1_T5: phase = 180.0
8.8284 	EXP 	grating_S1_T5: phase = 180.0
8.8440 	EXP 	grating_S1_T5: phase = 180.0
8.8611 	EXP 	grating_S1_T5: phase = 180.0
8.8774 	EXP 	grating_S1_T5: phase = 180.0
8.8945 	EXP 	grating_S1_T5: phase = 0.0
8.9112 	EXP 	grating_S1_T5: phase = 0.0
8.9302 	EXP 	grating_S1_T5: phase = 0.0
8.9446 	EXP 	grating_S1_T5: phase = 0.0
8.9613 	EXP 	grating_S1_T5: phase = 0.0
8.9782 	EXP 	grating_S1_T5: phase = 0.0
8.9948 	EXP 	grating_S1_T5: phase = 0.0
9.0114 	EXP 	grating_S1_T5: phase = 0.0
9.0281 	EXP 	grating_S1_T5: phase = 0.0
9.0446 	EXP 	grating_S1_T5: phase = 0.0
9.0614 	EXP 	grating_S1_T5: phase = 0.0
9.0780 	EXP 	grating_S1_T5: phase = 0.0
9.0948 	EXP 	grating_S1_T5: phase = 0.0
9.1108 	EXP 	grating_S1_T5: phase = 0.0
9.1281 	EXP 	grating_S1_T5: phase = 0.0
9.1442 	EXP 	grating_S1_T5: phase = 0.0
9.1615 	EXP 	grating_S1_T5: phase = 0.0
9.1780 	EXP 	grating_S1_T5: phase = 0.0
9.1948 	EXP 	grating_S1_T5: phase = 0.0
9.2115 	EXP 	grating_S1_T5: phase = 0.0
9.2280 	EXP 	grating_S1_T5: phase = 0.0
9.2463 	EXP 	grating_S1_T5: phase = 0.0
9.2613 	EXP 	grating_S1_T5: phase = 0.0
9.2777 	EXP 	grating_S1_T5: phase = 0.0
9.2945 	EXP 	grating_S1_T5: phase = 0.0
9.3111 	EXP 	grating_S1_T5: phase = 0.0
9.3278 	EXP 	grating_S1_T5: phase = 0.0
9.3448 	EXP 	grating_S1_T5: phase = 0.0
9.3613 	EXP 	grating_S1_T5: phase = 0.0
9.3780 	EXP 	grating_S1_T5: phase = 0.0
9.3947 	EXP 	grating_S1_T5: phase = 180.0
9.4112 	EXP 	grating_S1_T5: phase = 180.0
9.4281 	EXP 	grating_S1_T5: phase = 180.0
9.4448 	EXP 	grating_S1_T5: phase = 180.0
9.4609 	EXP 	grating_S1_T5: phase = 180.0
9.4779 	EXP 	grating_S1_T5: phase = 180.0
9.4947 	EXP 	grating_S1_T5: phase = 180.0
9.5114 	EXP 	grating_S1_T5: phase = 180.0
9.5281 	EXP 	grating_S1_T5: phase = 180.0
9.5448 	EXP 	grating_S1_T5: phase = 180.0
9.5629 	EXP 	grating_S1_T5: phase = 180.0
9.5773 	EXP 	grating_S1_T5: phase = 180.0
9.5941 	EXP 	grating_S1_T5: phase = 180.0
9.6114 	EXP 	grating_S1_T5: phase = 180.0
9.6281 	EXP 	grating_S1_T5: phase = 180.0
9.6448 	EXP 	grating_S1_T5: phase = 180.0
9.6614 	EXP 	grating_S1_T5: phase = 180.0
9.6775 	EXP 	grating_S1_T5: phase = 180.0
9.6942 	EXP 	grating_S1_T5: phase = 180.0
9.7110 	EXP 	grating_S1_T5: phase = 180.0
9.7278 	EXP 	grating_S1_T5: phase = 180.0
9.7445 	EXP 	grating_S1_T5: phase = 180.0
9.7612 	EXP 	grating_S1_T5: phase = 180.0
9.7785 	EXP 	grating_S1_T5: phase = 180.0
9.7944 	EXP 	grating_S1_T5: phase = 180.0
9.8113 	EXP 	grating_S1_T5: phase = 180.0
9.8280 	EXP 	grating_S1_T5: phase = 180.0
9.8446 	EXP 	grating_S1_T5: phase = 180.0
9.8614 	EXP 	grating_S1_T5: phase = 180.0
9.8784 	EXP 	grating_S1_T5: phase = 180.0
9.8948 	EXP 	grating_S1_T5: phase = 0.0
9.9115 	EXP 	grating_S1_T5: phase = 0.0
9.9281 	EXP 	grating_S1_T5: phase = 0.0
9.9448 	EXP 	grating_S1_T5: phase = 0.0
9.9616 	EXP 	grating_S1_T5: phase = 0.0
9.9785 	EXP 	grating_S1_T5: phase = 0.0
9.9940 	EXP 	grating_S1_T5: phase = 0.0
10.0108 	EXP 	grating_S1_T5: phase = 0.0
10.0276 	EXP 	grating_S1_T5: phase = 0.0
10.0443 	EXP 	grating_S1_T5: phase = 0.0
10.0610 	EXP 	grating_S1_T5: phase = 0.0
10.0774 	EXP 	grating_S1_T5: phase = 0.0
10.0947 	EXP 	grating_S1_T5: phase = 0.0
10.1118 	EXP 	grating_S1_T5: phase = 0.0
10.1276 	EXP 	grating_S1_T5: phase = 0.0
10.1448 	EXP 	grating_S1_T5: phase = 0.0
10.1611 	EXP 	grating_S1_T5: phase = 0.0
10.1778 	EXP 	grating_S1_T5: phase = 0.0
10.1961 	EXP 	grating_S1_T5: phase = 0.0
10.2107 	EXP 	grating_S1_T5: phase = 0.0
10.2281 	EXP 	grating_S1_T5: phase = 0.0
10.2447 	EXP 	grating_S1_T5: phase = 0.0
10.2614 	EXP 	grating_S1_T5: phase = 0.0
10.2783 	EXP 	grating_S1_T5: phase = 0.0
10.2949 	EXP 	grating_S1_T5: phase = 0.0
10.3114 	EXP 	grating_S1_T5: phase = 0.0
10.3281 	EXP 	grating_S1_T5: phase = 0.0
10.3449 	EXP 	grating_S1_T5: phase = 0.0
10.3617 	EXP 	grating_S1_T5: phase = 0.0
10.3784 	EXP 	grating_S1_T5: phase = 0.0
10.3952 	EXP 	grating_S1_T5: phase = 180.0
10.4113 	EXP 	grating_S1_T5: phase = 180.0
10.4283 	EXP 	grating_S1_T5: phase = 180.0
10.4451 	EXP 	grating_S1_T5: phase = 180.0
10.4617 	EXP 	grating_S1_T5: phase = 180.0
10.4774 	EXP 	grating_S1_T5: phase = 180.0
10.4943 	EXP 	grating_S1_T5: phase = 180.0
10.5132 	EXP 	grating_S1_T5: phase = 180.0
10.5277 	EXP 	grating_S1_T5: phase = 180.0
10.5446 	EXP 	grating_S1_T5: phase = 180.0
10.5613 	EXP 	grating_S1_T5: phase = 180.0
10.5779 	EXP 	grating_S1_T5: phase = 180.0
10.6092 	EXP 	grating_S1_T5: phase = 180.0
10.6280 	EXP 	grating_S1_T5: phase = 180.0
10.6603 	EXP 	grating_S1_T5: phase = 180.0
10.6771 	EXP 	grating_S1_T5: phase = 180.0
10.6946 	EXP 	grating_S1_T5: phase = 180.0
10.7267 	EXP 	grating_S1_T5: phase = 180.0
10.7437 	EXP 	grating_S1_T5: phase = 180.0
10.7604 	EXP 	grating_S1_T5: phase = 180.0
10.7775 	EXP 	grating_S1_T5: phase = 180.0
10.7938 	EXP 	grating_S1_T5: phase = 180.0
10.8105 	EXP 	grating_S1_T5: phase = 180.0
10.8273 	EXP 	grating_S1_T5: phase = 180.0
10.8439 	EXP 	grating_S1_T5: phase = 180.0
10.8607 	EXP 	grating_S1_T5: phase = 180.0
10.8778 	EXP 	grating_S1_T5: phase = 180.0
10.8941 	EXP 	grating_S1_T5: phase = 0.0
10.9105 	EXP 	grating_S1_T5: phase = 0.0
10.9309 	EXP 	grating_S1_T5: phase = 0.0
10.9442 	EXP 	grating_S1_T5: phase = 0.0
10.9605 	EXP 	grating_S1_T5: phase = 0.0
10.9777 	EXP 	grating_S1_T5: phase = 0.0
10.9939 	EXP 	grating_S1_T5: phase = 0.0
11.0112 	EXP 	grating_S1_T5: phase = 0.0
11.0272 	EXP 	grating_S1_T5: phase = 0.0
11.0444 	EXP 	grating_S1_T5: phase = 0.0
11.0613 	EXP 	grating_S1_T5: phase = 0.0
11.0782 	EXP 	grating_S1_T5: phase = 0.0
11.0949 	EXP 	grating_S1_T5: phase = 0.0
11.1113 	EXP 	grating_S1_T5: phase = 0.0
11.1281 	EXP 	grating_S1_T5: phase = 0.0
11.1449 	EXP 	grating_S1_T5: phase = 0.0
11.1615 	EXP 	grating_S1_T5: phase = 0.0
11.1778 	EXP 	grating_S1_T5: phase = 0.0
11.1949 	EXP 	grating_S1_T5: phase = 0.0
11.2115 	EXP 	grating_S1_T5: phase = 0.0
11.2284 	EXP 	grating_S1_T5: phase = 0.0
11.2452 	EXP 	grating_S1_T5: phase = 0.0
11.2616 	EXP 	grating_S1_T5: phase = 0.0
11.2785 	EXP 	grating_S1_T5: phase = 0.0
11.2952 	EXP 	grating_S1_T5: phase = 0.0
11.3119 	EXP 	grating_S1_T5: phase = 0.0
11.3284 	EXP 	grating_S1_T5: phase = 0.0
11.3453 	EXP 	grating_S1_T5: phase = 0.0
11.3616 	EXP 	grating_S1_T5: phase = 0.0
11.3787 	EXP 	grating_S1_T5: phase = 0.0
11.3950 	EXP 	grating_S1_T5: phase = 180.0
11.4111 	EXP 	grating_S1_T5: phase = 180.0
11.4283 	EXP 	grating_S1_T5: phase = 180.0
11.4444 	EXP 	grating_S1_T5: phase = 180.0
11.4616 	EXP 	grating_S1_T5: phase = 180.0
11.4779 	EXP 	grating_S1_T5: phase = 180.0
11.4950 	EXP 	grating_S1_T5: phase = 180.0
11.5113 	EXP 	grating_S1_T5: phase = 180.0
11.5283 	EXP 	grating_S1_T5: phase = 180.0
11.5448 	EXP 	grating_S1_T5: phase = 180.0
11.5629 	EXP 	grating_S1_T5: phase = 180.0
11.5782 	EXP 	grating_S1_T5: phase = 180.0
11.5952 	EXP 	grating_S1_T5: phase = 180.0
11.6115 	EXP 	grating_S1_T5: phase = 180.0
11.6283 	EXP 	grating_S1_T5: phase = 180.0
11.6450 	EXP 	grating_S1_T5: phase = 180.0
11.6619 	EXP 	grating_S1_T5: phase = 180.0
11.6777 	EXP 	grating_S1_T5: phase = 180.0
11.6951 	EXP 	grating_S1_T5: phase = 180.0
11.7120 	EXP 	grating_S1_T5: phase = 180.0
11.7284 	EXP 	grating_S1_T5: phase = 180.0
11.7452 	EXP 	grating_S1_T5: phase = 180.0
11.7620 	EXP 	grating_S1_T5: phase = 180.0
11.7780 	EXP 	grating_S1_T5: phase = 180.0
11.7950 	EXP 	grating_S1_T5: phase = 180.0
11.8118 	EXP 	grating_S1_T5: phase = 180.0
11.8287 	EXP 	grating_S1_T5: phase = 180.0
11.8450 	EXP 	grating_S1_T5: phase = 180.0
11.8618 	EXP 	grating_S1_T5: phase = 180.0
11.8800 	EXP 	grating_S1_T5: phase = 180.0
11.8947 	EXP 	grating_S1_T5: phase = 0.0
11.9117 	EXP 	grating_S1_T5: phase = 0.0
11.9283 	EXP 	grating_S1_T5: phase = 0.0
11.9450 	EXP 	grating_S1_T5: phase = 0.0
11.9621 	EXP 	grating_S1_T5: phase = 0.0
11.9783 	EXP 	grating_S1_T5: phase = 0.0
11.9950 	EXP 	grating_S1_T5: phase = 0.0
12.0117 	EXP 	grating_S1_T5: phase = 0.0
12.0285 	EXP 	grating_S1_T5: phase = 0.0
12.0455 	EXP 	grating_S1_T5: phase = 0.0
12.0617 	EXP 	grating_S1_T5: phase = 0.0
12.0779 	EXP 	grating_S1_T5: phase = 0.0
12.0949 	EXP 	grating_S1_T5: phase = 0.0
12.1114 	EXP 	grating_S1_T5: phase = 0.0
12.1285 	EXP 	grating_S1_T5: phase = 0.0
12.1448 	EXP 	grating_S1_T5: phase = 0.0
12.1616 	EXP 	grating_S1_T5: phase = 0.0
12.1782 	EXP 	grating_S1_T5: phase = 0.0
12.1964 	EXP 	grating_S1_T5: phase = 0.0
12.2116 	EXP 	grating_S1_T5: phase = 0.0
12.2284 	EXP 	grating_S1_T5: phase = 0.0
12.2448 	EXP 	grating_S1_T5: phase = 0.0
12.2616 	EXP 	grating_S1_T5: phase = 0.0
12.2776 	EXP 	grating_S1_T5: phase = 0.0
12.2949 	EXP 	grating_S1_T5: phase = 0.0
12.3112 	EXP 	grating_S1_T5: phase = 0.0
12.3281 	EXP 	grating_S1_T5: phase = 0.0
12.3449 	EXP 	grating_S1_T5: phase = 0.0
12.3614 	EXP 	grating_S1_T5: phase = 0.0
12.3783 	EXP 	grating_S1_T5: phase = 0.0
12.3950 	EXP 	grating_S1_T5: phase = 180.0
12.4109 	EXP 	grating_S1_T5: phase = 180.0
12.4282 	EXP 	grating_S1_T5: phase = 180.0
12.4449 	EXP 	grating_S1_T5: phase = 180.0
12.4615 	EXP 	grating_S1_T5: phase = 180.0
12.4784 	EXP 	grating_S1_T5: phase = 180.0
12.4944 	EXP 	grating_S1_T5: phase = 180.0
12.5123 	EXP 	grating_S1_T5: phase = 180.0
12.5283 	EXP 	grating_S1_T5: phase = 180.0
12.5449 	EXP 	grating_S1_T5: phase = 180.0
12.5615 	EXP 	grating_S1_T5: phase = 180.0
12.5775 	EXP 	grating_S1_T5: phase = 180.0
12.5951 	EXP 	grating_S1_T5: phase = 180.0
12.6113 	EXP 	grating_S1_T5: phase = 180.0
12.6282 	EXP 	grating_S1_T5: phase = 180.0
12.6449 	EXP 	grating_S1_T5: phase = 180.0
12.6615 	EXP 	grating_S1_T5: phase = 180.0
12.6783 	EXP 	grating_S1_T5: phase = 180.0
12.6947 	EXP 	grating_S1_T5: phase = 180.0
12.7114 	EXP 	grating_S1_T5: phase = 180.0
12.7282 	EXP 	grating_S1_T5: phase = 180.0
12.7447 	EXP 	grating_S1_T5: phase = 180.0
12.7615 	EXP 	grating_S1_T5: phase = 180.0
12.7783 	EXP 	grating_S1_T5: phase = 180.0
12.7945 	EXP 	grating_S1_T5: phase = 180.0
12.8111 	EXP 	grating_S1_T5: phase = 180.0
12.8293 	EXP 	grating_S1_T5: phase = 180.0
12.8448 	EXP 	grating_S1_T5: phase = 180.0
12.8615 	EXP 	grating_S1_T5: phase = 180.0
12.8782 	EXP 	grating_S1_T5: phase = 180.0
12.8949 	EXP 	grating_S1_T5: phase = 0.0
12.9115 	EXP 	grating_S1_T5: phase = 0.0
12.9283 	EXP 	grating_S1_T5: phase = 0.0
12.9447 	EXP 	grating_S1_T5: phase = 0.0
12.9615 	EXP 	grating_S1_T5: phase = 0.0
12.9781 	EXP 	grating_S1_T5: phase = 0.0
12.9949 	EXP 	grating_S1_T5: phase = 0.0
13.0115 	EXP 	grating_S1_T5: phase = 0.0
13.0282 	EXP 	grating_S1_T5: phase = 0.0
13.0441 	EXP 	grating_S1_T5: phase = 0.0
13.0609 	EXP 	grating_S1_T5: phase = 0.0
13.0776 	EXP 	grating_S1_T5: phase = 0.0
13.0949 	EXP 	grating_S1_T5: phase = 0.0
13.1115 	EXP 	grating_S1_T5: phase = 0.0
13.1283 	EXP 	grating_S1_T5: phase = 0.0
13.1460 	EXP 	grating_S1_T5: phase = 0.0
13.1616 	EXP 	grating_S1_T5: phase = 0.0
13.1783 	EXP 	grating_S1_T5: phase = 0.0
13.1947 	EXP 	grating_S1_T5: phase = 0.0
13.2115 	EXP 	grating_S1_T5: phase = 0.0
13.2283 	EXP 	grating_S1_T5: phase = 0.0
13.2449 	EXP 	grating_S1_T5: phase = 0.0
13.2614 	EXP 	grating_S1_T5: phase = 0.0
13.2783 	EXP 	grating_S1_T5: phase = 0.0
13.2948 	EXP 	grating_S1_T5: phase = 0.0
13.3119 	EXP 	grating_S1_T5: phase = 0.0
13.3275 	EXP 	grating_S1_T5: phase = 0.0
13.3448 	EXP 	grating_S1_T5: phase = 0.0
13.3618 	EXP 	grating_S1_T5: phase = 0.0
13.3781 	EXP 	grating_S1_T5: phase = 0.0
13.3949 	EXP 	grating_S1_T5: phase = 180.0
13.4114 	EXP 	grating_S1_T5: phase = 180.0
13.4281 	EXP 	grating_S1_T5: phase = 180.0
13.4449 	EXP 	grating_S1_T5: phase = 180.0
13.4629 	EXP 	grating_S1_T5: phase = 180.0
13.4788 	EXP 	grating_S1_T5: phase = 180.0
13.4958 	EXP 	grating_S1_T5: phase = 180.0
13.5116 	EXP 	grating_S1_T5: phase = 180.0
13.5285 	EXP 	grating_S1_T5: phase = 180.0
13.5454 	EXP 	grating_S1_T5: phase = 180.0
13.5616 	EXP 	grating_S1_T5: phase = 180.0
13.5775 	EXP 	grating_S1_T5: phase = 180.0
13.5949 	EXP 	grating_S1_T5: phase = 180.0
13.6115 	EXP 	grating_S1_T5: phase = 180.0
13.6283 	EXP 	grating_S1_T5: phase = 180.0
13.6450 	EXP 	grating_S1_T5: phase = 180.0
13.6623 	EXP 	grating_S1_T5: phase = 180.0
13.6784 	EXP 	grating_S1_T5: phase = 180.0
13.6950 	EXP 	grating_S1_T5: phase = 180.0
13.7121 	EXP 	grating_S1_T5: phase = 180.0
13.7278 	EXP 	grating_S1_T5: phase = 180.0
13.7449 	EXP 	grating_S1_T5: phase = 180.0
13.7619 	EXP 	grating_S1_T5: phase = 180.0
13.7808 	EXP 	grating_S1_T5: phase = 180.0
13.7950 	EXP 	grating_S1_T5: phase = 180.0
13.8120 	EXP 	grating_S1_T5: phase = 180.0
13.8283 	EXP 	grating_S1_T5: phase = 180.0
13.8449 	EXP 	grating_S1_T5: phase = 180.0
13.8615 	EXP 	grating_S1_T5: phase = 180.0
13.8776 	EXP 	grating_S1_T5: phase = 180.0
13.8947 	EXP 	grating_S1_T5: phase = 0.0
13.9114 	EXP 	grating_S1_T5: phase = 0.0
13.9280 	EXP 	grating_S1_T5: phase = 0.0
13.9450 	EXP 	grating_S1_T5: phase = 0.0
13.9616 	EXP 	grating_S1_T5: phase = 0.0
13.9783 	EXP 	grating_S1_T5: phase = 0.0
13.9940 	EXP 	grating_S1_T5: phase = 0.0
14.0114 	EXP 	grating_S1_T5: phase = 0.0
14.0281 	EXP 	grating_S1_T5: phase = 0.0
14.0449 	EXP 	grating_S1_T5: phase = 0.0
14.0619 	EXP 	grating_S1_T5: phase = 0.0
14.0783 	EXP 	grating_S1_T5: phase = 0.0
14.0963 	EXP 	grating_S1_T5: phase = 0.0
14.1121 	EXP 	grating_S1_T5: phase = 0.0
14.1282 	EXP 	grating_S1_T5: phase = 0.0
14.1451 	EXP 	grating_S1_T5: phase = 0.0
14.1618 	EXP 	grating_S1_T5: phase = 0.0
14.1785 	EXP 	grating_S1_T5: phase = 0.0
14.1955 	EXP 	grating_S1_T5: phase = 0.0
14.2118 	EXP 	grating_S1_T5: phase = 0.0
14.2286 	EXP 	grating_S1_T5: phase = 0.0
14.2451 	EXP 	grating_S1_T5: phase = 0.0
14.2612 	EXP 	grating_S1_T5: phase = 0.0
14.2787 	EXP 	grating_S1_T5: phase = 0.0
14.2946 	EXP 	grating_S1_T5: phase = 0.0
14.3118 	EXP 	grating_S1_T5: phase = 0.0
14.3282 	EXP 	grating_S1_T5: phase = 0.0
14.3453 	EXP 	grating_S1_T5: phase = 0.0
14.3618 	EXP 	grating_S1_T5: phase = 0.0
14.3782 	EXP 	grating_S1_T5: phase = 0.0
14.3952 	EXP 	grating_S1_T5: phase = 180.0
14.4142 	EXP 	grating_S1_T5: phase = 180.0
14.4279 	EXP 	grating_S1_T5: phase = 180.0
14.4448 	EXP 	grating_S1_T5: phase = 180.0
14.4614 	EXP 	grating_S1_T5: phase = 180.0
14.4781 	EXP 	grating_S1_T5: phase = 180.0
14.4947 	EXP 	grating_S1_T5: phase = 180.0
14.5115 	EXP 	grating_S1_T5: phase = 180.0
14.5280 	EXP 	grating_S1_T5: phase = 180.0
14.5448 	EXP 	grating_S1_T5: phase = 180.0
14.5615 	EXP 	grating_S1_T5: phase = 180.0
14.5781 	EXP 	grating_S1_T5: phase = 180.0
14.5947 	EXP 	grating_S1_T5: phase = 180.0
14.6114 	EXP 	grating_S1_T5: phase = 180.0
14.6276 	EXP 	grating_S1_T5: phase = 180.0
14.6448 	EXP 	grating_S1_T5: phase = 180.0
14.6614 	EXP 	grating_S1_T5: phase = 180.0
14.6783 	EXP 	grating_S1_T5: phase = 180.0
14.6945 	EXP 	grating_S1_T5: phase = 180.0
14.7114 	EXP 	grating_S1_T5: phase = 180.0
14.7290 	EXP 	grating_S1_T5: phase = 180.0
14.7447 	EXP 	grating_S1_T5: phase = 180.0
14.7611 	EXP 	grating_S1_T5: phase = 180.0
14.7781 	EXP 	grating_S1_T5: phase = 180.0
14.7947 	EXP 	grating_S1_T5: phase = 180.0
14.8115 	EXP 	grating_S1_T5: phase = 180.0
14.8282 	EXP 	grating_S1_T5: phase = 180.0
14.8448 	EXP 	grating_S1_T5: phase = 180.0
14.8614 	EXP 	grating_S1_T5: phase = 180.0
14.8780 	EXP 	grating_S1_T5: phase = 180.0
14.8947 	EXP 	grating_S1_T5: phase = 0.0
14.9113 	EXP 	grating_S1_T5: phase = 0.0
14.9281 	EXP 	grating_S1_T5: phase = 0.0
14.9445 	EXP 	grating_S1_T5: phase = 0.0
14.9614 	EXP 	grating_S1_T5: phase = 0.0
14.9780 	EXP 	grating_S1_T5: phase = 0.0
14.9943 	EXP 	grating_S1_T5: phase = 0.0
15.0115 	EXP 	grating_S1_T5: phase = 0.0
15.0278 	EXP 	grating_S1_T5: phase = 0.0
15.0461 	EXP 	grating_S1_T5: phase = 0.0
15.0613 	EXP 	grating_S1_T5: phase = 0.0
15.0775 	EXP 	grating_S1_T5: phase = 0.0
15.0951 	EXP 	grating_S1_T5: phase = 0.0
15.1116 	EXP 	grating_S1_T5: phase = 0.0
15.1287 	EXP 	grating_S1_T5: phase = 0.0
15.1446 	EXP 	grating_S1_T5: phase = 0.0
15.1614 	EXP 	grating_S1_T5: phase = 0.0
15.1786 	EXP 	grating_S1_T5: phase = 0.0
15.1949 	EXP 	grating_S1_T5: phase = 0.0
15.2122 	EXP 	grating_S1_T5: phase = 0.0
15.2277 	EXP 	grating_S1_T5: phase = 0.0
15.2449 	EXP 	grating_S1_T5: phase = 0.0
15.2617 	EXP 	grating_S1_T5: phase = 0.0
15.2784 	EXP 	grating_S1_T5: phase = 0.0
15.2952 	EXP 	grating_S1_T5: phase = 0.0
15.3125 	EXP 	grating_S1_T5: phase = 0.0
15.3284 	EXP 	grating_S1_T5: phase = 0.0
15.3454 	EXP 	grating_S1_T5: phase = 0.0
15.3632 	EXP 	grating_S1_T5: phase = 0.0
15.3779 	EXP 	grating_S1_T5: phase = 0.0
15.3950 	EXP 	grating_S1_T5: phase = 180.0
15.4110 	EXP 	grating_S1_T5: phase = 180.0
15.4280 	EXP 	grating_S1_T5: phase = 180.0
15.4449 	EXP 	grating_S1_T5: phase = 180.0
15.4619 	EXP 	grating_S1_T5: phase = 180.0
15.4777 	EXP 	grating_S1_T5: phase = 180.0
15.4948 	EXP 	grating_S1_T5: phase = 180.0
15.5120 	EXP 	grating_S1_T5: phase = 180.0
15.5286 	EXP 	grating_S1_T5: phase = 180.0
15.5453 	EXP 	grating_S1_T5: phase = 180.0
15.5615 	EXP 	grating_S1_T5: phase = 180.0
15.5790 	EXP 	grating_S1_T5: phase = 180.0
15.5955 	EXP 	grating_S1_T5: phase = 180.0
15.6117 	EXP 	grating_S1_T5: phase = 180.0
15.6290 	EXP 	grating_S1_T5: phase = 180.0
15.6453 	EXP 	grating_S1_T5: phase = 180.0
15.6620 	EXP 	grating_S1_T5: phase = 180.0
15.6809 	EXP 	grating_S1_T5: phase = 180.0
15.6950 	EXP 	grating_S1_T5: phase = 180.0
15.7117 	EXP 	grating_S1_T5: phase = 180.0
15.7290 	EXP 	grating_S1_T5: phase = 180.0
15.7445 	EXP 	grating_S1_T5: phase = 180.0
15.7616 	EXP 	grating_S1_T5: phase = 180.0
15.7782 	EXP 	grating_S1_T5: phase = 180.0
15.7959 	EXP 	grating_S1_T5: phase = 180.0
15.8125 	EXP 	grating_S1_T5: phase = 180.0
15.8282 	EXP 	grating_S1_T5: phase = 180.0
15.8458 	EXP 	grating_S1_T5: phase = 180.0
15.8621 	EXP 	grating_S1_T5: phase = 180.0
15.8786 	EXP 	grating_S1_T5: phase = 180.0
15.8948 	EXP 	grating_S1_T5: phase = 0.0
15.9077 	EXP 	grating_S1_T5: phase = 0.0
15.9288 	EXP 	grating_S1_T5: phase = 0.0
15.9459 	EXP 	grating_S1_T5: phase = 0.0
15.9621 	EXP 	grating_S1_T5: phase = 0.0
15.9790 	EXP 	grating_S1_T5: phase = 0.0
15.9998 	EXP 	grating_S1_T5: phase = 0.0
16.0121 	EXP 	grating_S1_T5: phase = 0.0
16.0284 	EXP 	grating_S1_T5: phase = 0.0
16.0461 	EXP 	grating_S1_T5: phase = 0.0
16.0625 	EXP 	grating_S1_T5: phase = 0.0
16.0787 	EXP 	grating_S1_T5: phase = 0.0
16.0953 	EXP 	grating_S1_T5: phase = 0.0
16.1115 	EXP 	grating_S1_T5: phase = 0.0
16.1279 	EXP 	grating_S1_T5: phase = 0.0
16.1459 	EXP 	grating_S1_T5: phase = 0.0
16.1621 	EXP 	grating_S1_T5: phase = 0.0
16.1791 	EXP 	grating_S1_T5: phase = 0.0
16.1952 	EXP 	grating_S1_T5: phase = 0.0
16.2112 	EXP 	grating_S1_T5: phase = 0.0
16.2291 	EXP 	grating_S1_T5: phase = 0.0
16.2455 	EXP 	grating_S1_T5: phase = 0.0
16.2611 	EXP 	grating_S1_T5: phase = 0.0
16.2784 	EXP 	grating_S1_T5: phase = 0.0
16.2944 	EXP 	grating_S1_T5: phase = 0.0
16.3146 	EXP 	grating_S1_T5: phase = 0.0
16.3277 	EXP 	grating_S1_T5: phase = 0.0
16.3451 	EXP 	grating_S1_T5: phase = 0.0
16.3624 	EXP 	grating_S1_T5: phase = 0.0
16.3780 	EXP 	grating_S1_T5: phase = 0.0
16.3953 	EXP 	grating_S1_T5: phase = 180.0
16.4125 	EXP 	grating_S1_T5: phase = 180.0
16.4292 	EXP 	grating_S1_T5: phase = 180.0
16.4454 	EXP 	grating_S1_T5: phase = 180.0
16.4619 	EXP 	grating_S1_T5: phase = 180.0
16.4791 	EXP 	grating_S1_T5: phase = 180.0
16.4958 	EXP 	grating_S1_T5: phase = 180.0
16.5127 	EXP 	grating_S1_T5: phase = 180.0
16.5282 	EXP 	grating_S1_T5: phase = 180.0
16.5448 	EXP 	grating_S1_T5: phase = 180.0
16.5616 	EXP 	grating_S1_T5: phase = 180.0
16.5782 	EXP 	grating_S1_T5: phase = 180.0
16.5951 	EXP 	grating_S1_T5: phase = 180.0
16.6126 	EXP 	grating_S1_T5: phase = 180.0
16.6320 	EXP 	grating_S1_T5: phase = 180.0
16.6454 	EXP 	grating_S1_T5: phase = 180.0
16.6615 	EXP 	grating_S1_T5: phase = 180.0
16.6781 	EXP 	grating_S1_T5: phase = 180.0
16.6948 	EXP 	grating_S1_T5: phase = 180.0
16.7116 	EXP 	grating_S1_T5: phase = 180.0
16.7436 	EXP 	grating_S1_T5: phase = 180.0
16.7617 	EXP 	grating_S1_T5: phase = 180.0
16.7784 	EXP 	grating_S1_T5: phase = 180.0
16.7952 	EXP 	grating_S1_T5: phase = 180.0
16.8120 	EXP 	grating_S1_T5: phase = 180.0
16.8283 	EXP 	grating_S1_T5: phase = 180.0
16.8605 	EXP 	grating_S1_T5: phase = 180.0
16.8941 	EXP 	grating_S1_T5: phase = 180.0
16.9278 	EXP 	grating_S1_T5: phase = 0.0
16.9444 	EXP 	grating_S1_T5: phase = 0.0
16.9610 	EXP 	grating_S1_T5: phase = 0.0
16.9775 	EXP 	grating_S1_T5: phase = 0.0
16.9946 	EXP 	grating_S1_T5: phase = 0.0
17.0113 	EXP 	grating_S1_T5: phase = 0.0
17.0280 	EXP 	grating_S1_T5: phase = 0.0
17.0445 	EXP 	grating_S1_T5: phase = 0.0
17.0614 	EXP 	grating_S1_T5: phase = 0.0
17.0777 	EXP 	grating_S1_T5: phase = 0.0
17.0949 	EXP 	grating_S1_T5: phase = 0.0
17.1117 	EXP 	grating_S1_T5: phase = 0.0
17.1281 	EXP 	grating_S1_T5: phase = 0.0
17.1448 	EXP 	grating_S1_T5: phase = 0.0
17.1649 	EXP 	grating_S1_T5: phase = 0.0
17.1780 	EXP 	grating_S1_T5: phase = 0.0
17.1952 	EXP 	grating_S1_T5: phase = 0.0
17.2118 	EXP 	grating_S1_T5: phase = 0.0
17.2283 	EXP 	grating_S1_T5: phase = 0.0
17.2452 	EXP 	grating_S1_T5: phase = 0.0
17.2619 	EXP 	grating_S1_T5: phase = 0.0
17.2776 	EXP 	grating_S1_T5: phase = 0.0
17.2950 	EXP 	grating_S1_T5: phase = 0.0
17.3123 	EXP 	grating_S1_T5: phase = 0.0
17.3284 	EXP 	grating_S1_T5: phase = 0.0
17.3453 	EXP 	grating_S1_T5: phase = 0.0
17.3619 	EXP 	grating_S1_T5: phase = 0.0
17.3789 	EXP 	grating_S1_T5: phase = 0.0
17.3961 	EXP 	grating_S1_T5: phase = 180.0
17.4120 	EXP 	grating_S1_T5: phase = 180.0
17.4292 	EXP 	grating_S1_T5: phase = 180.0
17.4458 	EXP 	grating_S1_T5: phase = 180.0
17.4626 	EXP 	grating_S1_T5: phase = 180.0
17.4829 	EXP 	grating_S1_T5: phase = 180.0
17.4959 	EXP 	grating_S1_T5: phase = 180.0
17.5122 	EXP 	grating_S1_T5: phase = 180.0
17.5292 	EXP 	grating_S1_T5: phase = 180.0
17.5457 	EXP 	grating_S1_T5: phase = 180.0
17.5623 	EXP 	grating_S1_T5: phase = 180.0
17.5789 	EXP 	grating_S1_T5: phase = 180.0
17.5957 	EXP 	grating_S1_T5: phase = 180.0
17.6124 	EXP 	grating_S1_T5: phase = 180.0
17.6285 	EXP 	grating_S1_T5: phase = 180.0
17.6457 	EXP 	grating_S1_T5: phase = 180.0
17.6628 	EXP 	grating_S1_T5: phase = 180.0
17.6793 	EXP 	grating_S1_T5: phase = 180.0
17.6954 	EXP 	grating_S1_T5: phase = 180.0
17.7125 	EXP 	grating_S1_T5: phase = 180.0
17.7292 	EXP 	grating_S1_T5: phase = 180.0
17.7448 	EXP 	grating_S1_T5: phase = 180.0
17.7619 	EXP 	grating_S1_T5: phase = 180.0
17.7784 	EXP 	grating_S1_T5: phase = 180.0
17.7994 	EXP 	grating_S1_T5: phase = 180.0
17.8122 	EXP 	grating_S1_T5: phase = 180.0
17.8285 	EXP 	grating_S1_T5: phase = 180.0
17.8446 	EXP 	grating_S1_T5: phase = 180.0
17.8614 	EXP 	grating_S1_T5: phase = 180.0
17.8791 	EXP 	grating_S1_T5: phase = 180.0
17.8960 	EXP 	grating_S1_T5: phase = 0.0
17.9119 	EXP 	grating_S1_T5: phase = 0.0
17.9286 	EXP 	grating_S1_T5: phase = 0.0
17.9458 	EXP 	grating_S1_T5: phase = 0.0
17.9629 	EXP 	grating_S1_T5: phase = 0.0
17.9783 	EXP 	grating_S1_T5: phase = 0.0
17.9951 	EXP 	grating_S1_T5: phase = 0.0
18.0126 	EXP 	grating_S1_T5: phase = 0.0
18.0294 	EXP 	grating_S1_T5: phase = 0.0
18.0453 	EXP 	grating_S1_T5: phase = 0.0
18.0622 	EXP 	grating_S1_T5: phase = 0.0
18.0786 	EXP 	grating_S1_T5: phase = 0.0
18.0956 	EXP 	grating_S1_T5: phase = 0.0
18.1166 	EXP 	grating_S1_T5: phase = 0.0
18.1294 	EXP 	grating_S1_T5: phase = 0.0
18.1457 	EXP 	grating_S1_T5: phase = 0.0
18.1623 	EXP 	grating_S1_T5: phase = 0.0
18.1787 	EXP 	grating_S1_T5: phase = 0.0
18.1959 	EXP 	grating_S1_T5: phase = 0.0
18.2117 	EXP 	grating_S1_T5: phase = 0.0
18.2291 	EXP 	grating_S1_T5: phase = 0.0
18.2461 	EXP 	grating_S1_T5: phase = 0.0
18.2624 	EXP 	grating_S1_T5: phase = 0.0
18.2788 	EXP 	grating_S1_T5: phase = 0.0
18.2956 	EXP 	grating_S1_T5: phase = 0.0
18.3131 	EXP 	grating_S1_T5: phase = 0.0
18.3282 	EXP 	grating_S1_T5: phase = 0.0
18.3458 	EXP 	grating_S1_T5: phase = 0.0
18.3625 	EXP 	grating_S1_T5: phase = 0.0
18.3786 	EXP 	grating_S1_T5: phase = 0.0
18.3952 	EXP 	grating_S1_T5: phase = 180.0
18.4117 	EXP 	grating_S1_T5: phase = 180.0
18.4284 	EXP 	grating_S1_T5: phase = 180.0
18.4463 	EXP 	grating_S1_T5: phase = 180.0
18.4618 	EXP 	grating_S1_T5: phase = 180.0
18.4792 	EXP 	grating_S1_T5: phase = 180.0
18.4956 	EXP 	grating_S1_T5: phase = 180.0
18.5123 	EXP 	grating_S1_T5: phase = 180.0
18.5286 	EXP 	grating_S1_T5: phase = 180.0
18.5452 	EXP 	grating_S1_T5: phase = 180.0
18.5623 	EXP 	grating_S1_T5: phase = 180.0
18.5778 	EXP 	grating_S1_T5: phase = 180.0
18.5952 	EXP 	grating_S1_T5: phase = 180.0
18.6115 	EXP 	grating_S1_T5: phase = 180.0
18.6284 	EXP 	grating_S1_T5: phase = 180.0
18.6478 	EXP 	grating_S1_T5: phase = 180.0
18.6618 	EXP 	grating_S1_T5: phase = 180.0
18.6792 	EXP 	grating_S1_T5: phase = 180.0
18.6956 	EXP 	grating_S1_T5: phase = 180.0
18.7126 	EXP 	grating_S1_T5: phase = 180.0
18.7285 	EXP 	grating_S1_T5: phase = 180.0
18.7452 	EXP 	grating_S1_T5: phase = 180.0
18.7620 	EXP 	grating_S1_T5: phase = 180.0
18.7780 	EXP 	grating_S1_T5: phase = 180.0
18.7954 	EXP 	grating_S1_T5: phase = 180.0
18.8128 	EXP 	grating_S1_T5: phase = 180.0
18.8284 	EXP 	grating_S1_T5: phase = 180.0
18.8458 	EXP 	grating_S1_T5: phase = 180.0
18.8627 	EXP 	grating_S1_T5: phase = 180.0
18.8783 	EXP 	grating_S1_T5: phase = 180.0
18.8950 	EXP 	grating_S1_T5: phase = 0.0
18.9124 	EXP 	grating_S1_T5: phase = 0.0
18.9292 	EXP 	grating_S1_T5: phase = 0.0
18.9452 	EXP 	grating_S1_T5: phase = 0.0
18.9667 	EXP 	grating_S1_T5: phase = 0.0
18.9790 	EXP 	grating_S1_T5: phase = 0.0
18.9954 	EXP 	grating_S1_T5: phase = 0.0
19.0125 	EXP 	grating_S1_T5: phase = 0.0
19.0294 	EXP 	grating_S1_T5: phase = 0.0
19.0453 	EXP 	grating_S1_T5: phase = 0.0
19.0619 	EXP 	grating_S1_T5: phase = 0.0
19.0784 	EXP 	grating_S1_T5: phase = 0.0
19.0958 	EXP 	grating_S1_T5: phase = 0.0
19.1119 	EXP 	grating_S1_T5: phase = 0.0
19.1293 	EXP 	grating_S1_T5: phase = 0.0
19.1459 	EXP 	grating_S1_T5: phase = 0.0
19.1616 	EXP 	grating_S1_T5: phase = 0.0
19.1784 	EXP 	grating_S1_T5: phase = 0.0
19.1956 	EXP 	grating_S1_T5: phase = 0.0
19.2123 	EXP 	grating_S1_T5: phase = 0.0
19.2292 	EXP 	grating_S1_T5: phase = 0.0
19.2459 	EXP 	grating_S1_T5: phase = 0.0
19.2618 	EXP 	grating_S1_T5: phase = 0.0
19.2820 	EXP 	grating_S1_T5: phase = 0.0
19.2958 	EXP 	grating_S1_T5: phase = 0.0
19.3120 	EXP 	grating_S1_T5: phase = 0.0
19.3287 	EXP 	grating_S1_T5: phase = 0.0
19.3456 	EXP 	grating_S1_T5: phase = 0.0
19.3625 	EXP 	grating_S1_T5: phase = 0.0
19.3788 	EXP 	grating_S1_T5: phase = 0.0
19.3953 	EXP 	grating_S1_T5: phase = 180.0
19.4121 	EXP 	grating_S1_T5: phase = 180.0
19.4291 	EXP 	grating_S1_T5: phase = 180.0
19.4462 	EXP 	grating_S1_T5: phase = 180.0
19.4619 	EXP 	grating_S1_T5: phase = 180.0
19.4786 	EXP 	grating_S1_T5: phase = 180.0
19.4951 	EXP 	grating_S1_T5: phase = 180.0
19.5121 	EXP 	grating_S1_T5: phase = 180.0
19.5282 	EXP 	grating_S1_T5: phase = 180.0
19.5455 	EXP 	grating_S1_T5: phase = 180.0
19.5620 	EXP 	grating_S1_T5: phase = 180.0
19.5780 	EXP 	grating_S1_T5: phase = 180.0
19.5993 	EXP 	grating_S1_T5: phase = 180.0
19.6117 	EXP 	grating_S1_T5: phase = 180.0
19.6293 	EXP 	grating_S1_T5: phase = 180.0
19.6456 	EXP 	grating_S1_T5: phase = 180.0
19.6621 	EXP 	grating_S1_T5: phase = 180.0
19.6785 	EXP 	grating_S1_T5: phase = 180.0
19.6957 	EXP 	grating_S1_T5: phase = 180.0
19.7124 	EXP 	grating_S1_T5: phase = 180.0
19.7291 	EXP 	grating_S1_T5: phase = 180.0
19.7451 	EXP 	grating_S1_T5: phase = 180.0
19.7622 	EXP 	grating_S1_T5: phase = 180.0
19.7785 	EXP 	grating_S1_T5: phase = 180.0
19.7957 	EXP 	grating_S1_T5: phase = 180.0
19.8127 	EXP 	grating_S1_T5: phase = 180.0
19.8289 	EXP 	grating_S1_T5: phase = 180.0
19.8457 	EXP 	grating_S1_T5: phase = 180.0
19.8618 	EXP 	grating_S1_T5: phase = 180.0
19.8783 	EXP 	grating_S1_T5: phase = 180.0
19.8949 	EXP 	grating_S1_T5: phase = 0.0
19.9161 	EXP 	grating_S1_T5: phase = 0.0
19.9291 	EXP 	grating_S1_T5: phase = 0.0
19.9455 	EXP 	grating_S1_T5: phase = 0.0
19.9624 	EXP 	grating_S1_T5: phase = 0.0
19.9793 	EXP 	grating_S1_T5: phase = 0.0
19.9952 	EXP 	grating_S1_T5: phase = 0.0
20.0123 	EXP 	grating_S1_T5: phase = 0.0
20.0287 	EXP 	grating_S1_T5: phase = 0.0
20.0451 	EXP 	grating_S1_T5: phase = 0.0
20.0625 	EXP 	grating_S1_T5: phase = 0.0
20.0791 	EXP 	grating_S1_T5: phase = 0.0
20.0958 	EXP 	grating_S1_T5: phase = 0.0
20.1129 	EXP 	grating_S1_T5: phase = 0.0
20.1293 	EXP 	grating_S1_T5: phase = 0.0
20.1459 	EXP 	grating_S1_T5: phase = 0.0
20.1622 	EXP 	grating_S1_T5: phase = 0.0
20.1786 	EXP 	grating_S1_T5: phase = 0.0
20.1952 	EXP 	grating_S1_T5: phase = 0.0
20.2117 	EXP 	grating_S1_T5: phase = 0.0
20.2321 	EXP 	grating_S1_T5: phase = 0.0
20.2454 	EXP 	grating_S1_T5: phase = 0.0
20.2623 	EXP 	grating_S1_T5: phase = 0.0
20.2791 	EXP 	grating_S1_T5: phase = 0.0
20.2959 	EXP 	grating_S1_T5: phase = 0.0
20.3121 	EXP 	grating_S1_T5: phase = 0.0
20.3283 	EXP 	grating_S1_T5: phase = 0.0
20.3455 	EXP 	grating_S1_T5: phase = 0.0
20.3624 	EXP 	grating_S1_T5: phase = 0.0
20.3793 	EXP 	grating_S1_T5: phase = 0.0
20.3955 	EXP 	grating_S1_T5: phase = 180.0
20.4113 	EXP 	grating_S1_T5: phase = 180.0
20.4284 	EXP 	grating_S1_T5: phase = 180.0
20.4453 	EXP 	grating_S1_T5: phase = 180.0
20.4626 	EXP 	grating_S1_T5: phase = 180.0
20.4792 	EXP 	grating_S1_T5: phase = 180.0
20.4957 	EXP 	grating_S1_T5: phase = 180.0
20.5120 	EXP 	grating_S1_T5: phase = 180.0
20.5286 	EXP 	grating_S1_T5: phase = 180.0
20.5492 	EXP 	grating_S1_T5: phase = 180.0
20.5621 	EXP 	grating_S1_T5: phase = 180.0
20.5793 	EXP 	grating_S1_T5: phase = 180.0
20.5955 	EXP 	grating_S1_T5: phase = 180.0
20.6121 	EXP 	grating_S1_T5: phase = 180.0
20.6290 	EXP 	grating_S1_T5: phase = 180.0
20.6459 	EXP 	grating_S1_T5: phase = 180.0
20.6624 	EXP 	grating_S1_T5: phase = 180.0
20.6784 	EXP 	grating_S1_T5: phase = 180.0
20.6943 	EXP 	grating_S1_T5: phase = 180.0
20.7117 	EXP 	grating_S1_T5: phase = 180.0
20.7282 	EXP 	grating_S1_T5: phase = 180.0
20.7451 	EXP 	grating_S1_T5: phase = 180.0
20.7607 	EXP 	grating_S1_T5: phase = 180.0
20.7775 	EXP 	grating_S1_T5: phase = 180.0
20.7945 	EXP 	grating_S1_T5: phase = 180.0
20.8117 	EXP 	grating_S1_T5: phase = 180.0
20.8274 	EXP 	grating_S1_T5: phase = 180.0
20.8453 	EXP 	grating_S1_T5: phase = 180.0
20.8641 	EXP 	grating_S1_T5: phase = 180.0
20.8783 	EXP 	grating_S1_T5: phase = 180.0
20.8954 	EXP 	grating_S1_T5: phase = 0.0
20.9119 	EXP 	grating_S1_T5: phase = 0.0
20.9285 	EXP 	grating_S1_T5: phase = 0.0
20.9449 	EXP 	grating_S1_T5: phase = 0.0
20.9618 	EXP 	grating_S1_T5: phase = 0.0
20.9775 	EXP 	grating_S1_T5: phase = 0.0
20.9950 	EXP 	grating_S1_T5: phase = 0.0
21.0109 	EXP 	grating_S1_T5: phase = 0.0
21.0289 	EXP 	grating_S1_T5: phase = 0.0
21.0453 	EXP 	grating_S1_T5: phase = 0.0
21.0622 	EXP 	grating_S1_T5: phase = 0.0
21.0785 	EXP 	grating_S1_T5: phase = 0.0
21.0954 	EXP 	grating_S1_T5: phase = 0.0
21.1118 	EXP 	grating_S1_T5: phase = 0.0
21.1286 	EXP 	grating_S1_T5: phase = 0.0
21.1456 	EXP 	grating_S1_T5: phase = 0.0
21.1618 	EXP 	grating_S1_T5: phase = 0.0
21.1804 	EXP 	grating_S1_T5: phase = 0.0
21.1948 	EXP 	grating_S1_T5: phase = 0.0
21.2114 	EXP 	grating_S1_T5: phase = 0.0
21.2282 	EXP 	grating_S1_T5: phase = 0.0
21.2444 	EXP 	grating_S1_T5: phase = 0.0
21.2614 	EXP 	grating_S1_T5: phase = 0.0
21.2783 	EXP 	grating_S1_T5: phase = 0.0
21.2948 	EXP 	grating_S1_T5: phase = 0.0
21.3115 	EXP 	grating_S1_T5: phase = 0.0
21.3281 	EXP 	grating_S1_T5: phase = 0.0
21.3446 	EXP 	grating_S1_T5: phase = 0.0
21.3612 	EXP 	grating_S1_T5: phase = 0.0
21.3779 	EXP 	grating_S1_T5: phase = 0.0
21.3950 	EXP 	grating_S1_T5: phase = 180.0
21.4111 	EXP 	grating_S1_T5: phase = 180.0
21.4281 	EXP 	grating_S1_T5: phase = 180.0
21.4448 	EXP 	grating_S1_T5: phase = 180.0
21.4614 	EXP 	grating_S1_T5: phase = 180.0
21.4780 	EXP 	grating_S1_T5: phase = 180.0
21.4969 	EXP 	grating_S1_T5: phase = 180.0
21.5121 	EXP 	grating_S1_T5: phase = 180.0
21.5278 	EXP 	grating_S1_T5: phase = 180.0
21.5451 	EXP 	grating_S1_T5: phase = 180.0
21.5615 	EXP 	grating_S1_T5: phase = 180.0
21.5785 	EXP 	grating_S1_T5: phase = 180.0
21.5946 	EXP 	grating_S1_T5: phase = 180.0
21.6109 	EXP 	grating_S1_T5: phase = 180.0
21.6286 	EXP 	grating_S1_T5: phase = 180.0
21.6446 	EXP 	grating_S1_T5: phase = 180.0
21.6613 	EXP 	grating_S1_T5: phase = 180.0
21.6780 	EXP 	grating_S1_T5: phase = 180.0
21.6948 	EXP 	grating_S1_T5: phase = 180.0
21.7115 	EXP 	grating_S1_T5: phase = 180.0
21.7281 	EXP 	grating_S1_T5: phase = 180.0
21.7447 	EXP 	grating_S1_T5: phase = 180.0
21.7615 	EXP 	grating_S1_T5: phase = 180.0
21.7781 	EXP 	grating_S1_T5: phase = 180.0
21.7948 	EXP 	grating_S1_T5: phase = 180.0
21.8135 	EXP 	grating_S1_T5: phase = 180.0
21.8275 	EXP 	grating_S1_T5: phase = 180.0
21.8447 	EXP 	grating_S1_T5: phase = 180.0
21.8618 	EXP 	grating_S1_T5: phase = 180.0
21.8782 	EXP 	grating_S1_T5: phase = 180.0
21.8947 	EXP 	grating_S1_T5: phase = 0.0
21.9132 	EXP 	grating_S1_T5: phase = 0.0
21.9294 	EXP 	grating_S1_T5: phase = 0.0
21.9463 	EXP 	grating_S1_T5: phase = 0.0
21.9749 	EXP 	grating_S1_T5: phase = 0.0
21.9918 	EXP 	grating_S1_T5: phase = 0.0
22.0088 	EXP 	grating_S1_T5: phase = 0.0
22.0284 	EXP 	grating_S1_T5: phase = 0.0
22.0419 	EXP 	grating_S1_T5: phase = 0.0
22.0590 	EXP 	grating_S1_T5: phase = 0.0
22.0755 	EXP 	grating_S1_T5: phase = 0.0
22.0922 	EXP 	grating_S1_T5: phase = 0.0
22.1089 	EXP 	grating_S1_T5: phase = 0.0
22.1253 	EXP 	grating_S1_T5: phase = 0.0
22.1425 	EXP 	grating_S1_T5: phase = 0.0
22.1621 	EXP 	grating_S1_T5: phase = 0.0
22.1786 	EXP 	grating_S1_T5: phase = 0.0
22.1951 	EXP 	grating_S1_T5: phase = 0.0
22.2120 	EXP 	grating_S1_T5: phase = 0.0
22.2294 	EXP 	grating_S1_T5: phase = 0.0
22.2457 	EXP 	grating_S1_T5: phase = 0.0
22.2625 	EXP 	grating_S1_T5: phase = 0.0
22.2784 	EXP 	grating_S1_T5: phase = 0.0
22.2948 	EXP 	grating_S1_T5: phase = 0.0
22.3117 	EXP 	grating_S1_T5: phase = 0.0
22.3279 	EXP 	grating_S1_T5: phase = 0.0
22.3435 	EXP 	grating_S1_T5: phase = 0.0
22.3610 	EXP 	grating_S1_T5: phase = 0.0
22.3773 	EXP 	grating_S1_T5: phase = 0.0
22.3946 	EXP 	grating_S1_T5: phase = 180.0
22.4111 	EXP 	grating_S1_T5: phase = 180.0
22.4286 	EXP 	grating_S1_T5: phase = 180.0
22.4493 	EXP 	grating_S1_T5: phase = 180.0
22.4624 	EXP 	grating_S1_T5: phase = 180.0
22.4790 	EXP 	grating_S1_T5: phase = 180.0
22.4955 	EXP 	grating_S1_T5: phase = 180.0
22.5118 	EXP 	grating_S1_T5: phase = 180.0
22.5291 	EXP 	grating_S1_T5: phase = 180.0
22.5454 	EXP 	grating_S1_T5: phase = 180.0
22.5624 	EXP 	grating_S1_T5: phase = 180.0
22.5790 	EXP 	grating_S1_T5: phase = 180.0
22.5957 	EXP 	grating_S1_T5: phase = 180.0
22.6122 	EXP 	grating_S1_T5: phase = 180.0
22.6288 	EXP 	grating_S1_T5: phase = 180.0
22.6456 	EXP 	grating_S1_T5: phase = 180.0
22.6611 	EXP 	grating_S1_T5: phase = 180.0
22.6792 	EXP 	grating_S1_T5: phase = 180.0
22.6958 	EXP 	grating_S1_T5: phase = 180.0
22.7125 	EXP 	grating_S1_T5: phase = 180.0
22.7289 	EXP 	grating_S1_T5: phase = 180.0
22.7452 	EXP 	grating_S1_T5: phase = 180.0
22.7654 	EXP 	grating_S1_T5: phase = 180.0
22.7795 	EXP 	grating_S1_T5: phase = 180.0
22.7959 	EXP 	grating_S1_T5: phase = 180.0
22.8126 	EXP 	grating_S1_T5: phase = 180.0
22.8286 	EXP 	grating_S1_T5: phase = 180.0
22.8441 	EXP 	grating_S1_T5: phase = 180.0
22.8615 	EXP 	grating_S1_T5: phase = 180.0
22.8785 	EXP 	grating_S1_T5: phase = 180.0
22.8951 	EXP 	grating_S1_T5: phase = 0.0
22.9117 	EXP 	grating_S1_T5: phase = 0.0
22.9289 	EXP 	grating_S1_T5: phase = 0.0
22.9455 	EXP 	grating_S1_T5: phase = 0.0
22.9622 	EXP 	grating_S1_T5: phase = 0.0
22.9778 	EXP 	grating_S1_T5: phase = 0.0
22.9956 	EXP 	grating_S1_T5: phase = 0.0
23.0123 	EXP 	grating_S1_T5: phase = 0.0
23.0295 	EXP 	grating_S1_T5: phase = 0.0
23.0608 	EXP 	grating_S1_T5: phase = 0.0
23.0785 	EXP 	grating_S1_T5: phase = 0.0
23.0953 	EXP 	grating_S1_T5: phase = 0.0
23.1119 	EXP 	grating_S1_T5: phase = 0.0
23.1285 	EXP 	grating_S1_T5: phase = 0.0
23.1444 	EXP 	grating_S1_T5: phase = 0.0
23.1620 	EXP 	grating_S1_T5: phase = 0.0
23.1784 	EXP 	grating_S1_T5: phase = 0.0
23.2114 	EXP 	grating_S1_T5: phase = 0.0
23.2285 	EXP 	grating_S1_T5: phase = 0.0
23.2455 	EXP 	grating_S1_T5: phase = 0.0
23.2621 	EXP 	grating_S1_T5: phase = 0.0
23.2786 	EXP 	grating_S1_T5: phase = 0.0
23.2954 	EXP 	grating_S1_T5: phase = 0.0
23.3122 	EXP 	grating_S1_T5: phase = 0.0
23.3289 	EXP 	grating_S1_T5: phase = 0.0
23.3457 	EXP 	grating_S1_T5: phase = 0.0
23.3622 	EXP 	grating_S1_T5: phase = 0.0
23.3787 	EXP 	grating_S1_T5: phase = 0.0
23.3955 	EXP 	grating_S1_T5: phase = 180.0
23.4120 	EXP 	grating_S1_T5: phase = 180.0
23.4287 	EXP 	grating_S1_T5: phase = 180.0
23.4461 	EXP 	grating_S1_T5: phase = 180.0
23.4618 	EXP 	grating_S1_T5: phase = 180.0
23.4796 	EXP 	grating_S1_T5: phase = 180.0
23.4960 	EXP 	grating_S1_T5: phase = 180.0
23.5127 	EXP 	grating_S1_T5: phase = 180.0
23.5297 	EXP 	grating_S1_T5: phase = 180.0
23.5463 	EXP 	grating_S1_T5: phase = 180.0
23.5629 	EXP 	grating_S1_T5: phase = 180.0
23.5797 	EXP 	grating_S1_T5: phase = 180.0
23.5964 	EXP 	grating_S1_T5: phase = 180.0
23.6127 	EXP 	grating_S1_T5: phase = 180.0
23.6292 	EXP 	grating_S1_T5: phase = 180.0
23.6465 	EXP 	grating_S1_T5: phase = 180.0
23.6632 	EXP 	grating_S1_T5: phase = 180.0
23.6797 	EXP 	grating_S1_T5: phase = 180.0
23.6960 	EXP 	grating_S1_T5: phase = 180.0
23.7127 	EXP 	grating_S1_T5: phase = 180.0
23.7183 	DATA 	Keypress: escape
24.0071 	EXP 	window1: mouseVisible = True
6.8516 	WARNING 	User requested fullscreen with size [1024  768], but screen is actually [1920, 1080]. Using actual size
7.5790 	EXP 	Created window1 = Window(allowGUI=False, allowStencil=False, args=UNKNOWN, autoLog=True, bitsMode=UNKNOWN, blendMode='avg', color=array([0., 0., 0.]), colorSpace='rgb', fullscr=<method-wrapper '__getattribute__' of attributeSetter object at 0x12cd6d898>, gamma=None, kwargs=UNKNOWN, lms=UNKNOWN, monitor=<psychopy.monitors.calibTools.Monitor object at 0x12f505a90>, multiSample=False, name='window1', numSamples=2, pos=[0.0, 0.0], screen=0, size=array([1920, 1080]), stereo=False, units='height', useFBO=True, useRetina=False, viewOri=0.0, viewPos=None, viewScale=None, waitBlanking=True, winType='pyglet')
7.8136 	EXP 	Created grating_S1_T5 = GratingStim(__class__=<class 'psychopy.visual.grating.GratingStim'>, autoDraw=False, autoLog=True, blendmode='avg', color=array([1., 1., 1.]), colorSpace='rgb', contrast=1.0, depth=0.0, interpolate=True, mask='circle', maskParams=None, name='grating_S1_T5', opacity=1.0, ori=0.0, phase=array([0., 0.]), pos=array([0., 0.]), rgbPedestal=array([0., 0., 0.]), sf=array([0.6, 0.6]), size=array([7., 7.]), tex='sin', texRes=128, units='deg', win=Window(...))
7.8286 	EXP 	grating_S1_T5: phase = 0.0
7.8448 	EXP 	grating_S1_T5: phase = 0.0
7.8618 	EXP 	grating_S1_T5: phase = 0.0
7.8784 	EXP 	grating_S1_T5: phase = 0.0
7.8951 	EXP 	grating_S1_T5: phase = 0.0
7.9117 	EXP 	grating_S1_T5: phase = 0.0
7.9285 	EXP 	grating_S1_T5: phase = 0.0
7.9447 	EXP 	grating_S1_T5: phase = 0.0
7.9617 	EXP 	grating_S1_T5: phase = 0.0
7.9785 	EXP 	grating_S1_T5: phase = 0.0
7.9951 	EXP 	grating_S1_T5: phase = 0.0
8.0118 	EXP 	grating_S1_T5: phase = 0.0
8.0283 	EXP 	grating_S1_T5: phase = 0.0
8.0462 	EXP 	grating_S1_T5: phase = 0.0
8.0619 	EXP 	grating_S1_T5: phase = 0.0
8.0785 	EXP 	grating_S1_T5: phase = 0.0
8.0951 	EXP 	grating_S1_T5: phase = 0.0
8.1111 	EXP 	grating_S1_T5: phase = 0.0
8.1288 	EXP 	grating_S1_T5: phase = 0.0
8.1455 	EXP 	grating_S1_T5: phase = 0.0
8.1616 	EXP 	grating_S1_T5: phase = 0.0
8.1785 	EXP 	grating_S1_T5: phase = 0.0
8.1951 	EXP 	grating_S1_T5: phase = 0.0
8.2118 	EXP 	grating_S1_T5: phase = 0.0
8.2288 	EXP 	grating_S1_T5: phase = 0.0
8.2452 	EXP 	grating_S1_T5: phase = 0.0
8.2620 	EXP 	grating_S1_T5: phase = 0.0
8.2785 	EXP 	grating_S1_T5: phase = 0.0
8.2950 	EXP 	grating_S1_T5: phase = 0.0
8.3118 	EXP 	grating_S1_T5: phase = 0.0
8.3284 	EXP 	grating_S1_T5: phase = 0.0
8.3450 	EXP 	grating_S1_T5: phase = 0.0
8.3627 	EXP 	grating_S1_T5: phase = 0.0
8.3786 	EXP 	grating_S1_T5: phase = 0.0
8.3950 	EXP 	grating_S1_T5: phase = 0.0
8.4117 	EXP 	grating_S1_T5: phase = 0.0
8.4285 	EXP 	grating_S1_T5: phase = 0.0
8.4450 	EXP 	grating_S1_T5: phase = 0.0
8.4621 	EXP 	grating_S1_T5: phase = 0.0
8.4782 	EXP 	grating_S1_T5: phase = 0.0
8.4950 	EXP 	grating_S1_T5: phase = 0.0
8.5118 	EXP 	grating_S1_T5: phase = 0.0
8.5285 	EXP 	grating_S1_T5: phase = 0.0
8.5450 	EXP 	grating_S1_T5: phase = 0.0
8.5618 	EXP 	grating_S1_T5: phase = 0.0
8.5777 	EXP 	grating_S1_T5: phase = 0.0
8.5948 	EXP 	grating_S1_T5: phase = 0.0
8.6116 	EXP 	grating_S1_T5: phase = 0.0
8.6286 	EXP 	grating_S1_T5: phase = 0.0
8.6456 	EXP 	grating_S1_T5: phase = 0.0
8.6618 	EXP 	grating_S1_T5: phase = 0.0
8.6796 	EXP 	grating_S1_T5: phase = 0.0
8.6952 	EXP 	grating_S1_T5: phase = 0.0
8.7118 	EXP 	grating_S1_T5: phase = 0.0
8.7283 	EXP 	grating_S1_T5: phase = 0.0
8.7453 	EXP 	grating_S1_T5: phase = 0.0
8.7618 	EXP 	grating_S1_T5: phase = 0.0
8.7786 	EXP 	grating_S1_T5: phase = 0.0
8.7951 	EXP 	grating_S1_T5: phase = 0.0
8.8117 	EXP 	grating_S1_T5: phase = 0.0
8.8284 	EXP 	grating_S1_T5: phase = 0.0
8.8443 	EXP 	grating_S1_T5: phase = 180.0
8.8616 	EXP 	grating_S1_T5: phase = 180.0
8.8784 	EXP 	grating_S1_T5: phase = 180.0
8.8953 	EXP 	grating_S1_T5: phase = 180.0
8.9116 	EXP 	grating_S1_T5: phase = 180.0
8.9284 	EXP 	grating_S1_T5: phase = 180.0
8.9449 	EXP 	grating_S1_T5: phase = 180.0
8.9616 	EXP 	grating_S1_T5: phase = 180.0
8.9784 	EXP 	grating_S1_T5: phase = 180.0
8.9956 	EXP 	grating_S1_T5: phase = 180.0
9.0115 	EXP 	grating_S1_T5: phase = 180.0
9.0284 	EXP 	grating_S1_T5: phase = 180.0
9.0450 	EXP 	grating_S1_T5: phase = 180.0
9.0616 	EXP 	grating_S1_T5: phase = 180.0
9.0784 	EXP 	grating_S1_T5: phase = 180.0
9.0950 	EXP 	grating_S1_T5: phase = 180.0
9.1118 	EXP 	grating_S1_T5: phase = 180.0
9.1284 	EXP 	grating_S1_T5: phase = 180.0
9.1450 	EXP 	grating_S1_T5: phase = 180.0
9.1620 	EXP 	grating_S1_T5: phase = 180.0
9.1782 	EXP 	grating_S1_T5: phase = 180.0
9.1950 	EXP 	grating_S1_T5: phase = 180.0
9.2111 	EXP 	grating_S1_T5: phase = 180.0
9.2286 	EXP 	grating_S1_T5: phase = 180.0
9.2447 	EXP 	grating_S1_T5: phase = 180.0
9.2613 	EXP 	grating_S1_T5: phase = 180.0
9.2782 	EXP 	grating_S1_T5: phase = 180.0
9.2945 	EXP 	grating_S1_T5: phase = 180.0
9.3135 	EXP 	grating_S1_T5: phase = 180.0
9.3285 	EXP 	grating_S1_T5: phase = 180.0
9.3450 	EXP 	grating_S1_T5: phase = 180.0
9.3616 	EXP 	grating_S1_T5: phase = 180.0
9.3780 	EXP 	grating_S1_T5: phase = 180.0
9.3943 	EXP 	grating_S1_T5: phase = 180.0
9.4118 	EXP 	grating_S1_T5: phase = 180.0
9.4284 	EXP 	grating_S1_T5: phase = 180.0
9.4449 	EXP 	grating_S1_T5: phase = 180.0
9.4616 	EXP 	grating_S1_T5: phase = 180.0
9.4784 	EXP 	grating_S1_T5: phase = 180.0
9.4950 	EXP 	grating_S1_T5: phase = 180.0
9.5117 	EXP 	grating_S1_T5: phase = 180.0
9.5280 	EXP 	grating_S1_T5: phase = 180.0
9.5447 	EXP 	grating_S1_T5: phase = 180.0
9.5614 	EXP 	grating_S1_T5: phase = 180.0
9.5780 	EXP 	grating_S1_T5: phase = 180.0
9.5947 	EXP 	grating_S1_T5: phase = 180.0
9.6113 	EXP 	grating_S1_T5: phase = 180.0
9.6294 	EXP 	grating_S1_T5: phase = 180.0
9.6450 	EXP 	grating_S1_T5: phase = 180.0
9.6616 	EXP 	grating_S1_T5: phase = 180.0
9.6781 	EXP 	grating_S1_T5: phase = 180.0
9.6950 	EXP 	grating_S1_T5: phase = 180.0
9.7117 	EXP 	grating_S1_T5: phase = 180.0
9.7284 	EXP 	grating_S1_T5: phase = 180.0
9.7450 	EXP 	grating_S1_T5: phase = 180.0
9.7612 	EXP 	grating_S1_T5: phase = 180.0
9.7781 	EXP 	grating_S1_T5: phase = 180.0
9.7946 	EXP 	grating_S1_T5: phase = 180.0
9.8114 	EXP 	grating_S1_T5: phase = 180.0
9.8279 	EXP 	grating_S1_T5: phase = 180.0
9.8450 	EXP 	grating_S1_T5: phase = 0.0
9.8610 	EXP 	grating_S1_T5: phase = 0.0
9.8784 	EXP 	grating_S1_T5: phase = 0.0
9.8949 	EXP 	grating_S1_T5: phase = 0.0
9.9115 	EXP 	grating_S1_T5: phase = 0.0
9.9282 	EXP 	grating_S1_T5: phase = 0.0
9.9462 	EXP 	grating_S1_T5: phase = 0.0
9.9616 	EXP 	grating_S1_T5: phase = 0.0
9.9785 	EXP 	grating_S1_T5: phase = 0.0
9.9950 	EXP 	grating_S1_T5: phase = 0.0
10.0114 	EXP 	grating_S1_T5: phase = 0.0
10.0282 	EXP 	grating_S1_T5: phase = 0.0
10.0452 	EXP 	grating_S1_T5: phase = 0.0
10.0616 	EXP 	grating_S1_T5: phase = 0.0
10.0784 	EXP 	grating_S1_T5: phase = 0.0
10.0951 	EXP 	grating_S1_T5: phase = 0.0
10.1118 	EXP 	grating_S1_T5: phase = 0.0
10.1284 	EXP 	grating_S1_T5: phase = 0.0
10.1451 	EXP 	grating_S1_T5: phase = 0.0
10.1612 	EXP 	grating_S1_T5: phase = 0.0
10.1779 	EXP 	grating_S1_T5: phase = 0.0
10.1950 	EXP 	grating_S1_T5: phase = 0.0
10.2113 	EXP 	grating_S1_T5: phase = 0.0
10.2280 	EXP 	grating_S1_T5: phase = 0.0
10.2446 	EXP 	grating_S1_T5: phase = 0.0
10.2626 	EXP 	grating_S1_T5: phase = 0.0
10.2781 	EXP 	grating_S1_T5: phase = 0.0
10.2948 	EXP 	grating_S1_T5: phase = 0.0
10.3114 	EXP 	grating_S1_T5: phase = 0.0
10.3280 	EXP 	grating_S1_T5: phase = 0.0
10.3448 	EXP 	grating_S1_T5: phase = 0.0
10.3618 	EXP 	grating_S1_T5: phase = 0.0
10.3784 	EXP 	grating_S1_T5: phase = 0.0
10.3949 	EXP 	grating_S1_T5: phase = 0.0
10.4117 	EXP 	grating_S1_T5: phase = 0.0
10.4284 	EXP 	grating_S1_T5: phase = 0.0
10.4450 	EXP 	grating_S1_T5: phase = 0.0
10.4617 	EXP 	grating_S1_T5: phase = 0.0
10.4776 	EXP 	grating_S1_T5: phase = 0.0
10.4944 	EXP 	grating_S1_T5: phase = 0.0
10.5112 	EXP 	grating_S1_T5: phase = 0.0
10.5278 	EXP 	grating_S1_T5: phase = 0.0
10.5446 	EXP 	grating_S1_T5: phase = 0.0
10.5612 	EXP 	grating_S1_T5: phase = 0.0
10.5791 	EXP 	grating_S1_T5: phase = 0.0
10.5946 	EXP 	grating_S1_T5: phase = 0.0
10.6112 	EXP 	grating_S1_T5: phase = 0.0
10.6281 	EXP 	grating_S1_T5: phase = 0.0
10.6447 	EXP 	grating_S1_T5: phase = 0.0
10.6614 	EXP 	grating_S1_T5: phase = 0.0
10.6782 	EXP 	grating_S1_T5: phase = 0.0
10.6949 	EXP 	grating_S1_T5: phase = 0.0
10.6990 	DATA 	Keypress: escape
10.9813 	EXP 	window1: mouseVisible = True
