6.5492 	WARNING 	User requested fullscreen with size [1024  768], but screen is actually [1920, 1080]. Using actual size
7.3277 	EXP 	Created window1 = Window(allowGUI=False, allowStencil=False, args=UNKNOWN, autoLog=True, bitsMode=UNKNOWN, blendMode='avg', color=array([0., 0., 0.]), colorSpace='rgb', fullscr=<method-wrapper '__getattribute__' of attributeSetter object at 0x12f651898>, gamma=None, kwargs=UNKNOWN, lms=UNKNOWN, monitor=<psychopy.monitors.calibTools.Monitor object at 0x12fc2da90>, multiSample=False, name='window1', numSamples=2, pos=[0.0, 0.0], screen=0, size=array([1920, 1080]), stereo=False, units='height', useFBO=True, useRetina=False, viewOri=0.0, viewPos=None, viewScale=None, waitBlanking=True, winType='pyglet')
7.5647 	EXP 	Created grating_S1_T5 = GratingStim(__class__=<class 'psychopy.visual.grating.GratingStim'>, autoDraw=False, autoLog=True, blendmode='avg', color=array([1., 1., 1.]), colorSpace='rgb', contrast=1.0, depth=0.0, interpolate=True, mask='circle', maskParams=None, name='grating_S1_T5', opacity=1.0, ori=0.0, phase=array([0., 0.]), pos=array([0., 0.]), rgbPedestal=array([0., 0., 0.]), sf=array([0.6, 0.6]), size=array([7., 7.]), tex='sin', texRes=128, units='deg', win=Window(...))
7.5772 	EXP 	grating_S1_T5: phase = -0.016666666666666666
7.5934 	EXP 	grating_S1_T5: phase = -0.03333333333333333
7.6101 	EXP 	grating_S1_T5: phase = -0.05
7.6266 	EXP 	grating_S1_T5: phase = -0.06666666666666667
7.6434 	EXP 	grating_S1_T5: phase = -0.08333333333333333
7.6603 	EXP 	grating_S1_T5: phase = -0.09999999999999999
7.6768 	EXP 	grating_S1_T5: phase = -0.11666666666666665
7.6934 	EXP 	grating_S1_T5: phase = -0.13333333333333333
7.7100 	EXP 	grating_S1_T5: phase = -0.15
7.7268 	EXP 	grating_S1_T5: phase = -0.16666666666666666
7.7435 	EXP 	grating_S1_T5: phase = -0.18333333333333332
7.7600 	EXP 	grating_S1_T5: phase = -0.19999999999999998
7.7770 	EXP 	grating_S1_T5: phase = -0.21666666666666665
7.7937 	EXP 	grating_S1_T5: phase = -0.2333333333333333
7.8100 	EXP 	grating_S1_T5: phase = -0.24999999999999997
7.8268 	EXP 	grating_S1_T5: phase = -0.26666666666666666
7.8432 	EXP 	grating_S1_T5: phase = -0.2833333333333333
7.8600 	EXP 	grating_S1_T5: phase = -0.3
7.8791 	EXP 	grating_S1_T5: phase = -0.31666666666666665
7.8930 	EXP 	grating_S1_T5: phase = -0.3333333333333333
7.9102 	EXP 	grating_S1_T5: phase = -0.35
7.9269 	EXP 	grating_S1_T5: phase = -0.36666666666666664
7.9430 	EXP 	grating_S1_T5: phase = -0.3833333333333333
7.9601 	EXP 	grating_S1_T5: phase = -0.39999999999999997
7.9767 	EXP 	grating_S1_T5: phase = -0.41666666666666663
7.9930 	EXP 	grating_S1_T5: phase = -0.4333333333333333
8.0100 	EXP 	grating_S1_T5: phase = -0.44999999999999996
8.0268 	EXP 	grating_S1_T5: phase = -0.4666666666666666
8.0434 	EXP 	grating_S1_T5: phase = -0.4833333333333333
8.0601 	EXP 	grating_S1_T5: phase = -0.49999999999999994
8.0767 	EXP 	grating_S1_T5: phase = -0.5166666666666666
8.0927 	EXP 	grating_S1_T5: phase = -0.5333333333333333
8.1101 	EXP 	grating_S1_T5: phase = -0.55
8.1267 	EXP 	grating_S1_T5: phase = -0.5666666666666668
8.1432 	EXP 	grating_S1_T5: phase = -0.5833333333333335
8.1604 	EXP 	grating_S1_T5: phase = -0.6000000000000002
8.1771 	EXP 	grating_S1_T5: phase = -0.6166666666666669
8.1948 	EXP 	grating_S1_T5: phase = -0.6333333333333336
8.2100 	EXP 	grating_S1_T5: phase = -0.6500000000000004
8.2268 	EXP 	grating_S1_T5: phase = -0.6666666666666671
8.2435 	EXP 	grating_S1_T5: phase = -0.6833333333333338
8.2602 	EXP 	grating_S1_T5: phase = -0.7000000000000005
8.2768 	EXP 	grating_S1_T5: phase = -0.7166666666666672
8.2935 	EXP 	grating_S1_T5: phase = -0.733333333333334
8.3099 	EXP 	grating_S1_T5: phase = -0.7500000000000007
8.3268 	EXP 	grating_S1_T5: phase = -0.7666666666666674
8.3434 	EXP 	grating_S1_T5: phase = -0.7833333333333341
8.3600 	EXP 	grating_S1_T5: phase = -0.8000000000000008
8.3767 	EXP 	grating_S1_T5: phase = -0.8166666666666675
8.3938 	EXP 	grating_S1_T5: phase = -0.8333333333333343
8.4099 	EXP 	grating_S1_T5: phase = -0.850000000000001
8.4267 	EXP 	grating_S1_T5: phase = -0.8666666666666677
8.4431 	EXP 	grating_S1_T5: phase = -0.8833333333333344
8.4601 	EXP 	grating_S1_T5: phase = -0.9000000000000011
8.4768 	EXP 	grating_S1_T5: phase = -0.9166666666666679
8.4938 	EXP 	grating_S1_T5: phase = -0.9333333333333346
8.5117 	EXP 	grating_S1_T5: phase = -0.9500000000000013
8.5267 	EXP 	grating_S1_T5: phase = -0.966666666666668
8.5435 	EXP 	grating_S1_T5: phase = -0.9833333333333347
8.5601 	EXP 	grating_S1_T5: phase = -1.0000000000000013
8.5769 	EXP 	grating_S1_T5: phase = -1.016666666666668
8.5937 	EXP 	grating_S1_T5: phase = -1.0333333333333345
8.6101 	EXP 	grating_S1_T5: phase = -1.0500000000000012
8.6265 	EXP 	grating_S1_T5: phase = -1.0666666666666678
8.6433 	EXP 	grating_S1_T5: phase = -1.0833333333333344
8.6601 	EXP 	grating_S1_T5: phase = -1.100000000000001
8.6767 	EXP 	grating_S1_T5: phase = -1.1166666666666676
8.6934 	EXP 	grating_S1_T5: phase = -1.1333333333333342
8.7100 	EXP 	grating_S1_T5: phase = -1.1500000000000008
8.7270 	EXP 	grating_S1_T5: phase = -1.1666666666666674
8.7433 	EXP 	grating_S1_T5: phase = -1.183333333333334
8.7600 	EXP 	grating_S1_T5: phase = -1.2000000000000006
8.7767 	EXP 	grating_S1_T5: phase = -1.2166666666666672
8.7933 	EXP 	grating_S1_T5: phase = -1.2333333333333338
8.8101 	EXP 	grating_S1_T5: phase = -1.2500000000000004
8.8274 	EXP 	grating_S1_T5: phase = -1.266666666666667
8.8427 	EXP 	grating_S1_T5: phase = -1.2833333333333337
8.8601 	EXP 	grating_S1_T5: phase = -1.3000000000000003
8.8766 	EXP 	grating_S1_T5: phase = -1.3166666666666669
8.8926 	EXP 	grating_S1_T5: phase = -1.3333333333333335
8.9098 	EXP 	grating_S1_T5: phase = -1.35
8.9268 	EXP 	grating_S1_T5: phase = -1.3666666666666667
8.9428 	EXP 	grating_S1_T5: phase = -1.3833333333333333
8.9598 	EXP 	grating_S1_T5: phase = -1.4
8.9767 	EXP 	grating_S1_T5: phase = -1.4166666666666665
8.9933 	EXP 	grating_S1_T5: phase = -1.4333333333333331
9.0101 	EXP 	grating_S1_T5: phase = -1.4499999999999997
9.0267 	EXP 	grating_S1_T5: phase = -1.4666666666666663
9.0429 	EXP 	grating_S1_T5: phase = -1.483333333333333
9.0599 	EXP 	grating_S1_T5: phase = -1.4999999999999996
9.0767 	EXP 	grating_S1_T5: phase = -1.5166666666666662
9.0933 	EXP 	grating_S1_T5: phase = -1.5333333333333328
9.1100 	EXP 	grating_S1_T5: phase = -1.5499999999999994
9.1267 	EXP 	grating_S1_T5: phase = -1.566666666666666
9.1446 	EXP 	grating_S1_T5: phase = -1.5833333333333326
9.1597 	EXP 	grating_S1_T5: phase = -1.5999999999999992
9.1762 	EXP 	grating_S1_T5: phase = -1.6166666666666658
9.1936 	EXP 	grating_S1_T5: phase = -1.6333333333333324
9.2101 	EXP 	grating_S1_T5: phase = -1.649999999999999
9.2267 	EXP 	grating_S1_T5: phase = -1.6666666666666656
9.2429 	EXP 	grating_S1_T5: phase = -1.6833333333333322
9.2600 	EXP 	grating_S1_T5: phase = -1.6999999999999988
9.2768 	EXP 	grating_S1_T5: phase = -1.7166666666666655
9.2934 	EXP 	grating_S1_T5: phase = -1.733333333333332
9.3101 	EXP 	grating_S1_T5: phase = -1.7499999999999987
9.3267 	EXP 	grating_S1_T5: phase = -1.7666666666666653
9.3432 	EXP 	grating_S1_T5: phase = -1.7833333333333319
9.3593 	EXP 	grating_S1_T5: phase = -1.7999999999999985
9.3763 	EXP 	grating_S1_T5: phase = -1.816666666666665
9.3932 	EXP 	grating_S1_T5: phase = -1.8333333333333317
9.4100 	EXP 	grating_S1_T5: phase = -1.8499999999999983
9.4267 	EXP 	grating_S1_T5: phase = -1.866666666666665
9.4432 	EXP 	grating_S1_T5: phase = -1.8833333333333315
9.4614 	EXP 	grating_S1_T5: phase = -1.8999999999999981
9.4763 	EXP 	grating_S1_T5: phase = -1.9166666666666647
9.4934 	EXP 	grating_S1_T5: phase = -1.9333333333333313
9.5100 	EXP 	grating_S1_T5: phase = -1.949999999999998
9.5270 	EXP 	grating_S1_T5: phase = -1.9666666666666646
9.5433 	EXP 	grating_S1_T5: phase = -1.9833333333333312
9.5601 	EXP 	grating_S1_T5: phase = -1.9999999999999978
9.5768 	EXP 	grating_S1_T5: phase = -2.0166666666666644
9.5933 	EXP 	grating_S1_T5: phase = -2.033333333333331
9.6097 	EXP 	grating_S1_T5: phase = -2.0499999999999976
9.6261 	EXP 	grating_S1_T5: phase = -2.066666666666664
9.6429 	EXP 	grating_S1_T5: phase = -2.083333333333331
9.6597 	EXP 	grating_S1_T5: phase = -2.0999999999999974
9.6766 	EXP 	grating_S1_T5: phase = -2.116666666666664
9.6934 	EXP 	grating_S1_T5: phase = -2.1333333333333306
9.7100 	EXP 	grating_S1_T5: phase = -2.1499999999999972
9.7267 	EXP 	grating_S1_T5: phase = -2.166666666666664
9.7432 	EXP 	grating_S1_T5: phase = -2.1833333333333305
9.7598 	EXP 	grating_S1_T5: phase = -2.199999999999997
9.7773 	EXP 	grating_S1_T5: phase = -2.2166666666666637
9.7931 	EXP 	grating_S1_T5: phase = -2.2333333333333303
9.8099 	EXP 	grating_S1_T5: phase = -2.249999999999997
9.8137 	DATA 	Keypress: escape
10.0952 	EXP 	window1: mouseVisible = True
6.8865 	WARNING 	User requested fullscreen with size [1024  768], but screen is actually [1920, 1080]. Using actual size
7.5945 	EXP 	Created window1 = Window(allowGUI=False, allowStencil=False, args=UNKNOWN, autoLog=True, bitsMode=UNKNOWN, blendMode='avg', color=array([0., 0., 0.]), colorSpace='rgb', fullscr=<method-wrapper '__getattribute__' of attributeSetter object at 0x12dd38898>, gamma=None, kwargs=UNKNOWN, lms=UNKNOWN, monitor=<psychopy.monitors.calibTools.Monitor object at 0x12fa86a90>, multiSample=False, name='window1', numSamples=2, pos=[0.0, 0.0], screen=0, size=array([1920, 1080]), stereo=False, units='height', useFBO=True, useRetina=False, viewOri=0.0, viewPos=None, viewScale=None, waitBlanking=True, winType='pyglet')
7.8336 	EXP 	Created grating_S1_T5 = GratingStim(__class__=<class 'psychopy.visual.grating.GratingStim'>, autoDraw=False, autoLog=True, blendmode='avg', color=array([1., 1., 1.]), colorSpace='rgb', contrast=1.0, depth=0.0, interpolate=True, mask='circle', maskParams=None, name='grating_S1_T5', opacity=1.0, ori=0.0, phase=array([0., 0.]), pos=array([0., 0.]), rgbPedestal=array([0., 0., 0.]), sf=array([0.6, 0.6]), size=array([7., 7.]), tex='sin', texRes=128, units='deg', win=Window(...))
7.8462 	EXP 	grating_S1_T5: phase = -0.008333333333333333
7.8604 	EXP 	grating_S1_T5: phase = -0.016666666666666666
7.8771 	EXP 	grating_S1_T5: phase = -0.025
7.8938 	EXP 	grating_S1_T5: phase = -0.03333333333333333
7.9103 	EXP 	grating_S1_T5: phase = -0.041666666666666664
7.9270 	EXP 	grating_S1_T5: phase = -0.049999999999999996
7.9437 	EXP 	grating_S1_T5: phase = -0.05833333333333333
7.9604 	EXP 	grating_S1_T5: phase = -0.06666666666666667
7.9770 	EXP 	grating_S1_T5: phase = -0.075
7.9931 	EXP 	grating_S1_T5: phase = -0.08333333333333333
8.0107 	EXP 	grating_S1_T5: phase = -0.09166666666666666
8.0273 	EXP 	grating_S1_T5: phase = -0.09999999999999999
8.0440 	EXP 	grating_S1_T5: phase = -0.10833333333333332
8.0605 	EXP 	grating_S1_T5: phase = -0.11666666666666665
8.0766 	EXP 	grating_S1_T5: phase = -0.12499999999999999
8.0931 	EXP 	grating_S1_T5: phase = -0.13333333333333333
8.1102 	EXP 	grating_S1_T5: phase = -0.14166666666666666
8.1271 	EXP 	grating_S1_T5: phase = -0.15
8.1438 	EXP 	grating_S1_T5: phase = -0.15833333333333333
8.1603 	EXP 	grating_S1_T5: phase = -0.16666666666666666
8.1770 	EXP 	grating_S1_T5: phase = -0.175
8.1938 	EXP 	grating_S1_T5: phase = -0.18333333333333332
8.2105 	EXP 	grating_S1_T5: phase = -0.19166666666666665
8.2269 	EXP 	grating_S1_T5: phase = -0.19999999999999998
8.2437 	EXP 	grating_S1_T5: phase = -0.20833333333333331
8.2605 	EXP 	grating_S1_T5: phase = -0.21666666666666665
8.2772 	EXP 	grating_S1_T5: phase = -0.22499999999999998
8.2941 	EXP 	grating_S1_T5: phase = -0.2333333333333333
8.3105 	EXP 	grating_S1_T5: phase = -0.24166666666666664
8.3269 	EXP 	grating_S1_T5: phase = -0.24999999999999997
8.3447 	EXP 	grating_S1_T5: phase = -0.2583333333333333
8.3604 	EXP 	grating_S1_T5: phase = -0.26666666666666666
8.3771 	EXP 	grating_S1_T5: phase = -0.275
8.3938 	EXP 	grating_S1_T5: phase = -0.2833333333333334
8.4105 	EXP 	grating_S1_T5: phase = -0.29166666666666674
8.4271 	EXP 	grating_S1_T5: phase = -0.3000000000000001
8.4438 	EXP 	grating_S1_T5: phase = -0.30833333333333346
8.4605 	EXP 	grating_S1_T5: phase = -0.3166666666666668
8.4770 	EXP 	grating_S1_T5: phase = -0.3250000000000002
8.4938 	EXP 	grating_S1_T5: phase = -0.33333333333333354
8.5104 	EXP 	grating_S1_T5: phase = -0.3416666666666669
8.5272 	EXP 	grating_S1_T5: phase = -0.35000000000000026
8.5438 	EXP 	grating_S1_T5: phase = -0.3583333333333336
8.5607 	EXP 	grating_S1_T5: phase = -0.366666666666667
8.5774 	EXP 	grating_S1_T5: phase = -0.37500000000000033
8.5938 	EXP 	grating_S1_T5: phase = -0.3833333333333337
8.6110 	EXP 	grating_S1_T5: phase = -0.39166666666666705
8.6270 	EXP 	grating_S1_T5: phase = -0.4000000000000004
8.6437 	EXP 	grating_S1_T5: phase = -0.40833333333333377
8.6615 	EXP 	grating_S1_T5: phase = -0.41666666666666713
8.6770 	EXP 	grating_S1_T5: phase = -0.4250000000000005
8.6938 	EXP 	grating_S1_T5: phase = -0.43333333333333385
8.7106 	EXP 	grating_S1_T5: phase = -0.4416666666666672
8.7271 	EXP 	grating_S1_T5: phase = -0.45000000000000057
8.7436 	EXP 	grating_S1_T5: phase = -0.4583333333333339
8.7604 	EXP 	grating_S1_T5: phase = -0.4666666666666673
8.7771 	EXP 	grating_S1_T5: phase = -0.47500000000000064
8.7932 	EXP 	grating_S1_T5: phase = -0.483333333333334
8.8107 	EXP 	grating_S1_T5: phase = -0.49166666666666736
8.8273 	EXP 	grating_S1_T5: phase = -0.5000000000000007
8.8439 	EXP 	grating_S1_T5: phase = -0.508333333333334
8.8605 	EXP 	grating_S1_T5: phase = -0.5166666666666673
8.8763 	EXP 	grating_S1_T5: phase = -0.5250000000000006
8.8931 	EXP 	grating_S1_T5: phase = -0.5333333333333339
8.9107 	EXP 	grating_S1_T5: phase = -0.5416666666666672
8.9268 	EXP 	grating_S1_T5: phase = -0.5500000000000005
8.9437 	EXP 	grating_S1_T5: phase = -0.5583333333333338
8.9605 	EXP 	grating_S1_T5: phase = -0.5666666666666671
8.9785 	EXP 	grating_S1_T5: phase = -0.5750000000000004
8.9935 	EXP 	grating_S1_T5: phase = -0.5833333333333337
9.0106 	EXP 	grating_S1_T5: phase = -0.591666666666667
9.0272 	EXP 	grating_S1_T5: phase = -0.6000000000000003
9.0437 	EXP 	grating_S1_T5: phase = -0.6083333333333336
9.0604 	EXP 	grating_S1_T5: phase = -0.6166666666666669
9.0773 	EXP 	grating_S1_T5: phase = -0.6250000000000002
9.0938 	EXP 	grating_S1_T5: phase = -0.6333333333333335
9.1102 	EXP 	grating_S1_T5: phase = -0.6416666666666668
9.1270 	EXP 	grating_S1_T5: phase = -0.6500000000000001
9.1437 	EXP 	grating_S1_T5: phase = -0.6583333333333334
9.1603 	EXP 	grating_S1_T5: phase = -0.6666666666666667
9.1771 	EXP 	grating_S1_T5: phase = -0.675
9.1941 	EXP 	grating_S1_T5: phase = -0.6833333333333333
9.2103 	EXP 	grating_S1_T5: phase = -0.6916666666666667
9.2272 	EXP 	grating_S1_T5: phase = -0.7
9.2440 	EXP 	grating_S1_T5: phase = -0.7083333333333333
9.2606 	EXP 	grating_S1_T5: phase = -0.7166666666666666
9.2765 	EXP 	grating_S1_T5: phase = -0.7249999999999999
9.2945 	EXP 	grating_S1_T5: phase = -0.7333333333333332
9.3104 	EXP 	grating_S1_T5: phase = -0.7416666666666665
9.3271 	EXP 	grating_S1_T5: phase = -0.7499999999999998
9.3430 	EXP 	grating_S1_T5: phase = -0.7583333333333331
9.3602 	EXP 	grating_S1_T5: phase = -0.7666666666666664
9.3773 	EXP 	grating_S1_T5: phase = -0.7749999999999997
9.3932 	EXP 	grating_S1_T5: phase = -0.783333333333333
9.4103 	EXP 	grating_S1_T5: phase = -0.7916666666666663
9.4273 	EXP 	grating_S1_T5: phase = -0.7999999999999996
9.4440 	EXP 	grating_S1_T5: phase = -0.8083333333333329
9.4605 	EXP 	grating_S1_T5: phase = -0.8166666666666662
9.4772 	EXP 	grating_S1_T5: phase = -0.8249999999999995
9.4931 	EXP 	grating_S1_T5: phase = -0.8333333333333328
9.5104 	EXP 	grating_S1_T5: phase = -0.8416666666666661
9.5270 	EXP 	grating_S1_T5: phase = -0.8499999999999994
9.5437 	EXP 	grating_S1_T5: phase = -0.8583333333333327
9.5604 	EXP 	grating_S1_T5: phase = -0.866666666666666
9.5769 	EXP 	grating_S1_T5: phase = -0.8749999999999993
9.5933 	EXP 	grating_S1_T5: phase = -0.8833333333333326
9.6107 	EXP 	grating_S1_T5: phase = -0.8916666666666659
9.6270 	EXP 	grating_S1_T5: phase = -0.8999999999999992
9.6436 	EXP 	grating_S1_T5: phase = -0.9083333333333325
9.6603 	EXP 	grating_S1_T5: phase = -0.9166666666666659
9.6770 	EXP 	grating_S1_T5: phase = -0.9249999999999992
9.6935 	EXP 	grating_S1_T5: phase = -0.9333333333333325
9.7103 	EXP 	grating_S1_T5: phase = -0.9416666666666658
9.7268 	EXP 	grating_S1_T5: phase = -0.9499999999999991
9.7437 	EXP 	grating_S1_T5: phase = -0.9583333333333324
9.7604 	EXP 	grating_S1_T5: phase = -0.9666666666666657
9.7771 	EXP 	grating_S1_T5: phase = -0.974999999999999
9.7931 	EXP 	grating_S1_T5: phase = -0.9833333333333323
9.8103 	EXP 	grating_S1_T5: phase = -0.9916666666666656
9.8263 	EXP 	grating_S1_T5: phase = -0.9999999999999989
9.8434 	EXP 	grating_S1_T5: phase = -1.0083333333333322
9.8605 	EXP 	grating_S1_T5: phase = -1.0166666666666655
9.8771 	EXP 	grating_S1_T5: phase = -1.0249999999999988
9.8931 	EXP 	grating_S1_T5: phase = -1.033333333333332
9.9103 	EXP 	grating_S1_T5: phase = -1.0416666666666654
9.9281 	EXP 	grating_S1_T5: phase = -1.0499999999999987
9.9438 	EXP 	grating_S1_T5: phase = -1.058333333333332
9.9604 	EXP 	grating_S1_T5: phase = -1.0666666666666653
9.9771 	EXP 	grating_S1_T5: phase = -1.0749999999999986
9.9931 	EXP 	grating_S1_T5: phase = -1.083333333333332
10.0103 	EXP 	grating_S1_T5: phase = -1.0916666666666652
10.0271 	EXP 	grating_S1_T5: phase = -1.0999999999999985
10.0437 	EXP 	grating_S1_T5: phase = -1.1083333333333318
10.0603 	EXP 	grating_S1_T5: phase = -1.1166666666666651
10.0769 	EXP 	grating_S1_T5: phase = -1.1249999999999984
10.0935 	EXP 	grating_S1_T5: phase = -1.1333333333333317
10.1101 	EXP 	grating_S1_T5: phase = -1.141666666666665
10.1270 	EXP 	grating_S1_T5: phase = -1.1499999999999984
10.1434 	EXP 	grating_S1_T5: phase = -1.1583333333333317
10.1604 	EXP 	grating_S1_T5: phase = -1.166666666666665
10.1771 	EXP 	grating_S1_T5: phase = -1.1749999999999983
10.1942 	EXP 	grating_S1_T5: phase = -1.1833333333333316
10.2104 	EXP 	grating_S1_T5: phase = -1.1916666666666649
10.2271 	EXP 	grating_S1_T5: phase = -1.1999999999999982
10.2457 	EXP 	grating_S1_T5: phase = -1.2083333333333315
10.2603 	EXP 	grating_S1_T5: phase = -1.2166666666666648
10.2770 	EXP 	grating_S1_T5: phase = -1.224999999999998
10.2936 	EXP 	grating_S1_T5: phase = -1.2333333333333314
10.3104 	EXP 	grating_S1_T5: phase = -1.2416666666666647
10.3270 	EXP 	grating_S1_T5: phase = -1.249999999999998
10.3436 	EXP 	grating_S1_T5: phase = -1.2583333333333313
10.3604 	EXP 	grating_S1_T5: phase = -1.2666666666666646
10.3770 	EXP 	grating_S1_T5: phase = -1.274999999999998
10.3936 	EXP 	grating_S1_T5: phase = -1.2833333333333312
10.4104 	EXP 	grating_S1_T5: phase = -1.2916666666666645
10.4270 	EXP 	grating_S1_T5: phase = -1.2999999999999978
10.4436 	EXP 	grating_S1_T5: phase = -1.3083333333333311
10.4599 	EXP 	grating_S1_T5: phase = -1.3166666666666644
10.4769 	EXP 	grating_S1_T5: phase = -1.3249999999999977
10.4934 	EXP 	grating_S1_T5: phase = -1.333333333333331
10.5103 	EXP 	grating_S1_T5: phase = -1.3416666666666643
10.5271 	EXP 	grating_S1_T5: phase = -1.3499999999999976
10.5437 	EXP 	grating_S1_T5: phase = -1.358333333333331
10.5619 	EXP 	grating_S1_T5: phase = -1.3666666666666643
10.5771 	EXP 	grating_S1_T5: phase = -1.3749999999999976
10.5936 	EXP 	grating_S1_T5: phase = -1.3833333333333309
10.6104 	EXP 	grating_S1_T5: phase = -1.3916666666666642
10.6271 	EXP 	grating_S1_T5: phase = -1.3999999999999975
10.6435 	EXP 	grating_S1_T5: phase = -1.4083333333333308
10.6602 	EXP 	grating_S1_T5: phase = -1.416666666666664
10.6763 	EXP 	grating_S1_T5: phase = -1.4249999999999974
10.6801 	DATA 	Keypress: escape
10.9615 	EXP 	window1: mouseVisible = True
