6.2423 	WARNING 	User requested fullscreen with size [1024  768], but screen is actually [1920, 1080]. Using actual size
6.9881 	EXP 	Created window1 = Window(allowGUI=False, allowStencil=False, args=UNKNOWN, autoLog=True, bitsMode=UNKNOWN, blendMode='avg', color=array([0., 0., 0.]), colorSpace='rgb', fullscr=<method-wrapper '__getattribute__' of attributeSetter object at 0x12e82d898>, gamma=None, kwargs=UNKNOWN, lms=UNKNOWN, monitor=<psychopy.monitors.calibTools.Monitor object at 0x12df6fa90>, multiSample=False, name='window1', numSamples=2, pos=[0.0, 0.0], screen=0, size=array([1920, 1080]), stereo=False, units='height', useFBO=True, useRetina=False, viewOri=0.0, viewPos=None, viewScale=None, waitBlanking=True, winType='pyglet')
7.2383 	EXP 	Created grating_S1_T5 = GratingStim(__class__=<class 'psychopy.visual.grating.GratingStim'>, autoDraw=False, autoLog=True, blendmode='avg', color=array([1., 1., 1.]), colorSpace='rgb', contrast=1.0, depth=0.0, interpolate=True, mask='circle', maskParams=None, name='grating_S1_T5', opacity=1.0, ori=0.0, phase=array([0., 0.]), pos=array([0., 0.]), rgbPedestal=array([0., 0., 0.]), sf=array([0.6, 0.6]), size=array([7., 7.]), tex='sin', texRes=128, units='deg', win=Window(...))
7.2540 	EXP 	grating_S1_T5: phase = 0.0
7.2744 	EXP 	grating_S1_T5: phase = 0.0
7.2910 	EXP 	grating_S1_T5: phase = 0.0
7.3090 	EXP 	grating_S1_T5: phase = 0.0
7.3245 	EXP 	grating_S1_T5: phase = 0.0
7.3408 	EXP 	grating_S1_T5: phase = 0.0
7.3578 	EXP 	grating_S1_T5: phase = 0.0
7.3744 	EXP 	grating_S1_T5: phase = 0.0
7.3912 	EXP 	grating_S1_T5: phase = 0.0
7.4077 	EXP 	grating_S1_T5: phase = 0.0
7.4244 	EXP 	grating_S1_T5: phase = 0.0
7.4416 	EXP 	grating_S1_T5: phase = 0.0
7.4578 	EXP 	grating_S1_T5: phase = 0.0
7.4743 	EXP 	grating_S1_T5: phase = 0.0
7.4911 	EXP 	grating_S1_T5: phase = 0.0
7.5077 	EXP 	grating_S1_T5: phase = 0.0
7.5237 	EXP 	grating_S1_T5: phase = 0.0
7.5405 	EXP 	grating_S1_T5: phase = 0.0
7.5574 	EXP 	grating_S1_T5: phase = 0.0
7.5740 	EXP 	grating_S1_T5: phase = 0.0
7.5906 	EXP 	grating_S1_T5: phase = 0.0
7.6075 	EXP 	grating_S1_T5: phase = 0.0
7.6255 	EXP 	grating_S1_T5: phase = 0.0
7.6409 	EXP 	grating_S1_T5: phase = 0.0
7.6572 	EXP 	grating_S1_T5: phase = 0.0
7.6741 	EXP 	grating_S1_T5: phase = 0.0
7.6909 	EXP 	grating_S1_T5: phase = 0.0
7.7078 	EXP 	grating_S1_T5: phase = 0.0
7.7245 	EXP 	grating_S1_T5: phase = 0.0
7.7411 	EXP 	grating_S1_T5: phase = 0.0
7.7575 	EXP 	grating_S1_T5: phase = 0.0
7.7744 	EXP 	grating_S1_T5: phase = 0.0
7.7911 	EXP 	grating_S1_T5: phase = 0.0
7.8079 	EXP 	grating_S1_T5: phase = 0.0
7.8248 	EXP 	grating_S1_T5: phase = 0.0
7.8408 	EXP 	grating_S1_T5: phase = 0.0
7.8581 	EXP 	grating_S1_T5: phase = 0.0
7.8748 	EXP 	grating_S1_T5: phase = 0.0
7.8916 	EXP 	grating_S1_T5: phase = 0.0
7.9082 	EXP 	grating_S1_T5: phase = 0.0
7.9239 	EXP 	grating_S1_T5: phase = 0.0
7.9427 	EXP 	grating_S1_T5: phase = 0.0
7.9572 	EXP 	grating_S1_T5: phase = 0.0
7.9740 	EXP 	grating_S1_T5: phase = 0.0
7.9906 	EXP 	grating_S1_T5: phase = 0.0
8.0074 	EXP 	grating_S1_T5: phase = 0.0
8.0242 	EXP 	grating_S1_T5: phase = 0.0
8.0407 	EXP 	grating_S1_T5: phase = 0.0
8.0573 	EXP 	grating_S1_T5: phase = 0.0
8.0741 	EXP 	grating_S1_T5: phase = 0.0
8.0910 	EXP 	grating_S1_T5: phase = 0.0
8.1076 	EXP 	grating_S1_T5: phase = 0.0
8.1391 	EXP 	grating_S1_T5: phase = 0.0
8.1572 	EXP 	grating_S1_T5: phase = 0.0
8.1734 	EXP 	grating_S1_T5: phase = 0.0
8.1901 	EXP 	grating_S1_T5: phase = 0.0
8.2067 	EXP 	grating_S1_T5: phase = 0.0
8.2234 	EXP 	grating_S1_T5: phase = 0.0
8.2401 	EXP 	grating_S1_T5: phase = 0.0
8.2591 	EXP 	grating_S1_T5: phase = 0.0
8.2735 	EXP 	grating_S1_T5: phase = 0.0
8.2902 	EXP 	grating_S1_T5: phase = 0.0
8.3076 	EXP 	grating_S1_T5: phase = 0.0
8.3236 	EXP 	grating_S1_T5: phase = 0.0
8.3402 	EXP 	grating_S1_T5: phase = 0.0
8.3571 	EXP 	grating_S1_T5: phase = 0.0
8.3739 	EXP 	grating_S1_T5: phase = 0.0
8.3905 	EXP 	grating_S1_T5: phase = 0.0
8.4069 	EXP 	grating_S1_T5: phase = 0.0
8.4239 	EXP 	grating_S1_T5: phase = 0.0
8.4402 	EXP 	grating_S1_T5: phase = 0.0
8.4573 	EXP 	grating_S1_T5: phase = 0.0
8.4743 	EXP 	grating_S1_T5: phase = 0.0
8.4906 	EXP 	grating_S1_T5: phase = 0.0
8.5075 	EXP 	grating_S1_T5: phase = 0.0
8.5236 	EXP 	grating_S1_T5: phase = 0.0
8.5408 	EXP 	grating_S1_T5: phase = 0.0
8.5576 	EXP 	grating_S1_T5: phase = 0.0
8.5757 	EXP 	grating_S1_T5: phase = 0.0
8.5911 	EXP 	grating_S1_T5: phase = 0.0
8.6080 	EXP 	grating_S1_T5: phase = 0.0
8.6246 	EXP 	grating_S1_T5: phase = 0.0
8.6413 	EXP 	grating_S1_T5: phase = 0.0
8.6580 	EXP 	grating_S1_T5: phase = 0.0
8.6747 	EXP 	grating_S1_T5: phase = 0.0
8.6911 	EXP 	grating_S1_T5: phase = 0.0
8.7080 	EXP 	grating_S1_T5: phase = 0.0
8.7247 	EXP 	grating_S1_T5: phase = 0.0
8.7413 	EXP 	grating_S1_T5: phase = 0.0
8.7581 	EXP 	grating_S1_T5: phase = 0.0
8.7747 	EXP 	grating_S1_T5: phase = 0.0
8.7907 	EXP 	grating_S1_T5: phase = 0.0
8.8082 	EXP 	grating_S1_T5: phase = 0.0
8.8248 	EXP 	grating_S1_T5: phase = 0.0
8.8414 	EXP 	grating_S1_T5: phase = 0.0
8.8584 	EXP 	grating_S1_T5: phase = 0.0
8.8740 	EXP 	grating_S1_T5: phase = 0.0
8.8920 	EXP 	grating_S1_T5: phase = 0.0
8.9080 	EXP 	grating_S1_T5: phase = 0.0
8.9241 	EXP 	grating_S1_T5: phase = 0.0
8.9414 	EXP 	grating_S1_T5: phase = 0.0
8.9576 	EXP 	grating_S1_T5: phase = 0.0
8.9742 	EXP 	grating_S1_T5: phase = 0.0
8.9915 	EXP 	grating_S1_T5: phase = 0.0
9.0076 	EXP 	grating_S1_T5: phase = 0.0
9.0248 	EXP 	grating_S1_T5: phase = 0.0
9.0411 	EXP 	grating_S1_T5: phase = 0.0
9.0581 	EXP 	grating_S1_T5: phase = 0.0
9.0742 	EXP 	grating_S1_T5: phase = 0.0
9.0912 	EXP 	grating_S1_T5: phase = 0.0
9.1081 	EXP 	grating_S1_T5: phase = 0.0
9.1246 	EXP 	grating_S1_T5: phase = 0.0
9.1413 	EXP 	grating_S1_T5: phase = 0.0
9.1580 	EXP 	grating_S1_T5: phase = 0.0
9.1748 	EXP 	grating_S1_T5: phase = 0.0
9.1915 	EXP 	grating_S1_T5: phase = 0.0
9.2095 	EXP 	grating_S1_T5: phase = 0.0
9.2248 	EXP 	grating_S1_T5: phase = 0.0
9.2415 	EXP 	grating_S1_T5: phase = 0.0
9.2584 	EXP 	grating_S1_T5: phase = 0.0
9.2746 	EXP 	grating_S1_T5: phase = 0.0
9.2911 	EXP 	grating_S1_T5: phase = 0.0
9.3083 	EXP 	grating_S1_T5: phase = 0.0
9.3244 	EXP 	grating_S1_T5: phase = 0.0
9.3414 	EXP 	grating_S1_T5: phase = 0.0
9.3581 	EXP 	grating_S1_T5: phase = 0.0
9.3748 	EXP 	grating_S1_T5: phase = 0.0
9.3915 	EXP 	grating_S1_T5: phase = 0.0
9.4082 	EXP 	grating_S1_T5: phase = 0.0
9.4241 	EXP 	grating_S1_T5: phase = 0.0
9.4414 	EXP 	grating_S1_T5: phase = 0.0
9.4582 	EXP 	grating_S1_T5: phase = 0.0
9.4741 	EXP 	grating_S1_T5: phase = 0.0
9.4913 	EXP 	grating_S1_T5: phase = 0.0
9.5079 	EXP 	grating_S1_T5: phase = 0.0
9.5259 	EXP 	grating_S1_T5: phase = 0.0
9.5413 	EXP 	grating_S1_T5: phase = 0.0
9.5581 	EXP 	grating_S1_T5: phase = 0.0
9.5749 	EXP 	grating_S1_T5: phase = 0.0
9.5916 	EXP 	grating_S1_T5: phase = 0.0
9.6080 	EXP 	grating_S1_T5: phase = 0.0
9.6247 	EXP 	grating_S1_T5: phase = 0.0
9.6415 	EXP 	grating_S1_T5: phase = 0.0
9.6579 	EXP 	grating_S1_T5: phase = 0.0
9.6746 	EXP 	grating_S1_T5: phase = 0.0
9.6914 	EXP 	grating_S1_T5: phase = 0.0
9.7080 	EXP 	grating_S1_T5: phase = 0.0
9.7247 	EXP 	grating_S1_T5: phase = 0.0
9.7404 	EXP 	grating_S1_T5: phase = 0.0
9.7582 	EXP 	grating_S1_T5: phase = 0.0
9.7742 	EXP 	grating_S1_T5: phase = 0.0
9.7912 	EXP 	grating_S1_T5: phase = 0.0
9.8078 	EXP 	grating_S1_T5: phase = 0.0
9.8246 	EXP 	grating_S1_T5: phase = 0.0
9.8425 	EXP 	grating_S1_T5: phase = 0.0
9.8582 	EXP 	grating_S1_T5: phase = 0.0
9.8747 	EXP 	grating_S1_T5: phase = 0.0
9.8913 	EXP 	grating_S1_T5: phase = 0.0
9.9079 	EXP 	grating_S1_T5: phase = 0.0
9.9245 	EXP 	grating_S1_T5: phase = 0.0
9.9414 	EXP 	grating_S1_T5: phase = 0.0
9.9577 	EXP 	grating_S1_T5: phase = 0.0
9.9745 	EXP 	grating_S1_T5: phase = 0.0
9.9913 	EXP 	grating_S1_T5: phase = 0.0
10.0079 	EXP 	grating_S1_T5: phase = 0.0
10.0248 	EXP 	grating_S1_T5: phase = 0.0
10.0286 	DATA 	Keypress: escape
10.3240 	EXP 	window1: mouseVisible = True
7.7874 	WARNING 	User requested fullscreen with size [1024  768], but screen is actually [1920, 1080]. Using actual size
8.5116 	EXP 	Created window1 = Window(allowGUI=False, allowStencil=False, args=UNKNOWN, autoLog=True, bitsMode=UNKNOWN, blendMode='avg', color=array([0., 0., 0.]), colorSpace='rgb', fullscr=<method-wrapper '__getattribute__' of attributeSetter object at 0x12f32d898>, gamma=None, kwargs=UNKNOWN, lms=UNKNOWN, monitor=<psychopy.monitors.calibTools.Monitor object at 0x12f2ad5f8>, multiSample=False, name='window1', numSamples=2, pos=[0.0, 0.0], screen=0, size=array([1920, 1080]), stereo=False, units='height', useFBO=True, useRetina=False, viewOri=0.0, viewPos=None, viewScale=None, waitBlanking=True, winType='pyglet')
8.7524 	EXP 	Created grating_S1_T5 = GratingStim(__class__=<class 'psychopy.visual.grating.GratingStim'>, autoDraw=False, autoLog=True, blendmode='avg', color=array([1., 1., 1.]), colorSpace='rgb', contrast=1.0, depth=0.0, interpolate=True, mask='circle', maskParams=None, name='grating_S1_T5', opacity=1.0, ori=0.0, phase=array([0., 0.]), pos=array([0., 0.]), rgbPedestal=array([0., 0., 0.]), sf=array([0.6, 0.6]), size=array([7., 7.]), tex='sin', texRes=128, units='deg', win=Window(...))
8.7770 	EXP 	grating_S1_T5: phase = 0.0
8.7945 	EXP 	grating_S1_T5: phase = 0.0
8.8111 	EXP 	grating_S1_T5: phase = 0.0
8.8278 	EXP 	grating_S1_T5: phase = 0.0
8.8445 	EXP 	grating_S1_T5: phase = 0.0
8.8612 	EXP 	grating_S1_T5: phase = 0.0
8.8771 	EXP 	grating_S1_T5: phase = 0.0
8.8945 	EXP 	grating_S1_T5: phase = 0.0
8.9111 	EXP 	grating_S1_T5: phase = 0.0
8.9287 	EXP 	grating_S1_T5: phase = 0.0
8.9435 	EXP 	grating_S1_T5: phase = 0.0
8.9611 	EXP 	grating_S1_T5: phase = 0.0
8.9786 	EXP 	grating_S1_T5: phase = 0.0
8.9944 	EXP 	grating_S1_T5: phase = 0.0
9.0112 	EXP 	grating_S1_T5: phase = 0.0
9.0271 	EXP 	grating_S1_T5: phase = 0.0
9.0443 	EXP 	grating_S1_T5: phase = 0.0
9.0611 	EXP 	grating_S1_T5: phase = 0.0
9.0778 	EXP 	grating_S1_T5: phase = 0.0
9.0943 	EXP 	grating_S1_T5: phase = 0.0
9.1110 	EXP 	grating_S1_T5: phase = 0.0
9.1280 	EXP 	grating_S1_T5: phase = 0.0
9.1445 	EXP 	grating_S1_T5: phase = 0.0
9.1612 	EXP 	grating_S1_T5: phase = 0.0
9.1781 	EXP 	grating_S1_T5: phase = 0.0
9.1940 	EXP 	grating_S1_T5: phase = 0.0
9.2110 	EXP 	grating_S1_T5: phase = 0.0
9.2276 	EXP 	grating_S1_T5: phase = 0.0
9.2443 	EXP 	grating_S1_T5: phase = 0.0
9.2609 	EXP 	grating_S1_T5: phase = 0.0
9.2777 	EXP 	grating_S1_T5: phase = 0.5
9.2956 	EXP 	grating_S1_T5: phase = 0.5
9.3110 	EXP 	grating_S1_T5: phase = 0.5
9.3276 	EXP 	grating_S1_T5: phase = 0.5
9.3436 	EXP 	grating_S1_T5: phase = 0.5
9.3613 	EXP 	grating_S1_T5: phase = 0.5
9.3775 	EXP 	grating_S1_T5: phase = 0.5
9.3944 	EXP 	grating_S1_T5: phase = 0.5
9.4106 	EXP 	grating_S1_T5: phase = 0.5
9.4274 	EXP 	grating_S1_T5: phase = 0.5
9.4442 	EXP 	grating_S1_T5: phase = 0.5
9.4609 	EXP 	grating_S1_T5: phase = 0.5
9.4776 	EXP 	grating_S1_T5: phase = 0.5
9.4941 	EXP 	grating_S1_T5: phase = 0.5
9.5103 	EXP 	grating_S1_T5: phase = 0.5
9.5274 	EXP 	grating_S1_T5: phase = 0.5
9.5442 	EXP 	grating_S1_T5: phase = 0.5
9.5608 	EXP 	grating_S1_T5: phase = 0.5
9.5775 	EXP 	grating_S1_T5: phase = 0.5
9.5943 	EXP 	grating_S1_T5: phase = 0.5
9.6122 	EXP 	grating_S1_T5: phase = 0.5
9.6270 	EXP 	grating_S1_T5: phase = 0.5
9.6445 	EXP 	grating_S1_T5: phase = 0.5
9.6612 	EXP 	grating_S1_T5: phase = 0.5
9.6778 	EXP 	grating_S1_T5: phase = 0.5
9.6942 	EXP 	grating_S1_T5: phase = 0.5
9.7109 	EXP 	grating_S1_T5: phase = 0.5
9.7269 	EXP 	grating_S1_T5: phase = 0.5
9.7444 	EXP 	grating_S1_T5: phase = 0.5
9.7609 	EXP 	grating_S1_T5: phase = 0.5
9.7774 	EXP 	grating_S1_T5: phase = 0.0
9.7941 	EXP 	grating_S1_T5: phase = 0.0
9.8108 	EXP 	grating_S1_T5: phase = 0.0
9.8274 	EXP 	grating_S1_T5: phase = 0.0
9.8444 	EXP 	grating_S1_T5: phase = 0.0
9.8613 	EXP 	grating_S1_T5: phase = 0.0
9.8775 	EXP 	grating_S1_T5: phase = 0.0
9.8941 	EXP 	grating_S1_T5: phase = 0.0
9.9108 	EXP 	grating_S1_T5: phase = 0.0
9.9288 	EXP 	grating_S1_T5: phase = 0.0
9.9442 	EXP 	grating_S1_T5: phase = 0.0
9.9608 	EXP 	grating_S1_T5: phase = 0.0
9.9776 	EXP 	grating_S1_T5: phase = 0.0
9.9942 	EXP 	grating_S1_T5: phase = 0.0
10.0109 	EXP 	grating_S1_T5: phase = 0.0
10.0277 	EXP 	grating_S1_T5: phase = 0.0
10.0440 	EXP 	grating_S1_T5: phase = 0.0
10.0608 	EXP 	grating_S1_T5: phase = 0.0
10.0775 	EXP 	grating_S1_T5: phase = 0.0
10.0942 	EXP 	grating_S1_T5: phase = 0.0
10.1107 	EXP 	grating_S1_T5: phase = 0.0
10.1276 	EXP 	grating_S1_T5: phase = 0.0
10.1434 	EXP 	grating_S1_T5: phase = 0.0
10.1611 	EXP 	grating_S1_T5: phase = 0.0
10.1777 	EXP 	grating_S1_T5: phase = 0.0
10.1942 	EXP 	grating_S1_T5: phase = 0.0
10.2109 	EXP 	grating_S1_T5: phase = 0.0
10.2275 	EXP 	grating_S1_T5: phase = 0.0
10.2452 	EXP 	grating_S1_T5: phase = 0.0
10.2608 	EXP 	grating_S1_T5: phase = 0.0
10.2775 	EXP 	grating_S1_T5: phase = 0.5
10.2942 	EXP 	grating_S1_T5: phase = 0.5
10.3110 	EXP 	grating_S1_T5: phase = 0.5
10.3276 	EXP 	grating_S1_T5: phase = 0.5
10.3442 	EXP 	grating_S1_T5: phase = 0.5
10.3607 	EXP 	grating_S1_T5: phase = 0.5
10.3774 	EXP 	grating_S1_T5: phase = 0.5
10.3942 	EXP 	grating_S1_T5: phase = 0.5
10.4110 	EXP 	grating_S1_T5: phase = 0.5
10.4270 	EXP 	grating_S1_T5: phase = 0.5
10.4443 	EXP 	grating_S1_T5: phase = 0.5
10.4601 	EXP 	grating_S1_T5: phase = 0.5
10.4772 	EXP 	grating_S1_T5: phase = 0.5
10.4942 	EXP 	grating_S1_T5: phase = 0.5
10.5112 	EXP 	grating_S1_T5: phase = 0.5
10.5278 	EXP 	grating_S1_T5: phase = 0.5
10.5443 	EXP 	grating_S1_T5: phase = 0.5
10.5622 	EXP 	grating_S1_T5: phase = 0.5
10.5778 	EXP 	grating_S1_T5: phase = 0.5
10.5944 	EXP 	grating_S1_T5: phase = 0.5
10.6112 	EXP 	grating_S1_T5: phase = 0.5
10.6270 	EXP 	grating_S1_T5: phase = 0.5
10.6442 	EXP 	grating_S1_T5: phase = 0.5
10.6609 	EXP 	grating_S1_T5: phase = 0.5
10.6773 	EXP 	grating_S1_T5: phase = 0.5
10.6945 	EXP 	grating_S1_T5: phase = 0.5
10.7111 	EXP 	grating_S1_T5: phase = 0.5
10.7269 	EXP 	grating_S1_T5: phase = 0.5
10.7445 	EXP 	grating_S1_T5: phase = 0.5
10.7611 	EXP 	grating_S1_T5: phase = 0.5
10.7771 	EXP 	grating_S1_T5: phase = 0.0
10.7942 	EXP 	grating_S1_T5: phase = 0.0
10.8109 	EXP 	grating_S1_T5: phase = 0.0
10.8274 	EXP 	grating_S1_T5: phase = 0.0
10.8442 	EXP 	grating_S1_T5: phase = 0.0
10.8608 	EXP 	grating_S1_T5: phase = 0.0
10.8788 	EXP 	grating_S1_T5: phase = 0.0
10.8944 	EXP 	grating_S1_T5: phase = 0.0
10.9108 	EXP 	grating_S1_T5: phase = 0.0
10.9276 	EXP 	grating_S1_T5: phase = 0.0
10.9444 	EXP 	grating_S1_T5: phase = 0.0
10.9611 	EXP 	grating_S1_T5: phase = 0.0
10.9777 	EXP 	grating_S1_T5: phase = 0.0
10.9942 	EXP 	grating_S1_T5: phase = 0.0
11.0107 	EXP 	grating_S1_T5: phase = 0.0
11.0276 	EXP 	grating_S1_T5: phase = 0.0
11.0442 	EXP 	grating_S1_T5: phase = 0.0
11.0609 	EXP 	grating_S1_T5: phase = 0.0
11.0776 	EXP 	grating_S1_T5: phase = 0.0
11.0935 	EXP 	grating_S1_T5: phase = 0.0
11.1109 	EXP 	grating_S1_T5: phase = 0.0
11.1273 	EXP 	grating_S1_T5: phase = 0.0
11.1441 	EXP 	grating_S1_T5: phase = 0.0
11.1609 	EXP 	grating_S1_T5: phase = 0.0
11.1776 	EXP 	grating_S1_T5: phase = 0.0
11.1956 	EXP 	grating_S1_T5: phase = 0.0
11.2108 	EXP 	grating_S1_T5: phase = 0.0
11.2276 	EXP 	grating_S1_T5: phase = 0.0
11.2443 	EXP 	grating_S1_T5: phase = 0.0
11.2606 	EXP 	grating_S1_T5: phase = 0.0
11.2775 	EXP 	grating_S1_T5: phase = 0.5
11.2943 	EXP 	grating_S1_T5: phase = 0.5
11.3108 	EXP 	grating_S1_T5: phase = 0.5
11.3275 	EXP 	grating_S1_T5: phase = 0.5
11.3441 	EXP 	grating_S1_T5: phase = 0.5
11.3608 	EXP 	grating_S1_T5: phase = 0.5
11.3775 	EXP 	grating_S1_T5: phase = 0.5
11.3941 	EXP 	grating_S1_T5: phase = 0.5
11.4101 	EXP 	grating_S1_T5: phase = 0.5
11.4272 	EXP 	grating_S1_T5: phase = 0.5
11.4441 	EXP 	grating_S1_T5: phase = 0.5
11.4611 	EXP 	grating_S1_T5: phase = 0.5
11.4776 	EXP 	grating_S1_T5: phase = 0.5
11.4943 	EXP 	grating_S1_T5: phase = 0.5
11.5118 	EXP 	grating_S1_T5: phase = 0.5
11.5269 	EXP 	grating_S1_T5: phase = 0.5
11.5441 	EXP 	grating_S1_T5: phase = 0.5
11.5608 	EXP 	grating_S1_T5: phase = 0.5
11.5776 	EXP 	grating_S1_T5: phase = 0.5
11.5943 	EXP 	grating_S1_T5: phase = 0.5
11.6112 	EXP 	grating_S1_T5: phase = 0.5
11.6273 	EXP 	grating_S1_T5: phase = 0.5
11.6446 	EXP 	grating_S1_T5: phase = 0.5
11.6610 	EXP 	grating_S1_T5: phase = 0.5
11.6775 	EXP 	grating_S1_T5: phase = 0.5
11.6943 	EXP 	grating_S1_T5: phase = 0.5
11.7109 	EXP 	grating_S1_T5: phase = 0.5
11.7273 	EXP 	grating_S1_T5: phase = 0.5
11.7442 	EXP 	grating_S1_T5: phase = 0.5
11.7608 	EXP 	grating_S1_T5: phase = 0.5
11.7775 	EXP 	grating_S1_T5: phase = 0.0
11.7942 	EXP 	grating_S1_T5: phase = 0.0
11.8108 	EXP 	grating_S1_T5: phase = 0.0
11.8293 	EXP 	grating_S1_T5: phase = 0.0
11.8436 	EXP 	grating_S1_T5: phase = 0.0
11.8607 	EXP 	grating_S1_T5: phase = 0.0
11.8774 	EXP 	grating_S1_T5: phase = 0.0
11.8940 	EXP 	grating_S1_T5: phase = 0.0
11.9108 	EXP 	grating_S1_T5: phase = 0.0
11.9273 	EXP 	grating_S1_T5: phase = 0.0
11.9441 	EXP 	grating_S1_T5: phase = 0.0
11.9608 	EXP 	grating_S1_T5: phase = 0.0
11.9772 	EXP 	grating_S1_T5: phase = 0.0
11.9941 	EXP 	grating_S1_T5: phase = 0.0
12.0103 	EXP 	grating_S1_T5: phase = 0.0
12.0274 	EXP 	grating_S1_T5: phase = 0.0
12.0438 	EXP 	grating_S1_T5: phase = 0.0
12.0604 	EXP 	grating_S1_T5: phase = 0.0
12.0774 	EXP 	grating_S1_T5: phase = 0.0
12.0941 	EXP 	grating_S1_T5: phase = 0.0
12.1106 	EXP 	grating_S1_T5: phase = 0.0
12.1276 	EXP 	grating_S1_T5: phase = 0.0
12.1461 	EXP 	grating_S1_T5: phase = 0.0
12.1608 	EXP 	grating_S1_T5: phase = 0.0
12.1775 	EXP 	grating_S1_T5: phase = 0.0
12.1942 	EXP 	grating_S1_T5: phase = 0.0
12.2104 	EXP 	grating_S1_T5: phase = 0.0
12.2275 	EXP 	grating_S1_T5: phase = 0.0
12.2442 	EXP 	grating_S1_T5: phase = 0.0
12.2606 	EXP 	grating_S1_T5: phase = 0.0
12.2772 	EXP 	grating_S1_T5: phase = 0.5
12.2938 	EXP 	grating_S1_T5: phase = 0.5
12.3106 	EXP 	grating_S1_T5: phase = 0.5
12.3269 	EXP 	grating_S1_T5: phase = 0.5
12.3438 	EXP 	grating_S1_T5: phase = 0.5
12.3609 	EXP 	grating_S1_T5: phase = 0.5
12.3774 	EXP 	grating_S1_T5: phase = 0.5
12.3941 	EXP 	grating_S1_T5: phase = 0.5
12.4108 	EXP 	grating_S1_T5: phase = 0.5
12.4274 	EXP 	grating_S1_T5: phase = 0.5
12.4441 	EXP 	grating_S1_T5: phase = 0.5
12.4623 	EXP 	grating_S1_T5: phase = 0.5
12.4774 	EXP 	grating_S1_T5: phase = 0.5
12.4941 	EXP 	grating_S1_T5: phase = 0.5
12.5107 	EXP 	grating_S1_T5: phase = 0.5
12.5274 	EXP 	grating_S1_T5: phase = 0.5
12.5442 	EXP 	grating_S1_T5: phase = 0.5
12.5608 	EXP 	grating_S1_T5: phase = 0.5
12.5776 	EXP 	grating_S1_T5: phase = 0.5
12.5941 	EXP 	grating_S1_T5: phase = 0.5
12.6108 	EXP 	grating_S1_T5: phase = 0.5
12.6274 	EXP 	grating_S1_T5: phase = 0.5
12.6441 	EXP 	grating_S1_T5: phase = 0.5
12.6608 	EXP 	grating_S1_T5: phase = 0.5
12.6770 	EXP 	grating_S1_T5: phase = 0.5
12.6938 	EXP 	grating_S1_T5: phase = 0.5
12.7104 	EXP 	grating_S1_T5: phase = 0.5
12.7272 	EXP 	grating_S1_T5: phase = 0.5
12.7439 	EXP 	grating_S1_T5: phase = 0.5
12.7606 	EXP 	grating_S1_T5: phase = 0.5
12.7785 	EXP 	grating_S1_T5: phase = 0.0
12.7942 	EXP 	grating_S1_T5: phase = 0.0
12.8108 	EXP 	grating_S1_T5: phase = 0.0
12.8273 	EXP 	grating_S1_T5: phase = 0.0
12.8441 	EXP 	grating_S1_T5: phase = 0.0
12.8608 	EXP 	grating_S1_T5: phase = 0.0
12.8774 	EXP 	grating_S1_T5: phase = 0.0
12.8941 	EXP 	grating_S1_T5: phase = 0.0
12.9108 	EXP 	grating_S1_T5: phase = 0.0
12.9274 	EXP 	grating_S1_T5: phase = 0.0
12.9441 	EXP 	grating_S1_T5: phase = 0.0
12.9608 	EXP 	grating_S1_T5: phase = 0.0
12.9775 	EXP 	grating_S1_T5: phase = 0.0
12.9939 	EXP 	grating_S1_T5: phase = 0.0
13.0108 	EXP 	grating_S1_T5: phase = 0.0
13.0274 	EXP 	grating_S1_T5: phase = 0.0
13.0441 	EXP 	grating_S1_T5: phase = 0.0
13.0608 	EXP 	grating_S1_T5: phase = 0.0
13.0772 	EXP 	grating_S1_T5: phase = 0.0
13.0951 	EXP 	grating_S1_T5: phase = 0.0
13.1105 	EXP 	grating_S1_T5: phase = 0.0
13.1269 	EXP 	grating_S1_T5: phase = 0.0
13.1438 	EXP 	grating_S1_T5: phase = 0.0
13.1607 	EXP 	grating_S1_T5: phase = 0.0
13.1773 	EXP 	grating_S1_T5: phase = 0.0
13.1941 	EXP 	grating_S1_T5: phase = 0.0
13.2105 	EXP 	grating_S1_T5: phase = 0.0
13.2274 	EXP 	grating_S1_T5: phase = 0.0
13.2441 	EXP 	grating_S1_T5: phase = 0.0
13.2608 	EXP 	grating_S1_T5: phase = 0.0
13.2775 	EXP 	grating_S1_T5: phase = 0.5
13.2940 	EXP 	grating_S1_T5: phase = 0.5
13.3099 	EXP 	grating_S1_T5: phase = 0.5
13.3275 	EXP 	grating_S1_T5: phase = 0.5
13.3441 	EXP 	grating_S1_T5: phase = 0.5
13.3609 	EXP 	grating_S1_T5: phase = 0.5
13.3774 	EXP 	grating_S1_T5: phase = 0.5
13.3942 	EXP 	grating_S1_T5: phase = 0.5
13.4113 	EXP 	grating_S1_T5: phase = 0.5
13.4268 	EXP 	grating_S1_T5: phase = 0.5
13.4436 	EXP 	grating_S1_T5: phase = 0.5
13.4610 	EXP 	grating_S1_T5: phase = 0.5
13.4772 	EXP 	grating_S1_T5: phase = 0.5
13.4937 	EXP 	grating_S1_T5: phase = 0.5
13.5112 	EXP 	grating_S1_T5: phase = 0.5
13.5275 	EXP 	grating_S1_T5: phase = 0.5
13.5437 	EXP 	grating_S1_T5: phase = 0.5
13.5617 	EXP 	grating_S1_T5: phase = 0.5
13.5775 	EXP 	grating_S1_T5: phase = 0.5
13.6013 	DATA 	Keypress: escape
13.8809 	EXP 	window1: mouseVisible = True
