10.1881 	WARNING 	User requested fullscreen with size [1024  768], but screen is actually [1920, 1080]. Using actual size
10.9220 	EXP 	Created window1 = Window(allowGUI=False, allowStencil=False, args=UNKNOWN, autoLog=True, bitsMode=UNKNOWN, blendMode='avg', color=array([0., 0., 0.]), colorSpace='rgb', fullscr=<method-wrapper '__getattribute__' of attributeSetter object at 0x12d5ce828>, gamma=None, kwargs=UNKNOWN, lms=UNKNOWN, monitor=<psychopy.monitors.calibTools.Monitor object at 0x12fdb25c0>, multiSample=False, name='window1', numSamples=2, pos=[0.0, 0.0], screen=0, size=array([1920, 1080]), stereo=False, units='height', useFBO=True, useRetina=False, viewOri=0.0, viewPos=None, viewScale=None, waitBlanking=True, winType='pyglet')
10.9220 	EXP 	window1: recordFrameIntervals = False
11.0879 	EXP 	window1: recordFrameIntervals = True
11.2717 	EXP 	window1: recordFrameIntervals = False
11.5006 	EXP 	Created grating_S1_T5 = GratingStim(__class__=<class 'psychopy.visual.grating.GratingStim'>, autoDraw=False, autoLog=True, blendmode='avg', color=array([1., 1., 1.]), colorSpace='rgb', contrast=1.0, depth=0.0, interpolate=True, mask='circle', maskParams=None, name='grating_S1_T5', opacity=1.0, ori=0.0, phase=array([0., 0.]), pos=array([0., 0.]), rgbPedestal=array([0., 0., 0.]), sf=array([0.6, 0.6]), size=array([3.5, 3.5]), tex='sin', texRes=128, units='deg', win=Window(...))
11.5203 	EXP 	grating_S1_T5: phase = 1.0575997293926775e-05
11.5371 	EXP 	grating_S1_T5: phase = 0.04019690999848535
11.5543 	EXP 	grating_S1_T5: phase = 0.0738534299962339
11.5710 	EXP 	grating_S1_T5: phase = 0.10818916999414796
11.5876 	EXP 	grating_S1_T5: phase = 0.14151857799879508
11.6042 	EXP 	grating_S1_T5: phase = 0.17476524799712934
11.6210 	EXP 	grating_S1_T5: phase = 0.20804723399487557
11.6377 	EXP 	grating_S1_T5: phase = 0.24159301599866012
11.6542 	EXP 	grating_S1_T5: phase = 0.2752557319981861
11.6709 	EXP 	grating_S1_T5: phase = 0.3080382299958728
11.6876 	EXP 	grating_S1_T5: phase = 0.3425975279969862
11.7042 	EXP 	grating_S1_T5: phase = 0.3750489019948873
11.7214 	EXP 	grating_S1_T5: phase = 0.40849701799743343
11.7377 	EXP 	grating_S1_T5: phase = 0.44284568799776025
11.7535 	EXP 	grating_S1_T5: phase = 0.47635588599951006
11.7709 	EXP 	grating_S1_T5: phase = 0.5067315779961064
11.7876 	EXP 	grating_S1_T5: phase = 0.5414527299944893
11.8043 	EXP 	grating_S1_T5: phase = 0.5746714479973889
11.8209 	EXP 	grating_S1_T5: phase = 0.608030917996075
11.8375 	EXP 	grating_S1_T5: phase = 0.6415077819983708
11.8540 	EXP 	grating_S1_T5: phase = 0.6746312899995246
11.8707 	EXP 	grating_S1_T5: phase = 0.7076104879961349
11.8875 	EXP 	grating_S1_T5: phase = 0.7409939479985042
11.9042 	EXP 	grating_S1_T5: phase = 0.7745122079941211
11.9207 	EXP 	grating_S1_T5: phase = 0.8079052299945033
11.9375 	EXP 	grating_S1_T5: phase = 0.8409047059976729
11.9542 	EXP 	grating_S1_T5: phase = 0.8749809719956829
11.9708 	EXP 	grating_S1_T5: phase = 0.908016671994119
11.9876 	EXP 	grating_S1_T5: phase = 0.941168621997349
12.0043 	EXP 	grating_S1_T5: phase = 0.9747766500004218
12.0204 	EXP 	grating_S1_T5: phase = 0.008427203996689059
12.0376 	EXP 	grating_S1_T5: phase = 0.040350700000999495
12.0544 	EXP 	grating_S1_T5: phase = 0.07507842400082154
12.0709 	EXP 	grating_S1_T5: phase = 0.10889446999499341
12.0871 	EXP 	grating_S1_T5: phase = 0.14184751799621154
12.1043 	EXP 	grating_S1_T5: phase = 0.17398519999551354
12.1210 	EXP 	grating_S1_T5: phase = 0.2087077579999459
12.1369 	EXP 	grating_S1_T5: phase = 0.24215682000067318
12.1544 	EXP 	grating_S1_T5: phase = 0.2733629879949149
12.1712 	EXP 	grating_S1_T5: phase = 0.30842418399697635
12.1873 	EXP 	grating_S1_T5: phase = 0.34187870399910025
12.2042 	EXP 	grating_S1_T5: phase = 0.37433531399437925
12.2210 	EXP 	grating_S1_T5: phase = 0.40814623599726474
12.2375 	EXP 	grating_S1_T5: phase = 0.4416686699987622
12.2542 	EXP 	grating_S1_T5: phase = 0.47467683799914084
12.2720 	EXP 	grating_S1_T5: phase = 0.5080610719960532
12.2876 	EXP 	grating_S1_T5: phase = 0.5436651899944991
12.3042 	EXP 	grating_S1_T5: phase = 0.5748315359960543
12.3209 	EXP 	grating_S1_T5: phase = 0.6081233980003162
12.3378 	EXP 	grating_S1_T5: phase = 0.6415783919946989
12.3543 	EXP 	grating_S1_T5: phase = 0.6753327139958856
12.3708 	EXP 	grating_S1_T5: phase = 0.7081791659948067
12.3876 	EXP 	grating_S1_T5: phase = 0.7421424079948338
12.4042 	EXP 	grating_S1_T5: phase = 0.7748442279989831
12.4210 	EXP 	grating_S1_T5: phase = 0.808400639994943
12.4379 	EXP 	grating_S1_T5: phase = 0.8421641799941426
12.4543 	EXP 	grating_S1_T5: phase = 0.8758664099950693
12.4710 	EXP 	grating_S1_T5: phase = 0.9082487899941043
12.4878 	EXP 	grating_S1_T5: phase = 0.9415793000007397
12.5043 	EXP 	grating_S1_T5: phase = 0.9752482039984898
12.5211 	EXP 	grating_S1_T5: phase = 0.008459889999357983
12.5369 	EXP 	grating_S1_T5: phase = 0.04180980999808526
12.5545 	EXP 	grating_S1_T5: phase = 0.07342973799677566
12.5710 	EXP 	grating_S1_T5: phase = 0.10869007799919927
12.5889 	EXP 	grating_S1_T5: phase = 0.1416778519997024
12.6042 	EXP 	grating_S1_T5: phase = 0.17730186399421655
12.6208 	EXP 	grating_S1_T5: phase = 0.20789451399468817
12.6375 	EXP 	grating_S1_T5: phase = 0.24121534399455413
12.6542 	EXP 	grating_S1_T5: phase = 0.2746693199951551
12.6708 	EXP 	grating_S1_T5: phase = 0.30796187200030545
12.6876 	EXP 	grating_S1_T5: phase = 0.34127031399839325
12.7041 	EXP 	grating_S1_T5: phase = 0.3754185059951851
12.7207 	EXP 	grating_S1_T5: phase = 0.4078656999990926
12.7375 	EXP 	grating_S1_T5: phase = 0.441113149994635
12.7543 	EXP 	grating_S1_T5: phase = 0.47458487399853766
12.7710 	EXP 	grating_S1_T5: phase = 0.5082412400006433
12.7876 	EXP 	grating_S1_T5: phase = 0.5416331879969221
12.8036 	EXP 	grating_S1_T5: phase = 0.5749579639959848
12.8209 	EXP 	grating_S1_T5: phase = 0.6068736640008865
12.8376 	EXP 	grating_S1_T5: phase = 0.641425406000053
12.8544 	EXP 	grating_S1_T5: phase = 0.6747495719973813
12.8710 	EXP 	grating_S1_T5: phase = 0.7084508419939084
12.8876 	EXP 	grating_S1_T5: phase = 0.7416397319975658
12.9055 	EXP 	grating_S1_T5: phase = 0.7749579480005195
12.9211 	EXP 	grating_S1_T5: phase = 0.8106748939972022
12.9375 	EXP 	grating_S1_T5: phase = 0.8419490419983049
12.9544 	EXP 	grating_S1_T5: phase = 0.8747698000006494
12.9714 	EXP 	grating_S1_T5: phase = 0.9084616239997558
12.9886 	EXP 	grating_S1_T5: phase = 0.9433155879960395
13.0041 	EXP 	grating_S1_T5: phase = 0.977000645994849
13.0210 	EXP 	grating_S1_T5: phase = 0.008379453996894881
13.0374 	EXP 	grating_S1_T5: phase = 0.04166730799624929
13.0542 	EXP 	grating_S1_T5: phase = 0.0744532979952055
13.0717 	EXP 	grating_S1_T5: phase = 0.10798167000029935
13.0874 	EXP 	grating_S1_T5: phase = 0.143697813997278
13.1047 	EXP 	grating_S1_T5: phase = 0.17474643999594264
13.1217 	EXP 	grating_S1_T5: phase = 0.20949224200012395
13.1377 	EXP 	grating_S1_T5: phase = 0.24303228200005833
13.1548 	EXP 	grating_S1_T5: phase = 0.2751887159975013
13.1712 	EXP 	grating_S1_T5: phase = 0.3093823339950177
13.1881 	EXP 	grating_S1_T5: phase = 0.34223576999647776
13.2049 	EXP 	grating_S1_T5: phase = 0.37593047200061847
13.2232 	EXP 	grating_S1_T5: phase = 0.41001492199575296
13.2376 	EXP 	grating_S1_T5: phase = 0.44591650199436117
13.2542 	EXP 	grating_S1_T5: phase = 0.47514915999636287
13.2713 	EXP 	grating_S1_T5: phase = 0.5081650479987729
13.2881 	EXP 	grating_S1_T5: phase = 0.5424559879975277
13.3039 	EXP 	grating_S1_T5: phase = 0.5759991919985623
13.3208 	EXP 	grating_S1_T5: phase = 0.6075511379967793
13.3375 	EXP 	grating_S1_T5: phase = 0.6419727399988915
13.3542 	EXP 	grating_S1_T5: phase = 0.6745242139950278
13.3709 	EXP 	grating_S1_T5: phase = 0.7078824159980286
13.3876 	EXP 	grating_S1_T5: phase = 0.7414096939974115
13.4043 	EXP 	grating_S1_T5: phase = 0.7746512279991293
13.4209 	EXP 	grating_S1_T5: phase = 0.8081623079997371
13.4370 	EXP 	grating_S1_T5: phase = 0.8415830879966961
13.4541 	EXP 	grating_S1_T5: phase = 0.8735267459996976
13.4708 	EXP 	grating_S1_T5: phase = 0.9078883819965995
13.4875 	EXP 	grating_S1_T5: phase = 0.9412725199945271
13.5043 	EXP 	grating_S1_T5: phase = 0.9745736599943484
13.5209 	EXP 	grating_S1_T5: phase = 0.00810374399588909
13.5391 	EXP 	grating_S1_T5: phase = 0.041478323997580446
13.5539 	EXP 	grating_S1_T5: phase = 0.07818219799810322
13.5713 	EXP 	grating_S1_T5: phase = 0.1074254459963413
13.5885 	EXP 	grating_S1_T5: phase = 0.14251689999946393
13.6046 	EXP 	grating_S1_T5: phase = 0.1769609879993368
13.6217 	EXP 	grating_S1_T5: phase = 0.20903174599516205
13.6381 	EXP 	grating_S1_T5: phase = 0.24316615199495573
13.6542 	EXP 	grating_S1_T5: phase = 0.27776621600060025
13.6714 	EXP 	grating_S1_T5: phase = 0.3079307499938295
13.6879 	EXP 	grating_S1_T5: phase = 0.342956709995633
13.7049 	EXP 	grating_S1_T5: phase = 0.37625457999820355
13.7216 	EXP 	grating_S1_T5: phase = 0.40969418799795676
13.7380 	EXP 	grating_S1_T5: phase = 0.44292032399971504
13.7548 	EXP 	grating_S1_T5: phase = 0.4755373759981012
13.7709 	EXP 	grating_S1_T5: phase = 0.5097899859974859
13.7879 	EXP 	grating_S1_T5: phase = 0.5415436260009301
13.8049 	EXP 	grating_S1_T5: phase = 0.575408331998915
13.8215 	EXP 	grating_S1_T5: phase = 0.6099195719943964
13.8382 	EXP 	grating_S1_T5: phase = 0.6428867479990004
13.8573 	EXP 	grating_S1_T5: phase = 0.6760633279991453
13.8712 	EXP 	grating_S1_T5: phase = 0.7148330619966146
13.8878 	EXP 	grating_S1_T5: phase = 0.7421327299962286
13.9041 	EXP 	grating_S1_T5: phase = 0.7751942639952176
13.9208 	EXP 	grating_S1_T5: phase = 0.8078725239975029
13.9374 	EXP 	grating_S1_T5: phase = 0.841263207999873
13.9544 	EXP 	grating_S1_T5: phase = 0.8745004539960064
13.9707 	EXP 	grating_S1_T5: phase = 0.9085815459984588
13.9874 	EXP 	grating_S1_T5: phase = 0.940939095999056
14.0043 	EXP 	grating_S1_T5: phase = 0.9744056099953013
14.0208 	EXP 	grating_S1_T5: phase = 0.00827472799574025
14.0374 	EXP 	grating_S1_T5: phase = 0.04117430999758653
14.0542 	EXP 	grating_S1_T5: phase = 0.07451565399969695
14.0704 	EXP 	grating_S1_T5: phase = 0.10796229399420554
14.0874 	EXP 	grating_S1_T5: phase = 0.14025166200008243
14.1041 	EXP 	grating_S1_T5: phase = 0.17431364799995208
14.1205 	EXP 	grating_S1_T5: phase = 0.20782266999594867
14.1373 	EXP 	grating_S1_T5: phase = 0.24061884799448308
14.1541 	EXP 	grating_S1_T5: phase = 0.2742542880005203
14.1723 	EXP 	grating_S1_T5: phase = 0.3078141299993149
14.1870 	EXP 	grating_S1_T5: phase = 0.34406684399436926
14.2039 	EXP 	grating_S1_T5: phase = 0.3735794139938662
14.2207 	EXP 	grating_S1_T5: phase = 0.40751314199587796
14.2376 	EXP 	grating_S1_T5: phase = 0.44112070799747016
14.2542 	EXP 	grating_S1_T5: phase = 0.4749951859994326
14.2705 	EXP 	grating_S1_T5: phase = 0.5083253959965077
14.2875 	EXP 	grating_S1_T5: phase = 0.5408251879998716
14.3042 	EXP 	grating_S1_T5: phase = 0.5747177179946448
14.3210 	EXP 	grating_S1_T5: phase = 0.6079819519945886
14.3375 	EXP 	grating_S1_T5: phase = 0.6416409679950448
14.3541 	EXP 	grating_S1_T5: phase = 0.6746102299948689
14.3704 	EXP 	grating_S1_T5: phase = 0.7078073679949739
14.3874 	EXP 	grating_S1_T5: phase = 0.7403327539941529
14.4042 	EXP 	grating_S1_T5: phase = 0.7743406499939738
14.4208 	EXP 	grating_S1_T5: phase = 0.8079443019960308
14.4375 	EXP 	grating_S1_T5: phase = 0.8417983019971871
14.4543 	EXP 	grating_S1_T5: phase = 0.8746642539990717
14.4708 	EXP 	grating_S1_T5: phase = 0.9081801459979033
14.4878 	EXP 	grating_S1_T5: phase = 0.9411760679940926
14.5043 	EXP 	grating_S1_T5: phase = 0.975199328000599
14.5209 	EXP 	grating_S1_T5: phase = 0.008194877998903394
14.5385 	EXP 	grating_S1_T5: phase = 0.04144070400070632
14.5547 	EXP 	grating_S1_T5: phase = 0.077049243998772
14.5714 	EXP 	grating_S1_T5: phase = 0.10936679400037974
14.5880 	EXP 	grating_S1_T5: phase = 0.14278945599653525
14.6047 	EXP 	grating_S1_T5: phase = 0.17682997199881356
14.6212 	EXP 	grating_S1_T5: phase = 0.2092765839988715
14.6386 	EXP 	grating_S1_T5: phase = 0.2424715439992724
14.6543 	EXP 	grating_S1_T5: phase = 0.27707693800039124
14.6710 	EXP 	grating_S1_T5: phase = 0.30809704999410314
14.6870 	EXP 	grating_S1_T5: phase = 0.3417634299985366
14.7047 	EXP 	grating_S1_T5: phase = 0.3737531019942253
14.7220 	EXP 	grating_S1_T5: phase = 0.4094110619989806
14.7381 	EXP 	grating_S1_T5: phase = 0.44374943200091366
14.7544 	EXP 	grating_S1_T5: phase = 0.47618676599813625
14.7718 	EXP 	grating_S1_T5: phase = 0.508385183995415
14.7882 	EXP 	grating_S1_T5: phase = 0.544866254000226
14.8060 	EXP 	grating_S1_T5: phase = 0.5762550899962662
14.8219 	EXP 	grating_S1_T5: phase = 0.6119507879993762
14.8372 	EXP 	grating_S1_T5: phase = 0.6440837299960549
14.8542 	EXP 	grating_S1_T5: phase = 0.6739112279974506
14.8710 	EXP 	grating_S1_T5: phase = 0.7078842240007361
14.8881 	EXP 	grating_S1_T5: phase = 0.7417122240003664
14.9038 	EXP 	grating_S1_T5: phase = 0.7762164300002041
14.9213 	EXP 	grating_S1_T5: phase = 0.8076517339941347
14.9386 	EXP 	grating_S1_T5: phase = 0.8424024939959054
14.9544 	EXP 	grating_S1_T5: phase = 0.8771033259981778
14.9716 	EXP 	grating_S1_T5: phase = 0.9086730759954662
14.9872 	EXP 	grating_S1_T5: phase = 0.9431481020001229
15.0043 	EXP 	grating_S1_T5: phase = 0.9741645100002643
15.0213 	EXP 	grating_S1_T5: phase = 0.008880096000211779
15.0371 	EXP 	grating_S1_T5: phase = 0.04217819999757921
15.0555 	EXP 	grating_S1_T5: phase = 0.07388708600046812
15.0709 	EXP 	grating_S1_T5: phase = 0.1108925679945969
15.0877 	EXP 	grating_S1_T5: phase = 0.14174024399835616
15.1044 	EXP 	grating_S1_T5: phase = 0.1753045959994779
15.1236 	EXP 	grating_S1_T5: phase = 0.2087728439946659
15.1380 	EXP 	grating_S1_T5: phase = 0.24721303199476097
15.1549 	EXP 	grating_S1_T5: phase = 0.27583738599787466
15.1718 	EXP 	grating_S1_T5: phase = 0.30979537600069307
15.1878 	EXP 	grating_S1_T5: phase = 0.34348553999734577
15.2046 	EXP 	grating_S1_T5: phase = 0.3755618479990517
15.2214 	EXP 	grating_S1_T5: phase = 0.40937465399474604
15.2378 	EXP 	grating_S1_T5: phase = 0.4434193339984631
15.2549 	EXP 	grating_S1_T5: phase = 0.47558973799459636
15.2708 	EXP 	grating_S1_T5: phase = 0.509699151996756
15.2879 	EXP 	grating_S1_T5: phase = 0.5418261859958875
15.3041 	EXP 	grating_S1_T5: phase = 0.5764763179977308
15.3217 	EXP 	grating_S1_T5: phase = 0.6081270139984554
15.3517 	EXP 	grating_S1_T5: phase = 0.6434252100007143
15.3712 	EXP 	grating_S1_T5: phase = 0.7039171759970486
15.3881 	EXP 	grating_S1_T5: phase = 0.7425240999946254
15.4047 	EXP 	grating_S1_T5: phase = 0.7769679159973748
15.4219 	EXP 	grating_S1_T5: phase = 0.8094957939974847
15.4411 	EXP 	grating_S1_T5: phase = 0.8446472520008683
15.4550 	EXP 	grating_S1_T5: phase = 0.8822019660001388
15.4712 	EXP 	grating_S1_T5: phase = 0.9100340879958821
15.4885 	EXP 	grating_S1_T5: phase = 0.9425299340000493
15.5048 	EXP 	grating_S1_T5: phase = 0.9769150119973347
15.5219 	EXP 	grating_S1_T5: phase = 0.009609419998014346
15.5382 	EXP 	grating_S1_T5: phase = 0.04355181599385105
15.5547 	EXP 	grating_S1_T5: phase = 0.07716671999514801
15.5716 	EXP 	grating_S1_T5: phase = 0.10935827999492176
15.5875 	EXP 	grating_S1_T5: phase = 0.14334770599816693
15.6048 	EXP 	grating_S1_T5: phase = 0.17473025799699826
15.6215 	EXP 	grating_S1_T5: phase = 0.20967778799968073
15.6385 	EXP 	grating_S1_T5: phase = 0.24294080199615564
15.6541 	EXP 	grating_S1_T5: phase = 0.27721174199541565
15.6706 	EXP 	grating_S1_T5: phase = 0.3080150079986197
15.6875 	EXP 	grating_S1_T5: phase = 0.3407814599995618
15.7043 	EXP 	grating_S1_T5: phase = 0.3745271019943175
15.7212 	EXP 	grating_S1_T5: phase = 0.40815584599477006
15.7373 	EXP 	grating_S1_T5: phase = 0.44227196999418084
15.7588 	EXP 	grating_S1_T5: phase = 0.4740793940000003
15.7718 	EXP 	grating_S1_T5: phase = 0.5176792159982142
15.7883 	EXP 	grating_S1_T5: phase = 0.5432508559970302
15.8049 	EXP 	grating_S1_T5: phase = 0.5767872139986139
15.8222 	EXP 	grating_S1_T5: phase = 0.6097797339971294
15.8377 	EXP 	grating_S1_T5: phase = 0.6446939679954085
15.8542 	EXP 	grating_S1_T5: phase = 0.6751174079981865
15.8718 	EXP 	grating_S1_T5: phase = 0.7094048039944028
15.8880 	EXP 	grating_S1_T5: phase = 0.743566347999149
15.9047 	EXP 	grating_S1_T5: phase = 0.7759345779995783
15.9212 	EXP 	grating_S1_T5: phase = 0.809426847998111
15.9376 	EXP 	grating_S1_T5: phase = 0.8423205819999566
15.9552 	EXP 	grating_S1_T5: phase = 0.8751632559942664
15.9861 	EXP 	grating_S1_T5: phase = 0.9104762319984729
16.0049 	EXP 	grating_S1_T5: phase = 0.972231911997369
16.0215 	EXP 	grating_S1_T5: phase = 0.009976847999496385
16.0366 	EXP 	grating_S1_T5: phase = 0.04289725199487293
16.0543 	EXP 	grating_S1_T5: phase = 0.07277144999534357
16.0738 	EXP 	grating_S1_T5: phase = 0.10853135000070324
16.1026 	EXP 	grating_S1_T5: phase = 0.14753068599384278
16.1213 	EXP 	grating_S1_T5: phase = 0.20526784200046677
16.1381 	EXP 	grating_S1_T5: phase = 0.2425272219988983
16.1537 	EXP 	grating_S1_T5: phase = 0.2759460679953918
16.1711 	EXP 	grating_S1_T5: phase = 0.30730843399942387
16.1872 	EXP 	grating_S1_T5: phase = 0.34234988399839494
16.2047 	EXP 	grating_S1_T5: phase = 0.3742028720007511
16.2206 	EXP 	grating_S1_T5: phase = 0.40945711599488277
16.2375 	EXP 	grating_S1_T5: phase = 0.4409684079946601
16.2540 	EXP 	grating_S1_T5: phase = 0.47520775399607373
16.2867 	EXP 	grating_S1_T5: phase = 0.5080296899977839
16.3043 	EXP 	grating_S1_T5: phase = 0.5735922620006022
16.3210 	EXP 	grating_S1_T5: phase = 0.6087543280009413
16.3380 	EXP 	grating_S1_T5: phase = 0.6420431559963617
16.3537 	EXP 	grating_S1_T5: phase = 0.6763528219962609
16.3714 	EXP 	grating_S1_T5: phase = 0.7073709600008442
16.3901 	EXP 	grating_S1_T5: phase = 0.7431426119946991
16.4045 	EXP 	grating_S1_T5: phase = 0.7800411619973602
16.4210 	EXP 	grating_S1_T5: phase = 0.8089379359953455
16.4384 	EXP 	grating_S1_T5: phase = 0.8421471939946059
16.4541 	EXP 	grating_S1_T5: phase = 0.8768098039945471
16.4712 	EXP 	grating_S1_T5: phase = 0.9081137440007296
16.4872 	EXP 	grating_S1_T5: phase = 0.9424685039994074
16.5045 	EXP 	grating_S1_T5: phase = 0.9746847719943617
16.5212 	EXP 	grating_S1_T5: phase = 0.008813193999230862
16.5384 	EXP 	grating_S1_T5: phase = 0.0425237780000316
16.5553 	EXP 	grating_S1_T5: phase = 0.07739237399800913
16.5714 	EXP 	grating_S1_T5: phase = 0.1108783419986139
16.5887 	EXP 	grating_S1_T5: phase = 0.142741653995472
16.6217 	EXP 	grating_S1_T5: phase = 0.17755268800101476
16.6384 	EXP 	grating_S1_T5: phase = 0.24379172799672233
16.6553 	EXP 	grating_S1_T5: phase = 0.2769413919959334
16.6717 	EXP 	grating_S1_T5: phase = 0.31080109599861316
16.6881 	EXP 	grating_S1_T5: phase = 0.3434194139990723
16.7089 	EXP 	grating_S1_T5: phase = 0.3764392119992408
16.7220 	EXP 	grating_S1_T5: phase = 0.4178635099960957
16.7386 	EXP 	grating_S1_T5: phase = 0.4443661319965031
16.7556 	EXP 	grating_S1_T5: phase = 0.4772959619949688
16.7716 	EXP 	grating_S1_T5: phase = 0.5111045239973464
16.7890 	EXP 	grating_S1_T5: phase = 0.5431038999959128
16.8048 	EXP 	grating_S1_T5: phase = 0.5780299219986773
16.8220 	EXP 	grating_S1_T5: phase = 0.6108773759988253
16.8387 	EXP 	grating_S1_T5: phase = 0.6439880479956628
16.8555 	EXP 	grating_S1_T5: phase = 0.6774495860008756
16.8719 	EXP 	grating_S1_T5: phase = 0.7108349219997763
16.8883 	EXP 	grating_S1_T5: phase = 0.7439571180002531
16.9051 	EXP 	grating_S1_T5: phase = 0.7763265339963255
16.9210 	EXP 	grating_S1_T5: phase = 0.8101848779988359
16.9384 	EXP 	grating_S1_T5: phase = 0.8420666759993765
16.9551 	EXP 	grating_S1_T5: phase = 0.8764314719956019
16.9718 	EXP 	grating_S1_T5: phase = 0.9101621640002122
16.9888 	EXP 	grating_S1_T5: phase = 0.9433585799997672
17.0050 	EXP 	grating_S1_T5: phase = 0.977397201997519
17.0244 	EXP 	grating_S1_T5: phase = 0.009778223997273017
17.0385 	EXP 	grating_S1_T5: phase = 0.04909995599882677
17.0545 	EXP 	grating_S1_T5: phase = 0.07692956599930767
17.0717 	EXP 	grating_S1_T5: phase = 0.10851407399604796
17.0881 	EXP 	grating_S1_T5: phase = 0.1429988140007481
17.1043 	EXP 	grating_S1_T5: phase = 0.1766477479977766
17.1209 	EXP 	grating_S1_T5: phase = 0.20820844999980181
17.1387 	EXP 	grating_S1_T5: phase = 0.2417761979959323
17.1554 	EXP 	grating_S1_T5: phase = 0.27732872199703706
17.1720 	EXP 	grating_S1_T5: phase = 0.3108233780003502
17.1888 	EXP 	grating_S1_T5: phase = 0.34396972799731884
17.2050 	EXP 	grating_S1_T5: phase = 0.37755699799890863
17.2216 	EXP 	grating_S1_T5: phase = 0.41037067599972943
17.2384 	EXP 	grating_S1_T5: phase = 0.4435786679969169
17.2548 	EXP 	grating_S1_T5: phase = 0.4769125199964037
17.2714 	EXP 	grating_S1_T5: phase = 0.5095912539982237
17.2884 	EXP 	grating_S1_T5: phase = 0.5432635279939859
17.3045 	EXP 	grating_S1_T5: phase = 0.5769224179966841
17.3219 	EXP 	grating_S1_T5: phase = 0.608929267997155
17.3414 	EXP 	grating_S1_T5: phase = 0.6441453500010539
17.3553 	EXP 	grating_S1_T5: phase = 0.68291751799552
17.3722 	EXP 	grating_S1_T5: phase = 0.7107288719998905
17.3880 	EXP 	grating_S1_T5: phase = 0.7447644139974727
17.4049 	EXP 	grating_S1_T5: phase = 0.7761199759988813
17.4221 	EXP 	grating_S1_T5: phase = 0.8098630659951596
17.4379 	EXP 	grating_S1_T5: phase = 0.8441270119947148
17.4553 	EXP 	grating_S1_T5: phase = 0.876509019995865
17.4720 	EXP 	grating_S1_T5: phase = 0.9106832159959595
17.4885 	EXP 	grating_S1_T5: phase = 0.944252361994586
17.5044 	EXP 	grating_S1_T5: phase = 0.977046469997731
17.5216 	EXP 	grating_S1_T5: phase = 0.008810021994577255
17.5380 	EXP 	grating_S1_T5: phase = 0.043402127994340844
17.5557 	EXP 	grating_S1_T5: phase = 0.07604383400030201
17.5723 	EXP 	grating_S1_T5: phase = 0.11137975000019651
17.5882 	EXP 	grating_S1_T5: phase = 0.14501854599802755
17.6056 	EXP 	grating_S1_T5: phase = 0.1765089539985638
17.6217 	EXP 	grating_S1_T5: phase = 0.21109643999807304
17.6379 	EXP 	grating_S1_T5: phase = 0.2435974219988566
17.6573 	EXP 	grating_S1_T5: phase = 0.275932587996067
17.6715 	EXP 	grating_S1_T5: phase = 0.31472071199823404
17.6881 	EXP 	grating_S1_T5: phase = 0.3431552619949798
17.7047 	EXP 	grating_S1_T5: phase = 0.3766878519963939
17.7215 	EXP 	grating_S1_T5: phase = 0.40929016799782403
17.7383 	EXP 	grating_S1_T5: phase = 0.44270544599567074
17.7542 	EXP 	grating_S1_T5: phase = 0.4767044399995939
17.7720 	EXP 	grating_S1_T5: phase = 0.5089115379960276
17.7886 	EXP 	grating_S1_T5: phase = 0.5439715920001618
17.8045 	EXP 	grating_S1_T5: phase = 0.5775995519943535
17.8212 	EXP 	grating_S1_T5: phase = 0.6092631119972793
17.8379 	EXP 	grating_S1_T5: phase = 0.642784727999242
17.8544 	EXP 	grating_S1_T5: phase = 0.6775352779950481
17.8708 	EXP 	grating_S1_T5: phase = 0.7092661759961629
17.8874 	EXP 	grating_S1_T5: phase = 0.7416461339962552
17.9038 	EXP 	grating_S1_T5: phase = 0.7749816279974766
17.9215 	EXP 	grating_S1_T5: phase = 0.8076265819981927
17.9385 	EXP 	grating_S1_T5: phase = 0.8428348159941379
17.9545 	EXP 	grating_S1_T5: phase = 0.8770884199984721
17.9738 	EXP 	grating_S1_T5: phase = 0.908640983994701
17.9885 	EXP 	grating_S1_T5: phase = 0.9478254159985227
18.0050 	EXP 	grating_S1_T5: phase = 0.9770494799959124
18.0215 	EXP 	grating_S1_T5: phase = 0.01000016199395759
18.0383 	EXP 	grating_S1_T5: phase = 0.04296827399957692
18.0550 	EXP 	grating_S1_T5: phase = 0.07669130999420304
18.0711 	EXP 	grating_S1_T5: phase = 0.11029720599617576
18.0885 	EXP 	grating_S1_T5: phase = 0.14251916400098708
18.1052 	EXP 	grating_S1_T5: phase = 0.17729551399679622
18.1216 	EXP 	grating_S1_T5: phase = 0.2104625819993089
18.1388 	EXP 	grating_S1_T5: phase = 0.2433377279958222
18.1549 	EXP 	grating_S1_T5: phase = 0.2776283119965228
18.1719 	EXP 	grating_S1_T5: phase = 0.309947485999146
18.1882 	EXP 	grating_S1_T5: phase = 0.3441254739955184
18.2048 	EXP 	grating_S1_T5: phase = 0.3765073519971338
18.2212 	EXP 	grating_S1_T5: phase = 0.4098346499959007
18.2389 	EXP 	grating_S1_T5: phase = 0.44273466599406675
18.2544 	EXP 	grating_S1_T5: phase = 0.4779157459997805
18.2717 	EXP 	grating_S1_T5: phase = 0.5088233939968632
18.2915 	EXP 	grating_S1_T5: phase = 0.5437005019994103
18.3052 	EXP 	grating_S1_T5: phase = 0.5832025519994204
18.3217 	EXP 	grating_S1_T5: phase = 0.6106115199945634
18.3389 	EXP 	grating_S1_T5: phase = 0.6436663860004046
18.3539 	EXP 	grating_S1_T5: phase = 0.6775058540006285
18.3717 	EXP 	grating_S1_T5: phase = 0.7076435339986347
18.3884 	EXP 	grating_S1_T5: phase = 0.7433361879957374
18.4049 	EXP 	grating_S1_T5: phase = 0.7773045659996569
18.4217 	EXP 	grating_S1_T5: phase = 0.8100699619972147
18.4384 	EXP 	grating_S1_T5: phase = 0.8431692239973927
18.4548 	EXP 	grating_S1_T5: phase = 0.8769685859952006
18.4718 	EXP 	grating_S1_T5: phase = 0.9093223819945706
18.4881 	EXP 	grating_S1_T5: phase = 0.9437872619964764
18.5049 	EXP 	grating_S1_T5: phase = 0.9762825139987399
18.5219 	EXP 	grating_S1_T5: phase = 0.010013949999120086
18.5386 	EXP 	grating_S1_T5: phase = 0.043896619994484354
18.5553 	EXP 	grating_S1_T5: phase = 0.0774880859971745
18.5721 	EXP 	grating_S1_T5: phase = 0.11084844599827193
18.5886 	EXP 	grating_S1_T5: phase = 0.1443200479989173
18.6084 	EXP 	grating_S1_T5: phase = 0.17721638199873269
18.6218 	EXP 	grating_S1_T5: phase = 0.21722522599884542
18.6383 	EXP 	grating_S1_T5: phase = 0.24390716799825896
18.6550 	EXP 	grating_S1_T5: phase = 0.2768942299953778
18.6715 	EXP 	grating_S1_T5: phase = 0.31015674799709814
18.6879 	EXP 	grating_S1_T5: phase = 0.342872011999134
18.7050 	EXP 	grating_S1_T5: phase = 0.37591610199888237
18.7217 	EXP 	grating_S1_T5: phase = 0.4104157139954623
18.7384 	EXP 	grating_S1_T5: phase = 0.4437307080006576
18.7547 	EXP 	grating_S1_T5: phase = 0.4769891399992048
18.7714 	EXP 	grating_S1_T5: phase = 0.5093852639984107
18.7882 	EXP 	grating_S1_T5: phase = 0.5425733099982608
18.8047 	EXP 	grating_S1_T5: phase = 0.576674711999658
18.8213 	EXP 	grating_S1_T5: phase = 0.6093854840000859
18.8389 	EXP 	grating_S1_T5: phase = 0.6429072179962532
18.8550 	EXP 	grating_S1_T5: phase = 0.6779272359999595
18.8715 	EXP 	grating_S1_T5: phase = 0.7099753139991662
18.8877 	EXP 	grating_S1_T5: phase = 0.7431286539940629
18.9054 	EXP 	grating_S1_T5: phase = 0.775684297994303
18.9250 	EXP 	grating_S1_T5: phase = 0.8108691879970138
18.9377 	EXP 	grating_S1_T5: phase = 0.8499950959958369
18.9547 	EXP 	grating_S1_T5: phase = 0.8753937039946322
18.9714 	EXP 	grating_S1_T5: phase = 0.909669622000365
18.9874 	EXP 	grating_S1_T5: phase = 0.9428774919942953
19.0046 	EXP 	grating_S1_T5: phase = 0.9749336399981985
19.0210 	EXP 	grating_S1_T5: phase = 0.009578725999745075
19.0386 	EXP 	grating_S1_T5: phase = 0.04264981999585871
19.0551 	EXP 	grating_S1_T5: phase = 0.07743793199915672
19.0716 	EXP 	grating_S1_T5: phase = 0.11035248999542091
19.0884 	EXP 	grating_S1_T5: phase = 0.14341899199644104
19.1048 	EXP 	grating_S1_T5: phase = 0.1774957999950857
19.1216 	EXP 	grating_S1_T5: phase = 0.20990727599564707
19.1378 	EXP 	grating_S1_T5: phase = 0.24332208599662408
19.1544 	EXP 	grating_S1_T5: phase = 0.2757708079952863
19.1719 	EXP 	grating_S1_T5: phase = 0.30877216199587565
19.1888 	EXP 	grating_S1_T5: phase = 0.34415854799590306
19.2054 	EXP 	grating_S1_T5: phase = 0.3777896019964828
19.2222 	EXP 	grating_S1_T5: phase = 0.41094155999599025
19.2418 	EXP 	grating_S1_T5: phase = 0.44465405200026
19.2553 	EXP 	grating_S1_T5: phase = 0.4837998619987047
19.2714 	EXP 	grating_S1_T5: phase = 0.5104528480005683
19.2886 	EXP 	grating_S1_T5: phase = 0.5428648379966035
19.3048 	EXP 	grating_S1_T5: phase = 0.57732544800092
19.3220 	EXP 	grating_S1_T5: phase = 0.6096060999989277
19.3388 	EXP 	grating_S1_T5: phase = 0.6443479099980323
19.3545 	EXP 	grating_S1_T5: phase = 0.6785701679982594
19.3718 	EXP 	grating_S1_T5: phase = 0.7090726999958861
19.3882 	EXP 	grating_S1_T5: phase = 0.7438738019991433
19.4039 	EXP 	grating_S1_T5: phase = 0.7765795259983861
19.4218 	EXP 	grating_S1_T5: phase = 0.8078138019991457
19.4378 	EXP 	grating_S1_T5: phase = 0.8437939579962404
19.4548 	EXP 	grating_S1_T5: phase = 0.8759131580009125
19.4719 	EXP 	grating_S1_T5: phase = 0.909618498000782
19.4885 	EXP 	grating_S1_T5: phase = 0.9440908119941014
19.5049 	EXP 	grating_S1_T5: phase = 0.9769748959952267
19.5217 	EXP 	grating_S1_T5: phase = 0.010350151998864021
19.5383 	EXP 	grating_S1_T5: phase = 0.043590881999989506
19.5585 	EXP 	grating_S1_T5: phase = 0.07674739799404051
19.5717 	EXP 	grating_S1_T5: phase = 0.11693632199603599
19.5880 	EXP 	grating_S1_T5: phase = 0.14368117199774133
19.6051 	EXP 	grating_S1_T5: phase = 0.17658197199489223
19.6214 	EXP 	grating_S1_T5: phase = 0.2103561499970965
19.6385 	EXP 	grating_S1_T5: phase = 0.24319699199986644
19.6551 	EXP 	grating_S1_T5: phase = 0.27716553199570626
19.6719 	EXP 	grating_S1_T5: phase = 0.31135662800079444
19.6887 	EXP 	grating_S1_T5: phase = 0.3441552519943798
19.7051 	EXP 	grating_S1_T5: phase = 0.37758804799523205
19.7216 	EXP 	grating_S1_T5: phase = 0.41038268199918093
19.7382 	EXP 	grating_S1_T5: phase = 0.44348552199517144
19.7549 	EXP 	grating_S1_T5: phase = 0.47677467599714873
19.7713 	EXP 	grating_S1_T5: phase = 0.5098309399982099
19.7888 	EXP 	grating_S1_T5: phase = 0.5428186520002782
19.8044 	EXP 	grating_S1_T5: phase = 0.5780112719949102
19.8218 	EXP 	grating_S1_T5: phase = 0.608808709999721
19.8373 	EXP 	grating_S1_T5: phase = 0.6436570239966386
19.8548 	EXP 	grating_S1_T5: phase = 0.675020365997625
19.8746 	EXP 	grating_S1_T5: phase = 0.7099878259978141
19.8881 	EXP 	grating_S1_T5: phase = 0.7492256199984695
19.9051 	EXP 	grating_S1_T5: phase = 0.7761311619979097
19.9218 	EXP 	grating_S1_T5: phase = 0.8104581939987838
19.9382 	EXP 	grating_S1_T5: phase = 0.8439744299976155
19.9549 	EXP 	grating_S1_T5: phase = 0.8768469619972166
19.9710 	EXP 	grating_S1_T5: phase = 0.9098354499947163
19.9884 	EXP 	grating_S1_T5: phase = 0.9425025119999191
20.0050 	EXP 	grating_S1_T5: phase = 0.9767134779976914
20.0221 	EXP 	grating_S1_T5: phase = 0.010057671999675222
20.0383 	EXP 	grating_S1_T5: phase = 0.04473326999868732
20.0544 	EXP 	grating_S1_T5: phase = 0.0768317659967579
20.0717 	EXP 	grating_S1_T5: phase = 0.10848942799930228
20.0888 	EXP 	grating_S1_T5: phase = 0.14355207199696451
20.1053 	EXP 	grating_S1_T5: phase = 0.17754310799500672
20.1220 	EXP 	grating_S1_T5: phase = 0.21070892599527724
20.1377 	EXP 	grating_S1_T5: phase = 0.24385139399964828
20.1550 	EXP 	grating_S1_T5: phase = 0.2749951039950247
20.1711 	EXP 	grating_S1_T5: phase = 0.3101038519962458
20.1923 	EXP 	grating_S1_T5: phase = 0.34203614599391585
20.2041 	EXP 	grating_S1_T5: phase = 0.3847718199976953
20.2213 	EXP 	grating_S1_T5: phase = 0.40786893199401675
20.2375 	EXP 	grating_S1_T5: phase = 0.4426757879991783
20.2548 	EXP 	grating_S1_T5: phase = 0.4748933719965862
20.2714 	EXP 	grating_S1_T5: phase = 0.5092862359961146
20.2882 	EXP 	grating_S1_T5: phase = 0.5425746479959344
20.3049 	EXP 	grating_S1_T5: phase = 0.5763522739944165
20.3212 	EXP 	grating_S1_T5: phase = 0.6096166139977868
20.3379 	EXP 	grating_S1_T5: phase = 0.6419612819954637
20.3544 	EXP 	grating_S1_T5: phase = 0.6757680899972911
20.3719 	EXP 	grating_S1_T5: phase = 0.7090950659985538
20.3875 	EXP 	grating_S1_T5: phase = 0.7440247400008957
20.4035 	EXP 	grating_S1_T5: phase = 0.7746818519954104
20.4208 	EXP 	grating_S1_T5: phase = 0.8066195959981997
20.4373 	EXP 	grating_S1_T5: phase = 0.8428057439959957
20.4544 	EXP 	grating_S1_T5: phase = 0.8742044519967749
20.4708 	EXP 	grating_S1_T5: phase = 0.9083220179963973
20.4874 	EXP 	grating_S1_T5: phase = 0.9412941259943182
20.5057 	EXP 	grating_S1_T5: phase = 0.9744476639971253
20.5205 	EXP 	grating_S1_T5: phase = 0.01100253999902634
20.5370 	EXP 	grating_S1_T5: phase = 0.04055388999404386
20.5538 	EXP 	grating_S1_T5: phase = 0.07356790999619989
20.5706 	EXP 	grating_S1_T5: phase = 0.10713200399914058
20.5872 	EXP 	grating_S1_T5: phase = 0.1407777040003566
20.6038 	EXP 	grating_S1_T5: phase = 0.17389707999973325
20.6208 	EXP 	grating_S1_T5: phase = 0.2075358319998486
20.6372 	EXP 	grating_S1_T5: phase = 0.24106065199885052
20.6539 	EXP 	grating_S1_T5: phase = 0.27397434399608755
20.6705 	EXP 	grating_S1_T5: phase = 0.3072885059955297
20.6878 	EXP 	grating_S1_T5: phase = 0.3406433739946806
20.7040 	EXP 	grating_S1_T5: phase = 0.3753357199966558
20.7213 	EXP 	grating_S1_T5: phase = 0.40755803199863294
20.7376 	EXP 	grating_S1_T5: phase = 0.44230255000002217
20.7546 	EXP 	grating_S1_T5: phase = 0.4746571479990962
20.7707 	EXP 	grating_S1_T5: phase = 0.5088963219968718
20.7879 	EXP 	grating_S1_T5: phase = 0.5409447099955287
20.8041 	EXP 	grating_S1_T5: phase = 0.5754684319981607
20.8220 	EXP 	grating_S1_T5: phase = 0.6078119919984601
20.8376 	EXP 	grating_S1_T5: phase = 0.6435947659992962
20.8541 	EXP 	grating_S1_T5: phase = 0.6746980440002517
20.8708 	EXP 	grating_S1_T5: phase = 0.7077946999997948
20.8875 	EXP 	grating_S1_T5: phase = 0.741610861994559
20.9041 	EXP 	grating_S1_T5: phase = 0.7745876859989949
20.9210 	EXP 	grating_S1_T5: phase = 0.8087451879982837
20.9371 	EXP 	grating_S1_T5: phase = 0.8420988599973498
20.9543 	EXP 	grating_S1_T5: phase = 0.8742048759959289
20.9710 	EXP 	grating_S1_T5: phase = 0.9090652719969512
20.9876 	EXP 	grating_S1_T5: phase = 0.9415515359942219
21.0046 	EXP 	grating_S1_T5: phase = 0.9749394419995951
21.0207 	EXP 	grating_S1_T5: phase = 0.008972099996753968
21.0378 	EXP 	grating_S1_T5: phase = 0.04096313999616541
21.0562 	EXP 	grating_S1_T5: phase = 0.07562147599674063
21.0722 	EXP 	grating_S1_T5: phase = 0.11243015399668366
21.0886 	EXP 	grating_S1_T5: phase = 0.14437443600036204
21.1060 	EXP 	grating_S1_T5: phase = 0.177373496000655
21.1221 	EXP 	grating_S1_T5: phase = 0.21203168999636546
21.1398 	EXP 	grating_S1_T5: phase = 0.2442702400003327
21.1548 	EXP 	grating_S1_T5: phase = 0.2795489019990782
21.1707 	EXP 	grating_S1_T5: phase = 0.3096814819946303
21.1871 	EXP 	grating_S1_T5: phase = 0.3415304259979166
21.2049 	EXP 	grating_S1_T5: phase = 0.3743640519969631
21.2209 	EXP 	grating_S1_T5: phase = 0.4097927999973763
21.2374 	EXP 	grating_S1_T5: phase = 0.44177752600080566
21.2549 	EXP 	grating_S1_T5: phase = 0.4764270659943577
21.2710 	EXP 	grating_S1_T5: phase = 0.509820351995586
21.2878 	EXP 	grating_S1_T5: phase = 0.542090595998161
21.3054 	EXP 	grating_S1_T5: phase = 0.5756441959965741
21.3215 	EXP 	grating_S1_T5: phase = 0.6108216559950961
21.3381 	EXP 	grating_S1_T5: phase = 0.6431797759942128
21.3552 	EXP 	grating_S1_T5: phase = 0.6762049499957357
21.3719 	EXP 	grating_S1_T5: phase = 0.7104954599999473
21.3886 	EXP 	grating_S1_T5: phase = 0.7438979719954659
21.4051 	EXP 	grating_S1_T5: phase = 0.7773367299960228
21.4216 	EXP 	grating_S1_T5: phase = 0.8102660320000723
21.4385 	EXP 	grating_S1_T5: phase = 0.8435046899976442
21.4579 	EXP 	grating_S1_T5: phase = 0.8770515119977063
21.4715 	EXP 	grating_S1_T5: phase = 0.9158837059949292
21.4886 	EXP 	grating_S1_T5: phase = 0.9431233899958897
21.5047 	EXP 	grating_S1_T5: phase = 0.977324105995649
21.5220 	EXP 	grating_S1_T5: phase = 0.009336687995528337
21.5386 	EXP 	grating_S1_T5: phase = 0.04408529999636812
21.5543 	EXP 	grating_S1_T5: phase = 0.07727830799558433
21.5718 	EXP 	grating_S1_T5: phase = 0.11096264399384381
21.5880 	EXP 	grating_S1_T5: phase = 0.14361904600082198
21.6054 	EXP 	grating_S1_T5: phase = 0.17598784999427153
21.6219 	EXP 	grating_S1_T5: phase = 0.21080162999714958
21.6380 	EXP 	grating_S1_T5: phase = 0.2440820519987028
21.6547 	EXP 	grating_S1_T5: phase = 0.2762259359951713
21.6716 	EXP 	grating_S1_T5: phase = 0.3094188539980678
21.6885 	EXP 	grating_S1_T5: phase = 0.3431462059961632
21.7042 	EXP 	grating_S1_T5: phase = 0.3774634919973323
21.7213 	EXP 	grating_S1_T5: phase = 0.40888801199616864
21.7377 	EXP 	grating_S1_T5: phase = 0.4427526899962686
21.7551 	EXP 	grating_S1_T5: phase = 0.4755474819976371
21.7743 	EXP 	grating_S1_T5: phase = 0.5101493260008283
21.7881 	EXP 	grating_S1_T5: phase = 0.5486558400007198
21.8041 	EXP 	grating_S1_T5: phase = 0.5761842919964693
21.8214 	EXP 	grating_S1_T5: phase = 0.6085075820010388
21.8386 	EXP 	grating_S1_T5: phase = 0.6428049059977639
21.8550 	EXP 	grating_S1_T5: phase = 0.677266229999077
21.8716 	EXP 	grating_S1_T5: phase = 0.7099720539990813
21.8878 	EXP 	grating_S1_T5: phase = 0.7443401679993258
21.9053 	EXP 	grating_S1_T5: phase = 0.7756705539941322
21.9218 	EXP 	grating_S1_T5: phase = 0.8106560480009648
21.9386 	EXP 	grating_S1_T5: phase = 0.8437454859958962
21.9548 	EXP 	grating_S1_T5: phase = 0.8772131019941298
21.9723 	EXP 	grating_S1_T5: phase = 0.909803226000804
21.9876 	EXP 	grating_S1_T5: phase = 0.9447001899970928
22.0046 	EXP 	grating_S1_T5: phase = 0.975199149994296
22.0211 	EXP 	grating_S1_T5: phase = 0.009349575993837789
22.0384 	EXP 	grating_S1_T5: phase = 0.04231105399958324
22.0542 	EXP 	grating_S1_T5: phase = 0.07695545599563047
22.0714 	EXP 	grating_S1_T5: phase = 0.1084138799997163
22.0916 	EXP 	grating_S1_T5: phase = 0.14285948599717813
22.1201 	EXP 	grating_S1_T5: phase = 0.18319914599851472
22.1373 	EXP 	grating_S1_T5: phase = 0.24025503199663945
22.1556 	EXP 	grating_S1_T5: phase = 0.27458675199886784
22.1722 	EXP 	grating_S1_T5: phase = 0.3112563999966369
22.1885 	EXP 	grating_S1_T5: phase = 0.34454998200089904
22.2057 	EXP 	grating_S1_T5: phase = 0.37757677599438466
22.2224 	EXP 	grating_S1_T5: phase = 0.4114696999968146
22.2377 	EXP 	grating_S1_T5: phase = 0.4449418259973754
22.2558 	EXP 	grating_S1_T5: phase = 0.4755288059968734
22.2869 	EXP 	grating_S1_T5: phase = 0.5116076699996484
22.3209 	EXP 	grating_S1_T5: phase = 0.5736858539967216
22.3371 	EXP 	grating_S1_T5: phase = 0.6418232199939666
22.3544 	EXP 	grating_S1_T5: phase = 0.6743193899965263
22.3712 	EXP 	grating_S1_T5: phase = 0.7089168319944292
22.3878 	EXP 	grating_S1_T5: phase = 0.742414745996939
22.4047 	EXP 	grating_S1_T5: phase = 0.775717189993884
22.4212 	EXP 	grating_S1_T5: phase = 0.8105783799983328
22.4381 	EXP 	grating_S1_T5: phase = 0.8432832319958834
22.4541 	EXP 	grating_S1_T5: phase = 0.8762808100000257
22.4715 	EXP 	grating_S1_T5: phase = 0.9081526000009035
22.4878 	EXP 	grating_S1_T5: phase = 0.9430238499990082
22.5049 	EXP 	grating_S1_T5: phase = 0.975608665998152
22.5212 	EXP 	grating_S1_T5: phase = 0.009973305997846182
22.5389 	EXP 	grating_S1_T5: phase = 0.04252332000032766
22.5540 	EXP 	grating_S1_T5: phase = 0.07789843199861934
22.5704 	EXP 	grating_S1_T5: phase = 0.10797906600055285
22.5874 	EXP 	grating_S1_T5: phase = 0.14087449599901447
22.6037 	EXP 	grating_S1_T5: phase = 0.17496163599571446
22.6206 	EXP 	grating_S1_T5: phase = 0.20754390199726913
22.6371 	EXP 	grating_S1_T5: phase = 0.242376541995327
22.6543 	EXP 	grating_S1_T5: phase = 0.2742079359959462
22.6702 	EXP 	grating_S1_T5: phase = 0.30856624999432825
22.6877 	EXP 	grating_S1_T5: phase = 0.3405287200002931
22.7043 	EXP 	grating_S1_T5: phase = 0.3753942059993278
22.7218 	EXP 	grating_S1_T5: phase = 0.4086314599990146
22.7547 	EXP 	grating_S1_T5: phase = 0.4437474660007865
22.7717 	EXP 	grating_S1_T5: phase = 0.5093097799981479
22.7890 	EXP 	grating_S1_T5: phase = 0.5433887599938316
22.8042 	EXP 	grating_S1_T5: phase = 0.5781015199972899
22.8215 	EXP 	grating_S1_T5: phase = 0.6087470119964564
22.8431 	EXP 	grating_S1_T5: phase = 0.6431448419971275
22.8558 	EXP 	grating_S1_T5: phase = 0.6862859920001938
22.8725 	EXP 	grating_S1_T5: phase = 0.7117549319955288
22.8888 	EXP 	grating_S1_T5: phase = 0.7451366399982362
22.9060 	EXP 	grating_S1_T5: phase = 0.7777255499968305
22.9228 	EXP 	grating_S1_T5: phase = 0.8120638299951679
22.9390 	EXP 	grating_S1_T5: phase = 0.8461023019990535
22.9561 	EXP 	grating_S1_T5: phase = 0.8791295759947388
22.9729 	EXP 	grating_S1_T5: phase = 0.9123294059972977
22.9892 	EXP 	grating_S1_T5: phase = 0.9458537499958766
23.0062 	EXP 	grating_S1_T5: phase = 0.9789668919984251
23.0228 	EXP 	grating_S1_T5: phase = 0.012399449995427858
23.0394 	EXP 	grating_S1_T5: phase = 0.04568616599863162
23.0550 	EXP 	grating_S1_T5: phase = 0.07896095999603858
23.0716 	EXP 	grating_S1_T5: phase = 0.10982056400098372
23.0874 	EXP 	grating_S1_T5: phase = 0.1443042519968003
23.1063 	EXP 	grating_S1_T5: phase = 0.17517113199573942
23.1218 	EXP 	grating_S1_T5: phase = 0.21377960599784274
23.1404 	EXP 	grating_S1_T5: phase = 0.2437166659947252
23.1551 	EXP 	grating_S1_T5: phase = 0.2808690999954706
23.1881 	EXP 	grating_S1_T5: phase = 0.31101304199546576
23.2046 	EXP 	grating_S1_T5: phase = 0.37618077200022526
23.2220 	EXP 	grating_S1_T5: phase = 0.40918634599802317
23.2380 	EXP 	grating_S1_T5: phase = 0.4439092899992829
23.2572 	EXP 	grating_S1_T5: phase = 0.4770978759988793
23.2887 	EXP 	grating_S1_T5: phase = 0.5144012099990505
23.3047 	EXP 	grating_S1_T5: phase = 0.5773836099979235
23.3354 	EXP 	grating_S1_T5: phase = 0.6094986679963768
23.3551 	EXP 	grating_S1_T5: phase = 0.6704276059972472
23.3713 	EXP 	grating_S1_T5: phase = 0.7098763519970817
23.3887 	EXP 	grating_S1_T5: phase = 0.7433353699962026
23.4055 	EXP 	grating_S1_T5: phase = 0.777503909994266
23.4218 	EXP 	grating_S1_T5: phase = 0.8114101139944978
23.4411 	EXP 	grating_S1_T5: phase = 0.8432482879943564
23.4554 	EXP 	grating_S1_T5: phase = 0.8828551159967901
23.4744 	EXP 	grating_S1_T5: phase = 0.9107700359963928
23.5050 	EXP 	grating_S1_T5: phase = 0.9489194359994144
23.5220 	EXP 	grating_S1_T5: phase = 0.01010356599726947
23.5413 	EXP 	grating_S1_T5: phase = 0.043902252000407316
23.5553 	EXP 	grating_S1_T5: phase = 0.08268902999407146
23.5754 	EXP 	grating_S1_T5: phase = 0.11061001599591691
23.5892 	EXP 	grating_S1_T5: phase = 0.15091947199834976
23.6057 	EXP 	grating_S1_T5: phase = 0.17943666000064695
23.6244 	EXP 	grating_S1_T5: phase = 0.211618091998389
23.6391 	EXP 	grating_S1_T5: phase = 0.24881256999651669
23.6582 	EXP 	grating_S1_T5: phase = 0.2781799399963347
23.6725 	EXP 	grating_S1_T5: phase = 0.31674496599589474
23.6917 	EXP 	grating_S1_T5: phase = 0.34503860599943437
23.7065 	EXP 	grating_S1_T5: phase = 0.38464687999658054
23.7251 	EXP 	grating_S1_T5: phase = 0.41308744799607666
23.7393 	EXP 	grating_S1_T5: phase = 0.45081512999604456
23.7585 	EXP 	grating_S1_T5: phase = 0.4786821659945417
23.7727 	EXP 	grating_S1_T5: phase = 0.5172374760004459
23.7920 	EXP 	grating_S1_T5: phase = 0.5455677680001827
23.8101 	EXP 	grating_S1_T5: phase = 0.5840517859978718
23.8260 	EXP 	grating_S1_T5: phase = 0.6202489279967267
23.8395 	EXP 	grating_S1_T5: phase = 0.6522215340010007
23.8562 	EXP 	grating_S1_T5: phase = 0.6791311659981147
23.8762 	EXP 	grating_S1_T5: phase = 0.7124202319973847
23.8889 	EXP 	grating_S1_T5: phase = 0.7527245759993093
23.9063 	EXP 	grating_S1_T5: phase = 0.777843469993968
23.9255 	EXP 	grating_S1_T5: phase = 0.8134882640006253
23.9396 	EXP 	grating_S1_T5: phase = 0.8509560199963744
23.9587 	EXP 	grating_S1_T5: phase = 0.8789585899939993
23.9733 	EXP 	grating_S1_T5: phase = 0.9185874260001583
23.9925 	EXP 	grating_S1_T5: phase = 0.9481268419986009
24.0067 	EXP 	grating_S1_T5: phase = 0.9865621239950997
24.0263 	EXP 	grating_S1_T5: phase = 0.013687007995031308
24.0401 	EXP 	grating_S1_T5: phase = 0.05347767999774078
24.0592 	EXP 	grating_S1_T5: phase = 0.08061389599606628
24.0735 	EXP 	grating_S1_T5: phase = 0.11916142599511659
24.0927 	EXP 	grating_S1_T5: phase = 0.1470515399996657
24.1069 	EXP 	grating_S1_T5: phase = 0.1854439899980207
24.1260 	EXP 	grating_S1_T5: phase = 0.21419289599725744
24.1402 	EXP 	grating_S1_T5: phase = 0.2531141799991019
24.1602 	EXP 	grating_S1_T5: phase = 0.2811105159998988
24.1720 	EXP 	grating_S1_T5: phase = 0.3203845959942555
24.1903 	EXP 	grating_S1_T5: phase = 0.3439864399988437
24.2095 	EXP 	grating_S1_T5: phase = 0.3806528079949203
24.2237 	EXP 	grating_S1_T5: phase = 0.4192905999952927
24.2486 	EXP 	grating_S1_T5: phase = 0.44747195999661926
24.2750 	EXP 	grating_S1_T5: phase = 0.4975009159970796
24.2887 	EXP 	grating_S1_T5: phase = 0.5501127519964939
24.3075 	EXP 	grating_S1_T5: phase = 0.5773772100001224
24.3267 	EXP 	grating_S1_T5: phase = 0.6151241400002618
24.3409 	EXP 	grating_S1_T5: phase = 0.654404415996396
24.3916 	EXP 	grating_S1_T5: phase = 0.6825413099941215
24.4052 	EXP 	grating_S1_T5: phase = 0.7833301040009246
24.4246 	EXP 	grating_S1_T5: phase = 0.8105064519986627
24.4434 	EXP 	grating_S1_T5: phase = 0.84927522399812
24.4630 	EXP 	grating_S1_T5: phase = 0.8869967559949146
24.4914 	EXP 	grating_S1_T5: phase = 0.9263022499944782
24.5112 	EXP 	grating_S1_T5: phase = 0.9828597499945317
24.5227 	EXP 	grating_S1_T5: phase = 0.02257907599414466
24.5412 	EXP 	grating_S1_T5: phase = 0.04543849599576788
24.5605 	EXP 	grating_S1_T5: phase = 0.08261756599677028
24.5750 	EXP 	grating_S1_T5: phase = 0.12220530599734047
24.5948 	EXP 	grating_S1_T5: phase = 0.1500625959961326
24.6105 	EXP 	grating_S1_T5: phase = 0.18981107199942926
24.6229 	EXP 	grating_S1_T5: phase = 0.22113047399761854
24.6392 	EXP 	grating_S1_T5: phase = 0.24596099599875743
24.6561 	EXP 	grating_S1_T5: phase = 0.27841632399940863
24.6756 	EXP 	grating_S1_T5: phase = 0.3123463039955823
24.6889 	EXP 	grating_S1_T5: phase = 0.35124963599810144
24.7061 	EXP 	grating_S1_T5: phase = 0.37788052600080846
24.7225 	EXP 	grating_S1_T5: phase = 0.4122855460009305
24.7394 	EXP 	grating_S1_T5: phase = 0.4449607299975469
24.7559 	EXP 	grating_S1_T5: phase = 0.47882553999806987
24.7720 	EXP 	grating_S1_T5: phase = 0.5118230919979396
24.7886 	EXP 	grating_S1_T5: phase = 0.544870189994981
24.7932 	DATA 	Keypress: escape
24.8050 	EXP 	grating_S1_T5: phase = 0.5773065779940225
25.0908 	EXP 	window1: mouseVisible = True
