11.5278 	WARNING 	User requested fullscreen with size [1024  768], but screen is actually [1440, 900]. Using actual size
12.4031 	EXP 	Created window1 = Window(allowGUI=False, allowStencil=False, args=UNKNOWN, autoLog=True, bitsMode=UNKNOWN, blendMode='avg', color=array([0., 0., 0.]), colorSpace='rgb', fullscr=<method-wrapper '__getattribute__' of attributeSetter object at 0x12f9ed828>, gamma=None, kwargs=UNKNOWN, lms=UNKNOWN, monitor=<psychopy.monitors.calibTools.Monitor object at 0x12f986a58>, multiSample=False, name='window1', numSamples=2, pos=[0.0, 0.0], screen=0, size=array([1440,  900]), stereo=False, units='height', useFBO=True, useRetina=False, viewOri=0.0, viewPos=None, viewScale=None, waitBlanking=True, winType='pyglet')
12.4032 	EXP 	window1: recordFrameIntervals = False
12.5690 	EXP 	window1: recordFrameIntervals = True
12.7532 	EXP 	window1: recordFrameIntervals = False
13.0728 	EXP 	Created grating_S1_T5 = GratingStim(__class__=<class 'psychopy.visual.grating.GratingStim'>, autoDraw=False, autoLog=True, blendmode='avg', color=array([1., 1., 1.]), colorSpace='rgb', contrast=1.0, depth=0.0, interpolate=True, mask='circle', maskParams=None, name='grating_S1_T5', opacity=1.0, ori=0.0, phase=array([0., 0.]), pos=array([0., 0.]), rgbPedestal=array([0., 0., 0.]), sf=array([0.6, 0.6]), size=array([3.5, 3.5]), tex='sin', texRes=128, units='deg', win=Window(...))
13.0876 	EXP 	grating_S1_T5: phase = 1.5015997632872313e-05
13.1038 	EXP 	grating_S1_T5: phase = 0.030907018001016695
13.1206 	EXP 	grating_S1_T5: phase = 0.06276180200075032
13.1374 	EXP 	grating_S1_T5: phase = 0.09627446800004691
13.1540 	EXP 	grating_S1_T5: phase = 0.12992510999902152
13.1707 	EXP 	grating_S1_T5: phase = 0.16309822400216945
13.1873 	EXP 	grating_S1_T5: phase = 0.196566928003449
13.2041 	EXP 	grating_S1_T5: phase = 0.22977938999974867
13.2209 	EXP 	grating_S1_T5: phase = 0.2633266220000223
13.2377 	EXP 	grating_S1_T5: phase = 0.2969170819997089
13.2543 	EXP 	grating_S1_T5: phase = 0.3308808880028664
13.2709 	EXP 	grating_S1_T5: phase = 0.36419289199693594
13.2877 	EXP 	grating_S1_T5: phase = 0.39735255599953234
13.3045 	EXP 	grating_S1_T5: phase = 0.4305366300031892
13.3211 	EXP 	grating_S1_T5: phase = 0.4641742300009355
13.3379 	EXP 	grating_S1_T5: phase = 0.4973257180026849
13.3545 	EXP 	grating_S1_T5: phase = 0.5309198120012297
13.3713 	EXP 	grating_S1_T5: phase = 0.5640664539969293
13.3880 	EXP 	grating_S1_T5: phase = 0.5976627780037234
13.4048 	EXP 	grating_S1_T5: phase = 0.6311819999973522
13.4214 	EXP 	grating_S1_T5: phase = 0.6646590059972368
13.4382 	EXP 	grating_S1_T5: phase = 0.6980201120022684
13.4548 	EXP 	grating_S1_T5: phase = 0.7314408899983391
13.4715 	EXP 	grating_S1_T5: phase = 0.764698020000651
13.4883 	EXP 	grating_S1_T5: phase = 0.7981582100037485
13.5051 	EXP 	grating_S1_T5: phase = 0.8319515999974101
13.5217 	EXP 	grating_S1_T5: phase = 0.8653744399998686
13.5388 	EXP 	grating_S1_T5: phase = 0.8992040520024602
13.5553 	EXP 	grating_S1_T5: phase = 0.9326484440025524
13.5715 	EXP 	grating_S1_T5: phase = 0.9658062439993955
13.5885 	EXP 	grating_S1_T5: phase = 0.9981873500000802
13.6052 	EXP 	grating_S1_T5: phase = 0.03212239799904637
13.6220 	EXP 	grating_S1_T5: phase = 0.06554092599981232
13.6387 	EXP 	grating_S1_T5: phase = 0.09921865600335877
13.6553 	EXP 	grating_S1_T5: phase = 0.13293952000094578
13.6721 	EXP 	grating_S1_T5: phase = 0.16572751000057906
13.6888 	EXP 	grating_S1_T5: phase = 0.19943231200159062
13.7055 	EXP 	grating_S1_T5: phase = 0.23278136600129073
13.7223 	EXP 	grating_S1_T5: phase = 0.2661935639989679
13.7388 	EXP 	grating_S1_T5: phase = 0.299680852003803
13.7553 	EXP 	grating_S1_T5: phase = 0.33313723200262757
13.7728 	EXP 	grating_S1_T5: phase = 0.36618273799831513
13.7890 	EXP 	grating_S1_T5: phase = 0.40104180599882966
13.8058 	EXP 	grating_S1_T5: phase = 0.4330500420037424
13.8225 	EXP 	grating_S1_T5: phase = 0.46679951999976765
13.8392 	EXP 	grating_S1_T5: phase = 0.5002275480001117
13.8560 	EXP 	grating_S1_T5: phase = 0.5335106659986195
13.8725 	EXP 	grating_S1_T5: phase = 0.5671061120010563
13.8893 	EXP 	grating_S1_T5: phase = 0.6002067560038995
13.9061 	EXP 	grating_S1_T5: phase = 0.6338007180020213
13.9229 	EXP 	grating_S1_T5: phase = 0.6672730520003824
13.9395 	EXP 	grating_S1_T5: phase = 0.700918009999441
13.9561 	EXP 	grating_S1_T5: phase = 0.7342229119967669
13.9729 	EXP 	grating_S1_T5: phase = 0.7674082899975474
13.9896 	EXP 	grating_S1_T5: phase = 0.8010296959982952
14.0064 	EXP 	grating_S1_T5: phase = 0.8342426079980214
14.0230 	EXP 	grating_S1_T5: phase = 0.8679203599967877
14.0398 	EXP 	grating_S1_T5: phase = 0.9012299399983021
14.0560 	EXP 	grating_S1_T5: phase = 0.9351126219989965
14.0731 	EXP 	grating_S1_T5: phase = 0.9670972640014952
14.0898 	EXP 	grating_S1_T5: phase = 0.0012849639970227145
14.1066 	EXP 	grating_S1_T5: phase = 0.03506930800358532
14.1227 	EXP 	grating_S1_T5: phase = 0.06834722199710086
14.1403 	EXP 	grating_S1_T5: phase = 0.10061233599844854
14.1567 	EXP 	grating_S1_T5: phase = 0.1357021599978907
14.1734 	EXP 	grating_S1_T5: phase = 0.16845079199993052
14.1901 	EXP 	grating_S1_T5: phase = 0.2018838020012481
14.2070 	EXP 	grating_S1_T5: phase = 0.23532718799833674
14.2236 	EXP 	grating_S1_T5: phase = 0.26905753200117033
14.2403 	EXP 	grating_S1_T5: phase = 0.30226732000301126
14.2570 	EXP 	grating_S1_T5: phase = 0.3357323020027252
14.2737 	EXP 	grating_S1_T5: phase = 0.36911074000090593
14.2899 	EXP 	grating_S1_T5: phase = 0.40250931400078116
14.3072 	EXP 	grating_S1_T5: phase = 0.43486856399977114
14.3238 	EXP 	grating_S1_T5: phase = 0.4694807519990718
14.3406 	EXP 	grating_S1_T5: phase = 0.5027825240031234
14.3572 	EXP 	grating_S1_T5: phase = 0.536342995997984
14.3739 	EXP 	grating_S1_T5: phase = 0.569533740002953
14.3907 	EXP 	grating_S1_T5: phase = 0.6029394279976259
14.4075 	EXP 	grating_S1_T5: phase = 0.6365010739973513
14.4241 	EXP 	grating_S1_T5: phase = 0.6700689139979659
14.4408 	EXP 	grating_S1_T5: phase = 0.7032643940037815
14.4576 	EXP 	grating_S1_T5: phase = 0.7367526360030752
14.4742 	EXP 	grating_S1_T5: phase = 0.7702758140003425
14.4910 	EXP 	grating_S1_T5: phase = 0.8035807539999951
14.5077 	EXP 	grating_S1_T5: phase = 0.8371843760032789
14.5244 	EXP 	grating_S1_T5: phase = 0.8705214279980282
14.5411 	EXP 	grating_S1_T5: phase = 0.903853126001195
14.5579 	EXP 	grating_S1_T5: phase = 0.937285296000482
14.5746 	EXP 	grating_S1_T5: phase = 0.9708938499970827
14.5913 	EXP 	grating_S1_T5: phase = 0.0042617860017344356
14.6080 	EXP 	grating_S1_T5: phase = 0.037742548003734555
14.6245 	EXP 	grating_S1_T5: phase = 0.07106554599886294
14.6413 	EXP 	grating_S1_T5: phase = 0.10410858799878042
14.6580 	EXP 	grating_S1_T5: phase = 0.13772535000316566
14.6748 	EXP 	grating_S1_T5: phase = 0.17113009600143414
14.6915 	EXP 	grating_S1_T5: phase = 0.20465698600310134
14.7082 	EXP 	grating_S1_T5: phase = 0.23810349799896358
14.7250 	EXP 	grating_S1_T5: phase = 0.27155111000320176
14.7419 	EXP 	grating_S1_T5: phase = 0.3053585279994877
14.7592 	EXP 	grating_S1_T5: phase = 0.33891851999942446
14.7754 	EXP 	grating_S1_T5: phase = 0.3739595500010182
14.7919 	EXP 	grating_S1_T5: phase = 0.40630575599789154
14.8082 	EXP 	grating_S1_T5: phase = 0.4390954100017552
14.8254 	EXP 	grating_S1_T5: phase = 0.47160914199776016
14.8420 	EXP 	grating_S1_T5: phase = 0.5058863700032816
14.8596 	EXP 	grating_S1_T5: phase = 0.5391187939967494
14.8753 	EXP 	grating_S1_T5: phase = 0.5752254399994854
14.8924 	EXP 	grating_S1_T5: phase = 0.6057762240016018
14.9089 	EXP 	grating_S1_T5: phase = 0.6403324359998805
14.9257 	EXP 	grating_S1_T5: phase = 0.6729699619972962
14.9422 	EXP 	grating_S1_T5: phase = 0.7065690939998603
14.9584 	EXP 	grating_S1_T5: phase = 0.7397444719972555
14.9762 	EXP 	grating_S1_T5: phase = 0.7720489639978041
14.9918 	EXP 	grating_S1_T5: phase = 0.8078684100037208
15.0094 	EXP 	grating_S1_T5: phase = 0.8391419920008047
15.0260 	EXP 	grating_S1_T5: phase = 0.8742777739971643
15.0433 	EXP 	grating_S1_T5: phase = 0.9074011460033944
15.0598 	EXP 	grating_S1_T5: phase = 0.9423241080003208
15.0765 	EXP 	grating_S1_T5: phase = 0.9749553720030235
15.0928 	EXP 	grating_S1_T5: phase = 0.008519884002453182
15.1093 	EXP 	grating_S1_T5: phase = 0.04065769800217822
15.1260 	EXP 	grating_S1_T5: phase = 0.07374965600320138
15.1427 	EXP 	grating_S1_T5: phase = 0.10709797000163235
15.1594 	EXP 	grating_S1_T5: phase = 0.14055556800303748
15.1761 	EXP 	grating_S1_T5: phase = 0.17392334999749437
15.1929 	EXP 	grating_S1_T5: phase = 0.20734227399952943
15.2095 	EXP 	grating_S1_T5: phase = 0.24084490800305502
15.2262 	EXP 	grating_S1_T5: phase = 0.2741533759981394
15.2430 	EXP 	grating_S1_T5: phase = 0.307628360002127
15.2596 	EXP 	grating_S1_T5: phase = 0.34108665399980964
15.2764 	EXP 	grating_S1_T5: phase = 0.3744080039978144
15.2930 	EXP 	grating_S1_T5: phase = 0.407961457996862
15.3106 	EXP 	grating_S1_T5: phase = 0.4410805259976769
15.3269 	EXP 	grating_S1_T5: phase = 0.4774040940028499
15.3435 	EXP 	grating_S1_T5: phase = 0.5091454060020624
15.3602 	EXP 	grating_S1_T5: phase = 0.5422019940015161
15.3769 	EXP 	grating_S1_T5: phase = 0.5756929179988219
15.3941 	EXP 	grating_S1_T5: phase = 0.6091869960000622
15.4104 	EXP 	grating_S1_T5: phase = 0.6437200860018493
15.4269 	EXP 	grating_S1_T5: phase = 0.6762995739991311
15.4440 	EXP 	grating_S1_T5: phase = 0.7093646759967669
15.4609 	EXP 	grating_S1_T5: phase = 0.7435015040027793
15.4774 	EXP 	grating_S1_T5: phase = 0.7775114999967627
15.4940 	EXP 	grating_S1_T5: phase = 0.8106120500015095
15.5103 	EXP 	grating_S1_T5: phase = 0.8433045179990586
15.5269 	EXP 	grating_S1_T5: phase = 0.8760392559997854
15.5442 	EXP 	grating_S1_T5: phase = 0.9090689599979669
15.5607 	EXP 	grating_S1_T5: phase = 0.9436284699986572
15.5769 	EXP 	grating_S1_T5: phase = 0.976757689997612
15.5941 	EXP 	grating_S1_T5: phase = 0.009015932002512272
15.6109 	EXP 	grating_S1_T5: phase = 0.04387400799896568
15.6276 	EXP 	grating_S1_T5: phase = 0.07725874800235033
15.6447 	EXP 	grating_S1_T5: phase = 0.11024030599946855
15.6607 	EXP 	grating_S1_T5: phase = 0.14472499200201128
15.6776 	EXP 	grating_S1_T5: phase = 0.17663080999773229
15.6942 	EXP 	grating_S1_T5: phase = 0.21036856999853626
15.7105 	EXP 	grating_S1_T5: phase = 0.24352110399922822
15.7275 	EXP 	grating_S1_T5: phase = 0.2760915800026851
15.7443 	EXP 	grating_S1_T5: phase = 0.3102095299982466
15.7609 	EXP 	grating_S1_T5: phase = 0.3438276719971327
15.7770 	EXP 	grating_S1_T5: phase = 0.37702185600210214
15.7943 	EXP 	grating_S1_T5: phase = 0.40942322600312764
15.8106 	EXP 	grating_S1_T5: phase = 0.4437956160036265
15.8277 	EXP 	grating_S1_T5: phase = 0.4763862980034901
15.8445 	EXP 	grating_S1_T5: phase = 0.5110923699976411
15.8612 	EXP 	grating_S1_T5: phase = 0.5447221319991513
15.8776 	EXP 	grating_S1_T5: phase = 0.5779739100034931
15.8948 	EXP 	grating_S1_T5: phase = 0.6105974340025568
15.9114 	EXP 	grating_S1_T5: phase = 0.6446620839997195
15.9283 	EXP 	grating_S1_T5: phase = 0.6779099519990268
15.9448 	EXP 	grating_S1_T5: phase = 0.7120991519987001
15.9616 	EXP 	grating_S1_T5: phase = 0.7450894939975115
15.9785 	EXP 	grating_S1_T5: phase = 0.7784281959975488
15.9951 	EXP 	grating_S1_T5: phase = 0.8121418520022416
16.0117 	EXP 	grating_S1_T5: phase = 0.8453168479973101
16.0285 	EXP 	grating_S1_T5: phase = 0.8784920260004583
16.0455 	EXP 	grating_S1_T5: phase = 0.9121131339998101
16.0621 	EXP 	grating_S1_T5: phase = 0.946072250000725
16.0787 	EXP 	grating_S1_T5: phase = 0.9793653239976265
16.0953 	EXP 	grating_S1_T5: phase = 0.01245195999945281
16.1120 	EXP 	grating_S1_T5: phase = 0.046741684003791306
16.1288 	EXP 	grating_S1_T5: phase = 0.07929706999857444
16.1454 	EXP 	grating_S1_T5: phase = 0.11301472999912221
16.1617 	EXP 	grating_S1_T5: phase = 0.1462770259968238
16.1788 	EXP 	grating_S1_T5: phase = 0.1786162560019875
16.1954 	EXP 	grating_S1_T5: phase = 0.21274201200139942
16.2123 	EXP 	grating_S1_T5: phase = 0.24599947599926963
16.2289 	EXP 	grating_S1_T5: phase = 0.2796728300018003
16.2456 	EXP 	grating_S1_T5: phase = 0.3129293960009818
16.2624 	EXP 	grating_S1_T5: phase = 0.3462521440014825
16.2798 	EXP 	grating_S1_T5: phase = 0.3798781779987621
16.2962 	EXP 	grating_S1_T5: phase = 0.41493209000327624
16.3131 	EXP 	grating_S1_T5: phase = 0.44766368999989936
16.3294 	EXP 	grating_S1_T5: phase = 0.4815603340030066
16.3456 	EXP 	grating_S1_T5: phase = 0.5150243000025512
16.3631 	EXP 	grating_S1_T5: phase = 0.546618487998785
16.3788 	EXP 	grating_S1_T5: phase = 0.5816778099979274
16.3967 	EXP 	grating_S1_T5: phase = 0.6128520159982145
16.4128 	EXP 	grating_S1_T5: phase = 0.6486425219991361
16.4305 	EXP 	grating_S1_T5: phase = 0.6807623940039775
16.4469 	EXP 	grating_S1_T5: phase = 0.716333846001362
16.4635 	EXP 	grating_S1_T5: phase = 0.749677680003515
16.4797 	EXP 	grating_S1_T5: phase = 0.7828374640012044
16.4964 	EXP 	grating_S1_T5: phase = 0.8147830119996797
16.5136 	EXP 	grating_S1_T5: phase = 0.8478572539970628
16.5303 	EXP 	grating_S1_T5: phase = 0.8830060839973157
16.5463 	EXP 	grating_S1_T5: phase = 0.9164103779985453
16.5633 	EXP 	grating_S1_T5: phase = 0.9476913699982106
16.5803 	EXP 	grating_S1_T5: phase = 0.9819478060016991
16.5967 	EXP 	grating_S1_T5: phase = 0.015975185997376684
16.6136 	EXP 	grating_S1_T5: phase = 0.04875091199937742
16.6302 	EXP 	grating_S1_T5: phase = 0.08242579400393879
16.6471 	EXP 	grating_S1_T5: phase = 0.11672926999744959
16.6643 	EXP 	grating_S1_T5: phase = 0.1497453060001135
16.6800 	EXP 	grating_S1_T5: phase = 0.1841670020003221
16.6972 	EXP 	grating_S1_T5: phase = 0.21574066200264497
16.7137 	EXP 	grating_S1_T5: phase = 0.24970751799992286
16.7304 	EXP 	grating_S1_T5: phase = 0.28280870799790137
16.7470 	EXP 	grating_S1_T5: phase = 0.31691145800141385
16.7645 	EXP 	grating_S1_T5: phase = 0.34908767599699786
16.7811 	EXP 	grating_S1_T5: phase = 0.3845253059989773
16.7973 	EXP 	grating_S1_T5: phase = 0.4178362099992228
16.8142 	EXP 	grating_S1_T5: phase = 0.44988110400299774
16.8305 	EXP 	grating_S1_T5: phase = 0.4836437339981785
16.8476 	EXP 	grating_S1_T5: phase = 0.5167845559990383
16.8640 	EXP 	grating_S1_T5: phase = 0.5505348540027626
16.8812 	EXP 	grating_S1_T5: phase = 0.5834304020027048
16.8980 	EXP 	grating_S1_T5: phase = 0.6179577479997533
16.9144 	EXP 	grating_S1_T5: phase = 0.6517765520038665
16.9308 	EXP 	grating_S1_T5: phase = 0.6843282879999606
16.9483 	EXP 	grating_S1_T5: phase = 0.7173244479999994
16.9646 	EXP 	grating_S1_T5: phase = 0.7521761980024166
16.9819 	EXP 	grating_S1_T5: phase = 0.7845788300037384
16.9981 	EXP 	grating_S1_T5: phase = 0.8194810200002394
17.0145 	EXP 	grating_S1_T5: phase = 0.8519023339977139
17.0315 	EXP 	grating_S1_T5: phase = 0.8848787399983848
17.0484 	EXP 	grating_S1_T5: phase = 0.918292130001646
17.0646 	EXP 	grating_S1_T5: phase = 0.9526014660004876
17.0820 	EXP 	grating_S1_T5: phase = 0.9850005460029934
17.0985 	EXP 	grating_S1_T5: phase = 0.019581990003644023
17.1150 	EXP 	grating_S1_T5: phase = 0.05286984999838751
17.1319 	EXP 	grating_S1_T5: phase = 0.0855776460011839
17.1489 	EXP 	grating_S1_T5: phase = 0.11942362599802436
17.1652 	EXP 	grating_S1_T5: phase = 0.15339750199927948
17.1823 	EXP 	grating_S1_T5: phase = 0.18614287600212265
17.1981 	EXP 	grating_S1_T5: phase = 0.22020101999805775
17.2158 	EXP 	grating_S1_T5: phase = 0.25172677399677923
17.2319 	EXP 	grating_S1_T5: phase = 0.2872315040003741
17.2488 	EXP 	grating_S1_T5: phase = 0.31915768799808575
17.2658 	EXP 	grating_S1_T5: phase = 0.35310736799874576
17.2826 	EXP 	grating_S1_T5: phase = 0.3877206519973697
17.2986 	EXP 	grating_S1_T5: phase = 0.42094455400365405
17.3152 	EXP 	grating_S1_T5: phase = 0.45230849200015655
17.3326 	EXP 	grating_S1_T5: phase = 0.48602952399960486
17.3492 	EXP 	grating_S1_T5: phase = 0.5209591099992394
17.3655 	EXP 	grating_S1_T5: phase = 0.5543100700015202
17.3822 	EXP 	grating_S1_T5: phase = 0.5865217820028192
17.3987 	EXP 	grating_S1_T5: phase = 0.6195534319995204
17.4156 	EXP 	grating_S1_T5: phase = 0.6524971580001875
17.4326 	EXP 	grating_S1_T5: phase = 0.6865419360037777
17.4492 	EXP 	grating_S1_T5: phase = 0.72080786999868
17.4659 	EXP 	grating_S1_T5: phase = 0.7536998220020905
17.4828 	EXP 	grating_S1_T5: phase = 0.7871233460027725
17.4995 	EXP 	grating_S1_T5: phase = 0.8214216159976786
17.5160 	EXP 	grating_S1_T5: phase = 0.8547549020004226
17.5330 	EXP 	grating_S1_T5: phase = 0.8879356719990028
17.5498 	EXP 	grating_S1_T5: phase = 0.9220666160035762
17.5660 	EXP 	grating_S1_T5: phase = 0.955220484000165
17.5827 	EXP 	grating_S1_T5: phase = 0.9872252100030892
17.5994 	EXP 	grating_S1_T5: phase = 0.021212211999227293
17.6165 	EXP 	grating_S1_T5: phase = 0.054585391997534316
17.6334 	EXP 	grating_S1_T5: phase = 0.0883672639974975
17.6503 	EXP 	grating_S1_T5: phase = 0.12250393599970266
17.6662 	EXP 	grating_S1_T5: phase = 0.15593641599843977
17.6834 	EXP 	grating_S1_T5: phase = 0.18817223999940325
17.6998 	EXP 	grating_S1_T5: phase = 0.22261325400177157
17.7163 	EXP 	grating_S1_T5: phase = 0.25537621800322086
17.7337 	EXP 	grating_S1_T5: phase = 0.288188493999769
17.7500 	EXP 	grating_S1_T5: phase = 0.32287451199954376
17.7670 	EXP 	grating_S1_T5: phase = 0.3555912320007337
17.7830 	EXP 	grating_S1_T5: phase = 0.389713352000399
17.7999 	EXP 	grating_S1_T5: phase = 0.4212516300030984
17.8163 	EXP 	grating_S1_T5: phase = 0.4554563940037042
17.8335 	EXP 	grating_S1_T5: phase = 0.48792382999818074
17.8505 	EXP 	grating_S1_T5: phase = 0.5223023860016838
17.8670 	EXP 	grating_S1_T5: phase = 0.5566793719990528
17.8838 	EXP 	grating_S1_T5: phase = 0.5894885020024958
17.9001 	EXP 	grating_S1_T5: phase = 0.6232832620007684
17.9171 	EXP 	grating_S1_T5: phase = 0.6555696040013572
17.9342 	EXP 	grating_S1_T5: phase = 0.6898482440010412
17.9506 	EXP 	grating_S1_T5: phase = 0.7240792399970815
17.9674 	EXP 	grating_S1_T5: phase = 0.7567608960016514
17.9843 	EXP 	grating_S1_T5: phase = 0.7904602979979245
18.0012 	EXP 	grating_S1_T5: phase = 0.823879447998479
18.0177 	EXP 	grating_S1_T5: phase = 0.8580950180039508
18.0344 	EXP 	grating_S1_T5: phase = 0.8910431980038993
18.0512 	EXP 	grating_S1_T5: phase = 0.9241336499981117
18.0678 	EXP 	grating_S1_T5: phase = 0.958327268002904
18.0844 	EXP 	grating_S1_T5: phase = 0.9914206340035889
18.1013 	EXP 	grating_S1_T5: phase = 0.024656522000441328
18.1178 	EXP 	grating_S1_T5: phase = 0.05818063199694734
18.1349 	EXP 	grating_S1_T5: phase = 0.09137210000335472
18.1513 	EXP 	grating_S1_T5: phase = 0.12509959199815057
18.1675 	EXP 	grating_S1_T5: phase = 0.15822180000395747
18.1847 	EXP 	grating_S1_T5: phase = 0.19099522999749752
18.2017 	EXP 	grating_S1_T5: phase = 0.2250124619968119
18.2183 	EXP 	grating_S1_T5: phase = 0.2591434999994817
18.2350 	EXP 	grating_S1_T5: phase = 0.2927322440009448
18.2512 	EXP 	grating_S1_T5: phase = 0.3255287580032018
18.2686 	EXP 	grating_S1_T5: phase = 0.3581321620004019
18.2850 	EXP 	grating_S1_T5: phase = 0.39272322400211124
18.3019 	EXP 	grating_S1_T5: phase = 0.4256029660027707
18.3181 	EXP 	grating_S1_T5: phase = 0.45933155399688985
18.3350 	EXP 	grating_S1_T5: phase = 0.49152570399746764
18.3523 	EXP 	grating_S1_T5: phase = 0.525851229998807
18.3686 	EXP 	grating_S1_T5: phase = 0.5602629639979568
18.3854 	EXP 	grating_S1_T5: phase = 0.5924729000034858
18.4017 	EXP 	grating_S1_T5: phase = 0.6267209420038853
18.4182 	EXP 	grating_S1_T5: phase = 0.6592494459982845
18.4357 	EXP 	grating_S1_T5: phase = 0.6920532119984273
18.4520 	EXP 	grating_S1_T5: phase = 0.7271439519972773
18.4688 	EXP 	grating_S1_T5: phase = 0.7596095940025407
18.4851 	EXP 	grating_S1_T5: phase = 0.7935099980022642
18.5018 	EXP 	grating_S1_T5: phase = 0.8258004980016267
18.5191 	EXP 	grating_S1_T5: phase = 0.8593214860011358
18.5351 	EXP 	grating_S1_T5: phase = 0.8938845000011497
18.5518 	EXP 	grating_S1_T5: phase = 0.9263411100037047
18.5693 	EXP 	grating_S1_T5: phase = 0.9592406399970059
18.5856 	EXP 	grating_S1_T5: phase = 0.9941397479997249
18.6023 	EXP 	grating_S1_T5: phase = 0.026399618000141345
18.6190 	EXP 	grating_S1_T5: phase = 0.06004366200068034
18.6358 	EXP 	grating_S1_T5: phase = 0.094031027998426
18.6529 	EXP 	grating_S1_T5: phase = 0.12711799800308654
18.6690 	EXP 	grating_S1_T5: phase = 0.16141295000124956
18.6862 	EXP 	grating_S1_T5: phase = 0.1933557739976095
18.7027 	EXP 	grating_S1_T5: phase = 0.22797721000097226
18.7193 	EXP 	grating_S1_T5: phase = 0.2612488739978289
18.7363 	EXP 	grating_S1_T5: phase = 0.2941203320006025
18.7527 	EXP 	grating_S1_T5: phase = 0.32820427600381663
18.7688 	EXP 	grating_S1_T5: phase = 0.360772353997163
18.7859 	EXP 	grating_S1_T5: phase = 0.3928383520033094
18.8036 	EXP 	grating_S1_T5: phase = 0.42691668000043137
18.8191 	EXP 	grating_S1_T5: phase = 0.46315626399882603
18.8362 	EXP 	grating_S1_T5: phase = 0.4936838759967941
18.8525 	EXP 	grating_S1_T5: phase = 0.5281172980030533
18.8699 	EXP 	grating_S1_T5: phase = 0.5608860139982426
18.8862 	EXP 	grating_S1_T5: phase = 0.5954767380026169
18.9033 	EXP 	grating_S1_T5: phase = 0.6278058940006304
18.9191 	EXP 	grating_S1_T5: phase = 0.6628256819967646
18.9365 	EXP 	grating_S1_T5: phase = 0.6937157260035747
18.9527 	EXP 	grating_S1_T5: phase = 0.7286707820021547
18.9698 	EXP 	grating_S1_T5: phase = 0.7608398680022219
18.9870 	EXP 	grating_S1_T5: phase = 0.7951893240024219
19.0033 	EXP 	grating_S1_T5: phase = 0.8293324519981979
19.0203 	EXP 	grating_S1_T5: phase = 0.8623682780016679
19.0364 	EXP 	grating_S1_T5: phase = 0.8960373860027175
19.0539 	EXP 	grating_S1_T5: phase = 0.9285737379977945
19.0703 	EXP 	grating_S1_T5: phase = 0.9636648079977022
19.0865 	EXP 	grating_S1_T5: phase = 0.9964392039983068
19.1039 	EXP 	grating_S1_T5: phase = 0.02889341000263812
19.1203 	EXP 	grating_S1_T5: phase = 0.06366099399747327
19.1365 	EXP 	grating_S1_T5: phase = 0.0961993840028299
19.1542 	EXP 	grating_S1_T5: phase = 0.1288953080002102
19.1703 	EXP 	grating_S1_T5: phase = 0.16408242600300582
19.1874 	EXP 	grating_S1_T5: phase = 0.19746916599979158
19.2041 	EXP 	grating_S1_T5: phase = 0.23101631399913458
19.2205 	EXP 	grating_S1_T5: phase = 0.26434938800230157
19.2369 	EXP 	grating_S1_T5: phase = 0.29716069000278367
19.2537 	EXP 	grating_S1_T5: phase = 0.32935346200247295
19.2711 	EXP 	grating_S1_T5: phase = 0.36308630400162656
19.2875 	EXP 	grating_S1_T5: phase = 0.3979492139987997
19.3040 	EXP 	grating_S1_T5: phase = 0.43068096799834166
19.3205 	EXP 	grating_S1_T5: phase = 0.46391973400022835
19.3377 	EXP 	grating_S1_T5: phase = 0.49659250800323207
19.3546 	EXP 	grating_S1_T5: phase = 0.5309448159969179
19.3711 	EXP 	grating_S1_T5: phase = 0.5649359540038859
19.3878 	EXP 	grating_S1_T5: phase = 0.597967975998472
19.4041 	EXP 	grating_S1_T5: phase = 0.6313181340010487
19.4209 	EXP 	grating_S1_T5: phase = 0.6638448160010739
19.4382 	EXP 	grating_S1_T5: phase = 0.6974429100009729
19.4545 	EXP 	grating_S1_T5: phase = 0.7324925400025677
19.4715 	EXP 	grating_S1_T5: phase = 0.764594815998862
19.4880 	EXP 	grating_S1_T5: phase = 0.7987332199991215
19.5047 	EXP 	grating_S1_T5: phase = 0.8319631839985959
19.5217 	EXP 	grating_S1_T5: phase = 0.8651321340003051
19.5381 	EXP 	grating_S1_T5: phase = 0.8993214419970172
19.5548 	EXP 	grating_S1_T5: phase = 0.9321483340027044
19.5709 	EXP 	grating_S1_T5: phase = 0.9649687380006071
19.5882 	EXP 	grating_S1_T5: phase = 0.9972000959969591
19.6047 	EXP 	grating_S1_T5: phase = 0.03183930199884344
19.6219 	EXP 	grating_S1_T5: phase = 0.06504365600267192
19.6378 	EXP 	grating_S1_T5: phase = 0.0992678140028147
19.6549 	EXP 	grating_S1_T5: phase = 0.13115392199688358
19.6721 	EXP 	grating_S1_T5: phase = 0.16552480200334685
19.6889 	EXP 	grating_S1_T5: phase = 0.19989236199762672
19.7056 	EXP 	grating_S1_T5: phase = 0.2339377360040089
19.7219 	EXP 	grating_S1_T5: phase = 0.26677885399840306
19.7383 	EXP 	grating_S1_T5: phase = 0.2995429439979489
19.7554 	EXP 	grating_S1_T5: phase = 0.3323281560005853
19.7721 	EXP 	grating_S1_T5: phase = 0.36679075800202554
19.7885 	EXP 	grating_S1_T5: phase = 0.39986094999767374
19.8060 	EXP 	grating_S1_T5: phase = 0.4325507760004257
19.8227 	EXP 	grating_S1_T5: phase = 0.4678177940004389
19.8394 	EXP 	grating_S1_T5: phase = 0.5011756840031012
19.8556 	EXP 	grating_S1_T5: phase = 0.5344025919985143
19.8725 	EXP 	grating_S1_T5: phase = 0.5665639540020493
19.8887 	EXP 	grating_S1_T5: phase = 0.6007220379979117
19.9059 	EXP 	grating_S1_T5: phase = 0.6330095739976969
19.9229 	EXP 	grating_S1_T5: phase = 0.6673298480018275
19.9396 	EXP 	grating_S1_T5: phase = 0.7013605960019049
19.9557 	EXP 	grating_S1_T5: phase = 0.7347528239988605
19.9732 	EXP 	grating_S1_T5: phase = 0.7670996320011909
19.9888 	EXP 	grating_S1_T5: phase = 0.8020466279995162
20.0061 	EXP 	grating_S1_T5: phase = 0.8333139539972763
20.0231 	EXP 	grating_S1_T5: phase = 0.8677494579969789
20.0390 	EXP 	grating_S1_T5: phase = 0.9020696579973446
20.0567 	EXP 	grating_S1_T5: phase = 0.9336084780006786
20.0730 	EXP 	grating_S1_T5: phase = 0.9689452620004886
20.0900 	EXP 	grating_S1_T5: phase = 0.0015643459992134012
20.1064 	EXP 	grating_S1_T5: phase = 0.03566132400010247
20.1234 	EXP 	grating_S1_T5: phase = 0.06834558200353058
20.1401 	EXP 	grating_S1_T5: phase = 0.10257182199711679
20.1564 	EXP 	grating_S1_T5: phase = 0.13588729400362354
20.1729 	EXP 	grating_S1_T5: phase = 0.1684426040010294
20.1902 	EXP 	grating_S1_T5: phase = 0.2013901079990319
20.2063 	EXP 	grating_S1_T5: phase = 0.23621747799916193
20.2236 	EXP 	grating_S1_T5: phase = 0.2681194559991127
20.2400 	EXP 	grating_S1_T5: phase = 0.3029146100016078
20.2564 	EXP 	grating_S1_T5: phase = 0.33576829599769553
20.2737 	EXP 	grating_S1_T5: phase = 0.3683219820013619
20.2903 	EXP 	grating_S1_T5: phase = 0.4024857219992555
20.3063 	EXP 	grating_S1_T5: phase = 0.43636279000202194
20.3236 	EXP 	grating_S1_T5: phase = 0.4681589480023831
20.3405 	EXP 	grating_S1_T5: phase = 0.5028049340035068
20.3568 	EXP 	grating_S1_T5: phase = 0.5366413259980618
20.3742 	EXP 	grating_S1_T5: phase = 0.5693908239991288
20.3899 	EXP 	grating_S1_T5: phase = 0.6045187220006483
20.4069 	EXP 	grating_S1_T5: phase = 0.6353519140029675
20.4246 	EXP 	grating_S1_T5: phase = 0.6694995840007323
20.4408 	EXP 	grating_S1_T5: phase = 0.7047763139999006
20.4576 	EXP 	grating_S1_T5: phase = 0.737405428000784
20.4742 	EXP 	grating_S1_T5: phase = 0.7709547319973353
20.4907 	EXP 	grating_S1_T5: phase = 0.8041291859990451
20.5076 	EXP 	grating_S1_T5: phase = 0.837030198003049
20.5247 	EXP 	grating_S1_T5: phase = 0.8707283019975876
20.5404 	EXP 	grating_S1_T5: phase = 0.9049302940038615
20.5581 	EXP 	grating_S1_T5: phase = 0.9365234939978109
20.5747 	EXP 	grating_S1_T5: phase = 0.9719371960018179
20.5906 	EXP 	grating_S1_T5: phase = 0.005104304000269622
20.6074 	EXP 	grating_S1_T5: phase = 0.03652372799842851
20.6245 	EXP 	grating_S1_T5: phase = 0.07047399000293808
20.6407 	EXP 	grating_S1_T5: phase = 0.10469069000100717
20.6580 	EXP 	grating_S1_T5: phase = 0.13693941599922255
20.6747 	EXP 	grating_S1_T5: phase = 0.17186582800059114
20.6915 	EXP 	grating_S1_T5: phase = 0.20482120400265558
20.7076 	EXP 	grating_S1_T5: phase = 0.2386100459989393
20.7243 	EXP 	grating_S1_T5: phase = 0.27104668199899606
20.7416 	EXP 	grating_S1_T5: phase = 0.3043129259967827
20.7587 	EXP 	grating_S1_T5: phase = 0.3385939959989628
20.7754 	EXP 	grating_S1_T5: phase = 0.37317045999952825
20.7917 	EXP 	grating_S1_T5: phase = 0.4063746460014954
20.8090 	EXP 	grating_S1_T5: phase = 0.4388583500040113
20.8251 	EXP 	grating_S1_T5: phase = 0.47347022400208516
20.8416 	EXP 	grating_S1_T5: phase = 0.5059912400029134
20.8585 	EXP 	grating_S1_T5: phase = 0.539123604001361
20.8754 	EXP 	grating_S1_T5: phase = 0.5727728240017314
20.8918 	EXP 	grating_S1_T5: phase = 0.6066971519976505
20.9082 	EXP 	grating_S1_T5: phase = 0.639464075997239
20.9252 	EXP 	grating_S1_T5: phase = 0.6718998180003837
20.9418 	EXP 	grating_S1_T5: phase = 0.7061127920023864
20.9586 	EXP 	grating_S1_T5: phase = 0.7393173020027461
20.9751 	EXP 	grating_S1_T5: phase = 0.7730100720000337
20.9914 	EXP 	grating_S1_T5: phase = 0.8056755880024866
21.0080 	EXP 	grating_S1_T5: phase = 0.8381501539988676
21.0258 	EXP 	grating_S1_T5: phase = 0.8711863819989958
21.0422 	EXP 	grating_S1_T5: phase = 0.9071285160025582
21.0593 	EXP 	grating_S1_T5: phase = 0.9403701019982691
21.0759 	EXP 	grating_S1_T5: phase = 0.974367839997285
21.0921 	EXP 	grating_S1_T5: phase = 0.0074579639986041
21.1091 	EXP 	grating_S1_T5: phase = 0.03978729400114389
21.1261 	EXP 	grating_S1_T5: phase = 0.07357186399895
21.1428 	EXP 	grating_S1_T5: phase = 0.10807875000318745
21.1601 	EXP 	grating_S1_T5: phase = 0.14118606400006684
21.1765 	EXP 	grating_S1_T5: phase = 0.17619609399844194
21.1930 	EXP 	grating_S1_T5: phase = 0.20858369799680077
21.2091 	EXP 	grating_S1_T5: phase = 0.2414510739981779
21.2262 	EXP 	grating_S1_T5: phase = 0.27368687400303315
21.2424 	EXP 	grating_S1_T5: phase = 0.30808876999799395
21.2595 	EXP 	grating_S1_T5: phase = 0.3406453520001378
21.2758 	EXP 	grating_S1_T5: phase = 0.3747686540009454
21.2927 	EXP 	grating_S1_T5: phase = 0.40733831800025655
21.3102 	EXP 	grating_S1_T5: phase = 0.4409693880006671
21.3265 	EXP 	grating_S1_T5: phase = 0.4760864100026083
21.3434 	EXP 	grating_S1_T5: phase = 0.5086032519975561
21.3601 	EXP 	grating_S1_T5: phase = 0.5424068639986217
21.3765 	EXP 	grating_S1_T5: phase = 0.5760256180001306
21.3931 	EXP 	grating_S1_T5: phase = 0.6086255780028296
21.4093 	EXP 	grating_S1_T5: phase = 0.6421057140032644
21.4261 	EXP 	grating_S1_T5: phase = 0.6757904240002972
21.4436 	EXP 	grating_S1_T5: phase = 0.7078308659984032
21.4599 	EXP 	grating_S1_T5: phase = 0.7426175540022086
21.4766 	EXP 	grating_S1_T5: phase = 0.7754898440034594
21.4937 	EXP 	grating_S1_T5: phase = 0.8088362679991405
21.5105 	EXP 	grating_S1_T5: phase = 0.8428604439977789
21.5267 	EXP 	grating_S1_T5: phase = 0.8766082220026874
21.5430 	EXP 	grating_S1_T5: phase = 0.9087374380032998
21.5608 	EXP 	grating_S1_T5: phase = 0.9416377340021427
21.5768 	EXP 	grating_S1_T5: phase = 0.9771547639975324
21.5938 	EXP 	grating_S1_T5: phase = 0.009122297997237183
21.6109 	EXP 	grating_S1_T5: phase = 0.04309554400242632
21.6273 	EXP 	grating_S1_T5: phase = 0.07752766799967503
21.6442 	EXP 	grating_S1_T5: phase = 0.11023129399836762
21.6603 	EXP 	grating_S1_T5: phase = 0.14404228400235297
21.6776 	EXP 	grating_S1_T5: phase = 0.17623034200369148
21.6943 	EXP 	grating_S1_T5: phase = 0.2108426499980851
21.7108 	EXP 	grating_S1_T5: phase = 0.24422761399910087
21.7276 	EXP 	grating_S1_T5: phase = 0.27718873399862787
21.7443 	EXP 	grating_S1_T5: phase = 0.31114709800021956
21.7601 	EXP 	grating_S1_T5: phase = 0.34403593400202226
21.7771 	EXP 	grating_S1_T5: phase = 0.37580236400390277
21.7946 	EXP 	grating_S1_T5: phase = 0.4094150780001655
21.8114 	EXP 	grating_S1_T5: phase = 0.4449612180033
21.8272 	EXP 	grating_S1_T5: phase = 0.47851116800302407
21.8442 	EXP 	grating_S1_T5: phase = 0.5095739340031287
21.8609 	EXP 	grating_S1_T5: phase = 0.5435500780004077
21.8785 	EXP 	grating_S1_T5: phase = 0.5769111640038318
21.8946 	EXP 	grating_S1_T5: phase = 0.6123744540018379
21.9112 	EXP 	grating_S1_T5: phase = 0.6446866940023028
21.9279 	EXP 	grating_S1_T5: phase = 0.6778728860008414
21.9447 	EXP 	grating_S1_T5: phase = 0.7115963120013475
21.9614 	EXP 	grating_S1_T5: phase = 0.7454456740015303
21.9774 	EXP 	grating_S1_T5: phase = 0.7784061700003804
21.9945 	EXP 	grating_S1_T5: phase = 0.8102594960000715
22.0113 	EXP 	grating_S1_T5: phase = 0.8442215280010714
22.0280 	EXP 	grating_S1_T5: phase = 0.8777153999981238
22.0447 	EXP 	grating_S1_T5: phase = 0.9111649499973282
22.0615 	EXP 	grating_S1_T5: phase = 0.9447615219978616
22.0781 	EXP 	grating_S1_T5: phase = 0.9781646420015022
22.0947 	EXP 	grating_S1_T5: phase = 0.011397002002922818
22.1113 	EXP 	grating_S1_T5: phase = 0.044550669997988734
22.1280 	EXP 	grating_S1_T5: phase = 0.07777373200224247
22.1447 	EXP 	grating_S1_T5: phase = 0.11114810399885755
22.1615 	EXP 	grating_S1_T5: phase = 0.1444514539980446
22.1783 	EXP 	grating_S1_T5: phase = 0.1781279499991797
22.1949 	EXP 	grating_S1_T5: phase = 0.21173596400331007
22.2120 	EXP 	grating_S1_T5: phase = 0.24495109599956777
22.2281 	EXP 	grating_S1_T5: phase = 0.2792066620022524
22.2452 	EXP 	grating_S1_T5: phase = 0.3124166760026128
22.2619 	EXP 	grating_S1_T5: phase = 0.3457109259979916
22.2787 	EXP 	grating_S1_T5: phase = 0.3798142000014195
22.2952 	EXP 	grating_S1_T5: phase = 0.41331711399834603
22.3120 	EXP 	grating_S1_T5: phase = 0.4455825460026972
22.3289 	EXP 	grating_S1_T5: phase = 0.47928997599956347
22.3458 	EXP 	grating_S1_T5: phase = 0.5128494079981465
22.3624 	EXP 	grating_S1_T5: phase = 0.5470976319993497
22.3787 	EXP 	grating_S1_T5: phase = 0.5802632220002124
22.3954 	EXP 	grating_S1_T5: phase = 0.6125296800018987
22.4125 	EXP 	grating_S1_T5: phase = 0.6459409000017331
22.4291 	EXP 	grating_S1_T5: phase = 0.6800884659969597
22.4456 	EXP 	grating_S1_T5: phase = 0.7141530720036826
22.4624 	EXP 	grating_S1_T5: phase = 0.7464582259999588
22.4791 	EXP 	grating_S1_T5: phase = 0.7798371680037235
22.4958 	EXP 	grating_S1_T5: phase = 0.8133234880006057
22.5126 	EXP 	grating_S1_T5: phase = 0.8468115540017607
22.5293 	EXP 	grating_S1_T5: phase = 0.8803600660030497
22.5458 	EXP 	grating_S1_T5: phase = 0.9145760660030646
22.5629 	EXP 	grating_S1_T5: phase = 0.9468434720038204
22.5796 	EXP 	grating_S1_T5: phase = 0.981225989999075
22.5973 	EXP 	grating_S1_T5: phase = 0.014857715999823995
22.6139 	EXP 	grating_S1_T5: phase = 0.050286773999687284
22.6307 	EXP 	grating_S1_T5: phase = 0.0833747439974104
22.6475 	EXP 	grating_S1_T5: phase = 0.11692027199751465
22.6640 	EXP 	grating_S1_T5: phase = 0.15056827600346878
22.6804 	EXP 	grating_S1_T5: phase = 0.18358458200236782
22.6976 	EXP 	grating_S1_T5: phase = 0.2164002880017506
22.7138 	EXP 	grating_S1_T5: phase = 0.2507626540027559
22.7313 	EXP 	grating_S1_T5: phase = 0.2835348340013297
22.7470 	EXP 	grating_S1_T5: phase = 0.31847426800231915
22.7642 	EXP 	grating_S1_T5: phase = 0.34973411400278565
22.7807 	EXP 	grating_S1_T5: phase = 0.3839220320005552
22.8117 	EXP 	grating_S1_T5: phase = 0.41699653200339526
22.8304 	EXP 	grating_S1_T5: phase = 0.47905408999940846
22.8646 	EXP 	grating_S1_T5: phase = 0.5165183700009948
22.8810 	EXP 	grating_S1_T5: phase = 0.5847591639976599
22.8980 	EXP 	grating_S1_T5: phase = 0.6176887719993829
22.9146 	EXP 	grating_S1_T5: phase = 0.651584894003463
22.9310 	EXP 	grating_S1_T5: phase = 0.6847290540026734
22.9478 	EXP 	grating_S1_T5: phase = 0.7172960699972464
22.9645 	EXP 	grating_S1_T5: phase = 0.7511172840022482
22.9815 	EXP 	grating_S1_T5: phase = 0.7845025119968341
22.9974 	EXP 	grating_S1_T5: phase = 0.8185810340000899
23.0148 	EXP 	grating_S1_T5: phase = 0.8503153519995976
23.0313 	EXP 	grating_S1_T5: phase = 0.8851116919977358
23.0482 	EXP 	grating_S1_T5: phase = 0.9179766960005509
23.0648 	EXP 	grating_S1_T5: phase = 0.9520467339971219
23.0816 	EXP 	grating_S1_T5: phase = 0.9851395700025023
23.0977 	EXP 	grating_S1_T5: phase = 0.018782036000629887
23.1151 	EXP 	grating_S1_T5: phase = 0.05066606200125534
23.1486 	EXP 	grating_S1_T5: phase = 0.08580921799875796
23.1655 	EXP 	grating_S1_T5: phase = 0.15283483800158137
23.1822 	EXP 	grating_S1_T5: phase = 0.18677546200342476
23.2129 	EXP 	grating_S1_T5: phase = 0.21993245799967553
23.2322 	EXP 	grating_S1_T5: phase = 0.28132786999776727
23.2489 	EXP 	grating_S1_T5: phase = 0.3200364560034359
23.2795 	EXP 	grating_S1_T5: phase = 0.35367283200321253
23.2989 	EXP 	grating_S1_T5: phase = 0.4145782140039955
23.3144 	EXP 	grating_S1_T5: phase = 0.45421945399721153
23.3323 	EXP 	grating_S1_T5: phase = 0.48405884000385413
23.3487 	EXP 	grating_S1_T5: phase = 0.5201899699968635
23.3657 	EXP 	grating_S1_T5: phase = 0.5530001239967532
23.3824 	EXP 	grating_S1_T5: phase = 0.5869664299971191
23.4135 	EXP 	grating_S1_T5: phase = 0.6204268880028394
23.4329 	EXP 	grating_S1_T5: phase = 0.6826232280000113
23.4489 	EXP 	grating_S1_T5: phase = 0.7213785760031897
23.4660 	EXP 	grating_S1_T5: phase = 0.7534173820022261
23.4823 	EXP 	grating_S1_T5: phase = 0.7874945560033666
23.5136 	EXP 	grating_S1_T5: phase = 0.8201823920026072
23.5330 	EXP 	grating_S1_T5: phase = 0.8827439140004572
23.5495 	EXP 	grating_S1_T5: phase = 0.9216549940028926
23.5662 	EXP 	grating_S1_T5: phase = 0.9550974119993043
23.5827 	EXP 	grating_S1_T5: phase = 0.9880309020009008
23.5996 	EXP 	grating_S1_T5: phase = 0.021115212002769113
23.6159 	EXP 	grating_S1_T5: phase = 0.054716990001907106
23.6327 	EXP 	grating_S1_T5: phase = 0.08829007000167621
23.6499 	EXP 	grating_S1_T5: phase = 0.12083028600318357
23.6666 	EXP 	grating_S1_T5: phase = 0.15597091800009366
23.6832 	EXP 	grating_S1_T5: phase = 0.18919225400168216
23.7001 	EXP 	grating_S1_T5: phase = 0.22310951200051932
23.7160 	EXP 	grating_S1_T5: phase = 0.25674249599978793
23.7337 	EXP 	grating_S1_T5: phase = 0.2876157439968665
23.7492 	EXP 	grating_S1_T5: phase = 0.32310643199889455
23.7669 	EXP 	grating_S1_T5: phase = 0.3539310319974902
23.7835 	EXP 	grating_S1_T5: phase = 0.3893403539987048
23.8002 	EXP 	grating_S1_T5: phase = 0.4227021719998447
23.8169 	EXP 	grating_S1_T5: phase = 0.45602509399759583
23.8339 	EXP 	grating_S1_T5: phase = 0.48944246400060365
23.8498 	EXP 	grating_S1_T5: phase = 0.5233003419998568
23.8670 	EXP 	grating_S1_T5: phase = 0.5552261519987951
23.8833 	EXP 	grating_S1_T5: phase = 0.589543023997976
23.9006 	EXP 	grating_S1_T5: phase = 0.6221506319998298
23.9169 	EXP 	grating_S1_T5: phase = 0.6568025899978238
23.9345 	EXP 	grating_S1_T5: phase = 0.689381748001324
23.9492 	EXP 	grating_S1_T5: phase = 0.7246128719998524
23.9816 	EXP 	grating_S1_T5: phase = 0.7538185880039237
24.0005 	EXP 	grating_S1_T5: phase = 0.8188904299968272
24.0171 	EXP 	grating_S1_T5: phase = 0.8566234480022104
24.0339 	EXP 	grating_S1_T5: phase = 0.8896993980015395
24.0506 	EXP 	grating_S1_T5: phase = 0.9232703559973743
24.0676 	EXP 	grating_S1_T5: phase = 0.9567980159990839
24.0835 	EXP 	grating_S1_T5: phase = 0.990712810002151
24.1154 	EXP 	grating_S1_T5: phase = 0.022513294003147166
24.1342 	EXP 	grating_S1_T5: phase = 0.08642018200043822
24.1507 	EXP 	grating_S1_T5: phase = 0.12392452800122555
24.1678 	EXP 	grating_S1_T5: phase = 0.15700667000055546
24.1844 	EXP 	grating_S1_T5: phase = 0.19124808799824677
24.2017 	EXP 	grating_S1_T5: phase = 0.22434510200400837
24.2171 	EXP 	grating_S1_T5: phase = 0.25896116199874086
24.2351 	EXP 	grating_S1_T5: phase = 0.2898586980008986
24.2517 	EXP 	grating_S1_T5: phase = 0.3258352679986274
24.2679 	EXP 	grating_S1_T5: phase = 0.3590091299993219
24.2852 	EXP 	grating_S1_T5: phase = 0.39140082400263054
24.3019 	EXP 	grating_S1_T5: phase = 0.425919988003443
24.3187 	EXP 	grating_S1_T5: phase = 0.4594592499997816
24.3349 	EXP 	grating_S1_T5: phase = 0.4930024740024237
24.3519 	EXP 	grating_S1_T5: phase = 0.5252956339973025
24.3687 	EXP 	grating_S1_T5: phase = 0.5593277779989876
24.3855 	EXP 	grating_S1_T5: phase = 0.5929714820013032
24.4022 	EXP 	grating_S1_T5: phase = 0.6265324339983636
24.4189 	EXP 	grating_S1_T5: phase = 0.6603950479984633
24.4355 	EXP 	grating_S1_T5: phase = 0.6933298439980717
24.4523 	EXP 	grating_S1_T5: phase = 0.7265699499985203
24.4689 	EXP 	grating_S1_T5: phase = 0.7603190340014407
24.4851 	EXP 	grating_S1_T5: phase = 0.7932883039975422
24.5023 	EXP 	grating_S1_T5: phase = 0.8257633140019607
24.5192 	EXP 	grating_S1_T5: phase = 0.8601564479977242
24.5358 	EXP 	grating_S1_T5: phase = 0.8938928179995855
24.5518 	EXP 	grating_S1_T5: phase = 0.9271945840009721
24.5691 	EXP 	grating_S1_T5: phase = 0.9594478119979613
24.5859 	EXP 	grating_S1_T5: phase = 0.9937242119995062
24.6026 	EXP 	grating_S1_T5: phase = 0.027301791997160763
24.6194 	EXP 	grating_S1_T5: phase = 0.06088152399752289
24.6351 	EXP 	grating_S1_T5: phase = 0.0944435359997442
24.6528 	EXP 	grating_S1_T5: phase = 0.12585364199912874
24.6695 	EXP 	grating_S1_T5: phase = 0.16114749800181016
24.6863 	EXP 	grating_S1_T5: phase = 0.1945569780000369
24.7027 	EXP 	grating_S1_T5: phase = 0.22810018200107152
24.7195 	EXP 	grating_S1_T5: phase = 0.26100428799691144
24.7362 	EXP 	grating_S1_T5: phase = 0.29458973400323885
24.7530 	EXP 	grating_S1_T5: phase = 0.3279652540004463
24.7698 	EXP 	grating_S1_T5: phase = 0.36155723199772183
24.7865 	EXP 	grating_S1_T5: phase = 0.3951316480015521
24.8025 	EXP 	grating_S1_T5: phase = 0.42856785799813224
24.8200 	EXP 	grating_S1_T5: phase = 0.46069779800018296
24.8364 	EXP 	grating_S1_T5: phase = 0.4955267300028936
24.8531 	EXP 	grating_S1_T5: phase = 0.5284033700008877
24.8699 	EXP 	grating_S1_T5: phase = 0.561822588002542
24.8868 	EXP 	grating_S1_T5: phase = 0.5954499340004986
24.9035 	EXP 	grating_S1_T5: phase = 0.6291401959970244
24.9201 	EXP 	grating_S1_T5: phase = 0.6629342220039689
24.9365 	EXP 	grating_S1_T5: phase = 0.6958059379976476
24.9533 	EXP 	grating_S1_T5: phase = 0.728552448003029
24.9702 	EXP 	grating_S1_T5: phase = 0.7622117139981128
24.9870 	EXP 	grating_S1_T5: phase = 0.7960672940025688
25.0037 	EXP 	grating_S1_T5: phase = 0.8295210240030428
25.0197 	EXP 	grating_S1_T5: phase = 0.8629452680033864
25.0369 	EXP 	grating_S1_T5: phase = 0.895035032001033
25.0538 	EXP 	grating_S1_T5: phase = 0.9294364579982357
25.0705 	EXP 	grating_S1_T5: phase = 0.9630867759988178
25.0873 	EXP 	grating_S1_T5: phase = 0.9966338779995567
25.1040 	EXP 	grating_S1_T5: phase = 0.030134587999782525
25.1205 	EXP 	grating_S1_T5: phase = 0.06365238400030648
25.1372 	EXP 	grating_S1_T5: phase = 0.0966917440018733
25.1539 	EXP 	grating_S1_T5: phase = 0.12999793000199134
25.1707 	EXP 	grating_S1_T5: phase = 0.16346785800124053
25.1875 	EXP 	grating_S1_T5: phase = 0.19704577600350603
25.2044 	EXP 	grating_S1_T5: phase = 0.2304824520033435
25.2211 	EXP 	grating_S1_T5: phase = 0.26430901599815115
25.2376 	EXP 	grating_S1_T5: phase = 0.29781611199723557
25.2544 	EXP 	grating_S1_T5: phase = 0.3308904240038828
25.2711 	EXP 	grating_S1_T5: phase = 0.3645032900021761
25.2879 	EXP 	grating_S1_T5: phase = 0.39782069200009573
25.3045 	EXP 	grating_S1_T5: phase = 0.43298980400140863
25.3210 	EXP 	grating_S1_T5: phase = 0.46504513199761277
25.3378 	EXP 	grating_S1_T5: phase = 0.4981973539979663
25.3547 	EXP 	grating_S1_T5: phase = 0.5317533479974372
25.3715 	EXP 	grating_S1_T5: phase = 0.5650439439996262
25.3880 	EXP 	grating_S1_T5: phase = 0.5985890680021839
25.4043 	EXP 	grating_S1_T5: phase = 0.6316028520013788
25.4214 	EXP 	grating_S1_T5: phase = 0.6645141519984463
25.4381 	EXP 	grating_S1_T5: phase = 0.6983166479985812
25.4551 	EXP 	grating_S1_T5: phase = 0.732441211999685
25.4718 	EXP 	grating_S1_T5: phase = 0.7657105980033521
25.4885 	EXP 	grating_S1_T5: phase = 0.7990924780024216
25.5050 	EXP 	grating_S1_T5: phase = 0.8325800620004884
25.5217 	EXP 	grating_S1_T5: phase = 0.8655166820026352
25.5384 	EXP 	grating_S1_T5: phase = 0.8989916179998545
25.5547 	EXP 	grating_S1_T5: phase = 0.9329277900033048
25.5719 	EXP 	grating_S1_T5: phase = 0.9653658640017966
25.5887 	EXP 	grating_S1_T5: phase = 0.9994489079981577
25.6055 	EXP 	grating_S1_T5: phase = 0.032972430002701
25.6220 	EXP 	grating_S1_T5: phase = 0.06667658399965148
25.6379 	EXP 	grating_S1_T5: phase = 0.09963985600188607
25.6550 	EXP 	grating_S1_T5: phase = 0.13141873000131454
25.6720 	EXP 	grating_S1_T5: phase = 0.1656115720033995
25.6888 	EXP 	grating_S1_T5: phase = 0.19966784799908055
25.7056 	EXP 	grating_S1_T5: phase = 0.2331964019977022
25.7225 	EXP 	grating_S1_T5: phase = 0.266836652001075
25.7388 	EXP 	grating_S1_T5: phase = 0.30067945799964946
25.7548 	EXP 	grating_S1_T5: phase = 0.33326003800175386
25.7726 	EXP 	grating_S1_T5: phase = 0.36527352999837603
25.7892 	EXP 	grating_S1_T5: phase = 0.40070570199895883
25.8060 	EXP 	grating_S1_T5: phase = 0.4339869679970434
25.8226 	EXP 	grating_S1_T5: phase = 0.46761300600337563
25.8391 	EXP 	grating_S1_T5: phase = 0.5008684920030646
25.8558 	EXP 	grating_S1_T5: phase = 0.5338390580000123
25.8723 	EXP 	grating_S1_T5: phase = 0.5672851339986664
25.8880 	EXP 	grating_S1_T5: phase = 0.6003628820035374
25.9047 	EXP 	grating_S1_T5: phase = 0.6311812040003133
25.9217 	EXP 	grating_S1_T5: phase = 0.6649331279986654
25.9394 	EXP 	grating_S1_T5: phase = 0.6986276059978991
25.9561 	EXP 	grating_S1_T5: phase = 0.7344847479980672
25.9715 	EXP 	grating_S1_T5: phase = 0.7682799239992164
25.9888 	EXP 	grating_S1_T5: phase = 0.7984669680008665
26.0063 	EXP 	grating_S1_T5: phase = 0.8330141519982135
26.0231 	EXP 	grating_S1_T5: phase = 0.8681421579967719
26.0399 	EXP 	grating_S1_T5: phase = 0.9018846480030334
26.0565 	EXP 	grating_S1_T5: phase = 0.935356697998941
26.0727 	EXP 	grating_S1_T5: phase = 0.9686669560032897
26.0898 	EXP 	grating_S1_T5: phase = 0.0010400239989394322
26.1067 	EXP 	grating_S1_T5: phase = 0.035277472001325805
26.1234 	EXP 	grating_S1_T5: phase = 0.06904841600044165
26.1399 	EXP 	grating_S1_T5: phase = 0.10238898399984464
26.1567 	EXP 	grating_S1_T5: phase = 0.13529448799818056
26.1735 	EXP 	grating_S1_T5: phase = 0.1689820219980902
26.1900 	EXP 	grating_S1_T5: phase = 0.2026830160029931
26.2068 	EXP 	grating_S1_T5: phase = 0.23561480199714424
26.2234 	EXP 	grating_S1_T5: phase = 0.2691174659994431
26.2402 	EXP 	grating_S1_T5: phase = 0.3024163939990103
26.2569 	EXP 	grating_S1_T5: phase = 0.3360131139997975
26.2738 	EXP 	grating_S1_T5: phase = 0.3694679379987065
26.2900 	EXP 	grating_S1_T5: phase = 0.4030991300023743
26.3071 	EXP 	grating_S1_T5: phase = 0.43552403800276807
26.3239 	EXP 	grating_S1_T5: phase = 0.46977107400016394
26.3405 	EXP 	grating_S1_T5: phase = 0.5034886020002887
26.3574 	EXP 	grating_S1_T5: phase = 0.5366443140010233
26.3741 	EXP 	grating_S1_T5: phase = 0.570286923997628
26.3908 	EXP 	grating_S1_T5: phase = 0.6037225019972539
26.4076 	EXP 	grating_S1_T5: phase = 0.6372808579981211
26.4242 	EXP 	grating_S1_T5: phase = 0.6707026299991412
26.4410 	EXP 	grating_S1_T5: phase = 0.7039553939976031
26.4577 	EXP 	grating_S1_T5: phase = 0.7378902679993189
26.4743 	EXP 	grating_S1_T5: phase = 0.7709493520014803
26.4909 	EXP 	grating_S1_T5: phase = 0.8042191220010864
26.5074 	EXP 	grating_S1_T5: phase = 0.8374862120035687
26.5243 	EXP 	grating_S1_T5: phase = 0.8703587260024506
26.5411 	EXP 	grating_S1_T5: phase = 0.9042064180030138
26.5571 	EXP 	grating_S1_T5: phase = 0.9379106859996682
26.5745 	EXP 	grating_S1_T5: phase = 0.9701477060007164
26.6075 	EXP 	grating_S1_T5: phase = 0.022683821996906772
26.6246 	EXP 	grating_S1_T5: phase = 0.07065993399737636
26.6415 	EXP 	grating_S1_T5: phase = 0.10476101400126936
26.6583 	EXP 	grating_S1_T5: phase = 0.1385984680018737
26.6745 	EXP 	grating_S1_T5: phase = 0.17227980199822923
26.6914 	EXP 	grating_S1_T5: phase = 0.2045661480005947
26.7081 	EXP 	grating_S1_T5: phase = 0.23837927199929254
26.7250 	EXP 	grating_S1_T5: phase = 0.27188300200214144
26.7417 	EXP 	grating_S1_T5: phase = 0.30565265200129943
26.7582 	EXP 	grating_S1_T5: phase = 0.3390286020003259
26.7750 	EXP 	grating_S1_T5: phase = 0.3719415680025122
26.7918 	EXP 	grating_S1_T5: phase = 0.4055845659968327
26.8074 	EXP 	grating_S1_T5: phase = 0.43924619400058873
26.8242 	EXP 	grating_S1_T5: phase = 0.4702714000013657
26.8418 	EXP 	grating_S1_T5: phase = 0.503649274003692
26.8585 	EXP 	grating_S1_T5: phase = 0.5391440020030132
26.8752 	EXP 	grating_S1_T5: phase = 0.5726843060037936
26.8910 	EXP 	grating_S1_T5: phase = 0.6060383279982489
26.9077 	EXP 	grating_S1_T5: phase = 0.6371128859973396
26.9251 	EXP 	grating_S1_T5: phase = 0.6705607580006472
26.9415 	EXP 	grating_S1_T5: phase = 0.7057009620039025
26.9581 	EXP 	grating_S1_T5: phase = 0.7385560519978753
26.9757 	EXP 	grating_S1_T5: phase = 0.7718693280039588
26.9923 	EXP 	grating_S1_T5: phase = 0.8069524239981547
27.0091 	EXP 	grating_S1_T5: phase = 0.8402513879991602
27.0259 	EXP 	grating_S1_T5: phase = 0.8738284959981684
27.0424 	EXP 	grating_S1_T5: phase = 0.907445358003315
27.0584 	EXP 	grating_S1_T5: phase = 0.9403362759985612
27.0758 	EXP 	grating_S1_T5: phase = 0.9723912539993762
27.0927 	EXP 	grating_S1_T5: phase = 0.0071770040012779646
27.1089 	EXP 	grating_S1_T5: phase = 0.0410470639981213
27.1260 	EXP 	grating_S1_T5: phase = 0.07334529400395695
27.1421 	EXP 	grating_S1_T5: phase = 0.10751344799791696
27.1596 	EXP 	grating_S1_T5: phase = 0.13983936799922958
27.1763 	EXP 	grating_S1_T5: phase = 0.17487283799709985
27.1929 	EXP 	grating_S1_T5: phase = 0.20821204600360943
27.2095 	EXP 	grating_S1_T5: phase = 0.24130985399824567
27.2263 	EXP 	grating_S1_T5: phase = 0.27459272999840323
27.2431 	EXP 	grating_S1_T5: phase = 0.30818415399699006
27.2597 	EXP 	grating_S1_T5: phase = 0.3418125739990501
27.2765 	EXP 	grating_S1_T5: phase = 0.3750860139989527
27.2932 	EXP 	grating_S1_T5: phase = 0.4088155720019131
27.3098 	EXP 	grating_S1_T5: phase = 0.44191420399874914
27.3266 	EXP 	grating_S1_T5: phase = 0.47516221000114456
27.3433 	EXP 	grating_S1_T5: phase = 0.5088066480020643
27.3599 	EXP 	grating_S1_T5: phase = 0.5421134880016325
27.3767 	EXP 	grating_S1_T5: phase = 0.5753797919969657
27.3935 	EXP 	grating_S1_T5: phase = 0.6089793900027871
27.4099 	EXP 	grating_S1_T5: phase = 0.6425378260028083
27.4268 	EXP 	grating_S1_T5: phase = 0.6753326539983391
27.4436 	EXP 	grating_S1_T5: phase = 0.7091485359997023
27.4598 	EXP 	grating_S1_T5: phase = 0.7427810259978287
27.4769 	EXP 	grating_S1_T5: phase = 0.775189402003889
27.4937 	EXP 	grating_S1_T5: phase = 0.8093720820033923
27.5106 	EXP 	grating_S1_T5: phase = 0.8429499880003277
27.5268 	EXP 	grating_S1_T5: phase = 0.876759448001394
27.5436 	EXP 	grating_S1_T5: phase = 0.9093208740014234
27.5595 	EXP 	grating_S1_T5: phase = 0.9427587320024031
27.5769 	EXP 	grating_S1_T5: phase = 0.9757982139999513
27.5936 	EXP 	grating_S1_T5: phase = 0.009417758003110066
27.6103 	EXP 	grating_S1_T5: phase = 0.0427542019970133
27.6270 	EXP 	grating_S1_T5: phase = 0.07621862799715018
27.6439 	EXP 	grating_S1_T5: phase = 0.10966569800075376
27.6595 	EXP 	grating_S1_T5: phase = 0.14345460799813736
27.6774 	EXP 	grating_S1_T5: phase = 0.1756851780010038
27.6940 	EXP 	grating_S1_T5: phase = 0.21065146000182722
27.7107 	EXP 	grating_S1_T5: phase = 0.24460603400075343
27.7270 	EXP 	grating_S1_T5: phase = 0.2770317980030086
27.7585 	EXP 	grating_S1_T5: phase = 0.30961379400105216
27.7765 	EXP 	grating_S1_T5: phase = 0.3725246660033008
27.7939 	EXP 	grating_S1_T5: phase = 0.4086709820039687
27.8116 	EXP 	grating_S1_T5: phase = 0.4433402020003996
27.8273 	EXP 	grating_S1_T5: phase = 0.4790734780035564
27.8444 	EXP 	grating_S1_T5: phase = 0.5103224440026679
27.8605 	EXP 	grating_S1_T5: phase = 0.5443190240039257
27.8776 	EXP 	grating_S1_T5: phase = 0.5766434820034192
27.8945 	EXP 	grating_S1_T5: phase = 0.6106243940012064
27.9114 	EXP 	grating_S1_T5: phase = 0.644623316002253
27.9268 	EXP 	grating_S1_T5: phase = 0.6780797480023466
27.9589 	EXP 	grating_S1_T5: phase = 0.7091093900016858
27.9777 	EXP 	grating_S1_T5: phase = 0.7734639120026259
27.9943 	EXP 	grating_S1_T5: phase = 0.8110251679972862
28.0114 	EXP 	grating_S1_T5: phase = 0.84419607000018
28.0282 	EXP 	grating_S1_T5: phase = 0.87815951200173
28.0451 	EXP 	grating_S1_T5: phase = 0.9121841259984649
28.0607 	EXP 	grating_S1_T5: phase = 0.9460657180025009
28.0925 	EXP 	grating_S1_T5: phase = 0.9772578140036785
28.1118 	EXP 	grating_S1_T5: phase = 0.04056722800305579
28.1452 	EXP 	grating_S1_T5: phase = 0.07928956399700837
28.1617 	EXP 	grating_S1_T5: phase = 0.14593105200037826
28.1785 	EXP 	grating_S1_T5: phase = 0.17900636199919973
28.1950 	EXP 	grating_S1_T5: phase = 0.21258645600028103
28.2123 	EXP 	grating_S1_T5: phase = 0.24527721799677238
28.2280 	EXP 	grating_S1_T5: phase = 0.28038749800180085
28.2599 	EXP 	grating_S1_T5: phase = 0.311691768001765
28.2791 	EXP 	grating_S1_T5: phase = 0.3753476780038909
28.2956 	EXP 	grating_S1_T5: phase = 0.41368964400317054
28.3124 	EXP 	grating_S1_T5: phase = 0.4469631180036231
28.3285 	EXP 	grating_S1_T5: phase = 0.4804013820030377
28.3601 	EXP 	grating_S1_T5: phase = 0.5126864220001153
28.3786 	EXP 	grating_S1_T5: phase = 0.5774610480002593
28.3959 	EXP 	grating_S1_T5: phase = 0.6132192479999503
28.4128 	EXP 	grating_S1_T5: phase = 0.6479778040011297
28.4296 	EXP 	grating_S1_T5: phase = 0.6821763819971238
28.4611 	EXP 	grating_S1_T5: phase = 0.7151486759976251
28.4793 	EXP 	grating_S1_T5: phase = 0.7778496320024715
28.4961 	EXP 	grating_S1_T5: phase = 0.8141444819993922
28.5125 	EXP 	grating_S1_T5: phase = 0.8478809380030725
28.5286 	EXP 	grating_S1_T5: phase = 0.8801477279994288
28.5455 	EXP 	grating_S1_T5: phase = 0.9128469560018857
28.5632 	EXP 	grating_S1_T5: phase = 0.946586951999052
28.5787 	EXP 	grating_S1_T5: phase = 0.9828798840026138
28.6107 	EXP 	grating_S1_T5: phase = 0.014144237997243181
28.6288 	EXP 	grating_S1_T5: phase = 0.07696046199998818
28.6457 	EXP 	grating_S1_T5: phase = 0.11309678800171241
28.6633 	EXP 	grating_S1_T5: phase = 0.14691717000096105
28.6796 	EXP 	grating_S1_T5: phase = 0.18212518400105182
28.6966 	EXP 	grating_S1_T5: phase = 0.21482041000126628
28.7134 	EXP 	grating_S1_T5: phase = 0.24877942800230812
28.7301 	EXP 	grating_S1_T5: phase = 0.282521622000786
28.7471 	EXP 	grating_S1_T5: phase = 0.3157624020022922
28.7627 	EXP 	grating_S1_T5: phase = 0.3498803120019147
28.7803 	EXP 	grating_S1_T5: phase = 0.3820009920018492
28.7967 	EXP 	grating_S1_T5: phase = 0.4179442719978397
28.8280 	EXP 	grating_S1_T5: phase = 0.4490226080015418
28.8471 	EXP 	grating_S1_T5: phase = 0.5115732080012094
28.8639 	EXP 	grating_S1_T5: phase = 0.549851010000566
28.8805 	EXP 	grating_S1_T5: phase = 0.5834127240013913
28.8971 	EXP 	grating_S1_T5: phase = 0.6165026119997492
28.9138 	EXP 	grating_S1_T5: phase = 0.6498583119973773
28.9307 	EXP 	grating_S1_T5: phase = 0.6832729460002156
28.9468 	EXP 	grating_S1_T5: phase = 0.7169893020036398
28.9631 	EXP 	grating_S1_T5: phase = 0.7492568620000384
28.9807 	EXP 	grating_S1_T5: phase = 0.7818438340036664
28.9971 	EXP 	grating_S1_T5: phase = 0.8169253020023461
29.0287 	EXP 	grating_S1_T5: phase = 0.8498411940017832
29.0474 	EXP 	grating_S1_T5: phase = 0.9129372840034193
29.0655 	EXP 	grating_S1_T5: phase = 0.950348368001869
29.0814 	EXP 	grating_S1_T5: phase = 0.986552804002713
29.0980 	EXP 	grating_S1_T5: phase = 0.018302892000065185
29.1147 	EXP 	grating_S1_T5: phase = 0.05154708999907598
29.1311 	EXP 	grating_S1_T5: phase = 0.08504178799921647
29.1480 	EXP 	grating_S1_T5: phase = 0.11782637400028761
29.1649 	EXP 	grating_S1_T5: phase = 0.15166509600385325
29.1816 	EXP 	grating_S1_T5: phase = 0.1854006979992846
29.1983 	EXP 	grating_S1_T5: phase = 0.21869575799792074
29.2151 	EXP 	grating_S1_T5: phase = 0.2522299479969661
29.2317 	EXP 	grating_S1_T5: phase = 0.28586680199805414
29.2485 	EXP 	grating_S1_T5: phase = 0.3189166079973802
29.2648 	EXP 	grating_S1_T5: phase = 0.3525092819982092
29.2817 	EXP 	grating_S1_T5: phase = 0.3851192500005709
29.2985 	EXP 	grating_S1_T5: phase = 0.41894299600244267
29.3149 	EXP 	grating_S1_T5: phase = 0.45261213000048883
29.3316 	EXP 	grating_S1_T5: phase = 0.48536316199897556
29.3485 	EXP 	grating_S1_T5: phase = 0.5187077299997327
29.3654 	EXP 	grating_S1_T5: phase = 0.5526216740036034
29.3822 	EXP 	grating_S1_T5: phase = 0.58646428600332
29.3989 	EXP 	grating_S1_T5: phase = 0.6199308020004537
29.4155 	EXP 	grating_S1_T5: phase = 0.6534499460030929
29.4319 	EXP 	grating_S1_T5: phase = 0.6865801960011595
29.4489 	EXP 	grating_S1_T5: phase = 0.7195650319990818
29.4657 	EXP 	grating_S1_T5: phase = 0.7534694479982136
29.4827 	EXP 	grating_S1_T5: phase = 0.7869605719970423
29.4989 	EXP 	grating_S1_T5: phase = 0.8210447820019908
29.5157 	EXP 	grating_S1_T5: phase = 0.853420608000306
29.5323 	EXP 	grating_S1_T5: phase = 0.8869887820037547
29.5491 	EXP 	grating_S1_T5: phase = 0.9201171180029633
29.5653 	EXP 	grating_S1_T5: phase = 0.9538112739974167
29.5819 	EXP 	grating_S1_T5: phase = 0.9867395339970244
29.5983 	EXP 	grating_S1_T5: phase = 0.01938068200252019
29.6161 	EXP 	grating_S1_T5: phase = 0.05215723400033312
29.6328 	EXP 	grating_S1_T5: phase = 0.08779131800110918
29.6495 	EXP 	grating_S1_T5: phase = 0.12109912199957762
29.6661 	EXP 	grating_S1_T5: phase = 0.154496362003556
29.6829 	EXP 	grating_S1_T5: phase = 0.18780122199677862
29.6995 	EXP 	grating_S1_T5: phase = 0.22147135800332762
29.7163 	EXP 	grating_S1_T5: phase = 0.25463348400080577
29.7330 	EXP 	grating_S1_T5: phase = 0.28825535599753493
29.7497 	EXP 	grating_S1_T5: phase = 0.3215092739992542
29.7663 	EXP 	grating_S1_T5: phase = 0.3549923719983781
29.7831 	EXP 	grating_S1_T5: phase = 0.3882415519983624
29.7997 	EXP 	grating_S1_T5: phase = 0.4218611079995753
29.8166 	EXP 	grating_S1_T5: phase = 0.45508279200294055
29.8331 	EXP 	grating_S1_T5: phase = 0.4888053679969744
29.8499 	EXP 	grating_S1_T5: phase = 0.5218024819987477
29.8667 	EXP 	grating_S1_T5: phase = 0.5553550900003756
29.8833 	EXP 	grating_S1_T5: phase = 0.5890298279991839
29.8993 	EXP 	grating_S1_T5: phase = 0.6221259360027034
29.9167 	EXP 	grating_S1_T5: phase = 0.654291471997567
29.9335 	EXP 	grating_S1_T5: phase = 0.6889993419972598
29.9502 	EXP 	grating_S1_T5: phase = 0.7225109639985021
29.9670 	EXP 	grating_S1_T5: phase = 0.7560339920019032
29.9837 	EXP 	grating_S1_T5: phase = 0.7896297480037902
30.0004 	EXP 	grating_S1_T5: phase = 0.8229507779979031
30.0171 	EXP 	grating_S1_T5: phase = 0.8563217679984518
30.0337 	EXP 	grating_S1_T5: phase = 0.8897223960011615
30.0503 	EXP 	grating_S1_T5: phase = 0.923284001997672
30.0671 	EXP 	grating_S1_T5: phase = 0.9562217679995229
30.0840 	EXP 	grating_S1_T5: phase = 0.9897775959980208
30.1006 	EXP 	grating_S1_T5: phase = 0.02351196599920513
30.1173 	EXP 	grating_S1_T5: phase = 0.056855625996831805
30.1341 	EXP 	grating_S1_T5: phase = 0.09020599199720891
30.1508 	EXP 	grating_S1_T5: phase = 0.12384357800328871
30.1675 	EXP 	grating_S1_T5: phase = 0.15725042799749644
30.1844 	EXP 	grating_S1_T5: phase = 0.19074239600013243
30.2011 	EXP 	grating_S1_T5: phase = 0.22434590799821308
30.2170 	EXP 	grating_S1_T5: phase = 0.25777559199923417
30.2344 	EXP 	grating_S1_T5: phase = 0.28955072999815457
30.2509 	EXP 	grating_S1_T5: phase = 0.3243815320020076
30.2676 	EXP 	grating_S1_T5: phase = 0.357377856002131
30.2844 	EXP 	grating_S1_T5: phase = 0.3908189339999808
30.3011 	EXP 	grating_S1_T5: phase = 0.4243812540007639
30.3172 	EXP 	grating_S1_T5: phase = 0.45770565800194163
30.3345 	EXP 	grating_S1_T5: phase = 0.490003468003124
30.3513 	EXP 	grating_S1_T5: phase = 0.5245687240021653
30.3681 	EXP 	grating_S1_T5: phase = 0.5582830060011474
30.3848 	EXP 	grating_S1_T5: phase = 0.5917848960016272
30.4016 	EXP 	grating_S1_T5: phase = 0.6251209440015373
30.4181 	EXP 	grating_S1_T5: phase = 0.6591801219983608
30.4346 	EXP 	grating_S1_T5: phase = 0.6917638960003387
30.4514 	EXP 	grating_S1_T5: phase = 0.7247769500027061
30.4682 	EXP 	grating_S1_T5: phase = 0.7583423899995978
30.4849 	EXP 	grating_S1_T5: phase = 0.7920029680026346
30.5017 	EXP 	grating_S1_T5: phase = 0.8254476439979044
30.5185 	EXP 	grating_S1_T5: phase = 0.8589925280030002
30.5351 	EXP 	grating_S1_T5: phase = 0.8925862879987108
30.5520 	EXP 	grating_S1_T5: phase = 0.9258974839976872
30.5679 	EXP 	grating_S1_T5: phase = 0.9596432339967578
30.5855 	EXP 	grating_S1_T5: phase = 0.9913298120009131
30.6010 	EXP 	grating_S1_T5: phase = 0.026645701997040305
30.6189 	EXP 	grating_S1_T5: phase = 0.0575535320022027
30.6352 	EXP 	grating_S1_T5: phase = 0.09331689799728338
30.6518 	EXP 	grating_S1_T5: phase = 0.12592178799968679
30.6687 	EXP 	grating_S1_T5: phase = 0.1592317879985785
30.6856 	EXP 	grating_S1_T5: phase = 0.19306765600049403
30.7024 	EXP 	grating_S1_T5: phase = 0.2267945440034964
30.7191 	EXP 	grating_S1_T5: phase = 0.2603394420002587
30.7358 	EXP 	grating_S1_T5: phase = 0.2938461899975664
30.7520 	EXP 	grating_S1_T5: phase = 0.32720937200065237
30.7691 	EXP 	grating_S1_T5: phase = 0.3595906920018024
30.7858 	EXP 	grating_S1_T5: phase = 0.39380892799817957
30.8026 	EXP 	grating_S1_T5: phase = 0.4270967979973648
30.8193 	EXP 	grating_S1_T5: phase = 0.4607572419990902
30.8358 	EXP 	grating_S1_T5: phase = 0.4942035560015938
30.8527 	EXP 	grating_S1_T5: phase = 0.5272627380036283
30.8694 	EXP 	grating_S1_T5: phase = 0.5609790300004533
30.8861 	EXP 	grating_S1_T5: phase = 0.5943303320018458
30.9030 	EXP 	grating_S1_T5: phase = 0.6278765259994543
30.9194 	EXP 	grating_S1_T5: phase = 0.6619813080033055
30.9356 	EXP 	grating_S1_T5: phase = 0.6942806880033459
30.9531 	EXP 	grating_S1_T5: phase = 0.7268383519985946
30.9692 	EXP 	grating_S1_T5: phase = 0.7617618939984823
30.9863 	EXP 	grating_S1_T5: phase = 0.793961034003587
31.0021 	EXP 	grating_S1_T5: phase = 0.8281798360039829
31.0190 	EXP 	grating_S1_T5: phase = 0.8598420420021284
31.0352 	EXP 	grating_S1_T5: phase = 0.8936090679999324
31.0527 	EXP 	grating_S1_T5: phase = 0.9256179660005728
31.0698 	EXP 	grating_S1_T5: phase = 0.9609829160035588
31.0865 	EXP 	grating_S1_T5: phase = 0.9951027900024201
31.1033 	EXP 	grating_S1_T5: phase = 0.028604161998373456
31.1201 	EXP 	grating_S1_T5: phase = 0.06210704999830341
31.1366 	EXP 	grating_S1_T5: phase = 0.09570786399854114
31.1534 	EXP 	grating_S1_T5: phase = 0.1287201939994702
31.1702 	EXP 	grating_S1_T5: phase = 0.16230255600385135
31.1863 	EXP 	grating_S1_T5: phase = 0.19597101600083988
31.2034 	EXP 	grating_S1_T5: phase = 0.2282746560013038
31.2202 	EXP 	grating_S1_T5: phase = 0.26243671600241214
31.2368 	EXP 	grating_S1_T5: phase = 0.2959570020029787
31.2536 	EXP 	grating_S1_T5: phase = 0.32919799799856264
31.2705 	EXP 	grating_S1_T5: phase = 0.36288394599978346
31.2873 	EXP 	grating_S1_T5: phase = 0.3966471460007597
31.3039 	EXP 	grating_S1_T5: phase = 0.43020464399887715
31.3206 	EXP 	grating_S1_T5: phase = 0.46338867799931904
31.3371 	EXP 	grating_S1_T5: phase = 0.49682261000270955
31.3539 	EXP 	grating_S1_T5: phase = 0.5297077479990548
31.3707 	EXP 	grating_S1_T5: phase = 0.563422705999983
31.3874 	EXP 	grating_S1_T5: phase = 0.5970116440003039
31.4037 	EXP 	grating_S1_T5: phase = 0.6304571459986619
31.4207 	EXP 	grating_S1_T5: phase = 0.6648380499973428
31.4374 	EXP 	grating_S1_T5: phase = 0.6984090859987191
31.4545 	EXP 	grating_S1_T5: phase = 0.7307030980009586
31.4709 	EXP 	grating_S1_T5: phase = 0.7650410619971808
31.4876 	EXP 	grating_S1_T5: phase = 0.7977018500023405
31.5038 	EXP 	grating_S1_T5: phase = 0.8307919459984987
31.5205 	EXP 	grating_S1_T5: phase = 0.8632295520001207
31.5372 	EXP 	grating_S1_T5: phase = 0.8965836900024442
31.5547 	EXP 	grating_S1_T5: phase = 0.9299064079968957
31.5707 	EXP 	grating_S1_T5: phase = 0.9649389379992499
31.5880 	EXP 	grating_S1_T5: phase = 0.9974026400013827
31.6044 	EXP 	grating_S1_T5: phase = 0.031604376003087964
31.6213 	EXP 	grating_S1_T5: phase = 0.06431741599953966
31.6379 	EXP 	grating_S1_T5: phase = 0.09820839599706233
31.6546 	EXP 	grating_S1_T5: phase = 0.13142312000127276
31.6714 	EXP 	grating_S1_T5: phase = 0.16486227600398706
31.6882 	EXP 	grating_S1_T5: phase = 0.19844230799935758
31.7049 	EXP 	grating_S1_T5: phase = 0.23191411200241419
31.7217 	EXP 	grating_S1_T5: phase = 0.2653736319989548
31.7375 	EXP 	grating_S1_T5: phase = 0.299005335997208
31.7540 	EXP 	grating_S1_T5: phase = 0.3301096299983328
31.7701 	EXP 	grating_S1_T5: phase = 0.3633331579985679
31.7873 	EXP 	grating_S1_T5: phase = 0.395443196000997
31.8041 	EXP 	grating_S1_T5: phase = 0.4300818639967474
31.8205 	EXP 	grating_S1_T5: phase = 0.4636838400037959
31.8376 	EXP 	grating_S1_T5: phase = 0.4964793980034301
31.8544 	EXP 	grating_S1_T5: phase = 0.5304206020009588
31.8708 	EXP 	grating_S1_T5: phase = 0.5640048100030981
31.8876 	EXP 	grating_S1_T5: phase = 0.5967258180025965
31.9055 	EXP 	grating_S1_T5: phase = 0.6308034600006067
31.9218 	EXP 	grating_S1_T5: phase = 0.6669401999970432
31.9388 	EXP 	grating_S1_T5: phase = 0.6996191900034319
31.9558 	EXP 	grating_S1_T5: phase = 0.7332762680016458
31.9725 	EXP 	grating_S1_T5: phase = 0.7670937980001327
31.9892 	EXP 	grating_S1_T5: phase = 0.800606978002179
32.0059 	EXP 	grating_S1_T5: phase = 0.833926038001664
32.0226 	EXP 	grating_S1_T5: phase = 0.8673224320009467
32.0382 	EXP 	grating_S1_T5: phase = 0.9008600279994425
32.0549 	EXP 	grating_S1_T5: phase = 0.932094165997114
32.0726 	EXP 	grating_S1_T5: phase = 0.9653818419974414
32.0895 	EXP 	grating_S1_T5: phase = 0.0008294119979836978
32.1058 	EXP 	grating_S1_T5: phase = 0.03448433599987766
32.1226 	EXP 	grating_S1_T5: phase = 0.06722689799789805
32.1386 	EXP 	grating_S1_T5: phase = 0.10079297800257336
32.1563 	EXP 	grating_S1_T5: phase = 0.13279080799838994
32.1731 	EXP 	grating_S1_T5: phase = 0.1681342140000197
32.1896 	EXP 	grating_S1_T5: phase = 0.20173460600199178
32.2063 	EXP 	grating_S1_T5: phase = 0.23469621399999596
32.2230 	EXP 	grating_S1_T5: phase = 0.26829063599871006
32.2394 	EXP 	grating_S1_T5: phase = 0.30160113199963234
32.2564 	EXP 	grating_S1_T5: phase = 0.33440548599901376
32.2731 	EXP 	grating_S1_T5: phase = 0.36836264000157826
32.2899 	EXP 	grating_S1_T5: phase = 0.40188091000163695
32.3066 	EXP 	grating_S1_T5: phase = 0.4353631479971227
32.3232 	EXP 	grating_S1_T5: phase = 0.468926465997356
32.3399 	EXP 	grating_S1_T5: phase = 0.5020704420021502
32.3560 	EXP 	grating_S1_T5: phase = 0.5353840480020153
32.3735 	EXP 	grating_S1_T5: phase = 0.5676504419971025
32.3902 	EXP 	grating_S1_T5: phase = 0.6025394419993972
32.4069 	EXP 	grating_S1_T5: phase = 0.6358891679992666
32.4237 	EXP 	grating_S1_T5: phase = 0.6694521359968348
32.4402 	EXP 	grating_S1_T5: phase = 0.702999301996897
32.4570 	EXP 	grating_S1_T5: phase = 0.7359187019974343
32.4736 	EXP 	grating_S1_T5: phase = 0.7697072320006555
32.4905 	EXP 	grating_S1_T5: phase = 0.802870678002364
32.5070 	EXP 	grating_S1_T5: phase = 0.8364898020008695
32.5238 	EXP 	grating_S1_T5: phase = 0.8696493899988127
32.5405 	EXP 	grating_S1_T5: phase = 0.9032305159998941
32.5572 	EXP 	grating_S1_T5: phase = 0.9366805460012984
32.5733 	EXP 	grating_S1_T5: phase = 0.9700826620028238
32.5903 	EXP 	grating_S1_T5: phase = 0.0026977919987984933
32.6072 	EXP 	grating_S1_T5: phase = 0.03619620200333884
32.6241 	EXP 	grating_S1_T5: phase = 0.07004293600039091
32.6408 	EXP 	grating_S1_T5: phase = 0.10381637800310273
32.6575 	EXP 	grating_S1_T5: phase = 0.13713960199675057
32.6737 	EXP 	grating_S1_T5: phase = 0.17063423599756788
32.6908 	EXP 	grating_S1_T5: phase = 0.20296265200158814
32.7075 	EXP 	grating_S1_T5: phase = 0.23722601400368148
32.7244 	EXP 	grating_S1_T5: phase = 0.27066364199708914
32.7411 	EXP 	grating_S1_T5: phase = 0.30433559600351145
32.7578 	EXP 	grating_S1_T5: phase = 0.33770380199712235
32.7746 	EXP 	grating_S1_T5: phase = 0.37123763599811355
32.7911 	EXP 	grating_S1_T5: phase = 0.4047752819969901
32.8080 	EXP 	grating_S1_T5: phase = 0.4378463160028332
32.8244 	EXP 	grating_S1_T5: phase = 0.47155932200257666
32.8411 	EXP 	grating_S1_T5: phase = 0.5043349859988666
32.8579 	EXP 	grating_S1_T5: phase = 0.5378265980034485
32.8748 	EXP 	grating_S1_T5: phase = 0.5714568320036051
32.8914 	EXP 	grating_S1_T5: phase = 0.6051066820000415
32.9083 	EXP 	grating_S1_T5: phase = 0.638351572000829
32.9245 	EXP 	grating_S1_T5: phase = 0.6721509080016403
32.9414 	EXP 	grating_S1_T5: phase = 0.7045109680038877
32.9581 	EXP 	grating_S1_T5: phase = 0.7382976680019055
32.9749 	EXP 	grating_S1_T5: phase = 0.7717705500035663
32.9911 	EXP 	grating_S1_T5: phase = 0.8054078159984783
33.0083 	EXP 	grating_S1_T5: phase = 0.8378628119971836
33.0252 	EXP 	grating_S1_T5: phase = 0.872261538002931
33.0416 	EXP 	grating_S1_T5: phase = 0.9059429960034322
33.0584 	EXP 	grating_S1_T5: phase = 0.9387173159993836
33.0751 	EXP 	grating_S1_T5: phase = 0.9723319659970002
33.0920 	EXP 	grating_S1_T5: phase = 0.005707786003767978
33.1088 	EXP 	grating_S1_T5: phase = 0.03965126199909719
33.1255 	EXP 	grating_S1_T5: phase = 0.07314867000241065
33.1420 	EXP 	grating_S1_T5: phase = 0.10653381799784256
33.1589 	EXP 	grating_S1_T5: phase = 0.13963261999742826
33.1757 	EXP 	grating_S1_T5: phase = 0.1733115960014402
33.1924 	EXP 	grating_S1_T5: phase = 0.20692147200315958
33.2088 	EXP 	grating_S1_T5: phase = 0.24043080599949462
33.2257 	EXP 	grating_S1_T5: phase = 0.27329346199985594
33.2425 	EXP 	grating_S1_T5: phase = 0.30711733600037405
33.2594 	EXP 	grating_S1_T5: phase = 0.34053783600393217
33.2759 	EXP 	grating_S1_T5: phase = 0.3744054260023404
33.2927 	EXP 	grating_S1_T5: phase = 0.4074424060017918
33.3088 	EXP 	grating_S1_T5: phase = 0.4409617659985088
33.3259 	EXP 	grating_S1_T5: phase = 0.47310699000081513
33.3427 	EXP 	grating_S1_T5: phase = 0.5073716179977055
33.3593 	EXP 	grating_S1_T5: phase = 0.5410481799990521
33.3761 	EXP 	grating_S1_T5: phase = 0.5741417059980449
33.3930 	EXP 	grating_S1_T5: phase = 0.6078492660017218
33.4095 	EXP 	grating_S1_T5: phase = 0.6415025160022196
33.4262 	EXP 	grating_S1_T5: phase = 0.6745315520020085
33.4430 	EXP 	grating_S1_T5: phase = 0.7080202060024021
33.4597 	EXP 	grating_S1_T5: phase = 0.7415479260016582
33.4764 	EXP 	grating_S1_T5: phase = 0.775002891998156
33.4931 	EXP 	grating_S1_T5: phase = 0.8083061479992466
33.5097 	EXP 	grating_S1_T5: phase = 0.8418229579983745
33.5264 	EXP 	grating_S1_T5: phase = 0.8750994540023385
33.5432 	EXP 	grating_S1_T5: phase = 0.9083494360020268
33.5599 	EXP 	grating_S1_T5: phase = 0.9419009179982822
33.5760 	EXP 	grating_S1_T5: phase = 0.9753896999973222
33.5935 	EXP 	grating_S1_T5: phase = 0.008306315998197533
33.6102 	EXP 	grating_S1_T5: phase = 0.04258639200270409
33.6261 	EXP 	grating_S1_T5: phase = 0.07590779200108955
33.6429 	EXP 	grating_S1_T5: phase = 0.10797997400368331
33.6600 	EXP 	grating_S1_T5: phase = 0.14190392599994084
33.6761 	EXP 	grating_S1_T5: phase = 0.1756722060017637
33.6928 	EXP 	grating_S1_T5: phase = 0.20810941200033994
33.7104 	EXP 	grating_S1_T5: phase = 0.24120183400373207
33.7271 	EXP 	grating_S1_T5: phase = 0.2763095659975079
33.7438 	EXP 	grating_S1_T5: phase = 0.3097144260027562
33.7603 	EXP 	grating_S1_T5: phase = 0.34313373600161867
33.7771 	EXP 	grating_S1_T5: phase = 0.37619639199692756
33.7939 	EXP 	grating_S1_T5: phase = 0.4098506419977639
33.8105 	EXP 	grating_S1_T5: phase = 0.44328953199874377
33.8273 	EXP 	grating_S1_T5: phase = 0.476670871998067
33.8434 	EXP 	grating_S1_T5: phase = 0.5102566720015602
33.8606 	EXP 	grating_S1_T5: phase = 0.5424628199980361
33.8775 	EXP 	grating_S1_T5: phase = 0.5769072219991358
33.8942 	EXP 	grating_S1_T5: phase = 0.6104949360014871
33.9099 	EXP 	grating_S1_T5: phase = 0.6438901159999659
33.9274 	EXP 	grating_S1_T5: phase = 0.6754743560013594
33.9442 	EXP 	grating_S1_T5: phase = 0.7103117340011522
33.9610 	EXP 	grating_S1_T5: phase = 0.7440690220028046
33.9777 	EXP 	grating_S1_T5: phase = 0.7776069699975778
33.9945 	EXP 	grating_S1_T5: phase = 0.8109598259979975
34.0112 	EXP 	grating_S1_T5: phase = 0.8444937379972544
34.0277 	EXP 	grating_S1_T5: phase = 0.8779197980038589
34.0444 	EXP 	grating_S1_T5: phase = 0.9109416659994167
34.0612 	EXP 	grating_S1_T5: phase = 0.9446084540031734
34.0779 	EXP 	grating_S1_T5: phase = 0.9779757060023258
34.0947 	EXP 	grating_S1_T5: phase = 0.011366569997335318
34.1115 	EXP 	grating_S1_T5: phase = 0.0450586899969494
34.1280 	EXP 	grating_S1_T5: phase = 0.07862664999993285
34.1448 	EXP 	grating_S1_T5: phase = 0.1115568160021212
34.1609 	EXP 	grating_S1_T5: phase = 0.14515061600104673
34.1782 	EXP 	grating_S1_T5: phase = 0.17744295200100169
34.1950 	EXP 	grating_S1_T5: phase = 0.21194234200083883
34.2117 	EXP 	grating_S1_T5: phase = 0.24549091800145106
34.2284 	EXP 	grating_S1_T5: phase = 0.27901274600299075
34.2453 	EXP 	grating_S1_T5: phase = 0.3123639980040025
34.2621 	EXP 	grating_S1_T5: phase = 0.3460790460012504
34.2784 	EXP 	grating_S1_T5: phase = 0.37978907999786315
34.2953 	EXP 	grating_S1_T5: phase = 0.41241122600331437
34.3120 	EXP 	grating_S1_T5: phase = 0.44626886599871796
34.3288 	EXP 	grating_S1_T5: phase = 0.47958710999955656
34.3454 	EXP 	grating_S1_T5: phase = 0.513230062002549
34.3620 	EXP 	grating_S1_T5: phase = 0.5463037119989167
34.3787 	EXP 	grating_S1_T5: phase = 0.5796880519992555
34.3956 	EXP 	grating_S1_T5: phase = 0.6129091960028745
34.4116 	EXP 	grating_S1_T5: phase = 0.6467046199977631
34.4288 	EXP 	grating_S1_T5: phase = 0.6787236140007735
34.4456 	EXP 	grating_S1_T5: phase = 0.7131482879995019
34.4623 	EXP 	grating_S1_T5: phase = 0.7467490519993589
34.4783 	EXP 	grating_S1_T5: phase = 0.7802158699996653
34.4958 	EXP 	grating_S1_T5: phase = 0.8137425399982021
34.5127 	EXP 	grating_S1_T5: phase = 0.8474995880023926
34.5291 	EXP 	grating_S1_T5: phase = 0.881527746001666
34.5460 	EXP 	grating_S1_T5: phase = 0.9140242759967805
34.5627 	EXP 	grating_S1_T5: phase = 0.947511480000685
34.5787 	EXP 	grating_S1_T5: phase = 0.9810653419990558
34.5958 	EXP 	grating_S1_T5: phase = 0.013950088003184646
34.6126 	EXP 	grating_S1_T5: phase = 0.047120875999098644
34.6295 	EXP 	grating_S1_T5: phase = 0.0807960739984992
34.6463 	EXP 	grating_S1_T5: phase = 0.11452705800184049
34.6630 	EXP 	grating_S1_T5: phase = 0.14820355200208724
34.6797 	EXP 	grating_S1_T5: phase = 0.18151777199818753
34.6958 	EXP 	grating_S1_T5: phase = 0.21499761399900308
34.7129 	EXP 	grating_S1_T5: phase = 0.24718157800089102
34.7297 	EXP 	grating_S1_T5: phase = 0.281458866003959
34.7464 	EXP 	grating_S1_T5: phase = 0.3149420940026175
34.7631 	EXP 	grating_S1_T5: phase = 0.34836478999932297
34.7798 	EXP 	grating_S1_T5: phase = 0.38180573400313733
34.7965 	EXP 	grating_S1_T5: phase = 0.41522411599726183
34.8130 	EXP 	grating_S1_T5: phase = 0.4486589099979028
34.8287 	EXP 	grating_S1_T5: phase = 0.48240518999955384
34.8462 	EXP 	grating_S1_T5: phase = 0.5129290140030207
34.8630 	EXP 	grating_S1_T5: phase = 0.5482677100008004
34.8794 	EXP 	grating_S1_T5: phase = 0.5817011899998761
34.8966 	EXP 	grating_S1_T5: phase = 0.6146100559999468
34.9127 	EXP 	grating_S1_T5: phase = 0.6488165400005528
34.9443 	EXP 	grating_S1_T5: phase = 0.6810367680009222
34.9628 	EXP 	grating_S1_T5: phase = 0.7441183699993417
34.9801 	EXP 	grating_S1_T5: phase = 0.7811175660026493
34.9972 	EXP 	grating_S1_T5: phase = 0.8158299799979432
35.0123 	EXP 	grating_S1_T5: phase = 0.8500567599985516
35.0303 	EXP 	grating_S1_T5: phase = 0.880042864002462
35.0466 	EXP 	grating_S1_T5: phase = 0.9170195900005638
35.0781 	EXP 	grating_S1_T5: phase = 0.94877666800312
35.0969 	EXP 	grating_S1_T5: phase = 0.011740586000087205
35.1305 	EXP 	grating_S1_T5: phase = 0.0493374279976706
35.1470 	EXP 	grating_S1_T5: phase = 0.11672913000074914
35.1640 	EXP 	grating_S1_T5: phase = 0.14963772599730873
35.1808 	EXP 	grating_S1_T5: phase = 0.1836058859989862
35.1973 	EXP 	grating_S1_T5: phase = 0.21721478999825194
35.2282 	EXP 	grating_S1_T5: phase = 0.25013030799891567
35.2476 	EXP 	grating_S1_T5: phase = 0.3119016199998441
35.2632 	EXP 	grating_S1_T5: phase = 0.3506885719980346
35.2952 	EXP 	grating_S1_T5: phase = 0.38207782999961637
35.3142 	EXP 	grating_S1_T5: phase = 0.4461562939977739
35.3299 	EXP 	grating_S1_T5: phase = 0.4842016999973566
35.3480 	EXP 	grating_S1_T5: phase = 0.5161149019986624
35.3633 	EXP 	grating_S1_T5: phase = 0.5515081900011864
35.3811 	EXP 	grating_S1_T5: phase = 0.5821417120023398
35.3979 	EXP 	grating_S1_T5: phase = 0.6177406959977816
35.4289 	EXP 	grating_S1_T5: phase = 0.6514922420028597
35.4479 	EXP 	grating_S1_T5: phase = 0.7133806659985567
35.4639 	EXP 	grating_S1_T5: phase = 0.7513237419989309
35.4815 	EXP 	grating_S1_T5: phase = 0.7833229020034196
35.4982 	EXP 	grating_S1_T5: phase = 0.8185085560035077
35.5300 	EXP 	grating_S1_T5: phase = 0.852019828002085
35.5482 	EXP 	grating_S1_T5: phase = 0.9157053500020993
35.5649 	EXP 	grating_S1_T5: phase = 0.9524247360022855
35.5820 	EXP 	grating_S1_T5: phase = 0.9853208799977438
35.5976 	EXP 	grating_S1_T5: phase = 0.02150139000150375
35.6150 	EXP 	grating_S1_T5: phase = 0.050741339997330215
35.6306 	EXP 	grating_S1_T5: phase = 0.08565244400233496
35.6485 	EXP 	grating_S1_T5: phase = 0.11642148999817437
35.6641 	EXP 	grating_S1_T5: phase = 0.15291555000294466
35.6820 	EXP 	grating_S1_T5: phase = 0.18388300800143043
35.6983 	EXP 	grating_S1_T5: phase = 0.21960232600395102
35.7154 	EXP 	grating_S1_T5: phase = 0.25225313600094523
35.7310 	EXP 	grating_S1_T5: phase = 0.28664553799899295
35.7627 	EXP 	grating_S1_T5: phase = 0.31722941999760224
35.7824 	EXP 	grating_S1_T5: phase = 0.38075852600013604
35.7992 	EXP 	grating_S1_T5: phase = 0.4202823419982451
35.8300 	EXP 	grating_S1_T5: phase = 0.4540618099999847
35.8491 	EXP 	grating_S1_T5: phase = 0.5156103179979254
35.8649 	EXP 	grating_S1_T5: phase = 0.554170069997781
35.8821 	EXP 	grating_S1_T5: phase = 0.5852871300012339
35.8985 	EXP 	grating_S1_T5: phase = 0.6193503699978464
35.9158 	EXP 	grating_S1_T5: phase = 0.6526195780024864
35.9324 	EXP 	grating_S1_T5: phase = 0.6870701640000334
35.9494 	EXP 	grating_S1_T5: phase = 0.720405396001297
35.9661 	EXP 	grating_S1_T5: phase = 0.7544803819982917
35.9829 	EXP 	grating_S1_T5: phase = 0.7877587879993371
35.9995 	EXP 	grating_S1_T5: phase = 0.821344260002661
36.0166 	EXP 	grating_S1_T5: phase = 0.854598691999854
36.0320 	EXP 	grating_S1_T5: phase = 0.888735665997956
36.0635 	EXP 	grating_S1_T5: phase = 0.9193723979988135
36.0817 	EXP 	grating_S1_T5: phase = 0.9820958440031973
36.0987 	EXP 	grating_S1_T5: phase = 0.01891876800073078
36.1166 	EXP 	grating_S1_T5: phase = 0.05355204200168373
36.1319 	EXP 	grating_S1_T5: phase = 0.0897986959971604
36.1500 	EXP 	grating_S1_T5: phase = 0.11918495799909579
36.1665 	EXP 	grating_S1_T5: phase = 0.15549776200350607
36.1833 	EXP 	grating_S1_T5: phase = 0.18860713000321994
36.2000 	EXP 	grating_S1_T5: phase = 0.22220559199922718
36.2167 	EXP 	grating_S1_T5: phase = 0.25551836600061506
36.2334 	EXP 	grating_S1_T5: phase = 0.28902178600401385
36.2503 	EXP 	grating_S1_T5: phase = 0.3227154900014284
36.2668 	EXP 	grating_S1_T5: phase = 0.3562994259991683
36.2836 	EXP 	grating_S1_T5: phase = 0.38913309200142976
36.3001 	EXP 	grating_S1_T5: phase = 0.4230063759969198
36.3310 	EXP 	grating_S1_T5: phase = 0.4557027479968383
36.3507 	EXP 	grating_S1_T5: phase = 0.5176835759993992
36.3661 	EXP 	grating_S1_T5: phase = 0.5570697000002838
36.3980 	EXP 	grating_S1_T5: phase = 0.5878910579995136
36.4173 	EXP 	grating_S1_T5: phase = 0.6515431020015967
36.4333 	EXP 	grating_S1_T5: phase = 0.6902515760011738
36.4507 	EXP 	grating_S1_T5: phase = 0.7221554520001519
36.4670 	EXP 	grating_S1_T5: phase = 0.7568808459982392
36.4982 	EXP 	grating_S1_T5: phase = 0.7895445859976462
36.5173 	EXP 	grating_S1_T5: phase = 0.8520134459977271
36.5342 	EXP 	grating_S1_T5: phase = 0.8903372920030961
36.5509 	EXP 	grating_S1_T5: phase = 0.924970778003626
36.5673 	EXP 	grating_S1_T5: phase = 0.9584143600004609
36.5840 	EXP 	grating_S1_T5: phase = 0.9900942719978048
36.5999 	EXP 	grating_S1_T5: phase = 0.02360378400044283
36.6174 	EXP 	grating_S1_T5: phase = 0.055255038001632784
36.6335 	EXP 	grating_S1_T5: phase = 0.09031674399739131
36.6509 	EXP 	grating_S1_T5: phase = 0.12253256399708334
36.6672 	EXP 	grating_S1_T5: phase = 0.15728454400232295
36.6988 	EXP 	grating_S1_T5: phase = 0.19019195799774025
36.7182 	EXP 	grating_S1_T5: phase = 0.2538055719996919
36.7350 	EXP 	grating_S1_T5: phase = 0.292464710000786
36.7513 	EXP 	grating_S1_T5: phase = 0.325781523999467
36.7671 	EXP 	grating_S1_T5: phase = 0.35833558999729576
36.7849 	EXP 	grating_S1_T5: phase = 0.3897660939983325
36.8012 	EXP 	grating_S1_T5: phase = 0.42550921800284414
36.8181 	EXP 	grating_S1_T5: phase = 0.45860462600103347
36.8343 	EXP 	grating_S1_T5: phase = 0.49190744799852837
36.8661 	EXP 	grating_S1_T5: phase = 0.523732581998047
36.8853 	EXP 	grating_S1_T5: phase = 0.587826185997983
36.9016 	EXP 	grating_S1_T5: phase = 0.6265068339998834
36.9187 	EXP 	grating_S1_T5: phase = 0.6586658779997379
36.9347 	EXP 	grating_S1_T5: phase = 0.693070870001975
36.9661 	EXP 	grating_S1_T5: phase = 0.7252421220036922
36.9853 	EXP 	grating_S1_T5: phase = 0.7878232500006561
37.0021 	EXP 	grating_S1_T5: phase = 0.8261656219983706
37.0192 	EXP 	grating_S1_T5: phase = 0.86019772200234
37.0357 	EXP 	grating_S1_T5: phase = 0.8943603259976953
37.0529 	EXP 	grating_S1_T5: phase = 0.9270251620037016
37.0684 	EXP 	grating_S1_T5: phase = 0.9618784100021003
37.0858 	EXP 	grating_S1_T5: phase = 0.9921054799997364
37.1022 	EXP 	grating_S1_T5: phase = 0.027150075999088585
37.1196 	EXP 	grating_S1_T5: phase = 0.06008799000119325
37.1357 	EXP 	grating_S1_T5: phase = 0.09483043000363978
37.1527 	EXP 	grating_S1_T5: phase = 0.1271168419989408
37.1694 	EXP 	grating_S1_T5: phase = 0.16092859399941517
37.1862 	EXP 	grating_S1_T5: phase = 0.19442470200010575
37.2030 	EXP 	grating_S1_T5: phase = 0.22801988600258483
37.2197 	EXP 	grating_S1_T5: phase = 0.26163486600125907
37.2362 	EXP 	grating_S1_T5: phase = 0.29496841200307244
37.2530 	EXP 	grating_S1_T5: phase = 0.3278824560038629
37.2698 	EXP 	grating_S1_T5: phase = 0.36161235000326997
37.2865 	EXP 	grating_S1_T5: phase = 0.39520884599915007
37.3028 	EXP 	grating_S1_T5: phase = 0.42863539999962086
37.3193 	EXP 	grating_S1_T5: phase = 0.4614614399979473
37.3359 	EXP 	grating_S1_T5: phase = 0.49473312799818814
37.3528 	EXP 	grating_S1_T5: phase = 0.5278793839970604
37.3690 	EXP 	grating_S1_T5: phase = 0.5614062120002927
37.3857 	EXP 	grating_S1_T5: phase = 0.5941322700018645
37.4023 	EXP 	grating_S1_T5: phase = 0.6269125999970129
37.4197 	EXP 	grating_S1_T5: phase = 0.6604721120020258
37.4360 	EXP 	grating_S1_T5: phase = 0.6950001040022471
37.4528 	EXP 	grating_S1_T5: phase = 0.7275410080037545
37.4694 	EXP 	grating_S1_T5: phase = 0.7614121220030938
37.4864 	EXP 	grating_S1_T5: phase = 0.7945595900018816
37.5027 	EXP 	grating_S1_T5: phase = 0.82876319999923
37.5194 	EXP 	grating_S1_T5: phase = 0.8614054600038799
37.5362 	EXP 	grating_S1_T5: phase = 0.8944464840024011
37.5522 	EXP 	grating_S1_T5: phase = 0.9296626260038465
37.5694 	EXP 	grating_S1_T5: phase = 0.9601486920000752
37.5864 	EXP 	grating_S1_T5: phase = 0.9949187899983372
37.6028 	EXP 	grating_S1_T5: phase = 0.02859293200162938
37.6198 	EXP 	grating_S1_T5: phase = 0.06129184200108284
37.6362 	EXP 	grating_S1_T5: phase = 0.09536706400103867
37.6530 	EXP 	grating_S1_T5: phase = 0.1280071700020926
37.6698 	EXP 	grating_S1_T5: phase = 0.16151190399978077
37.6869 	EXP 	grating_S1_T5: phase = 0.19539110999903642
37.7037 	EXP 	grating_S1_T5: phase = 0.22963767199689755
37.7204 	EXP 	grating_S1_T5: phase = 0.2637045220035361
37.7366 	EXP 	grating_S1_T5: phase = 0.2967103679984575
37.7529 	EXP 	grating_S1_T5: phase = 0.32915631200012285
37.7701 	EXP 	grating_S1_T5: phase = 0.3614846380005474
37.7872 	EXP 	grating_S1_T5: phase = 0.3958705160039244
37.8036 	EXP 	grating_S1_T5: phase = 0.43016890800208785
37.8198 	EXP 	grating_S1_T5: phase = 0.4629170760017587
37.8370 	EXP 	grating_S1_T5: phase = 0.4951639860009891
37.8531 	EXP 	grating_S1_T5: phase = 0.5295836520017474
37.8709 	EXP 	grating_S1_T5: phase = 0.5617156599982991
37.8875 	EXP 	grating_S1_T5: phase = 0.597503664001124
37.9043 	EXP 	grating_S1_T5: phase = 0.6309834639978362
37.9205 	EXP 	grating_S1_T5: phase = 0.6644866839997121
37.9371 	EXP 	grating_S1_T5: phase = 0.6966254619983374
37.9541 	EXP 	grating_S1_T5: phase = 0.729866886002128
37.9710 	EXP 	grating_S1_T5: phase = 0.7640191059981589
37.9873 	EXP 	grating_S1_T5: phase = 0.7978937119987677
38.0041 	EXP 	grating_S1_T5: phase = 0.830077432001417
38.0213 	EXP 	grating_S1_T5: phase = 0.8636709619968315
38.0375 	EXP 	grating_S1_T5: phase = 0.898677791999944
38.0544 	EXP 	grating_S1_T5: phase = 0.9308449379968806
38.0713 	EXP 	grating_S1_T5: phase = 0.9646595419981168
38.0873 	EXP 	grating_S1_T5: phase = 0.9983419519994641
38.1042 	EXP 	grating_S1_T5: phase = 0.03036809799959883
38.1141 	DATA 	Keypress: escape
38.4125 	EXP 	window1: mouseVisible = True
